ERROR - 2023-05-02 10:07:59 --> mysqli_sql_exception: Unknown column 'no_rekening' in 'field list' in C:\xampp8\htdocs\simasjid-ci4\system\Database\MySQLi\Connection.php:292
Stack trace:
#0 C:\xampp8\htdocs\simasjid-ci4\system\Database\MySQLi\Connection.php(292): mysqli->query('INSERT INTO `tb...', 0)
#1 C:\xampp8\htdocs\simasjid-ci4\system\Database\BaseConnection.php(666): CodeIgniter\Database\MySQLi\Connection->execute('INSERT INTO `tb...')
#2 C:\xampp8\htdocs\simasjid-ci4\system\Database\BaseConnection.php(593): CodeIgniter\Database\BaseConnection->simpleQuery('INSERT INTO `tb...')
#3 C:\xampp8\htdocs\simasjid-ci4\system\Database\BaseBuilder.php(1916): CodeIgniter\Database\BaseConnection->query('INSERT INTO `tb...', Array, false)
#4 C:\xampp8\htdocs\simasjid-ci4\app\Models\ModelRekening.php(17): CodeIgniter\Database\BaseBuilder->insert(Array)
#5 C:\xampp8\htdocs\simasjid-ci4\app\Controllers\Rekening.php(36): App\Models\ModelRekening->InsertData(Array)
#6 C:\xampp8\htdocs\simasjid-ci4\system\CodeIgniter.php(925): App\Controllers\Rekening->InsertData()
#7 C:\xampp8\htdocs\simasjid-ci4\system\CodeIgniter.php(480): CodeIgniter\CodeIgniter->runController(Object(App\Controllers\Rekening))
#8 C:\xampp8\htdocs\simasjid-ci4\system\CodeIgniter.php(349): CodeIgniter\CodeIgniter->handleRequest(NULL, Object(Config\Cache), false)
#9 C:\xampp8\htdocs\simasjid-ci4\public\index.php(67): CodeIgniter\CodeIgniter->run()
#10 {main}
CRITICAL - 2023-05-02 10:07:59 --> Unknown column 'no_rekening' in 'field list'
in SYSTEMPATH\Database\MySQLi\Connection.php on line 292.
 1 SYSTEMPATH\Database\MySQLi\Connection.php(292): mysqli->query('INSERT INTO `tbl_rekening` (`nama_bank`, `no_rekening`, `atas_nama`) VALUES (\'Bank Nagari\', NULL, \'Masjid Raya Pauh Kambar Bintungan Tinggi\')', 0)
 2 SYSTEMPATH\Database\BaseConnection.php(666): CodeIgniter\Database\MySQLi\Connection->execute('INSERT INTO `tbl_rekening` (`nama_bank`, `no_rekening`, `atas_nama`) VALUES (\'Bank Nagari\', NULL, \'Masjid Raya Pauh Kambar Bintungan Tinggi\')')
 3 SYSTEMPATH\Database\BaseConnection.php(593): CodeIgniter\Database\BaseConnection->simpleQuery('INSERT INTO `tbl_rekening` (`nama_bank`, `no_rekening`, `atas_nama`) VALUES (\'Bank Nagari\', NULL, \'Masjid Raya Pauh Kambar Bintungan Tinggi\')')
 4 SYSTEMPATH\Database\BaseBuilder.php(1916): CodeIgniter\Database\BaseConnection->query('INSERT INTO `tbl_rekening` (`nama_bank`, `no_rekening`, `atas_nama`) VALUES (:nama_bank:, :no_rekening:, :atas_nama:)', [...], false)
 5 APPPATH\Models\ModelRekening.php(17): CodeIgniter\Database\BaseBuilder->insert([...])
 6 APPPATH\Controllers\Rekening.php(36): App\Models\ModelRekening->InsertData([...])
 7 SYSTEMPATH\CodeIgniter.php(925): App\Controllers\Rekening->InsertData()
 8 SYSTEMPATH\CodeIgniter.php(480): CodeIgniter\CodeIgniter->runController(Object(App\Controllers\Rekening))
 9 SYSTEMPATH\CodeIgniter.php(349): CodeIgniter\CodeIgniter->handleRequest(null, Object(Config\Cache), false)
10 FCPATH\index.php(67): CodeIgniter\CodeIgniter->run()
ERROR - 2023-05-02 10:09:35 --> mysqli_sql_exception: Unknown column 'no_rekening' in 'field list' in C:\xampp8\htdocs\simasjid-ci4\system\Database\MySQLi\Connection.php:292
Stack trace:
#0 C:\xampp8\htdocs\simasjid-ci4\system\Database\MySQLi\Connection.php(292): mysqli->query('INSERT INTO `tb...', 0)
#1 C:\xampp8\htdocs\simasjid-ci4\system\Database\BaseConnection.php(666): CodeIgniter\Database\MySQLi\Connection->execute('INSERT INTO `tb...')
#2 C:\xampp8\htdocs\simasjid-ci4\system\Database\BaseConnection.php(593): CodeIgniter\Database\BaseConnection->simpleQuery('INSERT INTO `tb...')
#3 C:\xampp8\htdocs\simasjid-ci4\system\Database\BaseBuilder.php(1916): CodeIgniter\Database\BaseConnection->query('INSERT INTO `tb...', Array, false)
#4 C:\xampp8\htdocs\simasjid-ci4\app\Models\ModelRekening.php(17): CodeIgniter\Database\BaseBuilder->insert(Array)
#5 C:\xampp8\htdocs\simasjid-ci4\app\Controllers\Rekening.php(36): App\Models\ModelRekening->InsertData(Array)
#6 C:\xampp8\htdocs\simasjid-ci4\system\CodeIgniter.php(925): App\Controllers\Rekening->InsertData()
#7 C:\xampp8\htdocs\simasjid-ci4\system\CodeIgniter.php(480): CodeIgniter\CodeIgniter->runController(Object(App\Controllers\Rekening))
#8 C:\xampp8\htdocs\simasjid-ci4\system\CodeIgniter.php(349): CodeIgniter\CodeIgniter->handleRequest(NULL, Object(Config\Cache), false)
#9 C:\xampp8\htdocs\simasjid-ci4\public\index.php(67): CodeIgniter\CodeIgniter->run()
#10 {main}
CRITICAL - 2023-05-02 10:09:35 --> Unknown column 'no_rekening' in 'field list'
in SYSTEMPATH\Database\MySQLi\Connection.php on line 292.
 1 SYSTEMPATH\Database\MySQLi\Connection.php(292): mysqli->query('INSERT INTO `tbl_rekening` (`nama_bank`, `no_rekening`, `atas_nama`) VALUES (\'Bank Nagari\', \'1234-1234-1234-1234\', \'Masjid Raya Pauh Kambar Bintungan Tinggi\')', 0)
 2 SYSTEMPATH\Database\BaseConnection.php(666): CodeIgniter\Database\MySQLi\Connection->execute('INSERT INTO `tbl_rekening` (`nama_bank`, `no_rekening`, `atas_nama`) VALUES (\'Bank Nagari\', \'1234-1234-1234-1234\', \'Masjid Raya Pauh Kambar Bintungan Tinggi\')')
 3 SYSTEMPATH\Database\BaseConnection.php(593): CodeIgniter\Database\BaseConnection->simpleQuery('INSERT INTO `tbl_rekening` (`nama_bank`, `no_rekening`, `atas_nama`) VALUES (\'Bank Nagari\', \'1234-1234-1234-1234\', \'Masjid Raya Pauh Kambar Bintungan Tinggi\')')
 4 SYSTEMPATH\Database\BaseBuilder.php(1916): CodeIgniter\Database\BaseConnection->query('INSERT INTO `tbl_rekening` (`nama_bank`, `no_rekening`, `atas_nama`) VALUES (:nama_bank:, :no_rekening:, :atas_nama:)', [...], false)
 5 APPPATH\Models\ModelRekening.php(17): CodeIgniter\Database\BaseBuilder->insert([...])
 6 APPPATH\Controllers\Rekening.php(36): App\Models\ModelRekening->InsertData([...])
 7 SYSTEMPATH\CodeIgniter.php(925): App\Controllers\Rekening->InsertData()
 8 SYSTEMPATH\CodeIgniter.php(480): CodeIgniter\CodeIgniter->runController(Object(App\Controllers\Rekening))
 9 SYSTEMPATH\CodeIgniter.php(349): CodeIgniter\CodeIgniter->handleRequest(null, Object(Config\Cache), false)
10 FCPATH\index.php(67): CodeIgniter\CodeIgniter->run()
ERROR - 2023-05-02 10:09:40 --> mysqli_sql_exception: Unknown column 'no_rekening' in 'field list' in C:\xampp8\htdocs\simasjid-ci4\system\Database\MySQLi\Connection.php:292
Stack trace:
#0 C:\xampp8\htdocs\simasjid-ci4\system\Database\MySQLi\Connection.php(292): mysqli->query('INSERT INTO `tb...', 0)
#1 C:\xampp8\htdocs\simasjid-ci4\system\Database\BaseConnection.php(666): CodeIgniter\Database\MySQLi\Connection->execute('INSERT INTO `tb...')
#2 C:\xampp8\htdocs\simasjid-ci4\system\Database\BaseConnection.php(593): CodeIgniter\Database\BaseConnection->simpleQuery('INSERT INTO `tb...')
#3 C:\xampp8\htdocs\simasjid-ci4\system\Database\BaseBuilder.php(1916): CodeIgniter\Database\BaseConnection->query('INSERT INTO `tb...', Array, false)
#4 C:\xampp8\htdocs\simasjid-ci4\app\Models\ModelRekening.php(17): CodeIgniter\Database\BaseBuilder->insert(Array)
#5 C:\xampp8\htdocs\simasjid-ci4\app\Controllers\Rekening.php(36): App\Models\ModelRekening->InsertData(Array)
#6 C:\xampp8\htdocs\simasjid-ci4\system\CodeIgniter.php(925): App\Controllers\Rekening->InsertData()
#7 C:\xampp8\htdocs\simasjid-ci4\system\CodeIgniter.php(480): CodeIgniter\CodeIgniter->runController(Object(App\Controllers\Rekening))
#8 C:\xampp8\htdocs\simasjid-ci4\system\CodeIgniter.php(349): CodeIgniter\CodeIgniter->handleRequest(NULL, Object(Config\Cache), false)
#9 C:\xampp8\htdocs\simasjid-ci4\public\index.php(67): CodeIgniter\CodeIgniter->run()
#10 {main}
CRITICAL - 2023-05-02 10:09:40 --> Unknown column 'no_rekening' in 'field list'
in SYSTEMPATH\Database\MySQLi\Connection.php on line 292.
 1 SYSTEMPATH\Database\MySQLi\Connection.php(292): mysqli->query('INSERT INTO `tbl_rekening` (`nama_bank`, `no_rekening`, `atas_nama`) VALUES (\'Bank Nagari\', \'1234-1234-1234-1234\', \'Masjid Raya Pauh Kambar Bintungan Tinggi\')', 0)
 2 SYSTEMPATH\Database\BaseConnection.php(666): CodeIgniter\Database\MySQLi\Connection->execute('INSERT INTO `tbl_rekening` (`nama_bank`, `no_rekening`, `atas_nama`) VALUES (\'Bank Nagari\', \'1234-1234-1234-1234\', \'Masjid Raya Pauh Kambar Bintungan Tinggi\')')
 3 SYSTEMPATH\Database\BaseConnection.php(593): CodeIgniter\Database\BaseConnection->simpleQuery('INSERT INTO `tbl_rekening` (`nama_bank`, `no_rekening`, `atas_nama`) VALUES (\'Bank Nagari\', \'1234-1234-1234-1234\', \'Masjid Raya Pauh Kambar Bintungan Tinggi\')')
 4 SYSTEMPATH\Database\BaseBuilder.php(1916): CodeIgniter\Database\BaseConnection->query('INSERT INTO `tbl_rekening` (`nama_bank`, `no_rekening`, `atas_nama`) VALUES (:nama_bank:, :no_rekening:, :atas_nama:)', [...], false)
 5 APPPATH\Models\ModelRekening.php(17): CodeIgniter\Database\BaseBuilder->insert([...])
 6 APPPATH\Controllers\Rekening.php(36): App\Models\ModelRekening->InsertData([...])
 7 SYSTEMPATH\CodeIgniter.php(925): App\Controllers\Rekening->InsertData()
 8 SYSTEMPATH\CodeIgniter.php(480): CodeIgniter\CodeIgniter->runController(Object(App\Controllers\Rekening))
 9 SYSTEMPATH\CodeIgniter.php(349): CodeIgniter\CodeIgniter->handleRequest(null, Object(Config\Cache), false)
10 FCPATH\index.php(67): CodeIgniter\CodeIgniter->run()
ERROR - 2023-05-02 10:09:56 --> mysqli_sql_exception: Unknown column 'no_rekening' in 'field list' in C:\xampp8\htdocs\simasjid-ci4\system\Database\MySQLi\Connection.php:292
Stack trace:
#0 C:\xampp8\htdocs\simasjid-ci4\system\Database\MySQLi\Connection.php(292): mysqli->query('INSERT INTO `tb...', 0)
#1 C:\xampp8\htdocs\simasjid-ci4\system\Database\BaseConnection.php(666): CodeIgniter\Database\MySQLi\Connection->execute('INSERT INTO `tb...')
#2 C:\xampp8\htdocs\simasjid-ci4\system\Database\BaseConnection.php(593): CodeIgniter\Database\BaseConnection->simpleQuery('INSERT INTO `tb...')
#3 C:\xampp8\htdocs\simasjid-ci4\system\Database\BaseBuilder.php(1916): CodeIgniter\Database\BaseConnection->query('INSERT INTO `tb...', Array, false)
#4 C:\xampp8\htdocs\simasjid-ci4\app\Models\ModelRekening.php(17): CodeIgniter\Database\BaseBuilder->insert(Array)
#5 C:\xampp8\htdocs\simasjid-ci4\app\Controllers\Rekening.php(36): App\Models\ModelRekening->InsertData(Array)
#6 C:\xampp8\htdocs\simasjid-ci4\system\CodeIgniter.php(925): App\Controllers\Rekening->InsertData()
#7 C:\xampp8\htdocs\simasjid-ci4\system\CodeIgniter.php(480): CodeIgniter\CodeIgniter->runController(Object(App\Controllers\Rekening))
#8 C:\xampp8\htdocs\simasjid-ci4\system\CodeIgniter.php(349): CodeIgniter\CodeIgniter->handleRequest(NULL, Object(Config\Cache), false)
#9 C:\xampp8\htdocs\simasjid-ci4\public\index.php(67): CodeIgniter\CodeIgniter->run()
#10 {main}
CRITICAL - 2023-05-02 10:09:56 --> Unknown column 'no_rekening' in 'field list'
in SYSTEMPATH\Database\MySQLi\Connection.php on line 292.
 1 SYSTEMPATH\Database\MySQLi\Connection.php(292): mysqli->query('INSERT INTO `tbl_rekening` (`nama_bank`, `no_rekening`, `atas_nama`) VALUES (\'Bank Nagari\', \'1234-1234-1234-1234\', \'Masjid Raya Pauh Kambar Bintungan Tinggi\')', 0)
 2 SYSTEMPATH\Database\BaseConnection.php(666): CodeIgniter\Database\MySQLi\Connection->execute('INSERT INTO `tbl_rekening` (`nama_bank`, `no_rekening`, `atas_nama`) VALUES (\'Bank Nagari\', \'1234-1234-1234-1234\', \'Masjid Raya Pauh Kambar Bintungan Tinggi\')')
 3 SYSTEMPATH\Database\BaseConnection.php(593): CodeIgniter\Database\BaseConnection->simpleQuery('INSERT INTO `tbl_rekening` (`nama_bank`, `no_rekening`, `atas_nama`) VALUES (\'Bank Nagari\', \'1234-1234-1234-1234\', \'Masjid Raya Pauh Kambar Bintungan Tinggi\')')
 4 SYSTEMPATH\Database\BaseBuilder.php(1916): CodeIgniter\Database\BaseConnection->query('INSERT INTO `tbl_rekening` (`nama_bank`, `no_rekening`, `atas_nama`) VALUES (:nama_bank:, :no_rekening:, :atas_nama:)', [...], false)
 5 APPPATH\Models\ModelRekening.php(17): CodeIgniter\Database\BaseBuilder->insert([...])
 6 APPPATH\Controllers\Rekening.php(36): App\Models\ModelRekening->InsertData([...])
 7 SYSTEMPATH\CodeIgniter.php(925): App\Controllers\Rekening->InsertData()
 8 SYSTEMPATH\CodeIgniter.php(480): CodeIgniter\CodeIgniter->runController(Object(App\Controllers\Rekening))
 9 SYSTEMPATH\CodeIgniter.php(349): CodeIgniter\CodeIgniter->handleRequest(null, Object(Config\Cache), false)
10 FCPATH\index.php(67): CodeIgniter\CodeIgniter->run()
CRITICAL - 2023-05-02 10:21:46 --> Undefined array key "nama_kegiatan"
in APPPATH\Views\v_rekening.php on line 155.
 1 APPPATH\Views\v_rekening.php(155): CodeIgniter\Debug\Exceptions->errorHandler(2, 'Undefined array key "nama_kegiatan"', 'APPPATH\\Views\\v_rekening.php', 155)
 2 SYSTEMPATH\View\View.php(213): include('APPPATH\\Views\\v_rekening.php')
 3 SYSTEMPATH\View\View.php(216): CodeIgniter\View\View->CodeIgniter\View\{closure}()
 4 SYSTEMPATH\Common.php(1135): CodeIgniter\View\View->render('v_rekening', [], true)
 5 APPPATH\Views\v_template_admin.php(314): view('v_rekening')
 6 SYSTEMPATH\View\View.php(213): include('APPPATH\\Views\\v_template_admin.php')
 7 SYSTEMPATH\View\View.php(216): CodeIgniter\View\View->CodeIgniter\View\{closure}()
 8 SYSTEMPATH\Common.php(1135): CodeIgniter\View\View->render('v_template_admin', [], true)
 9 APPPATH\Controllers\Rekening.php(27): view('v_template_admin', [...])
10 SYSTEMPATH\CodeIgniter.php(925): App\Controllers\Rekening->index()
11 SYSTEMPATH\CodeIgniter.php(480): CodeIgniter\CodeIgniter->runController(Object(App\Controllers\Rekening))
12 SYSTEMPATH\CodeIgniter.php(349): CodeIgniter\CodeIgniter->handleRequest(null, Object(Config\Cache), false)
13 FCPATH\index.php(67): CodeIgniter\CodeIgniter->run()
CRITICAL - 2023-05-02 10:27:50 --> Undefined variable $agenda
in APPPATH\Views\v_rekening.php on line 65.
 1 APPPATH\Views\v_rekening.php(65): CodeIgniter\Debug\Exceptions->errorHandler(2, 'Undefined variable $agenda', 'APPPATH\\Views\\v_rekening.php', 65)
 2 SYSTEMPATH\View\View.php(213): include('APPPATH\\Views\\v_rekening.php')
 3 SYSTEMPATH\View\View.php(216): CodeIgniter\View\View->CodeIgniter\View\{closure}()
 4 SYSTEMPATH\Common.php(1135): CodeIgniter\View\View->render('v_rekening', [], true)
 5 APPPATH\Views\v_template_admin.php(314): view('v_rekening')
 6 SYSTEMPATH\View\View.php(213): include('APPPATH\\Views\\v_template_admin.php')
 7 SYSTEMPATH\View\View.php(216): CodeIgniter\View\View->CodeIgniter\View\{closure}()
 8 SYSTEMPATH\Common.php(1135): CodeIgniter\View\View->render('v_template_admin', [], true)
 9 APPPATH\Controllers\Rekening.php(27): view('v_template_admin', [...])
10 SYSTEMPATH\CodeIgniter.php(925): App\Controllers\Rekening->index()
11 SYSTEMPATH\CodeIgniter.php(480): CodeIgniter\CodeIgniter->runController(Object(App\Controllers\Rekening))
12 SYSTEMPATH\CodeIgniter.php(349): CodeIgniter\CodeIgniter->handleRequest(null, Object(Config\Cache), false)
13 FCPATH\index.php(67): CodeIgniter\CodeIgniter->run()
CRITICAL - 2023-05-02 10:32:28 --> Array to string conversion
in APPPATH\Views\v_rekening.php on line 85.
 1 APPPATH\Views\v_rekening.php(85): CodeIgniter\Debug\Exceptions->errorHandler(2, 'Array to string conversion', 'APPPATH\\Views\\v_rekening.php', 85)
 2 SYSTEMPATH\View\View.php(213): include('APPPATH\\Views\\v_rekening.php')
 3 SYSTEMPATH\View\View.php(216): CodeIgniter\View\View->CodeIgniter\View\{closure}()
 4 SYSTEMPATH\Common.php(1135): CodeIgniter\View\View->render('v_rekening', [], true)
 5 APPPATH\Views\v_template_admin.php(314): view('v_rekening')
 6 SYSTEMPATH\View\View.php(213): include('APPPATH\\Views\\v_template_admin.php')
 7 SYSTEMPATH\View\View.php(216): CodeIgniter\View\View->CodeIgniter\View\{closure}()
 8 SYSTEMPATH\Common.php(1135): CodeIgniter\View\View->render('v_template_admin', [], true)
 9 APPPATH\Controllers\Rekening.php(27): view('v_template_admin', [...])
10 SYSTEMPATH\CodeIgniter.php(925): App\Controllers\Rekening->index()
11 SYSTEMPATH\CodeIgniter.php(480): CodeIgniter\CodeIgniter->runController(Object(App\Controllers\Rekening))
12 SYSTEMPATH\CodeIgniter.php(349): CodeIgniter\CodeIgniter->handleRequest(null, Object(Config\Cache), false)
13 FCPATH\index.php(67): CodeIgniter\CodeIgniter->run()
CRITICAL - 2023-05-02 10:42:15 --> Undefined variable $kas
in APPPATH\Views\v_rekening.php on line 105.
 1 APPPATH\Views\v_rekening.php(105): CodeIgniter\Debug\Exceptions->errorHandler(2, 'Undefined variable $kas', 'APPPATH\\Views\\v_rekening.php', 105)
 2 SYSTEMPATH\View\View.php(213): include('APPPATH\\Views\\v_rekening.php')
 3 SYSTEMPATH\View\View.php(216): CodeIgniter\View\View->CodeIgniter\View\{closure}()
 4 SYSTEMPATH\Common.php(1135): CodeIgniter\View\View->render('v_rekening', [], true)
 5 APPPATH\Views\v_template_admin.php(314): view('v_rekening')
 6 SYSTEMPATH\View\View.php(213): include('APPPATH\\Views\\v_template_admin.php')
 7 SYSTEMPATH\View\View.php(216): CodeIgniter\View\View->CodeIgniter\View\{closure}()
 8 SYSTEMPATH\Common.php(1135): CodeIgniter\View\View->render('v_template_admin', [], true)
 9 APPPATH\Controllers\Rekening.php(27): view('v_template_admin', [...])
10 SYSTEMPATH\CodeIgniter.php(925): App\Controllers\Rekening->index()
11 SYSTEMPATH\CodeIgniter.php(480): CodeIgniter\CodeIgniter->runController(Object(App\Controllers\Rekening))
12 SYSTEMPATH\CodeIgniter.php(349): CodeIgniter\CodeIgniter->handleRequest(null, Object(Config\Cache), false)
13 FCPATH\index.php(67): CodeIgniter\CodeIgniter->run()
CRITICAL - 2023-05-02 10:42:57 --> Undefined array key "tanggal"
in APPPATH\Views\v_rekening.php on line 120.
 1 APPPATH\Views\v_rekening.php(120): CodeIgniter\Debug\Exceptions->errorHandler(2, 'Undefined array key "tanggal"', 'APPPATH\\Views\\v_rekening.php', 120)
 2 SYSTEMPATH\View\View.php(213): include('APPPATH\\Views\\v_rekening.php')
 3 SYSTEMPATH\View\View.php(216): CodeIgniter\View\View->CodeIgniter\View\{closure}()
 4 SYSTEMPATH\Common.php(1135): CodeIgniter\View\View->render('v_rekening', [], true)
 5 APPPATH\Views\v_template_admin.php(314): view('v_rekening')
 6 SYSTEMPATH\View\View.php(213): include('APPPATH\\Views\\v_template_admin.php')
 7 SYSTEMPATH\View\View.php(216): CodeIgniter\View\View->CodeIgniter\View\{closure}()
 8 SYSTEMPATH\Common.php(1135): CodeIgniter\View\View->render('v_template_admin', [], true)
 9 APPPATH\Controllers\Rekening.php(27): view('v_template_admin', [...])
10 SYSTEMPATH\CodeIgniter.php(925): App\Controllers\Rekening->index()
11 SYSTEMPATH\CodeIgniter.php(480): CodeIgniter\CodeIgniter->runController(Object(App\Controllers\Rekening))
12 SYSTEMPATH\CodeIgniter.php(349): CodeIgniter\CodeIgniter->handleRequest(null, Object(Config\Cache), false)
13 FCPATH\index.php(67): CodeIgniter\CodeIgniter->run()
CRITICAL - 2023-05-02 10:46:11 --> Undefined variable $kas
in APPPATH\Views\v_rekening.php on line 142.
 1 APPPATH\Views\v_rekening.php(142): CodeIgniter\Debug\Exceptions->errorHandler(2, 'Undefined variable $kas', 'APPPATH\\Views\\v_rekening.php', 142)
 2 SYSTEMPATH\View\View.php(213): include('APPPATH\\Views\\v_rekening.php')
 3 SYSTEMPATH\View\View.php(216): CodeIgniter\View\View->CodeIgniter\View\{closure}()
 4 SYSTEMPATH\Common.php(1135): CodeIgniter\View\View->render('v_rekening', [], true)
 5 APPPATH\Views\v_template_admin.php(314): view('v_rekening')
 6 SYSTEMPATH\View\View.php(213): include('APPPATH\\Views\\v_template_admin.php')
 7 SYSTEMPATH\View\View.php(216): CodeIgniter\View\View->CodeIgniter\View\{closure}()
 8 SYSTEMPATH\Common.php(1135): CodeIgniter\View\View->render('v_template_admin', [], true)
 9 APPPATH\Controllers\Rekening.php(27): view('v_template_admin', [...])
10 SYSTEMPATH\CodeIgniter.php(925): App\Controllers\Rekening->index()
11 SYSTEMPATH\CodeIgniter.php(480): CodeIgniter\CodeIgniter->runController(Object(App\Controllers\Rekening))
12 SYSTEMPATH\CodeIgniter.php(349): CodeIgniter\CodeIgniter->handleRequest(null, Object(Config\Cache), false)
13 FCPATH\index.php(67): CodeIgniter\CodeIgniter->run()
CRITICAL - 2023-05-02 10:46:25 --> Undefined array key "ket"
in APPPATH\Views\v_rekening.php on line 149.
 1 APPPATH\Views\v_rekening.php(149): CodeIgniter\Debug\Exceptions->errorHandler(2, 'Undefined array key "ket"', 'APPPATH\\Views\\v_rekening.php', 149)
 2 SYSTEMPATH\View\View.php(213): include('APPPATH\\Views\\v_rekening.php')
 3 SYSTEMPATH\View\View.php(216): CodeIgniter\View\View->CodeIgniter\View\{closure}()
 4 SYSTEMPATH\Common.php(1135): CodeIgniter\View\View->render('v_rekening', [], true)
 5 APPPATH\Views\v_template_admin.php(314): view('v_rekening')
 6 SYSTEMPATH\View\View.php(213): include('APPPATH\\Views\\v_template_admin.php')
 7 SYSTEMPATH\View\View.php(216): CodeIgniter\View\View->CodeIgniter\View\{closure}()
 8 SYSTEMPATH\Common.php(1135): CodeIgniter\View\View->render('v_template_admin', [], true)
 9 APPPATH\Controllers\Rekening.php(27): view('v_template_admin', [...])
10 SYSTEMPATH\CodeIgniter.php(925): App\Controllers\Rekening->index()
11 SYSTEMPATH\CodeIgniter.php(480): CodeIgniter\CodeIgniter->runController(Object(App\Controllers\Rekening))
12 SYSTEMPATH\CodeIgniter.php(349): CodeIgniter\CodeIgniter->handleRequest(null, Object(Config\Cache), false)
13 FCPATH\index.php(67): CodeIgniter\CodeIgniter->run()
CRITICAL - 2023-05-02 11:56:37 --> Undefined variable $rekening
in APPPATH\Views\v_rekening.php on line 72.
 1 APPPATH\Views\v_rekening.php(72): CodeIgniter\Debug\Exceptions->errorHandler(2, 'Undefined variable $rekening', 'APPPATH\\Views\\v_rekening.php', 72)
 2 SYSTEMPATH\View\View.php(213): include('APPPATH\\Views\\v_rekening.php')
 3 SYSTEMPATH\View\View.php(216): CodeIgniter\View\View->CodeIgniter\View\{closure}()
 4 SYSTEMPATH\Common.php(1135): CodeIgniter\View\View->render('v_rekening', [], true)
 5 APPPATH\Views\v_template_admin.php(314): view('v_rekening')
 6 SYSTEMPATH\View\View.php(213): include('APPPATH\\Views\\v_template_admin.php')
 7 SYSTEMPATH\View\View.php(216): CodeIgniter\View\View->CodeIgniter\View\{closure}()
 8 SYSTEMPATH\Common.php(1135): CodeIgniter\View\View->render('v_template_admin', [], true)
 9 APPPATH\Controllers\Rekening.php(27): view('v_template_admin', [...])
10 SYSTEMPATH\CodeIgniter.php(925): App\Controllers\Rekening->index()
11 SYSTEMPATH\CodeIgniter.php(480): CodeIgniter\CodeIgniter->runController(Object(App\Controllers\Rekening))
12 SYSTEMPATH\CodeIgniter.php(349): CodeIgniter\CodeIgniter->handleRequest(null, Object(Config\Cache), false)
13 FCPATH\index.php(67): CodeIgniter\CodeIgniter->run()
CRITICAL - 2023-05-02 13:54:49 --> Invalid file: front-end/v_donasi.php
in SYSTEMPATH\Exceptions\FrameworkException.php on line 33.
 1 SYSTEMPATH\View\View.php(201): CodeIgniter\Exceptions\FrameworkException::forInvalidFile('front-end/v_donasi.php')
 2 SYSTEMPATH\Common.php(1135): CodeIgniter\View\View->render('front-end/v_donasi', [], true)
 3 APPPATH\Views\v_template.php(120): view('front-end/v_donasi')
 4 SYSTEMPATH\View\View.php(213): include('APPPATH\\Views\\v_template.php')
 5 SYSTEMPATH\View\View.php(216): CodeIgniter\View\View->CodeIgniter\View\{closure}()
 6 SYSTEMPATH\Common.php(1135): CodeIgniter\View\View->render('v_template', [], true)
 7 APPPATH\Controllers\Home.php(90): view('v_template', [...])
 8 SYSTEMPATH\CodeIgniter.php(925): App\Controllers\Home->Donasi()
 9 SYSTEMPATH\CodeIgniter.php(480): CodeIgniter\CodeIgniter->runController(Object(App\Controllers\Home))
10 SYSTEMPATH\CodeIgniter.php(349): CodeIgniter\CodeIgniter->handleRequest(null, Object(Config\Cache), false)
11 FCPATH\index.php(67): CodeIgniter\CodeIgniter->run()
