ERROR - 2023-04-30 20:07:25 --> mysqli_sql_exception: Table 'db-simasjid-ci4.tbl_anggota_kelompok' doesn't exist in C:\xampp8\htdocs\simasjid-ci4\system\Database\MySQLi\Connection.php:292
Stack trace:
#0 C:\xampp8\htdocs\simasjid-ci4\system\Database\MySQLi\Connection.php(292): mysqli->query('SELECT *\nFROM `...', 0)
#1 C:\xampp8\htdocs\simasjid-ci4\system\Database\BaseConnection.php(666): CodeIgniter\Database\MySQLi\Connection->execute('SELECT *\nFROM `...')
#2 C:\xampp8\htdocs\simasjid-ci4\system\Database\BaseConnection.php(593): CodeIgniter\Database\BaseConnection->simpleQuery('SELECT *\nFROM `...')
#3 C:\xampp8\htdocs\simasjid-ci4\system\Database\BaseBuilder.php(1585): CodeIgniter\Database\BaseConnection->query('SELECT *\nFROM `...', Array, false)
#4 C:\xampp8\htdocs\simasjid-ci4\app\Views\qurban\v_kelompok_qurban.php(50): CodeIgniter\Database\BaseBuilder->get()
#5 C:\xampp8\htdocs\simasjid-ci4\system\View\View.php(213): include('C:\\xampp8\\htdoc...')
#6 C:\xampp8\htdocs\simasjid-ci4\system\View\View.php(216): CodeIgniter\View\View->CodeIgniter\View\{closure}()
#7 C:\xampp8\htdocs\simasjid-ci4\system\Common.php(1135): CodeIgniter\View\View->render('qurban/v_kelomp...', Array, true)
#8 C:\xampp8\htdocs\simasjid-ci4\app\Views\v_template_admin.php(289): view('qurban/v_kelomp...')
#9 C:\xampp8\htdocs\simasjid-ci4\system\View\View.php(213): include('C:\\xampp8\\htdoc...')
#10 C:\xampp8\htdocs\simasjid-ci4\system\View\View.php(216): CodeIgniter\View\View->CodeIgniter\View\{closure}()
#11 C:\xampp8\htdocs\simasjid-ci4\system\Common.php(1135): CodeIgniter\View\View->render('v_template_admi...', Array, true)
#12 C:\xampp8\htdocs\simasjid-ci4\app\Controllers\PesertaQurban.php(42): view('v_template_admi...', Array)
#13 C:\xampp8\htdocs\simasjid-ci4\system\CodeIgniter.php(925): App\Controllers\PesertaQurban->KelompokQurban('5')
#14 C:\xampp8\htdocs\simasjid-ci4\system\CodeIgniter.php(480): CodeIgniter\CodeIgniter->runController(Object(App\Controllers\PesertaQurban))
#15 C:\xampp8\htdocs\simasjid-ci4\system\CodeIgniter.php(349): CodeIgniter\CodeIgniter->handleRequest(NULL, Object(Config\Cache), false)
#16 C:\xampp8\htdocs\simasjid-ci4\public\index.php(67): CodeIgniter\CodeIgniter->run()
#17 {main}
CRITICAL - 2023-04-30 20:07:25 --> Table 'db-simasjid-ci4.tbl_anggota_kelompok' doesn't exist
in SYSTEMPATH\Database\MySQLi\Connection.php on line 292.
 1 SYSTEMPATH\Database\MySQLi\Connection.php(292): mysqli->query('SELECT *
FROM `tbl_anggota_kelompok`
WHERE `id_kelompok` = \'1\'', 0)
 2 SYSTEMPATH\Database\BaseConnection.php(666): CodeIgniter\Database\MySQLi\Connection->execute('SELECT *
FROM `tbl_anggota_kelompok`
WHERE `id_kelompok` = \'1\'')
 3 SYSTEMPATH\Database\BaseConnection.php(593): CodeIgniter\Database\BaseConnection->simpleQuery('SELECT *
FROM `tbl_anggota_kelompok`
WHERE `id_kelompok` = \'1\'')
 4 SYSTEMPATH\Database\BaseBuilder.php(1585): CodeIgniter\Database\BaseConnection->query('SELECT *
FROM `tbl_anggota_kelompok`
WHERE `id_kelompok` = :id_kelompok:', [...], false)
 5 APPPATH\Views\qurban\v_kelompok_qurban.php(50): CodeIgniter\Database\BaseBuilder->get()
 6 SYSTEMPATH\View\View.php(213): include('APPPATH\\Views\\qurban\\v_kelompok_qurban.php')
 7 SYSTEMPATH\View\View.php(216): CodeIgniter\View\View->CodeIgniter\View\{closure}()
 8 SYSTEMPATH\Common.php(1135): CodeIgniter\View\View->render('qurban/v_kelompok_qurban', [], true)
 9 APPPATH\Views\v_template_admin.php(289): view('qurban/v_kelompok_qurban')
10 SYSTEMPATH\View\View.php(213): include('APPPATH\\Views\\v_template_admin.php')
11 SYSTEMPATH\View\View.php(216): CodeIgniter\View\View->CodeIgniter\View\{closure}()
12 SYSTEMPATH\Common.php(1135): CodeIgniter\View\View->render('v_template_admin', [], true)
13 APPPATH\Controllers\PesertaQurban.php(42): view('v_template_admin', [...])
14 SYSTEMPATH\CodeIgniter.php(925): App\Controllers\PesertaQurban->KelompokQurban('5')
15 SYSTEMPATH\CodeIgniter.php(480): CodeIgniter\CodeIgniter->runController(Object(App\Controllers\PesertaQurban))
16 SYSTEMPATH\CodeIgniter.php(349): CodeIgniter\CodeIgniter->handleRequest(null, Object(Config\Cache), false)
17 FCPATH\index.php(67): CodeIgniter\CodeIgniter->run()
ERROR - 2023-04-30 20:49:58 --> mysqli_sql_exception: Table 'db-simasjid-ci4.tbl__peserta_kelompok' doesn't exist in C:\xampp8\htdocs\simasjid-ci4\system\Database\MySQLi\Connection.php:292
Stack trace:
#0 C:\xampp8\htdocs\simasjid-ci4\system\Database\MySQLi\Connection.php(292): mysqli->query('INSERT INTO `tb...', 0)
#1 C:\xampp8\htdocs\simasjid-ci4\system\Database\BaseConnection.php(666): CodeIgniter\Database\MySQLi\Connection->execute('INSERT INTO `tb...')
#2 C:\xampp8\htdocs\simasjid-ci4\system\Database\BaseConnection.php(593): CodeIgniter\Database\BaseConnection->simpleQuery('INSERT INTO `tb...')
#3 C:\xampp8\htdocs\simasjid-ci4\system\Database\BaseBuilder.php(1916): CodeIgniter\Database\BaseConnection->query('INSERT INTO `tb...', Array, false)
#4 C:\xampp8\htdocs\simasjid-ci4\app\Models\ModelPesertaQurban.php(29): CodeIgniter\Database\BaseBuilder->insert(Array)
#5 C:\xampp8\htdocs\simasjid-ci4\app\Controllers\PesertaQurban.php(74): App\Models\ModelPesertaQurban->InsertPeserta(Array)
#6 C:\xampp8\htdocs\simasjid-ci4\system\CodeIgniter.php(925): App\Controllers\PesertaQurban->InsertPeserta()
#7 C:\xampp8\htdocs\simasjid-ci4\system\CodeIgniter.php(480): CodeIgniter\CodeIgniter->runController(Object(App\Controllers\PesertaQurban))
#8 C:\xampp8\htdocs\simasjid-ci4\system\CodeIgniter.php(349): CodeIgniter\CodeIgniter->handleRequest(NULL, Object(Config\Cache), false)
#9 C:\xampp8\htdocs\simasjid-ci4\public\index.php(67): CodeIgniter\CodeIgniter->run()
#10 {main}
CRITICAL - 2023-04-30 20:49:58 --> Table 'db-simasjid-ci4.tbl__peserta_kelompok' doesn't exist
in SYSTEMPATH\Database\MySQLi\Connection.php on line 292.
 1 SYSTEMPATH\Database\MySQLi\Connection.php(292): mysqli->query('INSERT INTO `tbl__peserta_kelompok` (`id_kelompok`, `nama_peserta`, `biaya`) VALUES (\'5\', NULL, \'2500000\')', 0)
 2 SYSTEMPATH\Database\BaseConnection.php(666): CodeIgniter\Database\MySQLi\Connection->execute('INSERT INTO `tbl__peserta_kelompok` (`id_kelompok`, `nama_peserta`, `biaya`) VALUES (\'5\', NULL, \'2500000\')')
 3 SYSTEMPATH\Database\BaseConnection.php(593): CodeIgniter\Database\BaseConnection->simpleQuery('INSERT INTO `tbl__peserta_kelompok` (`id_kelompok`, `nama_peserta`, `biaya`) VALUES (\'5\', NULL, \'2500000\')')
 4 SYSTEMPATH\Database\BaseBuilder.php(1916): CodeIgniter\Database\BaseConnection->query('INSERT INTO `tbl__peserta_kelompok` (`id_kelompok`, `nama_peserta`, `biaya`) VALUES (:id_kelompok:, :nama_peserta:, :biaya:)', [...], false)
 5 APPPATH\Models\ModelPesertaQurban.php(29): CodeIgniter\Database\BaseBuilder->insert([...])
 6 APPPATH\Controllers\PesertaQurban.php(74): App\Models\ModelPesertaQurban->InsertPeserta([...])
 7 SYSTEMPATH\CodeIgniter.php(925): App\Controllers\PesertaQurban->InsertPeserta()
 8 SYSTEMPATH\CodeIgniter.php(480): CodeIgniter\CodeIgniter->runController(Object(App\Controllers\PesertaQurban))
 9 SYSTEMPATH\CodeIgniter.php(349): CodeIgniter\CodeIgniter->handleRequest(null, Object(Config\Cache), false)
10 FCPATH\index.php(67): CodeIgniter\CodeIgniter->run()
