ERROR - 2023-04-08 05:54:26 --> mysqli_sql_exception: Duplicate entry '13' for key 'PRIMARY' in C:\xampp8\htdocs\simasjid-ci4\system\Database\MySQLi\Connection.php:292
Stack trace:
#0 C:\xampp8\htdocs\simasjid-ci4\system\Database\MySQLi\Connection.php(292): mysqli->query('INSERT INTO `tb...', 0)
#1 C:\xampp8\htdocs\simasjid-ci4\system\Database\BaseConnection.php(666): CodeIgniter\Database\MySQLi\Connection->execute('INSERT INTO `tb...')
#2 C:\xampp8\htdocs\simasjid-ci4\system\Database\BaseConnection.php(593): CodeIgniter\Database\BaseConnection->simpleQuery('INSERT INTO `tb...')
#3 C:\xampp8\htdocs\simasjid-ci4\system\Database\BaseBuilder.php(1916): CodeIgniter\Database\BaseConnection->query('INSERT INTO `tb...', Array, false)
#4 C:\xampp8\htdocs\simasjid-ci4\app\Models\ModelAgenda.php(17): CodeIgniter\Database\BaseBuilder->insert(Array)
#5 C:\xampp8\htdocs\simasjid-ci4\app\Controllers\Agenda.php(50): App\Models\ModelAgenda->InsertData(Array)
#6 C:\xampp8\htdocs\simasjid-ci4\system\CodeIgniter.php(925): App\Controllers\Agenda->UpdateData('13')
#7 C:\xampp8\htdocs\simasjid-ci4\system\CodeIgniter.php(480): CodeIgniter\CodeIgniter->runController(Object(App\Controllers\Agenda))
#8 C:\xampp8\htdocs\simasjid-ci4\system\CodeIgniter.php(349): CodeIgniter\CodeIgniter->handleRequest(NULL, Object(Config\Cache), false)
#9 C:\xampp8\htdocs\simasjid-ci4\public\index.php(67): CodeIgniter\CodeIgniter->run()
#10 {main}
CRITICAL - 2023-04-08 05:54:26 --> Duplicate entry '13' for key 'PRIMARY'
in SYSTEMPATH\Database\MySQLi\Connection.php on line 292.
 1 SYSTEMPATH\Database\MySQLi\Connection.php(292): mysqli->query('INSERT INTO `tbl_agenda` (`id_agenda`, `nama_kegiatan`, `tanggal`, `jam`) VALUES (\'13\', \'Malamang Raya\', \'2023-04-05\', \'16:26:00\')', 0)
 2 SYSTEMPATH\Database\BaseConnection.php(666): CodeIgniter\Database\MySQLi\Connection->execute('INSERT INTO `tbl_agenda` (`id_agenda`, `nama_kegiatan`, `tanggal`, `jam`) VALUES (\'13\', \'Malamang Raya\', \'2023-04-05\', \'16:26:00\')')
 3 SYSTEMPATH\Database\BaseConnection.php(593): CodeIgniter\Database\BaseConnection->simpleQuery('INSERT INTO `tbl_agenda` (`id_agenda`, `nama_kegiatan`, `tanggal`, `jam`) VALUES (\'13\', \'Malamang Raya\', \'2023-04-05\', \'16:26:00\')')
 4 SYSTEMPATH\Database\BaseBuilder.php(1916): CodeIgniter\Database\BaseConnection->query('INSERT INTO `tbl_agenda` (`id_agenda`, `nama_kegiatan`, `tanggal`, `jam`) VALUES (:id_agenda:, :nama_kegiatan:, :tanggal:, :jam:)', [...], false)
 5 APPPATH\Models\ModelAgenda.php(17): CodeIgniter\Database\BaseBuilder->insert([...])
 6 APPPATH\Controllers\Agenda.php(50): App\Models\ModelAgenda->InsertData([...])
 7 SYSTEMPATH\CodeIgniter.php(925): App\Controllers\Agenda->UpdateData('13')
 8 SYSTEMPATH\CodeIgniter.php(480): CodeIgniter\CodeIgniter->runController(Object(App\Controllers\Agenda))
 9 SYSTEMPATH\CodeIgniter.php(349): CodeIgniter\CodeIgniter->handleRequest(null, Object(Config\Cache), false)
10 FCPATH\index.php(67): CodeIgniter\CodeIgniter->run()
ERROR - 2023-04-08 05:54:52 --> mysqli_sql_exception: Duplicate entry '13' for key 'PRIMARY' in C:\xampp8\htdocs\simasjid-ci4\system\Database\MySQLi\Connection.php:292
Stack trace:
#0 C:\xampp8\htdocs\simasjid-ci4\system\Database\MySQLi\Connection.php(292): mysqli->query('INSERT INTO `tb...', 0)
#1 C:\xampp8\htdocs\simasjid-ci4\system\Database\BaseConnection.php(666): CodeIgniter\Database\MySQLi\Connection->execute('INSERT INTO `tb...')
#2 C:\xampp8\htdocs\simasjid-ci4\system\Database\BaseConnection.php(593): CodeIgniter\Database\BaseConnection->simpleQuery('INSERT INTO `tb...')
#3 C:\xampp8\htdocs\simasjid-ci4\system\Database\BaseBuilder.php(1916): CodeIgniter\Database\BaseConnection->query('INSERT INTO `tb...', Array, false)
#4 C:\xampp8\htdocs\simasjid-ci4\app\Models\ModelAgenda.php(17): CodeIgniter\Database\BaseBuilder->insert(Array)
#5 C:\xampp8\htdocs\simasjid-ci4\app\Controllers\Agenda.php(50): App\Models\ModelAgenda->InsertData(Array)
#6 C:\xampp8\htdocs\simasjid-ci4\system\CodeIgniter.php(925): App\Controllers\Agenda->UpdateData('13')
#7 C:\xampp8\htdocs\simasjid-ci4\system\CodeIgniter.php(480): CodeIgniter\CodeIgniter->runController(Object(App\Controllers\Agenda))
#8 C:\xampp8\htdocs\simasjid-ci4\system\CodeIgniter.php(349): CodeIgniter\CodeIgniter->handleRequest(NULL, Object(Config\Cache), false)
#9 C:\xampp8\htdocs\simasjid-ci4\public\index.php(67): CodeIgniter\CodeIgniter->run()
#10 {main}
CRITICAL - 2023-04-08 05:54:52 --> Duplicate entry '13' for key 'PRIMARY'
in SYSTEMPATH\Database\MySQLi\Connection.php on line 292.
 1 SYSTEMPATH\Database\MySQLi\Connection.php(292): mysqli->query('INSERT INTO `tbl_agenda` (`id_agenda`, `nama_kegiatan`, `tanggal`, `jam`) VALUES (\'13\', \'Malamang Raya\', \'2023-04-05\', \'16:26:00\')', 0)
 2 SYSTEMPATH\Database\BaseConnection.php(666): CodeIgniter\Database\MySQLi\Connection->execute('INSERT INTO `tbl_agenda` (`id_agenda`, `nama_kegiatan`, `tanggal`, `jam`) VALUES (\'13\', \'Malamang Raya\', \'2023-04-05\', \'16:26:00\')')
 3 SYSTEMPATH\Database\BaseConnection.php(593): CodeIgniter\Database\BaseConnection->simpleQuery('INSERT INTO `tbl_agenda` (`id_agenda`, `nama_kegiatan`, `tanggal`, `jam`) VALUES (\'13\', \'Malamang Raya\', \'2023-04-05\', \'16:26:00\')')
 4 SYSTEMPATH\Database\BaseBuilder.php(1916): CodeIgniter\Database\BaseConnection->query('INSERT INTO `tbl_agenda` (`id_agenda`, `nama_kegiatan`, `tanggal`, `jam`) VALUES (:id_agenda:, :nama_kegiatan:, :tanggal:, :jam:)', [...], false)
 5 APPPATH\Models\ModelAgenda.php(17): CodeIgniter\Database\BaseBuilder->insert([...])
 6 APPPATH\Controllers\Agenda.php(50): App\Models\ModelAgenda->InsertData([...])
 7 SYSTEMPATH\CodeIgniter.php(925): App\Controllers\Agenda->UpdateData('13')
 8 SYSTEMPATH\CodeIgniter.php(480): CodeIgniter\CodeIgniter->runController(Object(App\Controllers\Agenda))
 9 SYSTEMPATH\CodeIgniter.php(349): CodeIgniter\CodeIgniter->handleRequest(null, Object(Config\Cache), false)
10 FCPATH\index.php(67): CodeIgniter\CodeIgniter->run()
ERROR - 2023-04-08 05:55:10 --> mysqli_sql_exception: Duplicate entry '13' for key 'PRIMARY' in C:\xampp8\htdocs\simasjid-ci4\system\Database\MySQLi\Connection.php:292
Stack trace:
#0 C:\xampp8\htdocs\simasjid-ci4\system\Database\MySQLi\Connection.php(292): mysqli->query('INSERT INTO `tb...', 0)
#1 C:\xampp8\htdocs\simasjid-ci4\system\Database\BaseConnection.php(666): CodeIgniter\Database\MySQLi\Connection->execute('INSERT INTO `tb...')
#2 C:\xampp8\htdocs\simasjid-ci4\system\Database\BaseConnection.php(593): CodeIgniter\Database\BaseConnection->simpleQuery('INSERT INTO `tb...')
#3 C:\xampp8\htdocs\simasjid-ci4\system\Database\BaseBuilder.php(1916): CodeIgniter\Database\BaseConnection->query('INSERT INTO `tb...', Array, false)
#4 C:\xampp8\htdocs\simasjid-ci4\app\Models\ModelAgenda.php(17): CodeIgniter\Database\BaseBuilder->insert(Array)
#5 C:\xampp8\htdocs\simasjid-ci4\app\Controllers\Agenda.php(50): App\Models\ModelAgenda->InsertData(Array)
#6 C:\xampp8\htdocs\simasjid-ci4\system\CodeIgniter.php(925): App\Controllers\Agenda->UpdateData('13')
#7 C:\xampp8\htdocs\simasjid-ci4\system\CodeIgniter.php(480): CodeIgniter\CodeIgniter->runController(Object(App\Controllers\Agenda))
#8 C:\xampp8\htdocs\simasjid-ci4\system\CodeIgniter.php(349): CodeIgniter\CodeIgniter->handleRequest(NULL, Object(Config\Cache), false)
#9 C:\xampp8\htdocs\simasjid-ci4\public\index.php(67): CodeIgniter\CodeIgniter->run()
#10 {main}
CRITICAL - 2023-04-08 05:55:10 --> Duplicate entry '13' for key 'PRIMARY'
in SYSTEMPATH\Database\MySQLi\Connection.php on line 292.
 1 SYSTEMPATH\Database\MySQLi\Connection.php(292): mysqli->query('INSERT INTO `tbl_agenda` (`id_agenda`, `nama_kegiatan`, `tanggal`, `jam`) VALUES (\'13\', \'Malamang Raya\', \'2023-04-05\', \'16:26:00\')', 0)
 2 SYSTEMPATH\Database\BaseConnection.php(666): CodeIgniter\Database\MySQLi\Connection->execute('INSERT INTO `tbl_agenda` (`id_agenda`, `nama_kegiatan`, `tanggal`, `jam`) VALUES (\'13\', \'Malamang Raya\', \'2023-04-05\', \'16:26:00\')')
 3 SYSTEMPATH\Database\BaseConnection.php(593): CodeIgniter\Database\BaseConnection->simpleQuery('INSERT INTO `tbl_agenda` (`id_agenda`, `nama_kegiatan`, `tanggal`, `jam`) VALUES (\'13\', \'Malamang Raya\', \'2023-04-05\', \'16:26:00\')')
 4 SYSTEMPATH\Database\BaseBuilder.php(1916): CodeIgniter\Database\BaseConnection->query('INSERT INTO `tbl_agenda` (`id_agenda`, `nama_kegiatan`, `tanggal`, `jam`) VALUES (:id_agenda:, :nama_kegiatan:, :tanggal:, :jam:)', [...], false)
 5 APPPATH\Models\ModelAgenda.php(17): CodeIgniter\Database\BaseBuilder->insert([...])
 6 APPPATH\Controllers\Agenda.php(50): App\Models\ModelAgenda->InsertData([...])
 7 SYSTEMPATH\CodeIgniter.php(925): App\Controllers\Agenda->UpdateData('13')
 8 SYSTEMPATH\CodeIgniter.php(480): CodeIgniter\CodeIgniter->runController(Object(App\Controllers\Agenda))
 9 SYSTEMPATH\CodeIgniter.php(349): CodeIgniter\CodeIgniter->handleRequest(null, Object(Config\Cache), false)
10 FCPATH\index.php(67): CodeIgniter\CodeIgniter->run()
ERROR - 2023-04-08 05:55:40 --> mysqli_sql_exception: Duplicate entry '13' for key 'PRIMARY' in C:\xampp8\htdocs\simasjid-ci4\system\Database\MySQLi\Connection.php:292
Stack trace:
#0 C:\xampp8\htdocs\simasjid-ci4\system\Database\MySQLi\Connection.php(292): mysqli->query('INSERT INTO `tb...', 0)
#1 C:\xampp8\htdocs\simasjid-ci4\system\Database\BaseConnection.php(666): CodeIgniter\Database\MySQLi\Connection->execute('INSERT INTO `tb...')
#2 C:\xampp8\htdocs\simasjid-ci4\system\Database\BaseConnection.php(593): CodeIgniter\Database\BaseConnection->simpleQuery('INSERT INTO `tb...')
#3 C:\xampp8\htdocs\simasjid-ci4\system\Database\BaseBuilder.php(1916): CodeIgniter\Database\BaseConnection->query('INSERT INTO `tb...', Array, false)
#4 C:\xampp8\htdocs\simasjid-ci4\app\Models\ModelAgenda.php(17): CodeIgniter\Database\BaseBuilder->insert(Array)
#5 C:\xampp8\htdocs\simasjid-ci4\app\Controllers\Agenda.php(50): App\Models\ModelAgenda->InsertData(Array)
#6 C:\xampp8\htdocs\simasjid-ci4\system\CodeIgniter.php(925): App\Controllers\Agenda->UpdateData('13')
#7 C:\xampp8\htdocs\simasjid-ci4\system\CodeIgniter.php(480): CodeIgniter\CodeIgniter->runController(Object(App\Controllers\Agenda))
#8 C:\xampp8\htdocs\simasjid-ci4\system\CodeIgniter.php(349): CodeIgniter\CodeIgniter->handleRequest(NULL, Object(Config\Cache), false)
#9 C:\xampp8\htdocs\simasjid-ci4\public\index.php(67): CodeIgniter\CodeIgniter->run()
#10 {main}
CRITICAL - 2023-04-08 05:55:40 --> Duplicate entry '13' for key 'PRIMARY'
in SYSTEMPATH\Database\MySQLi\Connection.php on line 292.
 1 SYSTEMPATH\Database\MySQLi\Connection.php(292): mysqli->query('INSERT INTO `tbl_agenda` (`id_agenda`, `nama_kegiatan`, `tanggal`, `jam`) VALUES (\'13\', \'Maulid Nabi\', \'2023-04-05\', \'16:26:00\')', 0)
 2 SYSTEMPATH\Database\BaseConnection.php(666): CodeIgniter\Database\MySQLi\Connection->execute('INSERT INTO `tbl_agenda` (`id_agenda`, `nama_kegiatan`, `tanggal`, `jam`) VALUES (\'13\', \'Maulid Nabi\', \'2023-04-05\', \'16:26:00\')')
 3 SYSTEMPATH\Database\BaseConnection.php(593): CodeIgniter\Database\BaseConnection->simpleQuery('INSERT INTO `tbl_agenda` (`id_agenda`, `nama_kegiatan`, `tanggal`, `jam`) VALUES (\'13\', \'Maulid Nabi\', \'2023-04-05\', \'16:26:00\')')
 4 SYSTEMPATH\Database\BaseBuilder.php(1916): CodeIgniter\Database\BaseConnection->query('INSERT INTO `tbl_agenda` (`id_agenda`, `nama_kegiatan`, `tanggal`, `jam`) VALUES (:id_agenda:, :nama_kegiatan:, :tanggal:, :jam:)', [...], false)
 5 APPPATH\Models\ModelAgenda.php(17): CodeIgniter\Database\BaseBuilder->insert([...])
 6 APPPATH\Controllers\Agenda.php(50): App\Models\ModelAgenda->InsertData([...])
 7 SYSTEMPATH\CodeIgniter.php(925): App\Controllers\Agenda->UpdateData('13')
 8 SYSTEMPATH\CodeIgniter.php(480): CodeIgniter\CodeIgniter->runController(Object(App\Controllers\Agenda))
 9 SYSTEMPATH\CodeIgniter.php(349): CodeIgniter\CodeIgniter->handleRequest(null, Object(Config\Cache), false)
10 FCPATH\index.php(67): CodeIgniter\CodeIgniter->run()
ERROR - 2023-04-08 05:56:58 --> mysqli_sql_exception: Duplicate entry '13' for key 'PRIMARY' in C:\xampp8\htdocs\simasjid-ci4\system\Database\MySQLi\Connection.php:292
Stack trace:
#0 C:\xampp8\htdocs\simasjid-ci4\system\Database\MySQLi\Connection.php(292): mysqli->query('INSERT INTO `tb...', 0)
#1 C:\xampp8\htdocs\simasjid-ci4\system\Database\BaseConnection.php(666): CodeIgniter\Database\MySQLi\Connection->execute('INSERT INTO `tb...')
#2 C:\xampp8\htdocs\simasjid-ci4\system\Database\BaseConnection.php(593): CodeIgniter\Database\BaseConnection->simpleQuery('INSERT INTO `tb...')
#3 C:\xampp8\htdocs\simasjid-ci4\system\Database\BaseBuilder.php(1916): CodeIgniter\Database\BaseConnection->query('INSERT INTO `tb...', Array, false)
#4 C:\xampp8\htdocs\simasjid-ci4\app\Models\ModelAgenda.php(17): CodeIgniter\Database\BaseBuilder->insert(Array)
#5 C:\xampp8\htdocs\simasjid-ci4\app\Controllers\Agenda.php(50): App\Models\ModelAgenda->InsertData(Array)
#6 C:\xampp8\htdocs\simasjid-ci4\system\CodeIgniter.php(925): App\Controllers\Agenda->UpdateData('13')
#7 C:\xampp8\htdocs\simasjid-ci4\system\CodeIgniter.php(480): CodeIgniter\CodeIgniter->runController(Object(App\Controllers\Agenda))
#8 C:\xampp8\htdocs\simasjid-ci4\system\CodeIgniter.php(349): CodeIgniter\CodeIgniter->handleRequest(NULL, Object(Config\Cache), false)
#9 C:\xampp8\htdocs\simasjid-ci4\public\index.php(67): CodeIgniter\CodeIgniter->run()
#10 {main}
CRITICAL - 2023-04-08 05:56:58 --> Duplicate entry '13' for key 'PRIMARY'
in SYSTEMPATH\Database\MySQLi\Connection.php on line 292.
 1 SYSTEMPATH\Database\MySQLi\Connection.php(292): mysqli->query('INSERT INTO `tbl_agenda` (`id_agenda`, `nama_kegiatan`, `tanggal`, `jam`) VALUES (\'13\', \'Maulid Nabi\', \'2023-04-05\', \'16:26:00\')', 0)
 2 SYSTEMPATH\Database\BaseConnection.php(666): CodeIgniter\Database\MySQLi\Connection->execute('INSERT INTO `tbl_agenda` (`id_agenda`, `nama_kegiatan`, `tanggal`, `jam`) VALUES (\'13\', \'Maulid Nabi\', \'2023-04-05\', \'16:26:00\')')
 3 SYSTEMPATH\Database\BaseConnection.php(593): CodeIgniter\Database\BaseConnection->simpleQuery('INSERT INTO `tbl_agenda` (`id_agenda`, `nama_kegiatan`, `tanggal`, `jam`) VALUES (\'13\', \'Maulid Nabi\', \'2023-04-05\', \'16:26:00\')')
 4 SYSTEMPATH\Database\BaseBuilder.php(1916): CodeIgniter\Database\BaseConnection->query('INSERT INTO `tbl_agenda` (`id_agenda`, `nama_kegiatan`, `tanggal`, `jam`) VALUES (:id_agenda:, :nama_kegiatan:, :tanggal:, :jam:)', [...], false)
 5 APPPATH\Models\ModelAgenda.php(17): CodeIgniter\Database\BaseBuilder->insert([...])
 6 APPPATH\Controllers\Agenda.php(50): App\Models\ModelAgenda->InsertData([...])
 7 SYSTEMPATH\CodeIgniter.php(925): App\Controllers\Agenda->UpdateData('13')
 8 SYSTEMPATH\CodeIgniter.php(480): CodeIgniter\CodeIgniter->runController(Object(App\Controllers\Agenda))
 9 SYSTEMPATH\CodeIgniter.php(349): CodeIgniter\CodeIgniter->handleRequest(null, Object(Config\Cache), false)
10 FCPATH\index.php(67): CodeIgniter\CodeIgniter->run()
ERROR - 2023-04-08 05:57:14 --> mysqli_sql_exception: Duplicate entry '13' for key 'PRIMARY' in C:\xampp8\htdocs\simasjid-ci4\system\Database\MySQLi\Connection.php:292
Stack trace:
#0 C:\xampp8\htdocs\simasjid-ci4\system\Database\MySQLi\Connection.php(292): mysqli->query('INSERT INTO `tb...', 0)
#1 C:\xampp8\htdocs\simasjid-ci4\system\Database\BaseConnection.php(666): CodeIgniter\Database\MySQLi\Connection->execute('INSERT INTO `tb...')
#2 C:\xampp8\htdocs\simasjid-ci4\system\Database\BaseConnection.php(593): CodeIgniter\Database\BaseConnection->simpleQuery('INSERT INTO `tb...')
#3 C:\xampp8\htdocs\simasjid-ci4\system\Database\BaseBuilder.php(1916): CodeIgniter\Database\BaseConnection->query('INSERT INTO `tb...', Array, false)
#4 C:\xampp8\htdocs\simasjid-ci4\app\Models\ModelAgenda.php(17): CodeIgniter\Database\BaseBuilder->insert(Array)
#5 C:\xampp8\htdocs\simasjid-ci4\app\Controllers\Agenda.php(50): App\Models\ModelAgenda->InsertData(Array)
#6 C:\xampp8\htdocs\simasjid-ci4\system\CodeIgniter.php(925): App\Controllers\Agenda->UpdateData('13')
#7 C:\xampp8\htdocs\simasjid-ci4\system\CodeIgniter.php(480): CodeIgniter\CodeIgniter->runController(Object(App\Controllers\Agenda))
#8 C:\xampp8\htdocs\simasjid-ci4\system\CodeIgniter.php(349): CodeIgniter\CodeIgniter->handleRequest(NULL, Object(Config\Cache), false)
#9 C:\xampp8\htdocs\simasjid-ci4\public\index.php(67): CodeIgniter\CodeIgniter->run()
#10 {main}
CRITICAL - 2023-04-08 05:57:14 --> Duplicate entry '13' for key 'PRIMARY'
in SYSTEMPATH\Database\MySQLi\Connection.php on line 292.
 1 SYSTEMPATH\Database\MySQLi\Connection.php(292): mysqli->query('INSERT INTO `tbl_agenda` (`id_agenda`, `nama_kegiatan`, `tanggal`, `jam`) VALUES (\'13\', \'Malamang raya\', \'2023-04-05\', \'16:26:00\')', 0)
 2 SYSTEMPATH\Database\BaseConnection.php(666): CodeIgniter\Database\MySQLi\Connection->execute('INSERT INTO `tbl_agenda` (`id_agenda`, `nama_kegiatan`, `tanggal`, `jam`) VALUES (\'13\', \'Malamang raya\', \'2023-04-05\', \'16:26:00\')')
 3 SYSTEMPATH\Database\BaseConnection.php(593): CodeIgniter\Database\BaseConnection->simpleQuery('INSERT INTO `tbl_agenda` (`id_agenda`, `nama_kegiatan`, `tanggal`, `jam`) VALUES (\'13\', \'Malamang raya\', \'2023-04-05\', \'16:26:00\')')
 4 SYSTEMPATH\Database\BaseBuilder.php(1916): CodeIgniter\Database\BaseConnection->query('INSERT INTO `tbl_agenda` (`id_agenda`, `nama_kegiatan`, `tanggal`, `jam`) VALUES (:id_agenda:, :nama_kegiatan:, :tanggal:, :jam:)', [...], false)
 5 APPPATH\Models\ModelAgenda.php(17): CodeIgniter\Database\BaseBuilder->insert([...])
 6 APPPATH\Controllers\Agenda.php(50): App\Models\ModelAgenda->InsertData([...])
 7 SYSTEMPATH\CodeIgniter.php(925): App\Controllers\Agenda->UpdateData('13')
 8 SYSTEMPATH\CodeIgniter.php(480): CodeIgniter\CodeIgniter->runController(Object(App\Controllers\Agenda))
 9 SYSTEMPATH\CodeIgniter.php(349): CodeIgniter\CodeIgniter->handleRequest(null, Object(Config\Cache), false)
10 FCPATH\index.php(67): CodeIgniter\CodeIgniter->run()
