CRITICAL - 2023-03-06 17:33:09 --> Undefined variable $agenda
in APPPATH\Views\v_agenda.php on line 25.
 1 APPPATH\Views\v_agenda.php(25): CodeIgniter\Debug\Exceptions->errorHandler(2, 'Undefined variable $agenda', 'APPPATH\\Views\\v_agenda.php', 25)
 2 SYSTEMPATH\View\View.php(213): include('APPPATH\\Views\\v_agenda.php')
 3 SYSTEMPATH\View\View.php(216): CodeIgniter\View\View->CodeIgniter\View\{closure}()
 4 SYSTEMPATH\Common.php(1135): CodeIgniter\View\View->render('v_Agenda', [], true)
 5 APPPATH\Views\v_template.php(148): view('v_Agenda')
 6 SYSTEMPATH\View\View.php(213): include('APPPATH\\Views\\v_template.php')
 7 SYSTEMPATH\View\View.php(216): CodeIgniter\View\View->CodeIgniter\View\{closure}()
 8 SYSTEMPATH\Common.php(1135): CodeIgniter\View\View->render('v_template', [], true)
 9 APPPATH\Controllers\Home.php(21): view('v_template', [...])
10 SYSTEMPATH\CodeIgniter.php(925): App\Controllers\Home->Agenda()
11 SYSTEMPATH\CodeIgniter.php(480): CodeIgniter\CodeIgniter->runController(Object(App\Controllers\Home))
12 SYSTEMPATH\CodeIgniter.php(349): CodeIgniter\CodeIgniter->handleRequest(null, Object(Config\Cache), false)
13 FCPATH\index.php(67): CodeIgniter\CodeIgniter->run()
CRITICAL - 2023-03-06 17:33:53 --> Undefined variable $agenda
in APPPATH\Views\v_agenda.php on line 25.
 1 APPPATH\Views\v_agenda.php(25): CodeIgniter\Debug\Exceptions->errorHandler(2, 'Undefined variable $agenda', 'APPPATH\\Views\\v_agenda.php', 25)
 2 SYSTEMPATH\View\View.php(213): include('APPPATH\\Views\\v_agenda.php')
 3 SYSTEMPATH\View\View.php(216): CodeIgniter\View\View->CodeIgniter\View\{closure}()
 4 SYSTEMPATH\Common.php(1135): CodeIgniter\View\View->render('v_Agenda', [], true)
 5 APPPATH\Views\v_template.php(148): view('v_Agenda')
 6 SYSTEMPATH\View\View.php(213): include('APPPATH\\Views\\v_template.php')
 7 SYSTEMPATH\View\View.php(216): CodeIgniter\View\View->CodeIgniter\View\{closure}()
 8 SYSTEMPATH\Common.php(1135): CodeIgniter\View\View->render('v_template', [], true)
 9 APPPATH\Controllers\Home.php(21): view('v_template', [...])
10 SYSTEMPATH\CodeIgniter.php(925): App\Controllers\Home->Agenda()
11 SYSTEMPATH\CodeIgniter.php(480): CodeIgniter\CodeIgniter->runController(Object(App\Controllers\Home))
12 SYSTEMPATH\CodeIgniter.php(349): CodeIgniter\CodeIgniter->handleRequest(null, Object(Config\Cache), false)
13 FCPATH\index.php(67): CodeIgniter\CodeIgniter->run()
CRITICAL - 2023-03-06 17:34:42 --> Undefined variable $Agenda
in APPPATH\Views\v_agenda.php on line 25.
 1 APPPATH\Views\v_agenda.php(25): CodeIgniter\Debug\Exceptions->errorHandler(2, 'Undefined variable $Agenda', 'APPPATH\\Views\\v_agenda.php', 25)
 2 SYSTEMPATH\View\View.php(213): include('APPPATH\\Views\\v_agenda.php')
 3 SYSTEMPATH\View\View.php(216): CodeIgniter\View\View->CodeIgniter\View\{closure}()
 4 SYSTEMPATH\Common.php(1135): CodeIgniter\View\View->render('v_Agenda', [], true)
 5 APPPATH\Views\v_template.php(148): view('v_Agenda')
 6 SYSTEMPATH\View\View.php(213): include('APPPATH\\Views\\v_template.php')
 7 SYSTEMPATH\View\View.php(216): CodeIgniter\View\View->CodeIgniter\View\{closure}()
 8 SYSTEMPATH\Common.php(1135): CodeIgniter\View\View->render('v_template', [], true)
 9 APPPATH\Controllers\Home.php(21): view('v_template', [...])
10 SYSTEMPATH\CodeIgniter.php(925): App\Controllers\Home->Agenda()
11 SYSTEMPATH\CodeIgniter.php(480): CodeIgniter\CodeIgniter->runController(Object(App\Controllers\Home))
12 SYSTEMPATH\CodeIgniter.php(349): CodeIgniter\CodeIgniter->handleRequest(null, Object(Config\Cache), false)
13 FCPATH\index.php(67): CodeIgniter\CodeIgniter->run()
CRITICAL - 2023-03-06 17:36:20 --> Undefined variable $agenda
in APPPATH\Views\v_agenda.php on line 25.
 1 APPPATH\Views\v_agenda.php(25): CodeIgniter\Debug\Exceptions->errorHandler(2, 'Undefined variable $agenda', 'APPPATH\\Views\\v_agenda.php', 25)
 2 SYSTEMPATH\View\View.php(213): include('APPPATH\\Views\\v_agenda.php')
 3 SYSTEMPATH\View\View.php(216): CodeIgniter\View\View->CodeIgniter\View\{closure}()
 4 SYSTEMPATH\Common.php(1135): CodeIgniter\View\View->render('v_Agenda', [], true)
 5 APPPATH\Views\v_template.php(148): view('v_Agenda')
 6 SYSTEMPATH\View\View.php(213): include('APPPATH\\Views\\v_template.php')
 7 SYSTEMPATH\View\View.php(216): CodeIgniter\View\View->CodeIgniter\View\{closure}()
 8 SYSTEMPATH\Common.php(1135): CodeIgniter\View\View->render('v_template', [], true)
 9 APPPATH\Controllers\Home.php(21): view('v_template', [...])
10 SYSTEMPATH\CodeIgniter.php(925): App\Controllers\Home->Agenda()
11 SYSTEMPATH\CodeIgniter.php(480): CodeIgniter\CodeIgniter->runController(Object(App\Controllers\Home))
12 SYSTEMPATH\CodeIgniter.php(349): CodeIgniter\CodeIgniter->handleRequest(null, Object(Config\Cache), false)
13 FCPATH\index.php(67): CodeIgniter\CodeIgniter->run()
