CRITICAL - 2023-06-18 00:09:07 --> Unclosed '{' on line 152
in APPPATH\Views\qurban\v_kelompok_qurban.php on line 160.
 1 SYSTEMPATH\View\View.php(216): CodeIgniter\View\View->CodeIgniter\View\{closure}()
 2 SYSTEMPATH\Common.php(1135): CodeIgniter\View\View->render('qurban/v_kelompok_qurban', [], true)
 3 APPPATH\Views\v_template_admin.php(334): view('qurban/v_kelompok_qurban')
 4 SYSTEMPATH\View\View.php(213): include('APPPATH\\Views\\v_template_admin.php')
 5 SYSTEMPATH\View\View.php(216): CodeIgniter\View\View->CodeIgniter\View\{closure}()
 6 SYSTEMPATH\Common.php(1135): CodeIgniter\View\View->render('v_template_admin', [], true)
 7 APPPATH\Controllers\PesertaQurban.php(42): view('v_template_admin', [...])
 8 SYSTEMPATH\CodeIgniter.php(925): App\Controllers\PesertaQurban->KelompokQurban('5')
 9 SYSTEMPATH\CodeIgniter.php(480): CodeIgniter\CodeIgniter->runController(Object(App\Controllers\PesertaQurban))
10 SYSTEMPATH\CodeIgniter.php(349): CodeIgniter\CodeIgniter->handleRequest(null, Object(Config\Cache), false)
11 FCPATH\index.php(67): CodeIgniter\CodeIgniter->run()
CRITICAL - 2023-06-18 00:11:53 --> Unclosed '{' on line 110
in APPPATH\Views\qurban\v_kelompok_qurban.php on line 118.
 1 SYSTEMPATH\View\View.php(216): CodeIgniter\View\View->CodeIgniter\View\{closure}()
 2 SYSTEMPATH\Common.php(1135): CodeIgniter\View\View->render('qurban/v_kelompok_qurban', [], true)
 3 APPPATH\Views\v_template_admin.php(334): view('qurban/v_kelompok_qurban')
 4 SYSTEMPATH\View\View.php(213): include('APPPATH\\Views\\v_template_admin.php')
 5 SYSTEMPATH\View\View.php(216): CodeIgniter\View\View->CodeIgniter\View\{closure}()
 6 SYSTEMPATH\Common.php(1135): CodeIgniter\View\View->render('v_template_admin', [], true)
 7 APPPATH\Controllers\PesertaQurban.php(42): view('v_template_admin', [...])
 8 SYSTEMPATH\CodeIgniter.php(925): App\Controllers\PesertaQurban->KelompokQurban('5')
 9 SYSTEMPATH\CodeIgniter.php(480): CodeIgniter\CodeIgniter->runController(Object(App\Controllers\PesertaQurban))
10 SYSTEMPATH\CodeIgniter.php(349): CodeIgniter\CodeIgniter->handleRequest(null, Object(Config\Cache), false)
11 FCPATH\index.php(67): CodeIgniter\CodeIgniter->run()
CRITICAL - 2023-06-18 00:16:13 --> Undefined variable $biaya
in APPPATH\Views\qurban\v_kelompok_qurban.php on line 72.
 1 APPPATH\Views\qurban\v_kelompok_qurban.php(72): CodeIgniter\Debug\Exceptions->errorHandler(2, 'Undefined variable $biaya', 'APPPATH\\Views\\qurban\\v_kelompok_qurban.php', 72)
 2 SYSTEMPATH\View\View.php(213): include('APPPATH\\Views\\qurban\\v_kelompok_qurban.php')
 3 SYSTEMPATH\View\View.php(216): CodeIgniter\View\View->CodeIgniter\View\{closure}()
 4 SYSTEMPATH\Common.php(1135): CodeIgniter\View\View->render('qurban/v_kelompok_qurban', [], true)
 5 APPPATH\Views\v_template_admin.php(334): view('qurban/v_kelompok_qurban')
 6 SYSTEMPATH\View\View.php(213): include('APPPATH\\Views\\v_template_admin.php')
 7 SYSTEMPATH\View\View.php(216): CodeIgniter\View\View->CodeIgniter\View\{closure}()
 8 SYSTEMPATH\Common.php(1135): CodeIgniter\View\View->render('v_template_admin', [], true)
 9 APPPATH\Controllers\PesertaQurban.php(42): view('v_template_admin', [...])
10 SYSTEMPATH\CodeIgniter.php(925): App\Controllers\PesertaQurban->KelompokQurban('10')
11 SYSTEMPATH\CodeIgniter.php(480): CodeIgniter\CodeIgniter->runController(Object(App\Controllers\PesertaQurban))
12 SYSTEMPATH\CodeIgniter.php(349): CodeIgniter\CodeIgniter->handleRequest(null, Object(Config\Cache), false)
13 FCPATH\index.php(67): CodeIgniter\CodeIgniter->run()
CRITICAL - 2023-06-18 00:31:56 --> Unmatched '}'
in APPPATH\Views\qurban\v_kelompok_qurban.php on line 179.
 1 SYSTEMPATH\View\View.php(216): CodeIgniter\View\View->CodeIgniter\View\{closure}()
 2 SYSTEMPATH\Common.php(1135): CodeIgniter\View\View->render('qurban/v_kelompok_qurban', [], true)
 3 APPPATH\Views\v_template_admin.php(334): view('qurban/v_kelompok_qurban')
 4 SYSTEMPATH\View\View.php(213): include('APPPATH\\Views\\v_template_admin.php')
 5 SYSTEMPATH\View\View.php(216): CodeIgniter\View\View->CodeIgniter\View\{closure}()
 6 SYSTEMPATH\Common.php(1135): CodeIgniter\View\View->render('v_template_admin', [], true)
 7 APPPATH\Controllers\PesertaQurban.php(42): view('v_template_admin', [...])
 8 SYSTEMPATH\CodeIgniter.php(925): App\Controllers\PesertaQurban->KelompokQurban('5')
 9 SYSTEMPATH\CodeIgniter.php(480): CodeIgniter\CodeIgniter->runController(Object(App\Controllers\PesertaQurban))
10 SYSTEMPATH\CodeIgniter.php(349): CodeIgniter\CodeIgniter->handleRequest(null, Object(Config\Cache), false)
11 FCPATH\index.php(67): CodeIgniter\CodeIgniter->run()
