CRITICAL - 2023-06-15 10:25:33 --> Undefined property: App\Controllers\Agenda::$ModelAdmin
in APPPATH\Controllers\Agenda.php on line 69.
 1 APPPATH\Controllers\Agenda.php(69): CodeIgniter\Debug\Exceptions->errorHandler(2, 'Undefined property: App\\Controllers\\Agenda::$ModelAdmin', 'APPPATH\\Controllers\\Agenda.php', 69)
 2 SYSTEMPATH\CodeIgniter.php(925): App\Controllers\Agenda->Laporan()
 3 SYSTEMPATH\CodeIgniter.php(480): CodeIgniter\CodeIgniter->runController(Object(App\Controllers\Agenda))
 4 SYSTEMPATH\CodeIgniter.php(349): CodeIgniter\CodeIgniter->handleRequest(null, Object(Config\Cache), false)
 5 FCPATH\index.php(67): CodeIgniter\CodeIgniter->run()
CRITICAL - 2023-06-15 10:25:41 --> Undefined property: App\Controllers\Agenda::$ModelAdmin
in APPPATH\Controllers\Agenda.php on line 69.
 1 APPPATH\Controllers\Agenda.php(69): CodeIgniter\Debug\Exceptions->errorHandler(2, 'Undefined property: App\\Controllers\\Agenda::$ModelAdmin', 'APPPATH\\Controllers\\Agenda.php', 69)
 2 SYSTEMPATH\CodeIgniter.php(925): App\Controllers\Agenda->Laporan()
 3 SYSTEMPATH\CodeIgniter.php(480): CodeIgniter\CodeIgniter->runController(Object(App\Controllers\Agenda))
 4 SYSTEMPATH\CodeIgniter.php(349): CodeIgniter\CodeIgniter->handleRequest(null, Object(Config\Cache), false)
 5 FCPATH\index.php(67): CodeIgniter\CodeIgniter->run()
CRITICAL - 2023-06-15 10:26:18 --> Invalid file: agenda/v_laporan_agenda.php
in SYSTEMPATH\Exceptions\FrameworkException.php on line 33.
 1 SYSTEMPATH\View\View.php(201): CodeIgniter\Exceptions\FrameworkException::forInvalidFile('agenda/v_laporan_agenda.php')
 2 SYSTEMPATH\Common.php(1135): CodeIgniter\View\View->render('agenda/v_laporan_agenda', [], true)
 3 APPPATH\Views\v_template_admin.php(348): view('agenda/v_laporan_agenda')
 4 SYSTEMPATH\View\View.php(213): include('APPPATH\\Views\\v_template_admin.php')
 5 SYSTEMPATH\View\View.php(216): CodeIgniter\View\View->CodeIgniter\View\{closure}()
 6 SYSTEMPATH\Common.php(1135): CodeIgniter\View\View->render('v_template_admin', [], true)
 7 APPPATH\Controllers\Agenda.php(71): view('v_template_admin', [...])
 8 SYSTEMPATH\CodeIgniter.php(925): App\Controllers\Agenda->Laporan()
 9 SYSTEMPATH\CodeIgniter.php(480): CodeIgniter\CodeIgniter->runController(Object(App\Controllers\Agenda))
10 SYSTEMPATH\CodeIgniter.php(349): CodeIgniter\CodeIgniter->handleRequest(null, Object(Config\Cache), false)
11 FCPATH\index.php(67): CodeIgniter\CodeIgniter->run()
CRITICAL - 2023-06-15 10:26:49 --> Invalid file: agenda/v_laporan_agenda.php
in SYSTEMPATH\Exceptions\FrameworkException.php on line 33.
 1 SYSTEMPATH\View\View.php(201): CodeIgniter\Exceptions\FrameworkException::forInvalidFile('agenda/v_laporan_agenda.php')
 2 SYSTEMPATH\Common.php(1135): CodeIgniter\View\View->render('agenda/v_laporan_agenda', [], true)
 3 APPPATH\Views\v_template_admin.php(348): view('agenda/v_laporan_agenda')
 4 SYSTEMPATH\View\View.php(213): include('APPPATH\\Views\\v_template_admin.php')
 5 SYSTEMPATH\View\View.php(216): CodeIgniter\View\View->CodeIgniter\View\{closure}()
 6 SYSTEMPATH\Common.php(1135): CodeIgniter\View\View->render('v_template_admin', [], true)
 7 APPPATH\Controllers\Agenda.php(71): view('v_template_admin', [...])
 8 SYSTEMPATH\CodeIgniter.php(925): App\Controllers\Agenda->Laporan()
 9 SYSTEMPATH\CodeIgniter.php(480): CodeIgniter\CodeIgniter->runController(Object(App\Controllers\Agenda))
10 SYSTEMPATH\CodeIgniter.php(349): CodeIgniter\CodeIgniter->handleRequest(null, Object(Config\Cache), false)
11 FCPATH\index.php(67): CodeIgniter\CodeIgniter->run()
CRITICAL - 2023-06-15 10:27:14 --> Invalid file: agenda/v_laporan_agenda.php
in SYSTEMPATH\Exceptions\FrameworkException.php on line 33.
 1 SYSTEMPATH\View\View.php(201): CodeIgniter\Exceptions\FrameworkException::forInvalidFile('agenda/v_laporan_agenda.php')
 2 SYSTEMPATH\Common.php(1135): CodeIgniter\View\View->render('agenda/v_laporan_agenda', [], true)
 3 APPPATH\Views\v_template_admin.php(348): view('agenda/v_laporan_agenda')
 4 SYSTEMPATH\View\View.php(213): include('APPPATH\\Views\\v_template_admin.php')
 5 SYSTEMPATH\View\View.php(216): CodeIgniter\View\View->CodeIgniter\View\{closure}()
 6 SYSTEMPATH\Common.php(1135): CodeIgniter\View\View->render('v_template_admin', [], true)
 7 APPPATH\Controllers\Agenda.php(71): view('v_template_admin', [...])
 8 SYSTEMPATH\CodeIgniter.php(925): App\Controllers\Agenda->Laporan()
 9 SYSTEMPATH\CodeIgniter.php(480): CodeIgniter\CodeIgniter->runController(Object(App\Controllers\Agenda))
10 SYSTEMPATH\CodeIgniter.php(349): CodeIgniter\CodeIgniter->handleRequest(null, Object(Config\Cache), false)
11 FCPATH\index.php(67): CodeIgniter\CodeIgniter->run()
CRITICAL - 2023-06-15 10:27:26 --> Invalid file: agenda/v_laporan_agenda.php
in SYSTEMPATH\Exceptions\FrameworkException.php on line 33.
 1 SYSTEMPATH\View\View.php(201): CodeIgniter\Exceptions\FrameworkException::forInvalidFile('agenda/v_laporan_agenda.php')
 2 SYSTEMPATH\Common.php(1135): CodeIgniter\View\View->render('agenda/v_laporan_agenda', [], true)
 3 APPPATH\Views\v_template_admin.php(348): view('agenda/v_laporan_agenda')
 4 SYSTEMPATH\View\View.php(213): include('APPPATH\\Views\\v_template_admin.php')
 5 SYSTEMPATH\View\View.php(216): CodeIgniter\View\View->CodeIgniter\View\{closure}()
 6 SYSTEMPATH\Common.php(1135): CodeIgniter\View\View->render('v_template_admin', [], true)
 7 APPPATH\Controllers\Agenda.php(71): view('v_template_admin', [...])
 8 SYSTEMPATH\CodeIgniter.php(925): App\Controllers\Agenda->Laporan()
 9 SYSTEMPATH\CodeIgniter.php(480): CodeIgniter\CodeIgniter->runController(Object(App\Controllers\Agenda))
10 SYSTEMPATH\CodeIgniter.php(349): CodeIgniter\CodeIgniter->handleRequest(null, Object(Config\Cache), false)
11 FCPATH\index.php(67): CodeIgniter\CodeIgniter->run()
CRITICAL - 2023-06-15 10:27:29 --> Invalid file: agenda/v_laporan_agenda.php
in SYSTEMPATH\Exceptions\FrameworkException.php on line 33.
 1 SYSTEMPATH\View\View.php(201): CodeIgniter\Exceptions\FrameworkException::forInvalidFile('agenda/v_laporan_agenda.php')
 2 SYSTEMPATH\Common.php(1135): CodeIgniter\View\View->render('agenda/v_laporan_agenda', [], true)
 3 APPPATH\Views\v_template_admin.php(348): view('agenda/v_laporan_agenda')
 4 SYSTEMPATH\View\View.php(213): include('APPPATH\\Views\\v_template_admin.php')
 5 SYSTEMPATH\View\View.php(216): CodeIgniter\View\View->CodeIgniter\View\{closure}()
 6 SYSTEMPATH\Common.php(1135): CodeIgniter\View\View->render('v_template_admin', [], true)
 7 APPPATH\Controllers\Agenda.php(71): view('v_template_admin', [...])
 8 SYSTEMPATH\CodeIgniter.php(925): App\Controllers\Agenda->Laporan()
 9 SYSTEMPATH\CodeIgniter.php(480): CodeIgniter\CodeIgniter->runController(Object(App\Controllers\Agenda))
10 SYSTEMPATH\CodeIgniter.php(349): CodeIgniter\CodeIgniter->handleRequest(null, Object(Config\Cache), false)
11 FCPATH\index.php(67): CodeIgniter\CodeIgniter->run()
CRITICAL - 2023-06-15 10:28:08 --> Invalid file: Agenda/v_laporan_agenda.php
in SYSTEMPATH\Exceptions\FrameworkException.php on line 33.
 1 SYSTEMPATH\View\View.php(201): CodeIgniter\Exceptions\FrameworkException::forInvalidFile('Agenda/v_laporan_agenda.php')
 2 SYSTEMPATH\Common.php(1135): CodeIgniter\View\View->render('Agenda/v_laporan_agenda', [], true)
 3 APPPATH\Views\v_template_admin.php(348): view('Agenda/v_laporan_agenda')
 4 SYSTEMPATH\View\View.php(213): include('APPPATH\\Views\\v_template_admin.php')
 5 SYSTEMPATH\View\View.php(216): CodeIgniter\View\View->CodeIgniter\View\{closure}()
 6 SYSTEMPATH\Common.php(1135): CodeIgniter\View\View->render('v_template_admin', [], true)
 7 APPPATH\Controllers\Agenda.php(71): view('v_template_admin', [...])
 8 SYSTEMPATH\CodeIgniter.php(925): App\Controllers\Agenda->Laporan()
 9 SYSTEMPATH\CodeIgniter.php(480): CodeIgniter\CodeIgniter->runController(Object(App\Controllers\Agenda))
10 SYSTEMPATH\CodeIgniter.php(349): CodeIgniter\CodeIgniter->handleRequest(null, Object(Config\Cache), false)
11 FCPATH\index.php(67): CodeIgniter\CodeIgniter->run()
CRITICAL - 2023-06-15 10:30:16 --> Invalid file: Agenda/v_laporan.php
in SYSTEMPATH\Exceptions\FrameworkException.php on line 33.
 1 SYSTEMPATH\View\View.php(201): CodeIgniter\Exceptions\FrameworkException::forInvalidFile('Agenda/v_laporan.php')
 2 SYSTEMPATH\Common.php(1135): CodeIgniter\View\View->render('Agenda/v_laporan', [], true)
 3 APPPATH\Views\v_template_admin.php(348): view('Agenda/v_laporan')
 4 SYSTEMPATH\View\View.php(213): include('APPPATH\\Views\\v_template_admin.php')
 5 SYSTEMPATH\View\View.php(216): CodeIgniter\View\View->CodeIgniter\View\{closure}()
 6 SYSTEMPATH\Common.php(1135): CodeIgniter\View\View->render('v_template_admin', [], true)
 7 APPPATH\Controllers\Agenda.php(71): view('v_template_admin', [...])
 8 SYSTEMPATH\CodeIgniter.php(925): App\Controllers\Agenda->Laporan()
 9 SYSTEMPATH\CodeIgniter.php(480): CodeIgniter\CodeIgniter->runController(Object(App\Controllers\Agenda))
10 SYSTEMPATH\CodeIgniter.php(349): CodeIgniter\CodeIgniter->handleRequest(null, Object(Config\Cache), false)
11 FCPATH\index.php(67): CodeIgniter\CodeIgniter->run()
CRITICAL - 2023-06-15 10:31:14 --> Invalid file: laporan-agenda/v_laporan.php
in SYSTEMPATH\Exceptions\FrameworkException.php on line 33.
 1 SYSTEMPATH\View\View.php(201): CodeIgniter\Exceptions\FrameworkException::forInvalidFile('laporan-agenda/v_laporan.php')
 2 SYSTEMPATH\Common.php(1135): CodeIgniter\View\View->render('laporan-agenda/v_laporan', [], true)
 3 APPPATH\Views\v_template_admin.php(348): view('laporan-agenda/v_laporan')
 4 SYSTEMPATH\View\View.php(213): include('APPPATH\\Views\\v_template_admin.php')
 5 SYSTEMPATH\View\View.php(216): CodeIgniter\View\View->CodeIgniter\View\{closure}()
 6 SYSTEMPATH\Common.php(1135): CodeIgniter\View\View->render('v_template_admin', [], true)
 7 APPPATH\Controllers\Agenda.php(71): view('v_template_admin', [...])
 8 SYSTEMPATH\CodeIgniter.php(925): App\Controllers\Agenda->Laporan()
 9 SYSTEMPATH\CodeIgniter.php(480): CodeIgniter\CodeIgniter->runController(Object(App\Controllers\Agenda))
10 SYSTEMPATH\CodeIgniter.php(349): CodeIgniter\CodeIgniter->handleRequest(null, Object(Config\Cache), false)
11 FCPATH\index.php(67): CodeIgniter\CodeIgniter->run()
CRITICAL - 2023-06-15 10:32:48 --> Invalid file: Agenda/v_laporan.php
in SYSTEMPATH\Exceptions\FrameworkException.php on line 33.
 1 SYSTEMPATH\View\View.php(201): CodeIgniter\Exceptions\FrameworkException::forInvalidFile('Agenda/v_laporan.php')
 2 SYSTEMPATH\Common.php(1135): CodeIgniter\View\View->render('Agenda/v_laporan', [], true)
 3 APPPATH\Views\v_template_admin.php(348): view('Agenda/v_laporan')
 4 SYSTEMPATH\View\View.php(213): include('APPPATH\\Views\\v_template_admin.php')
 5 SYSTEMPATH\View\View.php(216): CodeIgniter\View\View->CodeIgniter\View\{closure}()
 6 SYSTEMPATH\Common.php(1135): CodeIgniter\View\View->render('v_template_admin', [], true)
 7 APPPATH\Controllers\Agenda.php(71): view('v_template_admin', [...])
 8 SYSTEMPATH\CodeIgniter.php(925): App\Controllers\Agenda->Laporan()
 9 SYSTEMPATH\CodeIgniter.php(480): CodeIgniter\CodeIgniter->runController(Object(App\Controllers\Agenda))
10 SYSTEMPATH\CodeIgniter.php(349): CodeIgniter\CodeIgniter->handleRequest(null, Object(Config\Cache), false)
11 FCPATH\index.php(67): CodeIgniter\CodeIgniter->run()
CRITICAL - 2023-06-15 10:33:14 --> Invalid file: agenda/v_laporan_agenda.php
in SYSTEMPATH\Exceptions\FrameworkException.php on line 33.
 1 SYSTEMPATH\View\View.php(201): CodeIgniter\Exceptions\FrameworkException::forInvalidFile('agenda/v_laporan_agenda.php')
 2 SYSTEMPATH\Common.php(1135): CodeIgniter\View\View->render('agenda/v_laporan_agenda', [], true)
 3 APPPATH\Views\v_template_admin.php(348): view('agenda/v_laporan_agenda')
 4 SYSTEMPATH\View\View.php(213): include('APPPATH\\Views\\v_template_admin.php')
 5 SYSTEMPATH\View\View.php(216): CodeIgniter\View\View->CodeIgniter\View\{closure}()
 6 SYSTEMPATH\Common.php(1135): CodeIgniter\View\View->render('v_template_admin', [], true)
 7 APPPATH\Controllers\Agenda.php(71): view('v_template_admin', [...])
 8 SYSTEMPATH\CodeIgniter.php(925): App\Controllers\Agenda->Laporan()
 9 SYSTEMPATH\CodeIgniter.php(480): CodeIgniter\CodeIgniter->runController(Object(App\Controllers\Agenda))
10 SYSTEMPATH\CodeIgniter.php(349): CodeIgniter\CodeIgniter->handleRequest(null, Object(Config\Cache), false)
11 FCPATH\index.php(67): CodeIgniter\CodeIgniter->run()
CRITICAL - 2023-06-15 10:33:42 --> Undefined property: App\Controllers\Agenda::$ModelAdmin
in APPPATH\Controllers\Agenda.php on line 69.
 1 APPPATH\Controllers\Agenda.php(69): CodeIgniter\Debug\Exceptions->errorHandler(2, 'Undefined property: App\\Controllers\\Agenda::$ModelAdmin', 'APPPATH\\Controllers\\Agenda.php', 69)
 2 SYSTEMPATH\CodeIgniter.php(925): App\Controllers\Agenda->Laporan()
 3 SYSTEMPATH\CodeIgniter.php(480): CodeIgniter\CodeIgniter->runController(Object(App\Controllers\Agenda))
 4 SYSTEMPATH\CodeIgniter.php(349): CodeIgniter\CodeIgniter->handleRequest(null, Object(Config\Cache), false)
 5 FCPATH\index.php(67): CodeIgniter\CodeIgniter->run()
CRITICAL - 2023-06-15 10:34:19 --> Undefined property: App\Controllers\Agenda::$ModelAdmin
in APPPATH\Controllers\Agenda.php on line 69.
 1 APPPATH\Controllers\Agenda.php(69): CodeIgniter\Debug\Exceptions->errorHandler(2, 'Undefined property: App\\Controllers\\Agenda::$ModelAdmin', 'APPPATH\\Controllers\\Agenda.php', 69)
 2 SYSTEMPATH\CodeIgniter.php(925): App\Controllers\Agenda->Laporan()
 3 SYSTEMPATH\CodeIgniter.php(480): CodeIgniter\CodeIgniter->runController(Object(App\Controllers\Agenda))
 4 SYSTEMPATH\CodeIgniter.php(349): CodeIgniter\CodeIgniter->handleRequest(null, Object(Config\Cache), false)
 5 FCPATH\index.php(67): CodeIgniter\CodeIgniter->run()
CRITICAL - 2023-06-15 10:34:32 --> Invalid file: agenda/v_laporan_agenda.php
in SYSTEMPATH\Exceptions\FrameworkException.php on line 33.
 1 SYSTEMPATH\View\View.php(201): CodeIgniter\Exceptions\FrameworkException::forInvalidFile('agenda/v_laporan_agenda.php')
 2 SYSTEMPATH\Common.php(1135): CodeIgniter\View\View->render('agenda/v_laporan_agenda', [], true)
 3 APPPATH\Views\v_template_admin.php(348): view('agenda/v_laporan_agenda')
 4 SYSTEMPATH\View\View.php(213): include('APPPATH\\Views\\v_template_admin.php')
 5 SYSTEMPATH\View\View.php(216): CodeIgniter\View\View->CodeIgniter\View\{closure}()
 6 SYSTEMPATH\Common.php(1135): CodeIgniter\View\View->render('v_template_admin', [], true)
 7 APPPATH\Controllers\Agenda.php(71): view('v_template_admin', [...])
 8 SYSTEMPATH\CodeIgniter.php(925): App\Controllers\Agenda->Laporan()
 9 SYSTEMPATH\CodeIgniter.php(480): CodeIgniter\CodeIgniter->runController(Object(App\Controllers\Agenda))
10 SYSTEMPATH\CodeIgniter.php(349): CodeIgniter\CodeIgniter->handleRequest(null, Object(Config\Cache), false)
11 FCPATH\index.php(67): CodeIgniter\CodeIgniter->run()
CRITICAL - 2023-06-15 10:35:42 --> Invalid file: agenda/v_laporan_agenda.php
in SYSTEMPATH\Exceptions\FrameworkException.php on line 33.
 1 SYSTEMPATH\View\View.php(201): CodeIgniter\Exceptions\FrameworkException::forInvalidFile('agenda/v_laporan_agenda.php')
 2 SYSTEMPATH\Common.php(1135): CodeIgniter\View\View->render('agenda/v_laporan_agenda', [], true)
 3 APPPATH\Views\v_template_admin.php(348): view('agenda/v_laporan_agenda')
 4 SYSTEMPATH\View\View.php(213): include('APPPATH\\Views\\v_template_admin.php')
 5 SYSTEMPATH\View\View.php(216): CodeIgniter\View\View->CodeIgniter\View\{closure}()
 6 SYSTEMPATH\Common.php(1135): CodeIgniter\View\View->render('v_template_admin', [], true)
 7 APPPATH\Controllers\Agenda.php(71): view('v_template_admin', [...])
 8 SYSTEMPATH\CodeIgniter.php(925): App\Controllers\Agenda->Laporan()
 9 SYSTEMPATH\CodeIgniter.php(480): CodeIgniter\CodeIgniter->runController(Object(App\Controllers\Agenda))
10 SYSTEMPATH\CodeIgniter.php(349): CodeIgniter\CodeIgniter->handleRequest(null, Object(Config\Cache), false)
11 FCPATH\index.php(67): CodeIgniter\CodeIgniter->run()
CRITICAL - 2023-06-15 10:36:06 --> Invalid file: agenda/v_laporan_agenda.php
in SYSTEMPATH\Exceptions\FrameworkException.php on line 33.
 1 SYSTEMPATH\View\View.php(201): CodeIgniter\Exceptions\FrameworkException::forInvalidFile('agenda/v_laporan_agenda.php')
 2 SYSTEMPATH\Common.php(1135): CodeIgniter\View\View->render('agenda/v_laporan_agenda', [], true)
 3 APPPATH\Views\v_template_admin.php(348): view('agenda/v_laporan_agenda')
 4 SYSTEMPATH\View\View.php(213): include('APPPATH\\Views\\v_template_admin.php')
 5 SYSTEMPATH\View\View.php(216): CodeIgniter\View\View->CodeIgniter\View\{closure}()
 6 SYSTEMPATH\Common.php(1135): CodeIgniter\View\View->render('v_template_admin', [], true)
 7 APPPATH\Controllers\Agenda.php(71): view('v_template_admin', [...])
 8 SYSTEMPATH\CodeIgniter.php(925): App\Controllers\Agenda->Laporan()
 9 SYSTEMPATH\CodeIgniter.php(480): CodeIgniter\CodeIgniter->runController(Object(App\Controllers\Agenda))
10 SYSTEMPATH\CodeIgniter.php(349): CodeIgniter\CodeIgniter->handleRequest(null, Object(Config\Cache), false)
11 FCPATH\index.php(67): CodeIgniter\CodeIgniter->run()
CRITICAL - 2023-06-15 10:37:07 --> Invalid file: Agenda/v_laporan_agenda.php
in SYSTEMPATH\Exceptions\FrameworkException.php on line 33.
 1 SYSTEMPATH\View\View.php(201): CodeIgniter\Exceptions\FrameworkException::forInvalidFile('Agenda/v_laporan_agenda.php')
 2 SYSTEMPATH\Common.php(1135): CodeIgniter\View\View->render('Agenda/v_laporan_agenda', [], true)
 3 APPPATH\Views\v_template_admin.php(325): view('Agenda/v_laporan_agenda')
 4 SYSTEMPATH\View\View.php(213): include('APPPATH\\Views\\v_template_admin.php')
 5 SYSTEMPATH\View\View.php(216): CodeIgniter\View\View->CodeIgniter\View\{closure}()
 6 SYSTEMPATH\Common.php(1135): CodeIgniter\View\View->render('v_template_admin', [], true)
 7 APPPATH\Controllers\Agenda.php(71): view('v_template_admin', [...])
 8 SYSTEMPATH\CodeIgniter.php(925): App\Controllers\Agenda->Laporan()
 9 SYSTEMPATH\CodeIgniter.php(480): CodeIgniter\CodeIgniter->runController(Object(App\Controllers\Agenda))
10 SYSTEMPATH\CodeIgniter.php(349): CodeIgniter\CodeIgniter->handleRequest(null, Object(Config\Cache), false)
11 FCPATH\index.php(67): CodeIgniter\CodeIgniter->run()
CRITICAL - 2023-06-15 10:38:34 --> Invalid file: Agenda/v_laporan_agenda.php
in SYSTEMPATH\Exceptions\FrameworkException.php on line 33.
 1 SYSTEMPATH\View\View.php(201): CodeIgniter\Exceptions\FrameworkException::forInvalidFile('Agenda/v_laporan_agenda.php')
 2 SYSTEMPATH\Common.php(1135): CodeIgniter\View\View->render('Agenda/v_laporan_agenda', [], true)
 3 APPPATH\Views\v_template_admin.php(348): view('Agenda/v_laporan_agenda')
 4 SYSTEMPATH\View\View.php(213): include('APPPATH\\Views\\v_template_admin.php')
 5 SYSTEMPATH\View\View.php(216): CodeIgniter\View\View->CodeIgniter\View\{closure}()
 6 SYSTEMPATH\Common.php(1135): CodeIgniter\View\View->render('v_template_admin', [], true)
 7 APPPATH\Controllers\Agenda.php(71): view('v_template_admin', [...])
 8 SYSTEMPATH\CodeIgniter.php(925): App\Controllers\Agenda->Laporan()
 9 SYSTEMPATH\CodeIgniter.php(480): CodeIgniter\CodeIgniter->runController(Object(App\Controllers\Agenda))
10 SYSTEMPATH\CodeIgniter.php(349): CodeIgniter\CodeIgniter->handleRequest(null, Object(Config\Cache), false)
11 FCPATH\index.php(67): CodeIgniter\CodeIgniter->run()
CRITICAL - 2023-06-15 10:40:38 --> Invalid file: Agenda/v_laporan.php
in SYSTEMPATH\Exceptions\FrameworkException.php on line 33.
 1 SYSTEMPATH\View\View.php(201): CodeIgniter\Exceptions\FrameworkException::forInvalidFile('Agenda/v_laporan.php')
 2 SYSTEMPATH\Common.php(1135): CodeIgniter\View\View->render('Agenda/v_laporan', [], true)
 3 APPPATH\Views\v_template_admin.php(325): view('Agenda/v_laporan')
 4 SYSTEMPATH\View\View.php(213): include('APPPATH\\Views\\v_template_admin.php')
 5 SYSTEMPATH\View\View.php(216): CodeIgniter\View\View->CodeIgniter\View\{closure}()
 6 SYSTEMPATH\Common.php(1135): CodeIgniter\View\View->render('v_template_admin', [], true)
 7 APPPATH\Controllers\Agenda.php(71): view('v_template_admin', [...])
 8 SYSTEMPATH\CodeIgniter.php(925): App\Controllers\Agenda->Laporan()
 9 SYSTEMPATH\CodeIgniter.php(480): CodeIgniter\CodeIgniter->runController(Object(App\Controllers\Agenda))
10 SYSTEMPATH\CodeIgniter.php(349): CodeIgniter\CodeIgniter->handleRequest(null, Object(Config\Cache), false)
11 FCPATH\index.php(67): CodeIgniter\CodeIgniter->run()
CRITICAL - 2023-06-15 11:16:55 --> Undefined variable $masjid
in APPPATH\Views\v_laporan_agenda.php on line 59.
 1 APPPATH\Views\v_laporan_agenda.php(59): CodeIgniter\Debug\Exceptions->errorHandler(2, 'Undefined variable $masjid', 'APPPATH\\Views\\v_laporan_agenda.php', 59)
 2 SYSTEMPATH\View\View.php(213): include('APPPATH\\Views\\v_laporan_agenda.php')
 3 SYSTEMPATH\View\View.php(216): CodeIgniter\View\View->CodeIgniter\View\{closure}()
 4 SYSTEMPATH\Common.php(1135): CodeIgniter\View\View->render('v_laporan_agenda', [], true)
 5 APPPATH\Views\v_template_admin.php(348): view('v_laporan_agenda')
 6 SYSTEMPATH\View\View.php(213): include('APPPATH\\Views\\v_template_admin.php')
 7 SYSTEMPATH\View\View.php(216): CodeIgniter\View\View->CodeIgniter\View\{closure}()
 8 SYSTEMPATH\Common.php(1135): CodeIgniter\View\View->render('v_template_admin', [], true)
 9 APPPATH\Controllers\Agenda.php(70): view('v_template_admin', [...])
10 SYSTEMPATH\CodeIgniter.php(925): App\Controllers\Agenda->Laporan()
11 SYSTEMPATH\CodeIgniter.php(480): CodeIgniter\CodeIgniter->runController(Object(App\Controllers\Agenda))
12 SYSTEMPATH\CodeIgniter.php(349): CodeIgniter\CodeIgniter->handleRequest(null, Object(Config\Cache), false)
13 FCPATH\index.php(67): CodeIgniter\CodeIgniter->run()
CRITICAL - 2023-06-15 11:20:31 --> Undefined property: App\Controllers\Agenda::$ModelAdmin
in APPPATH\Controllers\Agenda.php on line 69.
 1 APPPATH\Controllers\Agenda.php(69): CodeIgniter\Debug\Exceptions->errorHandler(2, 'Undefined property: App\\Controllers\\Agenda::$ModelAdmin', 'APPPATH\\Controllers\\Agenda.php', 69)
 2 SYSTEMPATH\CodeIgniter.php(925): App\Controllers\Agenda->Laporan()
 3 SYSTEMPATH\CodeIgniter.php(480): CodeIgniter\CodeIgniter->runController(Object(App\Controllers\Agenda))
 4 SYSTEMPATH\CodeIgniter.php(349): CodeIgniter\CodeIgniter->handleRequest(null, Object(Config\Cache), false)
 5 FCPATH\index.php(67): CodeIgniter\CodeIgniter->run()
CRITICAL - 2023-06-15 11:20:51 --> You must set the database table to be used with your query.
in SYSTEMPATH\Database\BaseConnection.php on line 845.
 1 SYSTEMPATH\Model.php(611): CodeIgniter\Database\BaseConnection->table(null)
 2 SYSTEMPATH\Model.php(797): CodeIgniter\Model->builder()
 3 APPPATH\Controllers\Agenda.php(69): CodeIgniter\Model->__call('ViewSetting', [])
 4 SYSTEMPATH\CodeIgniter.php(925): App\Controllers\Agenda->Laporan()
 5 SYSTEMPATH\CodeIgniter.php(480): CodeIgniter\CodeIgniter->runController(Object(App\Controllers\Agenda))
 6 SYSTEMPATH\CodeIgniter.php(349): CodeIgniter\CodeIgniter->handleRequest(null, Object(Config\Cache), false)
 7 FCPATH\index.php(67): CodeIgniter\CodeIgniter->run()
CRITICAL - 2023-06-15 11:21:33 --> Undefined property: App\Controllers\Agenda::$ModelAdmin
in APPPATH\Controllers\Agenda.php on line 69.
 1 APPPATH\Controllers\Agenda.php(69): CodeIgniter\Debug\Exceptions->errorHandler(2, 'Undefined property: App\\Controllers\\Agenda::$ModelAdmin', 'APPPATH\\Controllers\\Agenda.php', 69)
 2 SYSTEMPATH\CodeIgniter.php(925): App\Controllers\Agenda->Laporan()
 3 SYSTEMPATH\CodeIgniter.php(480): CodeIgniter\CodeIgniter->runController(Object(App\Controllers\Agenda))
 4 SYSTEMPATH\CodeIgniter.php(349): CodeIgniter\CodeIgniter->handleRequest(null, Object(Config\Cache), false)
 5 FCPATH\index.php(67): CodeIgniter\CodeIgniter->run()
CRITICAL - 2023-06-15 14:51:46 --> Undefined property: App\Controllers\Agenda::$ModelAdmin
in APPPATH\Controllers\Agenda.php on line 69.
 1 APPPATH\Controllers\Agenda.php(69): CodeIgniter\Debug\Exceptions->errorHandler(2, 'Undefined property: App\\Controllers\\Agenda::$ModelAdmin', 'APPPATH\\Controllers\\Agenda.php', 69)
 2 SYSTEMPATH\CodeIgniter.php(925): App\Controllers\Agenda->Laporan()
 3 SYSTEMPATH\CodeIgniter.php(480): CodeIgniter\CodeIgniter->runController(Object(App\Controllers\Agenda))
 4 SYSTEMPATH\CodeIgniter.php(349): CodeIgniter\CodeIgniter->handleRequest(null, Object(Config\Cache), false)
 5 FCPATH\index.php(67): CodeIgniter\CodeIgniter->run()
CRITICAL - 2023-06-15 14:56:14 --> Undefined property: App\Controllers\Agenda::$ModelAdmin
in APPPATH\Controllers\Agenda.php on line 69.
 1 APPPATH\Controllers\Agenda.php(69): CodeIgniter\Debug\Exceptions->errorHandler(2, 'Undefined property: App\\Controllers\\Agenda::$ModelAdmin', 'APPPATH\\Controllers\\Agenda.php', 69)
 2 SYSTEMPATH\CodeIgniter.php(925): App\Controllers\Agenda->Laporan()
 3 SYSTEMPATH\CodeIgniter.php(480): CodeIgniter\CodeIgniter->runController(Object(App\Controllers\Agenda))
 4 SYSTEMPATH\CodeIgniter.php(349): CodeIgniter\CodeIgniter->handleRequest(null, Object(Config\Cache), false)
 5 FCPATH\index.php(67): CodeIgniter\CodeIgniter->run()
CRITICAL - 2023-06-15 15:00:28 --> Undefined property: App\Controllers\Agenda::$ModelAdmin
in APPPATH\Controllers\Agenda.php on line 69.
 1 APPPATH\Controllers\Agenda.php(69): CodeIgniter\Debug\Exceptions->errorHandler(2, 'Undefined property: App\\Controllers\\Agenda::$ModelAdmin', 'APPPATH\\Controllers\\Agenda.php', 69)
 2 SYSTEMPATH\CodeIgniter.php(925): App\Controllers\Agenda->Laporan()
 3 SYSTEMPATH\CodeIgniter.php(480): CodeIgniter\CodeIgniter->runController(Object(App\Controllers\Agenda))
 4 SYSTEMPATH\CodeIgniter.php(349): CodeIgniter\CodeIgniter->handleRequest(null, Object(Config\Cache), false)
 5 FCPATH\index.php(67): CodeIgniter\CodeIgniter->run()
CRITICAL - 2023-06-15 15:00:43 --> Undefined property: App\Controllers\Agenda::$ModelAdmin
in APPPATH\Controllers\Agenda.php on line 69.
 1 APPPATH\Controllers\Agenda.php(69): CodeIgniter\Debug\Exceptions->errorHandler(2, 'Undefined property: App\\Controllers\\Agenda::$ModelAdmin', 'APPPATH\\Controllers\\Agenda.php', 69)
 2 SYSTEMPATH\CodeIgniter.php(925): App\Controllers\Agenda->Laporan()
 3 SYSTEMPATH\CodeIgniter.php(480): CodeIgniter\CodeIgniter->runController(Object(App\Controllers\Agenda))
 4 SYSTEMPATH\CodeIgniter.php(349): CodeIgniter\CodeIgniter->handleRequest(null, Object(Config\Cache), false)
 5 FCPATH\index.php(67): CodeIgniter\CodeIgniter->run()
CRITICAL - 2023-06-15 15:01:32 --> Undefined property: App\Controllers\Agenda::$ModelAdmin
in APPPATH\Controllers\Agenda.php on line 69.
 1 APPPATH\Controllers\Agenda.php(69): CodeIgniter\Debug\Exceptions->errorHandler(2, 'Undefined property: App\\Controllers\\Agenda::$ModelAdmin', 'APPPATH\\Controllers\\Agenda.php', 69)
 2 SYSTEMPATH\CodeIgniter.php(925): App\Controllers\Agenda->Laporan()
 3 SYSTEMPATH\CodeIgniter.php(480): CodeIgniter\CodeIgniter->runController(Object(App\Controllers\Agenda))
 4 SYSTEMPATH\CodeIgniter.php(349): CodeIgniter\CodeIgniter->handleRequest(null, Object(Config\Cache), false)
 5 FCPATH\index.php(67): CodeIgniter\CodeIgniter->run()
CRITICAL - 2023-06-15 15:01:38 --> Undefined property: App\Controllers\Agenda::$ModelAdmin
in APPPATH\Controllers\Agenda.php on line 69.
 1 APPPATH\Controllers\Agenda.php(69): CodeIgniter\Debug\Exceptions->errorHandler(2, 'Undefined property: App\\Controllers\\Agenda::$ModelAdmin', 'APPPATH\\Controllers\\Agenda.php', 69)
 2 SYSTEMPATH\CodeIgniter.php(925): App\Controllers\Agenda->Laporan()
 3 SYSTEMPATH\CodeIgniter.php(480): CodeIgniter\CodeIgniter->runController(Object(App\Controllers\Agenda))
 4 SYSTEMPATH\CodeIgniter.php(349): CodeIgniter\CodeIgniter->handleRequest(null, Object(Config\Cache), false)
 5 FCPATH\index.php(67): CodeIgniter\CodeIgniter->run()
CRITICAL - 2023-06-15 15:01:51 --> You must set the database table to be used with your query.
in SYSTEMPATH\Database\BaseConnection.php on line 845.
 1 SYSTEMPATH\Model.php(611): CodeIgniter\Database\BaseConnection->table(null)
 2 SYSTEMPATH\Model.php(797): CodeIgniter\Model->builder()
 3 APPPATH\Controllers\Agenda.php(69): CodeIgniter\Model->__call('ViewSetting', [])
 4 SYSTEMPATH\CodeIgniter.php(925): App\Controllers\Agenda->Laporan()
 5 SYSTEMPATH\CodeIgniter.php(480): CodeIgniter\CodeIgniter->runController(Object(App\Controllers\Agenda))
 6 SYSTEMPATH\CodeIgniter.php(349): CodeIgniter\CodeIgniter->handleRequest(null, Object(Config\Cache), false)
 7 FCPATH\index.php(67): CodeIgniter\CodeIgniter->run()
CRITICAL - 2023-06-15 15:02:05 --> Undefined property: App\Controllers\Agenda::$ModelAdmin
in APPPATH\Controllers\Agenda.php on line 69.
 1 APPPATH\Controllers\Agenda.php(69): CodeIgniter\Debug\Exceptions->errorHandler(2, 'Undefined property: App\\Controllers\\Agenda::$ModelAdmin', 'APPPATH\\Controllers\\Agenda.php', 69)
 2 SYSTEMPATH\CodeIgniter.php(925): App\Controllers\Agenda->Laporan()
 3 SYSTEMPATH\CodeIgniter.php(480): CodeIgniter\CodeIgniter->runController(Object(App\Controllers\Agenda))
 4 SYSTEMPATH\CodeIgniter.php(349): CodeIgniter\CodeIgniter->handleRequest(null, Object(Config\Cache), false)
 5 FCPATH\index.php(67): CodeIgniter\CodeIgniter->run()
CRITICAL - 2023-06-15 15:02:22 --> You must set the database table to be used with your query.
in SYSTEMPATH\Database\BaseConnection.php on line 845.
 1 SYSTEMPATH\Model.php(611): CodeIgniter\Database\BaseConnection->table(null)
 2 SYSTEMPATH\Model.php(797): CodeIgniter\Model->builder()
 3 APPPATH\Controllers\Agenda.php(79): CodeIgniter\Model->__call('AllDataBulanan', [...])
 4 SYSTEMPATH\CodeIgniter.php(925): App\Controllers\Agenda->ViewLaporan()
 5 SYSTEMPATH\CodeIgniter.php(480): CodeIgniter\CodeIgniter->runController(Object(App\Controllers\Agenda))
 6 SYSTEMPATH\CodeIgniter.php(349): CodeIgniter\CodeIgniter->handleRequest(null, Object(Config\Cache), false)
 7 FCPATH\index.php(67): CodeIgniter\CodeIgniter->run()
CRITICAL - 2023-06-15 15:02:23 --> You must set the database table to be used with your query.
in SYSTEMPATH\Database\BaseConnection.php on line 845.
 1 SYSTEMPATH\Model.php(611): CodeIgniter\Database\BaseConnection->table(null)
 2 SYSTEMPATH\Model.php(797): CodeIgniter\Model->builder()
 3 APPPATH\Controllers\Agenda.php(79): CodeIgniter\Model->__call('AllDataBulanan', [...])
 4 SYSTEMPATH\CodeIgniter.php(925): App\Controllers\Agenda->ViewLaporan()
 5 SYSTEMPATH\CodeIgniter.php(480): CodeIgniter\CodeIgniter->runController(Object(App\Controllers\Agenda))
 6 SYSTEMPATH\CodeIgniter.php(349): CodeIgniter\CodeIgniter->handleRequest(null, Object(Config\Cache), false)
 7 FCPATH\index.php(67): CodeIgniter\CodeIgniter->run()
CRITICAL - 2023-06-15 15:05:12 --> You must set the database table to be used with your query.
in SYSTEMPATH\Database\BaseConnection.php on line 845.
 1 SYSTEMPATH\Model.php(611): CodeIgniter\Database\BaseConnection->table(null)
 2 SYSTEMPATH\Model.php(797): CodeIgniter\Model->builder()
 3 APPPATH\Controllers\Agenda.php(79): CodeIgniter\Model->__call('AllDataBulanan', [...])
 4 SYSTEMPATH\CodeIgniter.php(925): App\Controllers\Agenda->ViewLaporan()
 5 SYSTEMPATH\CodeIgniter.php(480): CodeIgniter\CodeIgniter->runController(Object(App\Controllers\Agenda))
 6 SYSTEMPATH\CodeIgniter.php(349): CodeIgniter\CodeIgniter->handleRequest(null, Object(Config\Cache), false)
 7 FCPATH\index.php(67): CodeIgniter\CodeIgniter->run()
CRITICAL - 2023-06-15 15:05:13 --> You must set the database table to be used with your query.
in SYSTEMPATH\Database\BaseConnection.php on line 845.
 1 SYSTEMPATH\Model.php(611): CodeIgniter\Database\BaseConnection->table(null)
 2 SYSTEMPATH\Model.php(797): CodeIgniter\Model->builder()
 3 APPPATH\Controllers\Agenda.php(79): CodeIgniter\Model->__call('AllDataBulanan', [...])
 4 SYSTEMPATH\CodeIgniter.php(925): App\Controllers\Agenda->ViewLaporan()
 5 SYSTEMPATH\CodeIgniter.php(480): CodeIgniter\CodeIgniter->runController(Object(App\Controllers\Agenda))
 6 SYSTEMPATH\CodeIgniter.php(349): CodeIgniter\CodeIgniter->handleRequest(null, Object(Config\Cache), false)
 7 FCPATH\index.php(67): CodeIgniter\CodeIgniter->run()
CRITICAL - 2023-06-15 15:05:13 --> You must set the database table to be used with your query.
in SYSTEMPATH\Database\BaseConnection.php on line 845.
 1 SYSTEMPATH\Model.php(611): CodeIgniter\Database\BaseConnection->table(null)
 2 SYSTEMPATH\Model.php(797): CodeIgniter\Model->builder()
 3 APPPATH\Controllers\Agenda.php(79): CodeIgniter\Model->__call('AllDataBulanan', [...])
 4 SYSTEMPATH\CodeIgniter.php(925): App\Controllers\Agenda->ViewLaporan()
 5 SYSTEMPATH\CodeIgniter.php(480): CodeIgniter\CodeIgniter->runController(Object(App\Controllers\Agenda))
 6 SYSTEMPATH\CodeIgniter.php(349): CodeIgniter\CodeIgniter->handleRequest(null, Object(Config\Cache), false)
 7 FCPATH\index.php(67): CodeIgniter\CodeIgniter->run()
CRITICAL - 2023-06-15 15:05:20 --> You must set the database table to be used with your query.
in SYSTEMPATH\Database\BaseConnection.php on line 845.
 1 SYSTEMPATH\Model.php(611): CodeIgniter\Database\BaseConnection->table(null)
 2 SYSTEMPATH\Model.php(797): CodeIgniter\Model->builder()
 3 APPPATH\Controllers\Agenda.php(79): CodeIgniter\Model->__call('AllDataBulanan', [...])
 4 SYSTEMPATH\CodeIgniter.php(925): App\Controllers\Agenda->ViewLaporan()
 5 SYSTEMPATH\CodeIgniter.php(480): CodeIgniter\CodeIgniter->runController(Object(App\Controllers\Agenda))
 6 SYSTEMPATH\CodeIgniter.php(349): CodeIgniter\CodeIgniter->handleRequest(null, Object(Config\Cache), false)
 7 FCPATH\index.php(67): CodeIgniter\CodeIgniter->run()
CRITICAL - 2023-06-15 15:05:20 --> You must set the database table to be used with your query.
in SYSTEMPATH\Database\BaseConnection.php on line 845.
 1 SYSTEMPATH\Model.php(611): CodeIgniter\Database\BaseConnection->table(null)
 2 SYSTEMPATH\Model.php(797): CodeIgniter\Model->builder()
 3 APPPATH\Controllers\Agenda.php(79): CodeIgniter\Model->__call('AllDataBulanan', [...])
 4 SYSTEMPATH\CodeIgniter.php(925): App\Controllers\Agenda->ViewLaporan()
 5 SYSTEMPATH\CodeIgniter.php(480): CodeIgniter\CodeIgniter->runController(Object(App\Controllers\Agenda))
 6 SYSTEMPATH\CodeIgniter.php(349): CodeIgniter\CodeIgniter->handleRequest(null, Object(Config\Cache), false)
 7 FCPATH\index.php(67): CodeIgniter\CodeIgniter->run()
CRITICAL - 2023-06-15 15:13:49 --> Undefined property: App\Controllers\Agenda::$ModelAdmin
in APPPATH\Controllers\Agenda.php on line 69.
 1 APPPATH\Controllers\Agenda.php(69): CodeIgniter\Debug\Exceptions->errorHandler(2, 'Undefined property: App\\Controllers\\Agenda::$ModelAdmin', 'APPPATH\\Controllers\\Agenda.php', 69)
 2 SYSTEMPATH\CodeIgniter.php(925): App\Controllers\Agenda->Laporan()
 3 SYSTEMPATH\CodeIgniter.php(480): CodeIgniter\CodeIgniter->runController(Object(App\Controllers\Agenda))
 4 SYSTEMPATH\CodeIgniter.php(349): CodeIgniter\CodeIgniter->handleRequest(null, Object(Config\Cache), false)
 5 FCPATH\index.php(67): CodeIgniter\CodeIgniter->run()
CRITICAL - 2023-06-15 15:16:55 --> Undefined property: App\Controllers\Agenda::$ModelAdmin
in APPPATH\Controllers\Agenda.php on line 70.
 1 APPPATH\Controllers\Agenda.php(70): CodeIgniter\Debug\Exceptions->errorHandler(2, 'Undefined property: App\\Controllers\\Agenda::$ModelAdmin', 'APPPATH\\Controllers\\Agenda.php', 70)
 2 SYSTEMPATH\CodeIgniter.php(925): App\Controllers\Agenda->Laporan()
 3 SYSTEMPATH\CodeIgniter.php(480): CodeIgniter\CodeIgniter->runController(Object(App\Controllers\Agenda))
 4 SYSTEMPATH\CodeIgniter.php(349): CodeIgniter\CodeIgniter->handleRequest(null, Object(Config\Cache), false)
 5 FCPATH\index.php(67): CodeIgniter\CodeIgniter->run()
CRITICAL - 2023-06-15 15:16:57 --> Undefined property: App\Controllers\Agenda::$ModelAdmin
in APPPATH\Controllers\Agenda.php on line 70.
 1 APPPATH\Controllers\Agenda.php(70): CodeIgniter\Debug\Exceptions->errorHandler(2, 'Undefined property: App\\Controllers\\Agenda::$ModelAdmin', 'APPPATH\\Controllers\\Agenda.php', 70)
 2 SYSTEMPATH\CodeIgniter.php(925): App\Controllers\Agenda->Laporan()
 3 SYSTEMPATH\CodeIgniter.php(480): CodeIgniter\CodeIgniter->runController(Object(App\Controllers\Agenda))
 4 SYSTEMPATH\CodeIgniter.php(349): CodeIgniter\CodeIgniter->handleRequest(null, Object(Config\Cache), false)
 5 FCPATH\index.php(67): CodeIgniter\CodeIgniter->run()
CRITICAL - 2023-06-15 15:18:05 --> You must set the database table to be used with your query.
in SYSTEMPATH\Database\BaseConnection.php on line 845.
 1 SYSTEMPATH\Model.php(611): CodeIgniter\Database\BaseConnection->table(null)
 2 SYSTEMPATH\Model.php(797): CodeIgniter\Model->builder()
 3 APPPATH\Controllers\Agenda.php(81): CodeIgniter\Model->__call('AllDataBulanan', [...])
 4 SYSTEMPATH\CodeIgniter.php(925): App\Controllers\Agenda->ViewLaporan()
 5 SYSTEMPATH\CodeIgniter.php(480): CodeIgniter\CodeIgniter->runController(Object(App\Controllers\Agenda))
 6 SYSTEMPATH\CodeIgniter.php(349): CodeIgniter\CodeIgniter->handleRequest(null, Object(Config\Cache), false)
 7 FCPATH\index.php(67): CodeIgniter\CodeIgniter->run()
CRITICAL - 2023-06-15 15:18:06 --> You must set the database table to be used with your query.
in SYSTEMPATH\Database\BaseConnection.php on line 845.
 1 SYSTEMPATH\Model.php(611): CodeIgniter\Database\BaseConnection->table(null)
 2 SYSTEMPATH\Model.php(797): CodeIgniter\Model->builder()
 3 APPPATH\Controllers\Agenda.php(81): CodeIgniter\Model->__call('AllDataBulanan', [...])
 4 SYSTEMPATH\CodeIgniter.php(925): App\Controllers\Agenda->ViewLaporan()
 5 SYSTEMPATH\CodeIgniter.php(480): CodeIgniter\CodeIgniter->runController(Object(App\Controllers\Agenda))
 6 SYSTEMPATH\CodeIgniter.php(349): CodeIgniter\CodeIgniter->handleRequest(null, Object(Config\Cache), false)
 7 FCPATH\index.php(67): CodeIgniter\CodeIgniter->run()
CRITICAL - 2023-06-15 15:28:36 --> You must set the database table to be used with your query.
in SYSTEMPATH\Database\BaseConnection.php on line 845.
 1 SYSTEMPATH\Model.php(611): CodeIgniter\Database\BaseConnection->table(null)
 2 SYSTEMPATH\Model.php(797): CodeIgniter\Model->builder()
 3 APPPATH\Controllers\Agenda.php(81): CodeIgniter\Model->__call('AllDataBulanan', [...])
 4 SYSTEMPATH\CodeIgniter.php(925): App\Controllers\Agenda->ViewLaporan()
 5 SYSTEMPATH\CodeIgniter.php(480): CodeIgniter\CodeIgniter->runController(Object(App\Controllers\Agenda))
 6 SYSTEMPATH\CodeIgniter.php(349): CodeIgniter\CodeIgniter->handleRequest(null, Object(Config\Cache), false)
 7 FCPATH\index.php(67): CodeIgniter\CodeIgniter->run()
CRITICAL - 2023-06-15 15:28:37 --> You must set the database table to be used with your query.
in SYSTEMPATH\Database\BaseConnection.php on line 845.
 1 SYSTEMPATH\Model.php(611): CodeIgniter\Database\BaseConnection->table(null)
 2 SYSTEMPATH\Model.php(797): CodeIgniter\Model->builder()
 3 APPPATH\Controllers\Agenda.php(81): CodeIgniter\Model->__call('AllDataBulanan', [...])
 4 SYSTEMPATH\CodeIgniter.php(925): App\Controllers\Agenda->ViewLaporan()
 5 SYSTEMPATH\CodeIgniter.php(480): CodeIgniter\CodeIgniter->runController(Object(App\Controllers\Agenda))
 6 SYSTEMPATH\CodeIgniter.php(349): CodeIgniter\CodeIgniter->handleRequest(null, Object(Config\Cache), false)
 7 FCPATH\index.php(67): CodeIgniter\CodeIgniter->run()
CRITICAL - 2023-06-15 15:32:06 --> You must set the database table to be used with your query.
in SYSTEMPATH\Database\BaseConnection.php on line 845.
 1 SYSTEMPATH\Model.php(611): CodeIgniter\Database\BaseConnection->table(null)
 2 SYSTEMPATH\Model.php(797): CodeIgniter\Model->builder()
 3 APPPATH\Controllers\Agenda.php(81): CodeIgniter\Model->__call('AllDataBulanan', [...])
 4 SYSTEMPATH\CodeIgniter.php(925): App\Controllers\Agenda->ViewLaporan()
 5 SYSTEMPATH\CodeIgniter.php(480): CodeIgniter\CodeIgniter->runController(Object(App\Controllers\Agenda))
 6 SYSTEMPATH\CodeIgniter.php(349): CodeIgniter\CodeIgniter->handleRequest(null, Object(Config\Cache), false)
 7 FCPATH\index.php(67): CodeIgniter\CodeIgniter->run()
CRITICAL - 2023-06-15 15:32:07 --> You must set the database table to be used with your query.
in SYSTEMPATH\Database\BaseConnection.php on line 845.
 1 SYSTEMPATH\Model.php(611): CodeIgniter\Database\BaseConnection->table(null)
 2 SYSTEMPATH\Model.php(797): CodeIgniter\Model->builder()
 3 APPPATH\Controllers\Agenda.php(81): CodeIgniter\Model->__call('AllDataBulanan', [...])
 4 SYSTEMPATH\CodeIgniter.php(925): App\Controllers\Agenda->ViewLaporan()
 5 SYSTEMPATH\CodeIgniter.php(480): CodeIgniter\CodeIgniter->runController(Object(App\Controllers\Agenda))
 6 SYSTEMPATH\CodeIgniter.php(349): CodeIgniter\CodeIgniter->handleRequest(null, Object(Config\Cache), false)
 7 FCPATH\index.php(67): CodeIgniter\CodeIgniter->run()
CRITICAL - 2023-06-15 15:32:07 --> You must set the database table to be used with your query.
in SYSTEMPATH\Database\BaseConnection.php on line 845.
 1 SYSTEMPATH\Model.php(611): CodeIgniter\Database\BaseConnection->table(null)
 2 SYSTEMPATH\Model.php(797): CodeIgniter\Model->builder()
 3 APPPATH\Controllers\Agenda.php(81): CodeIgniter\Model->__call('AllDataBulanan', [...])
 4 SYSTEMPATH\CodeIgniter.php(925): App\Controllers\Agenda->ViewLaporan()
 5 SYSTEMPATH\CodeIgniter.php(480): CodeIgniter\CodeIgniter->runController(Object(App\Controllers\Agenda))
 6 SYSTEMPATH\CodeIgniter.php(349): CodeIgniter\CodeIgniter->handleRequest(null, Object(Config\Cache), false)
 7 FCPATH\index.php(67): CodeIgniter\CodeIgniter->run()
CRITICAL - 2023-06-15 15:43:24 --> Undefined variable $pemasukan
in APPPATH\Views\v_data_laporan_agenda.php on line 20.
 1 APPPATH\Views\v_data_laporan_agenda.php(20): CodeIgniter\Debug\Exceptions->errorHandler(2, 'Undefined variable $pemasukan', 'APPPATH\\Views\\v_data_laporan_agenda.php', 20)
 2 SYSTEMPATH\View\View.php(213): include('APPPATH\\Views\\v_data_laporan_agenda.php')
 3 SYSTEMPATH\View\View.php(216): CodeIgniter\View\View->CodeIgniter\View\{closure}()
 4 SYSTEMPATH\Common.php(1135): CodeIgniter\View\View->render('v_data_laporan_agenda', [], true)
 5 APPPATH\Controllers\Agenda.php(87): view('v_data_laporan_agenda', [...])
 6 SYSTEMPATH\CodeIgniter.php(925): App\Controllers\Agenda->ViewLaporan()
 7 SYSTEMPATH\CodeIgniter.php(480): CodeIgniter\CodeIgniter->runController(Object(App\Controllers\Agenda))
 8 SYSTEMPATH\CodeIgniter.php(349): CodeIgniter\CodeIgniter->handleRequest(null, Object(Config\Cache), false)
 9 FCPATH\index.php(67): CodeIgniter\CodeIgniter->run()
CRITICAL - 2023-06-15 15:43:25 --> Undefined variable $pemasukan
in APPPATH\Views\v_data_laporan_agenda.php on line 20.
 1 APPPATH\Views\v_data_laporan_agenda.php(20): CodeIgniter\Debug\Exceptions->errorHandler(2, 'Undefined variable $pemasukan', 'APPPATH\\Views\\v_data_laporan_agenda.php', 20)
 2 SYSTEMPATH\View\View.php(213): include('APPPATH\\Views\\v_data_laporan_agenda.php')
 3 SYSTEMPATH\View\View.php(216): CodeIgniter\View\View->CodeIgniter\View\{closure}()
 4 SYSTEMPATH\Common.php(1135): CodeIgniter\View\View->render('v_data_laporan_agenda', [], true)
 5 APPPATH\Controllers\Agenda.php(87): view('v_data_laporan_agenda', [...])
 6 SYSTEMPATH\CodeIgniter.php(925): App\Controllers\Agenda->ViewLaporan()
 7 SYSTEMPATH\CodeIgniter.php(480): CodeIgniter\CodeIgniter->runController(Object(App\Controllers\Agenda))
 8 SYSTEMPATH\CodeIgniter.php(349): CodeIgniter\CodeIgniter->handleRequest(null, Object(Config\Cache), false)
 9 FCPATH\index.php(67): CodeIgniter\CodeIgniter->run()
CRITICAL - 2023-06-15 15:43:25 --> Undefined variable $pemasukan
in APPPATH\Views\v_data_laporan_agenda.php on line 20.
 1 APPPATH\Views\v_data_laporan_agenda.php(20): CodeIgniter\Debug\Exceptions->errorHandler(2, 'Undefined variable $pemasukan', 'APPPATH\\Views\\v_data_laporan_agenda.php', 20)
 2 SYSTEMPATH\View\View.php(213): include('APPPATH\\Views\\v_data_laporan_agenda.php')
 3 SYSTEMPATH\View\View.php(216): CodeIgniter\View\View->CodeIgniter\View\{closure}()
 4 SYSTEMPATH\Common.php(1135): CodeIgniter\View\View->render('v_data_laporan_agenda', [], true)
 5 APPPATH\Controllers\Agenda.php(87): view('v_data_laporan_agenda', [...])
 6 SYSTEMPATH\CodeIgniter.php(925): App\Controllers\Agenda->ViewLaporan()
 7 SYSTEMPATH\CodeIgniter.php(480): CodeIgniter\CodeIgniter->runController(Object(App\Controllers\Agenda))
 8 SYSTEMPATH\CodeIgniter.php(349): CodeIgniter\CodeIgniter->handleRequest(null, Object(Config\Cache), false)
 9 FCPATH\index.php(67): CodeIgniter\CodeIgniter->run()
CRITICAL - 2023-06-15 15:43:27 --> Undefined variable $pemasukan
in APPPATH\Views\v_data_laporan_agenda.php on line 20.
 1 APPPATH\Views\v_data_laporan_agenda.php(20): CodeIgniter\Debug\Exceptions->errorHandler(2, 'Undefined variable $pemasukan', 'APPPATH\\Views\\v_data_laporan_agenda.php', 20)
 2 SYSTEMPATH\View\View.php(213): include('APPPATH\\Views\\v_data_laporan_agenda.php')
 3 SYSTEMPATH\View\View.php(216): CodeIgniter\View\View->CodeIgniter\View\{closure}()
 4 SYSTEMPATH\Common.php(1135): CodeIgniter\View\View->render('v_data_laporan_agenda', [], true)
 5 APPPATH\Controllers\Agenda.php(87): view('v_data_laporan_agenda', [...])
 6 SYSTEMPATH\CodeIgniter.php(925): App\Controllers\Agenda->ViewLaporan()
 7 SYSTEMPATH\CodeIgniter.php(480): CodeIgniter\CodeIgniter->runController(Object(App\Controllers\Agenda))
 8 SYSTEMPATH\CodeIgniter.php(349): CodeIgniter\CodeIgniter->handleRequest(null, Object(Config\Cache), false)
 9 FCPATH\index.php(67): CodeIgniter\CodeIgniter->run()
CRITICAL - 2023-06-15 15:43:27 --> Undefined variable $pemasukan
in APPPATH\Views\v_data_laporan_agenda.php on line 20.
 1 APPPATH\Views\v_data_laporan_agenda.php(20): CodeIgniter\Debug\Exceptions->errorHandler(2, 'Undefined variable $pemasukan', 'APPPATH\\Views\\v_data_laporan_agenda.php', 20)
 2 SYSTEMPATH\View\View.php(213): include('APPPATH\\Views\\v_data_laporan_agenda.php')
 3 SYSTEMPATH\View\View.php(216): CodeIgniter\View\View->CodeIgniter\View\{closure}()
 4 SYSTEMPATH\Common.php(1135): CodeIgniter\View\View->render('v_data_laporan_agenda', [], true)
 5 APPPATH\Controllers\Agenda.php(87): view('v_data_laporan_agenda', [...])
 6 SYSTEMPATH\CodeIgniter.php(925): App\Controllers\Agenda->ViewLaporan()
 7 SYSTEMPATH\CodeIgniter.php(480): CodeIgniter\CodeIgniter->runController(Object(App\Controllers\Agenda))
 8 SYSTEMPATH\CodeIgniter.php(349): CodeIgniter\CodeIgniter->handleRequest(null, Object(Config\Cache), false)
 9 FCPATH\index.php(67): CodeIgniter\CodeIgniter->run()
CRITICAL - 2023-06-15 15:46:30 --> Undefined variable $masjid
in APPPATH\Views\v_laporan_agenda.php on line 58.
 1 APPPATH\Views\v_laporan_agenda.php(58): CodeIgniter\Debug\Exceptions->errorHandler(2, 'Undefined variable $masjid', 'APPPATH\\Views\\v_laporan_agenda.php', 58)
 2 SYSTEMPATH\View\View.php(213): include('APPPATH\\Views\\v_laporan_agenda.php')
 3 SYSTEMPATH\View\View.php(216): CodeIgniter\View\View->CodeIgniter\View\{closure}()
 4 SYSTEMPATH\Common.php(1135): CodeIgniter\View\View->render('v_laporan_agenda', [], true)
 5 APPPATH\Views\v_template_admin.php(348): view('v_laporan_agenda')
 6 SYSTEMPATH\View\View.php(213): include('APPPATH\\Views\\v_template_admin.php')
 7 SYSTEMPATH\View\View.php(216): CodeIgniter\View\View->CodeIgniter\View\{closure}()
 8 SYSTEMPATH\Common.php(1135): CodeIgniter\View\View->render('v_template_admin', [], true)
 9 APPPATH\Controllers\Agenda.php(73): view('v_template_admin', [...])
10 SYSTEMPATH\CodeIgniter.php(925): App\Controllers\Agenda->Laporan()
11 SYSTEMPATH\CodeIgniter.php(480): CodeIgniter\CodeIgniter->runController(Object(App\Controllers\Agenda))
12 SYSTEMPATH\CodeIgniter.php(349): CodeIgniter\CodeIgniter->handleRequest(null, Object(Config\Cache), false)
13 FCPATH\index.php(67): CodeIgniter\CodeIgniter->run()
CRITICAL - 2023-06-15 15:48:03 --> Undefined variable $pemasukan
in APPPATH\Views\v_data_laporan_agenda.php on line 20.
 1 APPPATH\Views\v_data_laporan_agenda.php(20): CodeIgniter\Debug\Exceptions->errorHandler(2, 'Undefined variable $pemasukan', 'APPPATH\\Views\\v_data_laporan_agenda.php', 20)
 2 SYSTEMPATH\View\View.php(213): include('APPPATH\\Views\\v_data_laporan_agenda.php')
 3 SYSTEMPATH\View\View.php(216): CodeIgniter\View\View->CodeIgniter\View\{closure}()
 4 SYSTEMPATH\Common.php(1135): CodeIgniter\View\View->render('v_data_laporan_agenda', [], true)
 5 APPPATH\Controllers\Agenda.php(87): view('v_data_laporan_agenda', [...])
 6 SYSTEMPATH\CodeIgniter.php(925): App\Controllers\Agenda->ViewLaporan()
 7 SYSTEMPATH\CodeIgniter.php(480): CodeIgniter\CodeIgniter->runController(Object(App\Controllers\Agenda))
 8 SYSTEMPATH\CodeIgniter.php(349): CodeIgniter\CodeIgniter->handleRequest(null, Object(Config\Cache), false)
 9 FCPATH\index.php(67): CodeIgniter\CodeIgniter->run()
CRITICAL - 2023-06-15 15:48:03 --> Undefined variable $pemasukan
in APPPATH\Views\v_data_laporan_agenda.php on line 20.
 1 APPPATH\Views\v_data_laporan_agenda.php(20): CodeIgniter\Debug\Exceptions->errorHandler(2, 'Undefined variable $pemasukan', 'APPPATH\\Views\\v_data_laporan_agenda.php', 20)
 2 SYSTEMPATH\View\View.php(213): include('APPPATH\\Views\\v_data_laporan_agenda.php')
 3 SYSTEMPATH\View\View.php(216): CodeIgniter\View\View->CodeIgniter\View\{closure}()
 4 SYSTEMPATH\Common.php(1135): CodeIgniter\View\View->render('v_data_laporan_agenda', [], true)
 5 APPPATH\Controllers\Agenda.php(87): view('v_data_laporan_agenda', [...])
 6 SYSTEMPATH\CodeIgniter.php(925): App\Controllers\Agenda->ViewLaporan()
 7 SYSTEMPATH\CodeIgniter.php(480): CodeIgniter\CodeIgniter->runController(Object(App\Controllers\Agenda))
 8 SYSTEMPATH\CodeIgniter.php(349): CodeIgniter\CodeIgniter->handleRequest(null, Object(Config\Cache), false)
 9 FCPATH\index.php(67): CodeIgniter\CodeIgniter->run()
CRITICAL - 2023-06-15 15:48:04 --> Undefined variable $pemasukan
in APPPATH\Views\v_data_laporan_agenda.php on line 20.
 1 APPPATH\Views\v_data_laporan_agenda.php(20): CodeIgniter\Debug\Exceptions->errorHandler(2, 'Undefined variable $pemasukan', 'APPPATH\\Views\\v_data_laporan_agenda.php', 20)
 2 SYSTEMPATH\View\View.php(213): include('APPPATH\\Views\\v_data_laporan_agenda.php')
 3 SYSTEMPATH\View\View.php(216): CodeIgniter\View\View->CodeIgniter\View\{closure}()
 4 SYSTEMPATH\Common.php(1135): CodeIgniter\View\View->render('v_data_laporan_agenda', [], true)
 5 APPPATH\Controllers\Agenda.php(87): view('v_data_laporan_agenda', [...])
 6 SYSTEMPATH\CodeIgniter.php(925): App\Controllers\Agenda->ViewLaporan()
 7 SYSTEMPATH\CodeIgniter.php(480): CodeIgniter\CodeIgniter->runController(Object(App\Controllers\Agenda))
 8 SYSTEMPATH\CodeIgniter.php(349): CodeIgniter\CodeIgniter->handleRequest(null, Object(Config\Cache), false)
 9 FCPATH\index.php(67): CodeIgniter\CodeIgniter->run()
CRITICAL - 2023-06-15 15:49:10 --> Invalid file: agenda/v_data_laporan_agenda.php
in SYSTEMPATH\Exceptions\FrameworkException.php on line 33.
 1 SYSTEMPATH\View\View.php(201): CodeIgniter\Exceptions\FrameworkException::forInvalidFile('agenda/v_data_laporan_agenda.php')
 2 SYSTEMPATH\Common.php(1135): CodeIgniter\View\View->render('agenda/v_data_laporan_agenda', [], true)
 3 APPPATH\Controllers\Agenda.php(87): view('agenda/v_data_laporan_agenda', [...])
 4 SYSTEMPATH\CodeIgniter.php(925): App\Controllers\Agenda->ViewLaporan()
 5 SYSTEMPATH\CodeIgniter.php(480): CodeIgniter\CodeIgniter->runController(Object(App\Controllers\Agenda))
 6 SYSTEMPATH\CodeIgniter.php(349): CodeIgniter\CodeIgniter->handleRequest(null, Object(Config\Cache), false)
 7 FCPATH\index.php(67): CodeIgniter\CodeIgniter->run()
CRITICAL - 2023-06-15 15:49:11 --> Invalid file: agenda/v_data_laporan_agenda.php
in SYSTEMPATH\Exceptions\FrameworkException.php on line 33.
 1 SYSTEMPATH\View\View.php(201): CodeIgniter\Exceptions\FrameworkException::forInvalidFile('agenda/v_data_laporan_agenda.php')
 2 SYSTEMPATH\Common.php(1135): CodeIgniter\View\View->render('agenda/v_data_laporan_agenda', [], true)
 3 APPPATH\Controllers\Agenda.php(87): view('agenda/v_data_laporan_agenda', [...])
 4 SYSTEMPATH\CodeIgniter.php(925): App\Controllers\Agenda->ViewLaporan()
 5 SYSTEMPATH\CodeIgniter.php(480): CodeIgniter\CodeIgniter->runController(Object(App\Controllers\Agenda))
 6 SYSTEMPATH\CodeIgniter.php(349): CodeIgniter\CodeIgniter->handleRequest(null, Object(Config\Cache), false)
 7 FCPATH\index.php(67): CodeIgniter\CodeIgniter->run()
CRITICAL - 2023-06-15 15:54:42 --> Invalid file: agenda/v_data_laporan_agenda.php
in SYSTEMPATH\Exceptions\FrameworkException.php on line 33.
 1 SYSTEMPATH\View\View.php(201): CodeIgniter\Exceptions\FrameworkException::forInvalidFile('agenda/v_data_laporan_agenda.php')
 2 SYSTEMPATH\Common.php(1135): CodeIgniter\View\View->render('agenda/v_data_laporan_agenda', [], true)
 3 APPPATH\Controllers\Agenda.php(87): view('agenda/v_data_laporan_agenda', [...])
 4 SYSTEMPATH\CodeIgniter.php(925): App\Controllers\Agenda->ViewLaporan()
 5 SYSTEMPATH\CodeIgniter.php(480): CodeIgniter\CodeIgniter->runController(Object(App\Controllers\Agenda))
 6 SYSTEMPATH\CodeIgniter.php(349): CodeIgniter\CodeIgniter->handleRequest(null, Object(Config\Cache), false)
 7 FCPATH\index.php(67): CodeIgniter\CodeIgniter->run()
CRITICAL - 2023-06-15 15:54:42 --> Invalid file: agenda/v_data_laporan_agenda.php
in SYSTEMPATH\Exceptions\FrameworkException.php on line 33.
 1 SYSTEMPATH\View\View.php(201): CodeIgniter\Exceptions\FrameworkException::forInvalidFile('agenda/v_data_laporan_agenda.php')
 2 SYSTEMPATH\Common.php(1135): CodeIgniter\View\View->render('agenda/v_data_laporan_agenda', [], true)
 3 APPPATH\Controllers\Agenda.php(87): view('agenda/v_data_laporan_agenda', [...])
 4 SYSTEMPATH\CodeIgniter.php(925): App\Controllers\Agenda->ViewLaporan()
 5 SYSTEMPATH\CodeIgniter.php(480): CodeIgniter\CodeIgniter->runController(Object(App\Controllers\Agenda))
 6 SYSTEMPATH\CodeIgniter.php(349): CodeIgniter\CodeIgniter->handleRequest(null, Object(Config\Cache), false)
 7 FCPATH\index.php(67): CodeIgniter\CodeIgniter->run()
CRITICAL - 2023-06-15 15:54:43 --> Invalid file: agenda/v_data_laporan_agenda.php
in SYSTEMPATH\Exceptions\FrameworkException.php on line 33.
 1 SYSTEMPATH\View\View.php(201): CodeIgniter\Exceptions\FrameworkException::forInvalidFile('agenda/v_data_laporan_agenda.php')
 2 SYSTEMPATH\Common.php(1135): CodeIgniter\View\View->render('agenda/v_data_laporan_agenda', [], true)
 3 APPPATH\Controllers\Agenda.php(87): view('agenda/v_data_laporan_agenda', [...])
 4 SYSTEMPATH\CodeIgniter.php(925): App\Controllers\Agenda->ViewLaporan()
 5 SYSTEMPATH\CodeIgniter.php(480): CodeIgniter\CodeIgniter->runController(Object(App\Controllers\Agenda))
 6 SYSTEMPATH\CodeIgniter.php(349): CodeIgniter\CodeIgniter->handleRequest(null, Object(Config\Cache), false)
 7 FCPATH\index.php(67): CodeIgniter\CodeIgniter->run()
CRITICAL - 2023-06-15 15:54:43 --> Invalid file: agenda/v_data_laporan_agenda.php
in SYSTEMPATH\Exceptions\FrameworkException.php on line 33.
 1 SYSTEMPATH\View\View.php(201): CodeIgniter\Exceptions\FrameworkException::forInvalidFile('agenda/v_data_laporan_agenda.php')
 2 SYSTEMPATH\Common.php(1135): CodeIgniter\View\View->render('agenda/v_data_laporan_agenda', [], true)
 3 APPPATH\Controllers\Agenda.php(87): view('agenda/v_data_laporan_agenda', [...])
 4 SYSTEMPATH\CodeIgniter.php(925): App\Controllers\Agenda->ViewLaporan()
 5 SYSTEMPATH\CodeIgniter.php(480): CodeIgniter\CodeIgniter->runController(Object(App\Controllers\Agenda))
 6 SYSTEMPATH\CodeIgniter.php(349): CodeIgniter\CodeIgniter->handleRequest(null, Object(Config\Cache), false)
 7 FCPATH\index.php(67): CodeIgniter\CodeIgniter->run()
CRITICAL - 2023-06-15 15:54:43 --> Invalid file: agenda/v_data_laporan_agenda.php
in SYSTEMPATH\Exceptions\FrameworkException.php on line 33.
 1 SYSTEMPATH\View\View.php(201): CodeIgniter\Exceptions\FrameworkException::forInvalidFile('agenda/v_data_laporan_agenda.php')
 2 SYSTEMPATH\Common.php(1135): CodeIgniter\View\View->render('agenda/v_data_laporan_agenda', [], true)
 3 APPPATH\Controllers\Agenda.php(87): view('agenda/v_data_laporan_agenda', [...])
 4 SYSTEMPATH\CodeIgniter.php(925): App\Controllers\Agenda->ViewLaporan()
 5 SYSTEMPATH\CodeIgniter.php(480): CodeIgniter\CodeIgniter->runController(Object(App\Controllers\Agenda))
 6 SYSTEMPATH\CodeIgniter.php(349): CodeIgniter\CodeIgniter->handleRequest(null, Object(Config\Cache), false)
 7 FCPATH\index.php(67): CodeIgniter\CodeIgniter->run()
CRITICAL - 2023-06-15 15:54:43 --> Invalid file: agenda/v_data_laporan_agenda.php
in SYSTEMPATH\Exceptions\FrameworkException.php on line 33.
 1 SYSTEMPATH\View\View.php(201): CodeIgniter\Exceptions\FrameworkException::forInvalidFile('agenda/v_data_laporan_agenda.php')
 2 SYSTEMPATH\Common.php(1135): CodeIgniter\View\View->render('agenda/v_data_laporan_agenda', [], true)
 3 APPPATH\Controllers\Agenda.php(87): view('agenda/v_data_laporan_agenda', [...])
 4 SYSTEMPATH\CodeIgniter.php(925): App\Controllers\Agenda->ViewLaporan()
 5 SYSTEMPATH\CodeIgniter.php(480): CodeIgniter\CodeIgniter->runController(Object(App\Controllers\Agenda))
 6 SYSTEMPATH\CodeIgniter.php(349): CodeIgniter\CodeIgniter->handleRequest(null, Object(Config\Cache), false)
 7 FCPATH\index.php(67): CodeIgniter\CodeIgniter->run()
CRITICAL - 2023-06-15 15:56:54 --> Invalid file: agenda/v_data_laporan_agenda.php
in SYSTEMPATH\Exceptions\FrameworkException.php on line 33.
 1 SYSTEMPATH\View\View.php(201): CodeIgniter\Exceptions\FrameworkException::forInvalidFile('agenda/v_data_laporan_agenda.php')
 2 SYSTEMPATH\Common.php(1135): CodeIgniter\View\View->render('agenda/v_data_laporan_agenda', [], true)
 3 APPPATH\Controllers\Agenda.php(87): view('agenda/v_data_laporan_agenda', [...])
 4 SYSTEMPATH\CodeIgniter.php(925): App\Controllers\Agenda->ViewLaporan()
 5 SYSTEMPATH\CodeIgniter.php(480): CodeIgniter\CodeIgniter->runController(Object(App\Controllers\Agenda))
 6 SYSTEMPATH\CodeIgniter.php(349): CodeIgniter\CodeIgniter->handleRequest(null, Object(Config\Cache), false)
 7 FCPATH\index.php(67): CodeIgniter\CodeIgniter->run()
CRITICAL - 2023-06-15 15:56:55 --> Invalid file: agenda/v_data_laporan_agenda.php
in SYSTEMPATH\Exceptions\FrameworkException.php on line 33.
 1 SYSTEMPATH\View\View.php(201): CodeIgniter\Exceptions\FrameworkException::forInvalidFile('agenda/v_data_laporan_agenda.php')
 2 SYSTEMPATH\Common.php(1135): CodeIgniter\View\View->render('agenda/v_data_laporan_agenda', [], true)
 3 APPPATH\Controllers\Agenda.php(87): view('agenda/v_data_laporan_agenda', [...])
 4 SYSTEMPATH\CodeIgniter.php(925): App\Controllers\Agenda->ViewLaporan()
 5 SYSTEMPATH\CodeIgniter.php(480): CodeIgniter\CodeIgniter->runController(Object(App\Controllers\Agenda))
 6 SYSTEMPATH\CodeIgniter.php(349): CodeIgniter\CodeIgniter->handleRequest(null, Object(Config\Cache), false)
 7 FCPATH\index.php(67): CodeIgniter\CodeIgniter->run()
CRITICAL - 2023-06-15 15:57:01 --> Invalid file: agenda/v_data_laporan_agenda.php
in SYSTEMPATH\Exceptions\FrameworkException.php on line 33.
 1 SYSTEMPATH\View\View.php(201): CodeIgniter\Exceptions\FrameworkException::forInvalidFile('agenda/v_data_laporan_agenda.php')
 2 SYSTEMPATH\Common.php(1135): CodeIgniter\View\View->render('agenda/v_data_laporan_agenda', [], true)
 3 APPPATH\Controllers\Agenda.php(87): view('agenda/v_data_laporan_agenda', [...])
 4 SYSTEMPATH\CodeIgniter.php(925): App\Controllers\Agenda->ViewLaporan()
 5 SYSTEMPATH\CodeIgniter.php(480): CodeIgniter\CodeIgniter->runController(Object(App\Controllers\Agenda))
 6 SYSTEMPATH\CodeIgniter.php(349): CodeIgniter\CodeIgniter->handleRequest(null, Object(Config\Cache), false)
 7 FCPATH\index.php(67): CodeIgniter\CodeIgniter->run()
CRITICAL - 2023-06-15 15:57:31 --> Undefined variable $pemasukan
in APPPATH\Views\v_data_laporan_agenda.php on line 20.
 1 APPPATH\Views\v_data_laporan_agenda.php(20): CodeIgniter\Debug\Exceptions->errorHandler(2, 'Undefined variable $pemasukan', 'APPPATH\\Views\\v_data_laporan_agenda.php', 20)
 2 SYSTEMPATH\View\View.php(213): include('APPPATH\\Views\\v_data_laporan_agenda.php')
 3 SYSTEMPATH\View\View.php(216): CodeIgniter\View\View->CodeIgniter\View\{closure}()
 4 SYSTEMPATH\Common.php(1135): CodeIgniter\View\View->render('v_data_laporan_agenda', [], true)
 5 APPPATH\Controllers\Agenda.php(87): view('v_data_laporan_agenda', [...])
 6 SYSTEMPATH\CodeIgniter.php(925): App\Controllers\Agenda->ViewLaporan()
 7 SYSTEMPATH\CodeIgniter.php(480): CodeIgniter\CodeIgniter->runController(Object(App\Controllers\Agenda))
 8 SYSTEMPATH\CodeIgniter.php(349): CodeIgniter\CodeIgniter->handleRequest(null, Object(Config\Cache), false)
 9 FCPATH\index.php(67): CodeIgniter\CodeIgniter->run()
CRITICAL - 2023-06-15 15:57:31 --> Undefined variable $pemasukan
in APPPATH\Views\v_data_laporan_agenda.php on line 20.
 1 APPPATH\Views\v_data_laporan_agenda.php(20): CodeIgniter\Debug\Exceptions->errorHandler(2, 'Undefined variable $pemasukan', 'APPPATH\\Views\\v_data_laporan_agenda.php', 20)
 2 SYSTEMPATH\View\View.php(213): include('APPPATH\\Views\\v_data_laporan_agenda.php')
 3 SYSTEMPATH\View\View.php(216): CodeIgniter\View\View->CodeIgniter\View\{closure}()
 4 SYSTEMPATH\Common.php(1135): CodeIgniter\View\View->render('v_data_laporan_agenda', [], true)
 5 APPPATH\Controllers\Agenda.php(87): view('v_data_laporan_agenda', [...])
 6 SYSTEMPATH\CodeIgniter.php(925): App\Controllers\Agenda->ViewLaporan()
 7 SYSTEMPATH\CodeIgniter.php(480): CodeIgniter\CodeIgniter->runController(Object(App\Controllers\Agenda))
 8 SYSTEMPATH\CodeIgniter.php(349): CodeIgniter\CodeIgniter->handleRequest(null, Object(Config\Cache), false)
 9 FCPATH\index.php(67): CodeIgniter\CodeIgniter->run()
CRITICAL - 2023-06-15 15:57:31 --> Undefined variable $pemasukan
in APPPATH\Views\v_data_laporan_agenda.php on line 20.
 1 APPPATH\Views\v_data_laporan_agenda.php(20): CodeIgniter\Debug\Exceptions->errorHandler(2, 'Undefined variable $pemasukan', 'APPPATH\\Views\\v_data_laporan_agenda.php', 20)
 2 SYSTEMPATH\View\View.php(213): include('APPPATH\\Views\\v_data_laporan_agenda.php')
 3 SYSTEMPATH\View\View.php(216): CodeIgniter\View\View->CodeIgniter\View\{closure}()
 4 SYSTEMPATH\Common.php(1135): CodeIgniter\View\View->render('v_data_laporan_agenda', [], true)
 5 APPPATH\Controllers\Agenda.php(87): view('v_data_laporan_agenda', [...])
 6 SYSTEMPATH\CodeIgniter.php(925): App\Controllers\Agenda->ViewLaporan()
 7 SYSTEMPATH\CodeIgniter.php(480): CodeIgniter\CodeIgniter->runController(Object(App\Controllers\Agenda))
 8 SYSTEMPATH\CodeIgniter.php(349): CodeIgniter\CodeIgniter->handleRequest(null, Object(Config\Cache), false)
 9 FCPATH\index.php(67): CodeIgniter\CodeIgniter->run()
CRITICAL - 2023-06-15 15:59:22 --> Invalid file: agenda/v_data_laporan_agenda.php
in SYSTEMPATH\Exceptions\FrameworkException.php on line 33.
 1 SYSTEMPATH\View\View.php(201): CodeIgniter\Exceptions\FrameworkException::forInvalidFile('agenda/v_data_laporan_agenda.php')
 2 SYSTEMPATH\Common.php(1135): CodeIgniter\View\View->render('agenda/v_data_laporan_agenda', [], true)
 3 APPPATH\Controllers\Agenda.php(87): view('agenda/v_data_laporan_agenda', [...])
 4 SYSTEMPATH\CodeIgniter.php(925): App\Controllers\Agenda->ViewLaporan()
 5 SYSTEMPATH\CodeIgniter.php(480): CodeIgniter\CodeIgniter->runController(Object(App\Controllers\Agenda))
 6 SYSTEMPATH\CodeIgniter.php(349): CodeIgniter\CodeIgniter->handleRequest(null, Object(Config\Cache), false)
 7 FCPATH\index.php(67): CodeIgniter\CodeIgniter->run()
CRITICAL - 2023-06-15 15:59:22 --> Invalid file: agenda/v_data_laporan_agenda.php
in SYSTEMPATH\Exceptions\FrameworkException.php on line 33.
 1 SYSTEMPATH\View\View.php(201): CodeIgniter\Exceptions\FrameworkException::forInvalidFile('agenda/v_data_laporan_agenda.php')
 2 SYSTEMPATH\Common.php(1135): CodeIgniter\View\View->render('agenda/v_data_laporan_agenda', [], true)
 3 APPPATH\Controllers\Agenda.php(87): view('agenda/v_data_laporan_agenda', [...])
 4 SYSTEMPATH\CodeIgniter.php(925): App\Controllers\Agenda->ViewLaporan()
 5 SYSTEMPATH\CodeIgniter.php(480): CodeIgniter\CodeIgniter->runController(Object(App\Controllers\Agenda))
 6 SYSTEMPATH\CodeIgniter.php(349): CodeIgniter\CodeIgniter->handleRequest(null, Object(Config\Cache), false)
 7 FCPATH\index.php(67): CodeIgniter\CodeIgniter->run()
CRITICAL - 2023-06-15 15:59:22 --> Invalid file: agenda/v_data_laporan_agenda.php
in SYSTEMPATH\Exceptions\FrameworkException.php on line 33.
 1 SYSTEMPATH\View\View.php(201): CodeIgniter\Exceptions\FrameworkException::forInvalidFile('agenda/v_data_laporan_agenda.php')
 2 SYSTEMPATH\Common.php(1135): CodeIgniter\View\View->render('agenda/v_data_laporan_agenda', [], true)
 3 APPPATH\Controllers\Agenda.php(87): view('agenda/v_data_laporan_agenda', [...])
 4 SYSTEMPATH\CodeIgniter.php(925): App\Controllers\Agenda->ViewLaporan()
 5 SYSTEMPATH\CodeIgniter.php(480): CodeIgniter\CodeIgniter->runController(Object(App\Controllers\Agenda))
 6 SYSTEMPATH\CodeIgniter.php(349): CodeIgniter\CodeIgniter->handleRequest(null, Object(Config\Cache), false)
 7 FCPATH\index.php(67): CodeIgniter\CodeIgniter->run()
CRITICAL - 2023-06-15 17:53:11 --> Invalid file: agenda/v_data_laporan_agenda.php
in SYSTEMPATH\Exceptions\FrameworkException.php on line 33.
 1 SYSTEMPATH\View\View.php(201): CodeIgniter\Exceptions\FrameworkException::forInvalidFile('agenda/v_data_laporan_agenda.php')
 2 SYSTEMPATH\Common.php(1135): CodeIgniter\View\View->render('agenda/v_data_laporan_agenda', [], true)
 3 APPPATH\Controllers\Agenda.php(87): view('agenda/v_data_laporan_agenda', [...])
 4 SYSTEMPATH\CodeIgniter.php(925): App\Controllers\Agenda->ViewLaporan()
 5 SYSTEMPATH\CodeIgniter.php(480): CodeIgniter\CodeIgniter->runController(Object(App\Controllers\Agenda))
 6 SYSTEMPATH\CodeIgniter.php(349): CodeIgniter\CodeIgniter->handleRequest(null, Object(Config\Cache), false)
 7 FCPATH\index.php(67): CodeIgniter\CodeIgniter->run()
CRITICAL - 2023-06-15 17:54:14 --> Undefined variable $pemasukan
in APPPATH\Views\v_data_laporan_agenda.php on line 20.
 1 APPPATH\Views\v_data_laporan_agenda.php(20): CodeIgniter\Debug\Exceptions->errorHandler(2, 'Undefined variable $pemasukan', 'APPPATH\\Views\\v_data_laporan_agenda.php', 20)
 2 SYSTEMPATH\View\View.php(213): include('APPPATH\\Views\\v_data_laporan_agenda.php')
 3 SYSTEMPATH\View\View.php(216): CodeIgniter\View\View->CodeIgniter\View\{closure}()
 4 SYSTEMPATH\Common.php(1135): CodeIgniter\View\View->render('v_data_laporan_agenda', [], true)
 5 APPPATH\Controllers\Agenda.php(87): view('v_data_laporan_agenda', [...])
 6 SYSTEMPATH\CodeIgniter.php(925): App\Controllers\Agenda->ViewLaporan()
 7 SYSTEMPATH\CodeIgniter.php(480): CodeIgniter\CodeIgniter->runController(Object(App\Controllers\Agenda))
 8 SYSTEMPATH\CodeIgniter.php(349): CodeIgniter\CodeIgniter->handleRequest(null, Object(Config\Cache), false)
 9 FCPATH\index.php(67): CodeIgniter\CodeIgniter->run()
CRITICAL - 2023-06-15 17:54:15 --> Undefined variable $pemasukan
in APPPATH\Views\v_data_laporan_agenda.php on line 20.
 1 APPPATH\Views\v_data_laporan_agenda.php(20): CodeIgniter\Debug\Exceptions->errorHandler(2, 'Undefined variable $pemasukan', 'APPPATH\\Views\\v_data_laporan_agenda.php', 20)
 2 SYSTEMPATH\View\View.php(213): include('APPPATH\\Views\\v_data_laporan_agenda.php')
 3 SYSTEMPATH\View\View.php(216): CodeIgniter\View\View->CodeIgniter\View\{closure}()
 4 SYSTEMPATH\Common.php(1135): CodeIgniter\View\View->render('v_data_laporan_agenda', [], true)
 5 APPPATH\Controllers\Agenda.php(87): view('v_data_laporan_agenda', [...])
 6 SYSTEMPATH\CodeIgniter.php(925): App\Controllers\Agenda->ViewLaporan()
 7 SYSTEMPATH\CodeIgniter.php(480): CodeIgniter\CodeIgniter->runController(Object(App\Controllers\Agenda))
 8 SYSTEMPATH\CodeIgniter.php(349): CodeIgniter\CodeIgniter->handleRequest(null, Object(Config\Cache), false)
 9 FCPATH\index.php(67): CodeIgniter\CodeIgniter->run()
CRITICAL - 2023-06-15 17:59:13 --> Undefined variable $kas
in APPPATH\Views\v_data_laporan_agenda.php on line 11.
 1 APPPATH\Views\v_data_laporan_agenda.php(11): CodeIgniter\Debug\Exceptions->errorHandler(2, 'Undefined variable $kas', 'APPPATH\\Views\\v_data_laporan_agenda.php', 11)
 2 SYSTEMPATH\View\View.php(213): include('APPPATH\\Views\\v_data_laporan_agenda.php')
 3 SYSTEMPATH\View\View.php(216): CodeIgniter\View\View->CodeIgniter\View\{closure}()
 4 SYSTEMPATH\Common.php(1135): CodeIgniter\View\View->render('v_data_laporan_agenda', [], true)
 5 APPPATH\Controllers\Agenda.php(87): view('v_data_laporan_agenda', [...])
 6 SYSTEMPATH\CodeIgniter.php(925): App\Controllers\Agenda->ViewLaporan()
 7 SYSTEMPATH\CodeIgniter.php(480): CodeIgniter\CodeIgniter->runController(Object(App\Controllers\Agenda))
 8 SYSTEMPATH\CodeIgniter.php(349): CodeIgniter\CodeIgniter->handleRequest(null, Object(Config\Cache), false)
 9 FCPATH\index.php(67): CodeIgniter\CodeIgniter->run()
CRITICAL - 2023-06-15 17:59:14 --> Undefined variable $kas
in APPPATH\Views\v_data_laporan_agenda.php on line 11.
 1 APPPATH\Views\v_data_laporan_agenda.php(11): CodeIgniter\Debug\Exceptions->errorHandler(2, 'Undefined variable $kas', 'APPPATH\\Views\\v_data_laporan_agenda.php', 11)
 2 SYSTEMPATH\View\View.php(213): include('APPPATH\\Views\\v_data_laporan_agenda.php')
 3 SYSTEMPATH\View\View.php(216): CodeIgniter\View\View->CodeIgniter\View\{closure}()
 4 SYSTEMPATH\Common.php(1135): CodeIgniter\View\View->render('v_data_laporan_agenda', [], true)
 5 APPPATH\Controllers\Agenda.php(87): view('v_data_laporan_agenda', [...])
 6 SYSTEMPATH\CodeIgniter.php(925): App\Controllers\Agenda->ViewLaporan()
 7 SYSTEMPATH\CodeIgniter.php(480): CodeIgniter\CodeIgniter->runController(Object(App\Controllers\Agenda))
 8 SYSTEMPATH\CodeIgniter.php(349): CodeIgniter\CodeIgniter->handleRequest(null, Object(Config\Cache), false)
 9 FCPATH\index.php(67): CodeIgniter\CodeIgniter->run()
CRITICAL - 2023-06-15 17:59:14 --> Undefined variable $kas
in APPPATH\Views\v_data_laporan_agenda.php on line 11.
 1 APPPATH\Views\v_data_laporan_agenda.php(11): CodeIgniter\Debug\Exceptions->errorHandler(2, 'Undefined variable $kas', 'APPPATH\\Views\\v_data_laporan_agenda.php', 11)
 2 SYSTEMPATH\View\View.php(213): include('APPPATH\\Views\\v_data_laporan_agenda.php')
 3 SYSTEMPATH\View\View.php(216): CodeIgniter\View\View->CodeIgniter\View\{closure}()
 4 SYSTEMPATH\Common.php(1135): CodeIgniter\View\View->render('v_data_laporan_agenda', [], true)
 5 APPPATH\Controllers\Agenda.php(87): view('v_data_laporan_agenda', [...])
 6 SYSTEMPATH\CodeIgniter.php(925): App\Controllers\Agenda->ViewLaporan()
 7 SYSTEMPATH\CodeIgniter.php(480): CodeIgniter\CodeIgniter->runController(Object(App\Controllers\Agenda))
 8 SYSTEMPATH\CodeIgniter.php(349): CodeIgniter\CodeIgniter->handleRequest(null, Object(Config\Cache), false)
 9 FCPATH\index.php(67): CodeIgniter\CodeIgniter->run()
CRITICAL - 2023-06-15 18:00:10 --> Undefined variable $kas
in APPPATH\Views\v_data_laporan_agenda.php on line 11.
 1 APPPATH\Views\v_data_laporan_agenda.php(11): CodeIgniter\Debug\Exceptions->errorHandler(2, 'Undefined variable $kas', 'APPPATH\\Views\\v_data_laporan_agenda.php', 11)
 2 SYSTEMPATH\View\View.php(213): include('APPPATH\\Views\\v_data_laporan_agenda.php')
 3 SYSTEMPATH\View\View.php(216): CodeIgniter\View\View->CodeIgniter\View\{closure}()
 4 SYSTEMPATH\Common.php(1135): CodeIgniter\View\View->render('v_data_laporan_agenda', [], true)
 5 APPPATH\Controllers\Agenda.php(87): view('v_data_laporan_agenda', [...])
 6 SYSTEMPATH\CodeIgniter.php(925): App\Controllers\Agenda->ViewLaporan()
 7 SYSTEMPATH\CodeIgniter.php(480): CodeIgniter\CodeIgniter->runController(Object(App\Controllers\Agenda))
 8 SYSTEMPATH\CodeIgniter.php(349): CodeIgniter\CodeIgniter->handleRequest(null, Object(Config\Cache), false)
 9 FCPATH\index.php(67): CodeIgniter\CodeIgniter->run()
CRITICAL - 2023-06-15 18:00:10 --> Undefined variable $kas
in APPPATH\Views\v_data_laporan_agenda.php on line 11.
 1 APPPATH\Views\v_data_laporan_agenda.php(11): CodeIgniter\Debug\Exceptions->errorHandler(2, 'Undefined variable $kas', 'APPPATH\\Views\\v_data_laporan_agenda.php', 11)
 2 SYSTEMPATH\View\View.php(213): include('APPPATH\\Views\\v_data_laporan_agenda.php')
 3 SYSTEMPATH\View\View.php(216): CodeIgniter\View\View->CodeIgniter\View\{closure}()
 4 SYSTEMPATH\Common.php(1135): CodeIgniter\View\View->render('v_data_laporan_agenda', [], true)
 5 APPPATH\Controllers\Agenda.php(87): view('v_data_laporan_agenda', [...])
 6 SYSTEMPATH\CodeIgniter.php(925): App\Controllers\Agenda->ViewLaporan()
 7 SYSTEMPATH\CodeIgniter.php(480): CodeIgniter\CodeIgniter->runController(Object(App\Controllers\Agenda))
 8 SYSTEMPATH\CodeIgniter.php(349): CodeIgniter\CodeIgniter->handleRequest(null, Object(Config\Cache), false)
 9 FCPATH\index.php(67): CodeIgniter\CodeIgniter->run()
CRITICAL - 2023-06-15 18:00:11 --> Undefined variable $kas
in APPPATH\Views\v_data_laporan_agenda.php on line 11.
 1 APPPATH\Views\v_data_laporan_agenda.php(11): CodeIgniter\Debug\Exceptions->errorHandler(2, 'Undefined variable $kas', 'APPPATH\\Views\\v_data_laporan_agenda.php', 11)
 2 SYSTEMPATH\View\View.php(213): include('APPPATH\\Views\\v_data_laporan_agenda.php')
 3 SYSTEMPATH\View\View.php(216): CodeIgniter\View\View->CodeIgniter\View\{closure}()
 4 SYSTEMPATH\Common.php(1135): CodeIgniter\View\View->render('v_data_laporan_agenda', [], true)
 5 APPPATH\Controllers\Agenda.php(87): view('v_data_laporan_agenda', [...])
 6 SYSTEMPATH\CodeIgniter.php(925): App\Controllers\Agenda->ViewLaporan()
 7 SYSTEMPATH\CodeIgniter.php(480): CodeIgniter\CodeIgniter->runController(Object(App\Controllers\Agenda))
 8 SYSTEMPATH\CodeIgniter.php(349): CodeIgniter\CodeIgniter->handleRequest(null, Object(Config\Cache), false)
 9 FCPATH\index.php(67): CodeIgniter\CodeIgniter->run()
CRITICAL - 2023-06-15 18:00:11 --> Undefined variable $kas
in APPPATH\Views\v_data_laporan_agenda.php on line 11.
 1 APPPATH\Views\v_data_laporan_agenda.php(11): CodeIgniter\Debug\Exceptions->errorHandler(2, 'Undefined variable $kas', 'APPPATH\\Views\\v_data_laporan_agenda.php', 11)
 2 SYSTEMPATH\View\View.php(213): include('APPPATH\\Views\\v_data_laporan_agenda.php')
 3 SYSTEMPATH\View\View.php(216): CodeIgniter\View\View->CodeIgniter\View\{closure}()
 4 SYSTEMPATH\Common.php(1135): CodeIgniter\View\View->render('v_data_laporan_agenda', [], true)
 5 APPPATH\Controllers\Agenda.php(87): view('v_data_laporan_agenda', [...])
 6 SYSTEMPATH\CodeIgniter.php(925): App\Controllers\Agenda->ViewLaporan()
 7 SYSTEMPATH\CodeIgniter.php(480): CodeIgniter\CodeIgniter->runController(Object(App\Controllers\Agenda))
 8 SYSTEMPATH\CodeIgniter.php(349): CodeIgniter\CodeIgniter->handleRequest(null, Object(Config\Cache), false)
 9 FCPATH\index.php(67): CodeIgniter\CodeIgniter->run()
CRITICAL - 2023-06-15 18:00:11 --> Undefined variable $kas
in APPPATH\Views\v_data_laporan_agenda.php on line 11.
 1 APPPATH\Views\v_data_laporan_agenda.php(11): CodeIgniter\Debug\Exceptions->errorHandler(2, 'Undefined variable $kas', 'APPPATH\\Views\\v_data_laporan_agenda.php', 11)
 2 SYSTEMPATH\View\View.php(213): include('APPPATH\\Views\\v_data_laporan_agenda.php')
 3 SYSTEMPATH\View\View.php(216): CodeIgniter\View\View->CodeIgniter\View\{closure}()
 4 SYSTEMPATH\Common.php(1135): CodeIgniter\View\View->render('v_data_laporan_agenda', [], true)
 5 APPPATH\Controllers\Agenda.php(87): view('v_data_laporan_agenda', [...])
 6 SYSTEMPATH\CodeIgniter.php(925): App\Controllers\Agenda->ViewLaporan()
 7 SYSTEMPATH\CodeIgniter.php(480): CodeIgniter\CodeIgniter->runController(Object(App\Controllers\Agenda))
 8 SYSTEMPATH\CodeIgniter.php(349): CodeIgniter\CodeIgniter->handleRequest(null, Object(Config\Cache), false)
 9 FCPATH\index.php(67): CodeIgniter\CodeIgniter->run()
CRITICAL - 2023-06-15 18:00:11 --> Undefined variable $kas
in APPPATH\Views\v_data_laporan_agenda.php on line 11.
 1 APPPATH\Views\v_data_laporan_agenda.php(11): CodeIgniter\Debug\Exceptions->errorHandler(2, 'Undefined variable $kas', 'APPPATH\\Views\\v_data_laporan_agenda.php', 11)
 2 SYSTEMPATH\View\View.php(213): include('APPPATH\\Views\\v_data_laporan_agenda.php')
 3 SYSTEMPATH\View\View.php(216): CodeIgniter\View\View->CodeIgniter\View\{closure}()
 4 SYSTEMPATH\Common.php(1135): CodeIgniter\View\View->render('v_data_laporan_agenda', [], true)
 5 APPPATH\Controllers\Agenda.php(87): view('v_data_laporan_agenda', [...])
 6 SYSTEMPATH\CodeIgniter.php(925): App\Controllers\Agenda->ViewLaporan()
 7 SYSTEMPATH\CodeIgniter.php(480): CodeIgniter\CodeIgniter->runController(Object(App\Controllers\Agenda))
 8 SYSTEMPATH\CodeIgniter.php(349): CodeIgniter\CodeIgniter->handleRequest(null, Object(Config\Cache), false)
 9 FCPATH\index.php(67): CodeIgniter\CodeIgniter->run()
CRITICAL - 2023-06-15 18:00:12 --> Undefined variable $kas
in APPPATH\Views\v_data_laporan_agenda.php on line 11.
 1 APPPATH\Views\v_data_laporan_agenda.php(11): CodeIgniter\Debug\Exceptions->errorHandler(2, 'Undefined variable $kas', 'APPPATH\\Views\\v_data_laporan_agenda.php', 11)
 2 SYSTEMPATH\View\View.php(213): include('APPPATH\\Views\\v_data_laporan_agenda.php')
 3 SYSTEMPATH\View\View.php(216): CodeIgniter\View\View->CodeIgniter\View\{closure}()
 4 SYSTEMPATH\Common.php(1135): CodeIgniter\View\View->render('v_data_laporan_agenda', [], true)
 5 APPPATH\Controllers\Agenda.php(87): view('v_data_laporan_agenda', [...])
 6 SYSTEMPATH\CodeIgniter.php(925): App\Controllers\Agenda->ViewLaporan()
 7 SYSTEMPATH\CodeIgniter.php(480): CodeIgniter\CodeIgniter->runController(Object(App\Controllers\Agenda))
 8 SYSTEMPATH\CodeIgniter.php(349): CodeIgniter\CodeIgniter->handleRequest(null, Object(Config\Cache), false)
 9 FCPATH\index.php(67): CodeIgniter\CodeIgniter->run()
CRITICAL - 2023-06-15 18:01:49 --> Undefined variable $kas
in APPPATH\Views\v_data_laporan_agenda.php on line 11.
 1 APPPATH\Views\v_data_laporan_agenda.php(11): CodeIgniter\Debug\Exceptions->errorHandler(2, 'Undefined variable $kas', 'APPPATH\\Views\\v_data_laporan_agenda.php', 11)
 2 SYSTEMPATH\View\View.php(213): include('APPPATH\\Views\\v_data_laporan_agenda.php')
 3 SYSTEMPATH\View\View.php(216): CodeIgniter\View\View->CodeIgniter\View\{closure}()
 4 SYSTEMPATH\Common.php(1135): CodeIgniter\View\View->render('v_data_laporan_agenda', [], true)
 5 APPPATH\Controllers\Agenda.php(87): view('v_data_laporan_agenda', [...])
 6 SYSTEMPATH\CodeIgniter.php(925): App\Controllers\Agenda->ViewLaporan()
 7 SYSTEMPATH\CodeIgniter.php(480): CodeIgniter\CodeIgniter->runController(Object(App\Controllers\Agenda))
 8 SYSTEMPATH\CodeIgniter.php(349): CodeIgniter\CodeIgniter->handleRequest(null, Object(Config\Cache), false)
 9 FCPATH\index.php(67): CodeIgniter\CodeIgniter->run()
CRITICAL - 2023-06-15 18:01:50 --> Undefined variable $kas
in APPPATH\Views\v_data_laporan_agenda.php on line 11.
 1 APPPATH\Views\v_data_laporan_agenda.php(11): CodeIgniter\Debug\Exceptions->errorHandler(2, 'Undefined variable $kas', 'APPPATH\\Views\\v_data_laporan_agenda.php', 11)
 2 SYSTEMPATH\View\View.php(213): include('APPPATH\\Views\\v_data_laporan_agenda.php')
 3 SYSTEMPATH\View\View.php(216): CodeIgniter\View\View->CodeIgniter\View\{closure}()
 4 SYSTEMPATH\Common.php(1135): CodeIgniter\View\View->render('v_data_laporan_agenda', [], true)
 5 APPPATH\Controllers\Agenda.php(87): view('v_data_laporan_agenda', [...])
 6 SYSTEMPATH\CodeIgniter.php(925): App\Controllers\Agenda->ViewLaporan()
 7 SYSTEMPATH\CodeIgniter.php(480): CodeIgniter\CodeIgniter->runController(Object(App\Controllers\Agenda))
 8 SYSTEMPATH\CodeIgniter.php(349): CodeIgniter\CodeIgniter->handleRequest(null, Object(Config\Cache), false)
 9 FCPATH\index.php(67): CodeIgniter\CodeIgniter->run()
CRITICAL - 2023-06-15 18:01:50 --> Undefined variable $kas
in APPPATH\Views\v_data_laporan_agenda.php on line 11.
 1 APPPATH\Views\v_data_laporan_agenda.php(11): CodeIgniter\Debug\Exceptions->errorHandler(2, 'Undefined variable $kas', 'APPPATH\\Views\\v_data_laporan_agenda.php', 11)
 2 SYSTEMPATH\View\View.php(213): include('APPPATH\\Views\\v_data_laporan_agenda.php')
 3 SYSTEMPATH\View\View.php(216): CodeIgniter\View\View->CodeIgniter\View\{closure}()
 4 SYSTEMPATH\Common.php(1135): CodeIgniter\View\View->render('v_data_laporan_agenda', [], true)
 5 APPPATH\Controllers\Agenda.php(87): view('v_data_laporan_agenda', [...])
 6 SYSTEMPATH\CodeIgniter.php(925): App\Controllers\Agenda->ViewLaporan()
 7 SYSTEMPATH\CodeIgniter.php(480): CodeIgniter\CodeIgniter->runController(Object(App\Controllers\Agenda))
 8 SYSTEMPATH\CodeIgniter.php(349): CodeIgniter\CodeIgniter->handleRequest(null, Object(Config\Cache), false)
 9 FCPATH\index.php(67): CodeIgniter\CodeIgniter->run()
CRITICAL - 2023-06-15 18:01:50 --> Undefined variable $kas
in APPPATH\Views\v_data_laporan_agenda.php on line 11.
 1 APPPATH\Views\v_data_laporan_agenda.php(11): CodeIgniter\Debug\Exceptions->errorHandler(2, 'Undefined variable $kas', 'APPPATH\\Views\\v_data_laporan_agenda.php', 11)
 2 SYSTEMPATH\View\View.php(213): include('APPPATH\\Views\\v_data_laporan_agenda.php')
 3 SYSTEMPATH\View\View.php(216): CodeIgniter\View\View->CodeIgniter\View\{closure}()
 4 SYSTEMPATH\Common.php(1135): CodeIgniter\View\View->render('v_data_laporan_agenda', [], true)
 5 APPPATH\Controllers\Agenda.php(87): view('v_data_laporan_agenda', [...])
 6 SYSTEMPATH\CodeIgniter.php(925): App\Controllers\Agenda->ViewLaporan()
 7 SYSTEMPATH\CodeIgniter.php(480): CodeIgniter\CodeIgniter->runController(Object(App\Controllers\Agenda))
 8 SYSTEMPATH\CodeIgniter.php(349): CodeIgniter\CodeIgniter->handleRequest(null, Object(Config\Cache), false)
 9 FCPATH\index.php(67): CodeIgniter\CodeIgniter->run()
CRITICAL - 2023-06-15 18:01:50 --> Undefined variable $kas
in APPPATH\Views\v_data_laporan_agenda.php on line 11.
 1 APPPATH\Views\v_data_laporan_agenda.php(11): CodeIgniter\Debug\Exceptions->errorHandler(2, 'Undefined variable $kas', 'APPPATH\\Views\\v_data_laporan_agenda.php', 11)
 2 SYSTEMPATH\View\View.php(213): include('APPPATH\\Views\\v_data_laporan_agenda.php')
 3 SYSTEMPATH\View\View.php(216): CodeIgniter\View\View->CodeIgniter\View\{closure}()
 4 SYSTEMPATH\Common.php(1135): CodeIgniter\View\View->render('v_data_laporan_agenda', [], true)
 5 APPPATH\Controllers\Agenda.php(87): view('v_data_laporan_agenda', [...])
 6 SYSTEMPATH\CodeIgniter.php(925): App\Controllers\Agenda->ViewLaporan()
 7 SYSTEMPATH\CodeIgniter.php(480): CodeIgniter\CodeIgniter->runController(Object(App\Controllers\Agenda))
 8 SYSTEMPATH\CodeIgniter.php(349): CodeIgniter\CodeIgniter->handleRequest(null, Object(Config\Cache), false)
 9 FCPATH\index.php(67): CodeIgniter\CodeIgniter->run()
CRITICAL - 2023-06-15 18:01:50 --> Undefined variable $kas
in APPPATH\Views\v_data_laporan_agenda.php on line 11.
 1 APPPATH\Views\v_data_laporan_agenda.php(11): CodeIgniter\Debug\Exceptions->errorHandler(2, 'Undefined variable $kas', 'APPPATH\\Views\\v_data_laporan_agenda.php', 11)
 2 SYSTEMPATH\View\View.php(213): include('APPPATH\\Views\\v_data_laporan_agenda.php')
 3 SYSTEMPATH\View\View.php(216): CodeIgniter\View\View->CodeIgniter\View\{closure}()
 4 SYSTEMPATH\Common.php(1135): CodeIgniter\View\View->render('v_data_laporan_agenda', [], true)
 5 APPPATH\Controllers\Agenda.php(87): view('v_data_laporan_agenda', [...])
 6 SYSTEMPATH\CodeIgniter.php(925): App\Controllers\Agenda->ViewLaporan()
 7 SYSTEMPATH\CodeIgniter.php(480): CodeIgniter\CodeIgniter->runController(Object(App\Controllers\Agenda))
 8 SYSTEMPATH\CodeIgniter.php(349): CodeIgniter\CodeIgniter->handleRequest(null, Object(Config\Cache), false)
 9 FCPATH\index.php(67): CodeIgniter\CodeIgniter->run()
CRITICAL - 2023-06-15 18:01:50 --> Undefined variable $kas
in APPPATH\Views\v_data_laporan_agenda.php on line 11.
 1 APPPATH\Views\v_data_laporan_agenda.php(11): CodeIgniter\Debug\Exceptions->errorHandler(2, 'Undefined variable $kas', 'APPPATH\\Views\\v_data_laporan_agenda.php', 11)
 2 SYSTEMPATH\View\View.php(213): include('APPPATH\\Views\\v_data_laporan_agenda.php')
 3 SYSTEMPATH\View\View.php(216): CodeIgniter\View\View->CodeIgniter\View\{closure}()
 4 SYSTEMPATH\Common.php(1135): CodeIgniter\View\View->render('v_data_laporan_agenda', [], true)
 5 APPPATH\Controllers\Agenda.php(87): view('v_data_laporan_agenda', [...])
 6 SYSTEMPATH\CodeIgniter.php(925): App\Controllers\Agenda->ViewLaporan()
 7 SYSTEMPATH\CodeIgniter.php(480): CodeIgniter\CodeIgniter->runController(Object(App\Controllers\Agenda))
 8 SYSTEMPATH\CodeIgniter.php(349): CodeIgniter\CodeIgniter->handleRequest(null, Object(Config\Cache), false)
 9 FCPATH\index.php(67): CodeIgniter\CodeIgniter->run()
CRITICAL - 2023-06-15 18:01:51 --> Undefined variable $kas
in APPPATH\Views\v_data_laporan_agenda.php on line 11.
 1 APPPATH\Views\v_data_laporan_agenda.php(11): CodeIgniter\Debug\Exceptions->errorHandler(2, 'Undefined variable $kas', 'APPPATH\\Views\\v_data_laporan_agenda.php', 11)
 2 SYSTEMPATH\View\View.php(213): include('APPPATH\\Views\\v_data_laporan_agenda.php')
 3 SYSTEMPATH\View\View.php(216): CodeIgniter\View\View->CodeIgniter\View\{closure}()
 4 SYSTEMPATH\Common.php(1135): CodeIgniter\View\View->render('v_data_laporan_agenda', [], true)
 5 APPPATH\Controllers\Agenda.php(87): view('v_data_laporan_agenda', [...])
 6 SYSTEMPATH\CodeIgniter.php(925): App\Controllers\Agenda->ViewLaporan()
 7 SYSTEMPATH\CodeIgniter.php(480): CodeIgniter\CodeIgniter->runController(Object(App\Controllers\Agenda))
 8 SYSTEMPATH\CodeIgniter.php(349): CodeIgniter\CodeIgniter->handleRequest(null, Object(Config\Cache), false)
 9 FCPATH\index.php(67): CodeIgniter\CodeIgniter->run()
CRITICAL - 2023-06-15 18:02:49 --> Undefined variable $kas
in APPPATH\Views\v_data_laporan_agenda.php on line 11.
 1 APPPATH\Views\v_data_laporan_agenda.php(11): CodeIgniter\Debug\Exceptions->errorHandler(2, 'Undefined variable $kas', 'APPPATH\\Views\\v_data_laporan_agenda.php', 11)
 2 SYSTEMPATH\View\View.php(213): include('APPPATH\\Views\\v_data_laporan_agenda.php')
 3 SYSTEMPATH\View\View.php(216): CodeIgniter\View\View->CodeIgniter\View\{closure}()
 4 SYSTEMPATH\Common.php(1135): CodeIgniter\View\View->render('v_data_laporan_agenda', [], true)
 5 APPPATH\Controllers\Agenda.php(87): view('v_data_laporan_agenda', [...])
 6 SYSTEMPATH\CodeIgniter.php(925): App\Controllers\Agenda->ViewLaporan()
 7 SYSTEMPATH\CodeIgniter.php(480): CodeIgniter\CodeIgniter->runController(Object(App\Controllers\Agenda))
 8 SYSTEMPATH\CodeIgniter.php(349): CodeIgniter\CodeIgniter->handleRequest(null, Object(Config\Cache), false)
 9 FCPATH\index.php(67): CodeIgniter\CodeIgniter->run()
CRITICAL - 2023-06-15 18:02:49 --> Undefined variable $kas
in APPPATH\Views\v_data_laporan_agenda.php on line 11.
 1 APPPATH\Views\v_data_laporan_agenda.php(11): CodeIgniter\Debug\Exceptions->errorHandler(2, 'Undefined variable $kas', 'APPPATH\\Views\\v_data_laporan_agenda.php', 11)
 2 SYSTEMPATH\View\View.php(213): include('APPPATH\\Views\\v_data_laporan_agenda.php')
 3 SYSTEMPATH\View\View.php(216): CodeIgniter\View\View->CodeIgniter\View\{closure}()
 4 SYSTEMPATH\Common.php(1135): CodeIgniter\View\View->render('v_data_laporan_agenda', [], true)
 5 APPPATH\Controllers\Agenda.php(87): view('v_data_laporan_agenda', [...])
 6 SYSTEMPATH\CodeIgniter.php(925): App\Controllers\Agenda->ViewLaporan()
 7 SYSTEMPATH\CodeIgniter.php(480): CodeIgniter\CodeIgniter->runController(Object(App\Controllers\Agenda))
 8 SYSTEMPATH\CodeIgniter.php(349): CodeIgniter\CodeIgniter->handleRequest(null, Object(Config\Cache), false)
 9 FCPATH\index.php(67): CodeIgniter\CodeIgniter->run()
CRITICAL - 2023-06-15 18:02:49 --> Undefined variable $kas
in APPPATH\Views\v_data_laporan_agenda.php on line 11.
 1 APPPATH\Views\v_data_laporan_agenda.php(11): CodeIgniter\Debug\Exceptions->errorHandler(2, 'Undefined variable $kas', 'APPPATH\\Views\\v_data_laporan_agenda.php', 11)
 2 SYSTEMPATH\View\View.php(213): include('APPPATH\\Views\\v_data_laporan_agenda.php')
 3 SYSTEMPATH\View\View.php(216): CodeIgniter\View\View->CodeIgniter\View\{closure}()
 4 SYSTEMPATH\Common.php(1135): CodeIgniter\View\View->render('v_data_laporan_agenda', [], true)
 5 APPPATH\Controllers\Agenda.php(87): view('v_data_laporan_agenda', [...])
 6 SYSTEMPATH\CodeIgniter.php(925): App\Controllers\Agenda->ViewLaporan()
 7 SYSTEMPATH\CodeIgniter.php(480): CodeIgniter\CodeIgniter->runController(Object(App\Controllers\Agenda))
 8 SYSTEMPATH\CodeIgniter.php(349): CodeIgniter\CodeIgniter->handleRequest(null, Object(Config\Cache), false)
 9 FCPATH\index.php(67): CodeIgniter\CodeIgniter->run()
