CRITICAL - 2023-04-18 11:32:20 --> number_format(): Passing null to parameter #1 ($num) of type float is deprecated
in APPPATH\Views\kas-masjid\v_kas_masjid_keluar.php on line 56.
 1 [internal function]: CodeIgniter\Debug\Exceptions->errorHandler(8192, 'number_format(): Passing null to parameter #1 ($num) of type float is deprecated', 'APPPATH\\Views\\kas-masjid\\v_kas_masjid_keluar.php', 56)
 2 APPPATH\Views\kas-masjid\v_kas_masjid_keluar.php(56): number_format(null, 0)
 3 SYSTEMPATH\View\View.php(213): include('APPPATH\\Views\\kas-masjid\\v_kas_masjid_keluar.php')
 4 SYSTEMPATH\View\View.php(216): CodeIgniter\View\View->CodeIgniter\View\{closure}()
 5 SYSTEMPATH\Common.php(1135): CodeIgniter\View\View->render('kas-masjid/v_kas_masjid_keluar', [], true)
 6 APPPATH\Views\v_template_admin.php(286): view('kas-masjid/v_kas_masjid_keluar')
 7 SYSTEMPATH\View\View.php(213): include('APPPATH\\Views\\v_template_admin.php')
 8 SYSTEMPATH\View\View.php(216): CodeIgniter\View\View->CodeIgniter\View\{closure}()
 9 SYSTEMPATH\Common.php(1135): CodeIgniter\View\View->render('v_template_admin', [], true)
10 APPPATH\Controllers\KasMasjid.php(51): view('v_template_admin', [...])
11 SYSTEMPATH\CodeIgniter.php(925): App\Controllers\KasMasjid->KasKeluar()
12 SYSTEMPATH\CodeIgniter.php(480): CodeIgniter\CodeIgniter->runController(Object(App\Controllers\KasMasjid))
13 SYSTEMPATH\CodeIgniter.php(349): CodeIgniter\CodeIgniter->handleRequest(null, Object(Config\Cache), false)
14 FCPATH\index.php(67): CodeIgniter\CodeIgniter->run()
CRITICAL - 2023-04-18 11:32:45 --> number_format(): Passing null to parameter #1 ($num) of type float is deprecated
in APPPATH\Views\kas-masjid\v_rekap_kas_masjid.php on line 74.
 1 [internal function]: CodeIgniter\Debug\Exceptions->errorHandler(8192, 'number_format(): Passing null to parameter #1 ($num) of type float is deprecated', 'APPPATH\\Views\\kas-masjid\\v_rekap_kas_masjid.php', 74)
 2 APPPATH\Views\kas-masjid\v_rekap_kas_masjid.php(74): number_format(null, 0)
 3 SYSTEMPATH\View\View.php(213): include('APPPATH\\Views\\kas-masjid\\v_rekap_kas_masjid.php')
 4 SYSTEMPATH\View\View.php(216): CodeIgniter\View\View->CodeIgniter\View\{closure}()
 5 SYSTEMPATH\Common.php(1135): CodeIgniter\View\View->render('kas-masjid/v_rekap_kas_masjid', [], true)
 6 APPPATH\Views\v_template_admin.php(286): view('kas-masjid/v_rekap_kas_masjid')
 7 SYSTEMPATH\View\View.php(213): include('APPPATH\\Views\\v_template_admin.php')
 8 SYSTEMPATH\View\View.php(216): CodeIgniter\View\View->CodeIgniter\View\{closure}()
 9 SYSTEMPATH\Common.php(1135): CodeIgniter\View\View->render('v_template_admin', [], true)
10 APPPATH\Controllers\KasMasjid.php(26): view('v_template_admin', [...])
11 SYSTEMPATH\CodeIgniter.php(925): App\Controllers\KasMasjid->index()
12 SYSTEMPATH\CodeIgniter.php(480): CodeIgniter\CodeIgniter->runController(Object(App\Controllers\KasMasjid))
13 SYSTEMPATH\CodeIgniter.php(349): CodeIgniter\CodeIgniter->handleRequest(null, Object(Config\Cache), false)
14 FCPATH\index.php(67): CodeIgniter\CodeIgniter->run()
CRITICAL - 2023-04-18 11:32:49 --> number_format(): Passing null to parameter #1 ($num) of type float is deprecated
in APPPATH\Views\kas-masjid\v_kas_masjid_keluar.php on line 56.
 1 [internal function]: CodeIgniter\Debug\Exceptions->errorHandler(8192, 'number_format(): Passing null to parameter #1 ($num) of type float is deprecated', 'APPPATH\\Views\\kas-masjid\\v_kas_masjid_keluar.php', 56)
 2 APPPATH\Views\kas-masjid\v_kas_masjid_keluar.php(56): number_format(null, 0)
 3 SYSTEMPATH\View\View.php(213): include('APPPATH\\Views\\kas-masjid\\v_kas_masjid_keluar.php')
 4 SYSTEMPATH\View\View.php(216): CodeIgniter\View\View->CodeIgniter\View\{closure}()
 5 SYSTEMPATH\Common.php(1135): CodeIgniter\View\View->render('kas-masjid/v_kas_masjid_keluar', [], true)
 6 APPPATH\Views\v_template_admin.php(286): view('kas-masjid/v_kas_masjid_keluar')
 7 SYSTEMPATH\View\View.php(213): include('APPPATH\\Views\\v_template_admin.php')
 8 SYSTEMPATH\View\View.php(216): CodeIgniter\View\View->CodeIgniter\View\{closure}()
 9 SYSTEMPATH\Common.php(1135): CodeIgniter\View\View->render('v_template_admin', [], true)
10 APPPATH\Controllers\KasMasjid.php(51): view('v_template_admin', [...])
11 SYSTEMPATH\CodeIgniter.php(925): App\Controllers\KasMasjid->KasKeluar()
12 SYSTEMPATH\CodeIgniter.php(480): CodeIgniter\CodeIgniter->runController(Object(App\Controllers\KasMasjid))
13 SYSTEMPATH\CodeIgniter.php(349): CodeIgniter\CodeIgniter->handleRequest(null, Object(Config\Cache), false)
14 FCPATH\index.php(67): CodeIgniter\CodeIgniter->run()
CRITICAL - 2023-04-18 11:36:58 --> number_format(): Passing null to parameter #1 ($num) of type float is deprecated
in APPPATH\Views\kas-masjid\v_kas_masjid_keluar.php on line 56.
 1 [internal function]: CodeIgniter\Debug\Exceptions->errorHandler(8192, 'number_format(): Passing null to parameter #1 ($num) of type float is deprecated', 'APPPATH\\Views\\kas-masjid\\v_kas_masjid_keluar.php', 56)
 2 APPPATH\Views\kas-masjid\v_kas_masjid_keluar.php(56): number_format(null, 0)
 3 SYSTEMPATH\View\View.php(213): include('APPPATH\\Views\\kas-masjid\\v_kas_masjid_keluar.php')
 4 SYSTEMPATH\View\View.php(216): CodeIgniter\View\View->CodeIgniter\View\{closure}()
 5 SYSTEMPATH\Common.php(1135): CodeIgniter\View\View->render('kas-masjid/v_kas_masjid_keluar', [], true)
 6 APPPATH\Views\v_template_admin.php(286): view('kas-masjid/v_kas_masjid_keluar')
 7 SYSTEMPATH\View\View.php(213): include('APPPATH\\Views\\v_template_admin.php')
 8 SYSTEMPATH\View\View.php(216): CodeIgniter\View\View->CodeIgniter\View\{closure}()
 9 SYSTEMPATH\Common.php(1135): CodeIgniter\View\View->render('v_template_admin', [], true)
10 APPPATH\Controllers\KasMasjid.php(51): view('v_template_admin', [...])
11 SYSTEMPATH\CodeIgniter.php(925): App\Controllers\KasMasjid->KasKeluar()
12 SYSTEMPATH\CodeIgniter.php(480): CodeIgniter\CodeIgniter->runController(Object(App\Controllers\KasMasjid))
13 SYSTEMPATH\CodeIgniter.php(349): CodeIgniter\CodeIgniter->handleRequest(null, Object(Config\Cache), false)
14 FCPATH\index.php(67): CodeIgniter\CodeIgniter->run()
CRITICAL - 2023-04-18 11:37:05 --> number_format(): Passing null to parameter #1 ($num) of type float is deprecated
in APPPATH\Views\kas-masjid\v_rekap_kas_masjid.php on line 27.
 1 [internal function]: CodeIgniter\Debug\Exceptions->errorHandler(8192, 'number_format(): Passing null to parameter #1 ($num) of type float is deprecated', 'APPPATH\\Views\\kas-masjid\\v_rekap_kas_masjid.php', 27)
 2 APPPATH\Views\kas-masjid\v_rekap_kas_masjid.php(27): number_format(null, 0)
 3 SYSTEMPATH\View\View.php(213): include('APPPATH\\Views\\kas-masjid\\v_rekap_kas_masjid.php')
 4 SYSTEMPATH\View\View.php(216): CodeIgniter\View\View->CodeIgniter\View\{closure}()
 5 SYSTEMPATH\Common.php(1135): CodeIgniter\View\View->render('kas-masjid/v_rekap_kas_masjid', [], true)
 6 APPPATH\Views\v_template_admin.php(286): view('kas-masjid/v_rekap_kas_masjid')
 7 SYSTEMPATH\View\View.php(213): include('APPPATH\\Views\\v_template_admin.php')
 8 SYSTEMPATH\View\View.php(216): CodeIgniter\View\View->CodeIgniter\View\{closure}()
 9 SYSTEMPATH\Common.php(1135): CodeIgniter\View\View->render('v_template_admin', [], true)
10 APPPATH\Controllers\KasMasjid.php(26): view('v_template_admin', [...])
11 SYSTEMPATH\CodeIgniter.php(925): App\Controllers\KasMasjid->index()
12 SYSTEMPATH\CodeIgniter.php(480): CodeIgniter\CodeIgniter->runController(Object(App\Controllers\KasMasjid))
13 SYSTEMPATH\CodeIgniter.php(349): CodeIgniter\CodeIgniter->handleRequest(null, Object(Config\Cache), false)
14 FCPATH\index.php(67): CodeIgniter\CodeIgniter->run()
CRITICAL - 2023-04-18 11:37:36 --> number_format(): Passing null to parameter #1 ($num) of type float is deprecated
in APPPATH\Views\kas-masjid\v_rekap_kas_masjid.php on line 27.
 1 [internal function]: CodeIgniter\Debug\Exceptions->errorHandler(8192, 'number_format(): Passing null to parameter #1 ($num) of type float is deprecated', 'APPPATH\\Views\\kas-masjid\\v_rekap_kas_masjid.php', 27)
 2 APPPATH\Views\kas-masjid\v_rekap_kas_masjid.php(27): number_format(null, 0)
 3 SYSTEMPATH\View\View.php(213): include('APPPATH\\Views\\kas-masjid\\v_rekap_kas_masjid.php')
 4 SYSTEMPATH\View\View.php(216): CodeIgniter\View\View->CodeIgniter\View\{closure}()
 5 SYSTEMPATH\Common.php(1135): CodeIgniter\View\View->render('kas-masjid/v_rekap_kas_masjid', [], true)
 6 APPPATH\Views\v_template_admin.php(286): view('kas-masjid/v_rekap_kas_masjid')
 7 SYSTEMPATH\View\View.php(213): include('APPPATH\\Views\\v_template_admin.php')
 8 SYSTEMPATH\View\View.php(216): CodeIgniter\View\View->CodeIgniter\View\{closure}()
 9 SYSTEMPATH\Common.php(1135): CodeIgniter\View\View->render('v_template_admin', [], true)
10 APPPATH\Controllers\KasMasjid.php(26): view('v_template_admin', [...])
11 SYSTEMPATH\CodeIgniter.php(925): App\Controllers\KasMasjid->index()
12 SYSTEMPATH\CodeIgniter.php(480): CodeIgniter\CodeIgniter->runController(Object(App\Controllers\KasMasjid))
13 SYSTEMPATH\CodeIgniter.php(349): CodeIgniter\CodeIgniter->handleRequest(null, Object(Config\Cache), false)
14 FCPATH\index.php(67): CodeIgniter\CodeIgniter->run()
CRITICAL - 2023-04-18 11:37:39 --> number_format(): Passing null to parameter #1 ($num) of type float is deprecated
in APPPATH\Views\kas-masjid\v_kas_masjid_keluar.php on line 57.
 1 [internal function]: CodeIgniter\Debug\Exceptions->errorHandler(8192, 'number_format(): Passing null to parameter #1 ($num) of type float is deprecated', 'APPPATH\\Views\\kas-masjid\\v_kas_masjid_keluar.php', 57)
 2 APPPATH\Views\kas-masjid\v_kas_masjid_keluar.php(57): number_format(null, 0)
 3 SYSTEMPATH\View\View.php(213): include('APPPATH\\Views\\kas-masjid\\v_kas_masjid_keluar.php')
 4 SYSTEMPATH\View\View.php(216): CodeIgniter\View\View->CodeIgniter\View\{closure}()
 5 SYSTEMPATH\Common.php(1135): CodeIgniter\View\View->render('kas-masjid/v_kas_masjid_keluar', [], true)
 6 APPPATH\Views\v_template_admin.php(286): view('kas-masjid/v_kas_masjid_keluar')
 7 SYSTEMPATH\View\View.php(213): include('APPPATH\\Views\\v_template_admin.php')
 8 SYSTEMPATH\View\View.php(216): CodeIgniter\View\View->CodeIgniter\View\{closure}()
 9 SYSTEMPATH\Common.php(1135): CodeIgniter\View\View->render('v_template_admin', [], true)
10 APPPATH\Controllers\KasMasjid.php(51): view('v_template_admin', [...])
11 SYSTEMPATH\CodeIgniter.php(925): App\Controllers\KasMasjid->KasKeluar()
12 SYSTEMPATH\CodeIgniter.php(480): CodeIgniter\CodeIgniter->runController(Object(App\Controllers\KasMasjid))
13 SYSTEMPATH\CodeIgniter.php(349): CodeIgniter\CodeIgniter->handleRequest(null, Object(Config\Cache), false)
14 FCPATH\index.php(67): CodeIgniter\CodeIgniter->run()
CRITICAL - 2023-04-18 11:41:57 --> number_format(): Passing null to parameter #1 ($num) of type float is deprecated
in APPPATH\Views\kas-masjid\v_kas_masjid_keluar.php on line 56.
 1 [internal function]: CodeIgniter\Debug\Exceptions->errorHandler(8192, 'number_format(): Passing null to parameter #1 ($num) of type float is deprecated', 'APPPATH\\Views\\kas-masjid\\v_kas_masjid_keluar.php', 56)
 2 APPPATH\Views\kas-masjid\v_kas_masjid_keluar.php(56): number_format(null, 0)
 3 SYSTEMPATH\View\View.php(213): include('APPPATH\\Views\\kas-masjid\\v_kas_masjid_keluar.php')
 4 SYSTEMPATH\View\View.php(216): CodeIgniter\View\View->CodeIgniter\View\{closure}()
 5 SYSTEMPATH\Common.php(1135): CodeIgniter\View\View->render('kas-masjid/v_kas_masjid_keluar', [], true)
 6 APPPATH\Views\v_template_admin.php(286): view('kas-masjid/v_kas_masjid_keluar')
 7 SYSTEMPATH\View\View.php(213): include('APPPATH\\Views\\v_template_admin.php')
 8 SYSTEMPATH\View\View.php(216): CodeIgniter\View\View->CodeIgniter\View\{closure}()
 9 SYSTEMPATH\Common.php(1135): CodeIgniter\View\View->render('v_template_admin', [], true)
10 APPPATH\Controllers\KasMasjid.php(51): view('v_template_admin', [...])
11 SYSTEMPATH\CodeIgniter.php(925): App\Controllers\KasMasjid->KasKeluar()
12 SYSTEMPATH\CodeIgniter.php(480): CodeIgniter\CodeIgniter->runController(Object(App\Controllers\KasMasjid))
13 SYSTEMPATH\CodeIgniter.php(349): CodeIgniter\CodeIgniter->handleRequest(null, Object(Config\Cache), false)
14 FCPATH\index.php(67): CodeIgniter\CodeIgniter->run()
CRITICAL - 2023-04-18 11:44:45 --> number_format(): Passing null to parameter #1 ($num) of type float is deprecated
in APPPATH\Views\kas-masjid\v_rekap_kas_masjid.php on line 27.
 1 [internal function]: CodeIgniter\Debug\Exceptions->errorHandler(8192, 'number_format(): Passing null to parameter #1 ($num) of type float is deprecated', 'APPPATH\\Views\\kas-masjid\\v_rekap_kas_masjid.php', 27)
 2 APPPATH\Views\kas-masjid\v_rekap_kas_masjid.php(27): number_format(null, 0)
 3 SYSTEMPATH\View\View.php(213): include('APPPATH\\Views\\kas-masjid\\v_rekap_kas_masjid.php')
 4 SYSTEMPATH\View\View.php(216): CodeIgniter\View\View->CodeIgniter\View\{closure}()
 5 SYSTEMPATH\Common.php(1135): CodeIgniter\View\View->render('kas-masjid/v_rekap_kas_masjid', [], true)
 6 APPPATH\Views\v_template_admin.php(286): view('kas-masjid/v_rekap_kas_masjid')
 7 SYSTEMPATH\View\View.php(213): include('APPPATH\\Views\\v_template_admin.php')
 8 SYSTEMPATH\View\View.php(216): CodeIgniter\View\View->CodeIgniter\View\{closure}()
 9 SYSTEMPATH\Common.php(1135): CodeIgniter\View\View->render('v_template_admin', [], true)
10 APPPATH\Controllers\KasMasjid.php(26): view('v_template_admin', [...])
11 SYSTEMPATH\CodeIgniter.php(925): App\Controllers\KasMasjid->index()
12 SYSTEMPATH\CodeIgniter.php(480): CodeIgniter\CodeIgniter->runController(Object(App\Controllers\KasMasjid))
13 SYSTEMPATH\CodeIgniter.php(349): CodeIgniter\CodeIgniter->handleRequest(null, Object(Config\Cache), false)
14 FCPATH\index.php(67): CodeIgniter\CodeIgniter->run()
CRITICAL - 2023-04-18 11:47:36 --> number_format(): Passing null to parameter #1 ($num) of type float is deprecated
in APPPATH\Views\kas-masjid\v_rekap_kas_masjid.php on line 67.
 1 [internal function]: CodeIgniter\Debug\Exceptions->errorHandler(8192, 'number_format(): Passing null to parameter #1 ($num) of type float is deprecated', 'APPPATH\\Views\\kas-masjid\\v_rekap_kas_masjid.php', 67)
 2 APPPATH\Views\kas-masjid\v_rekap_kas_masjid.php(67): number_format(null, 0)
 3 SYSTEMPATH\View\View.php(213): include('APPPATH\\Views\\kas-masjid\\v_rekap_kas_masjid.php')
 4 SYSTEMPATH\View\View.php(216): CodeIgniter\View\View->CodeIgniter\View\{closure}()
 5 SYSTEMPATH\Common.php(1135): CodeIgniter\View\View->render('kas-masjid/v_rekap_kas_masjid', [], true)
 6 APPPATH\Views\v_template_admin.php(286): view('kas-masjid/v_rekap_kas_masjid')
 7 SYSTEMPATH\View\View.php(213): include('APPPATH\\Views\\v_template_admin.php')
 8 SYSTEMPATH\View\View.php(216): CodeIgniter\View\View->CodeIgniter\View\{closure}()
 9 SYSTEMPATH\Common.php(1135): CodeIgniter\View\View->render('v_template_admin', [], true)
10 APPPATH\Controllers\KasMasjid.php(26): view('v_template_admin', [...])
11 SYSTEMPATH\CodeIgniter.php(925): App\Controllers\KasMasjid->index()
12 SYSTEMPATH\CodeIgniter.php(480): CodeIgniter\CodeIgniter->runController(Object(App\Controllers\KasMasjid))
13 SYSTEMPATH\CodeIgniter.php(349): CodeIgniter\CodeIgniter->handleRequest(null, Object(Config\Cache), false)
14 FCPATH\index.php(67): CodeIgniter\CodeIgniter->run()
CRITICAL - 2023-04-18 11:47:43 --> number_format(): Passing null to parameter #1 ($num) of type float is deprecated
in APPPATH\Views\kas-masjid\v_rekap_kas_masjid.php on line 67.
 1 [internal function]: CodeIgniter\Debug\Exceptions->errorHandler(8192, 'number_format(): Passing null to parameter #1 ($num) of type float is deprecated', 'APPPATH\\Views\\kas-masjid\\v_rekap_kas_masjid.php', 67)
 2 APPPATH\Views\kas-masjid\v_rekap_kas_masjid.php(67): number_format(null, 0)
 3 SYSTEMPATH\View\View.php(213): include('APPPATH\\Views\\kas-masjid\\v_rekap_kas_masjid.php')
 4 SYSTEMPATH\View\View.php(216): CodeIgniter\View\View->CodeIgniter\View\{closure}()
 5 SYSTEMPATH\Common.php(1135): CodeIgniter\View\View->render('kas-masjid/v_rekap_kas_masjid', [], true)
 6 APPPATH\Views\v_template_admin.php(286): view('kas-masjid/v_rekap_kas_masjid')
 7 SYSTEMPATH\View\View.php(213): include('APPPATH\\Views\\v_template_admin.php')
 8 SYSTEMPATH\View\View.php(216): CodeIgniter\View\View->CodeIgniter\View\{closure}()
 9 SYSTEMPATH\Common.php(1135): CodeIgniter\View\View->render('v_template_admin', [], true)
10 APPPATH\Controllers\KasMasjid.php(26): view('v_template_admin', [...])
11 SYSTEMPATH\CodeIgniter.php(925): App\Controllers\KasMasjid->index()
12 SYSTEMPATH\CodeIgniter.php(480): CodeIgniter\CodeIgniter->runController(Object(App\Controllers\KasMasjid))
13 SYSTEMPATH\CodeIgniter.php(349): CodeIgniter\CodeIgniter->handleRequest(null, Object(Config\Cache), false)
14 FCPATH\index.php(67): CodeIgniter\CodeIgniter->run()
CRITICAL - 2023-04-18 11:47:47 --> number_format(): Passing null to parameter #1 ($num) of type float is deprecated
in APPPATH\Views\kas-masjid\v_rekap_kas_masjid.php on line 67.
 1 [internal function]: CodeIgniter\Debug\Exceptions->errorHandler(8192, 'number_format(): Passing null to parameter #1 ($num) of type float is deprecated', 'APPPATH\\Views\\kas-masjid\\v_rekap_kas_masjid.php', 67)
 2 APPPATH\Views\kas-masjid\v_rekap_kas_masjid.php(67): number_format(null, 0)
 3 SYSTEMPATH\View\View.php(213): include('APPPATH\\Views\\kas-masjid\\v_rekap_kas_masjid.php')
 4 SYSTEMPATH\View\View.php(216): CodeIgniter\View\View->CodeIgniter\View\{closure}()
 5 SYSTEMPATH\Common.php(1135): CodeIgniter\View\View->render('kas-masjid/v_rekap_kas_masjid', [], true)
 6 APPPATH\Views\v_template_admin.php(286): view('kas-masjid/v_rekap_kas_masjid')
 7 SYSTEMPATH\View\View.php(213): include('APPPATH\\Views\\v_template_admin.php')
 8 SYSTEMPATH\View\View.php(216): CodeIgniter\View\View->CodeIgniter\View\{closure}()
 9 SYSTEMPATH\Common.php(1135): CodeIgniter\View\View->render('v_template_admin', [], true)
10 APPPATH\Controllers\KasMasjid.php(26): view('v_template_admin', [...])
11 SYSTEMPATH\CodeIgniter.php(925): App\Controllers\KasMasjid->index()
12 SYSTEMPATH\CodeIgniter.php(480): CodeIgniter\CodeIgniter->runController(Object(App\Controllers\KasMasjid))
13 SYSTEMPATH\CodeIgniter.php(349): CodeIgniter\CodeIgniter->handleRequest(null, Object(Config\Cache), false)
14 FCPATH\index.php(67): CodeIgniter\CodeIgniter->run()
CRITICAL - 2023-04-18 11:48:16 --> number_format(): Passing null to parameter #1 ($num) of type float is deprecated
in APPPATH\Views\kas-masjid\v_rekap_kas_masjid.php on line 67.
 1 [internal function]: CodeIgniter\Debug\Exceptions->errorHandler(8192, 'number_format(): Passing null to parameter #1 ($num) of type float is deprecated', 'APPPATH\\Views\\kas-masjid\\v_rekap_kas_masjid.php', 67)
 2 APPPATH\Views\kas-masjid\v_rekap_kas_masjid.php(67): number_format(null, 0)
 3 SYSTEMPATH\View\View.php(213): include('APPPATH\\Views\\kas-masjid\\v_rekap_kas_masjid.php')
 4 SYSTEMPATH\View\View.php(216): CodeIgniter\View\View->CodeIgniter\View\{closure}()
 5 SYSTEMPATH\Common.php(1135): CodeIgniter\View\View->render('kas-masjid/v_rekap_kas_masjid', [], true)
 6 APPPATH\Views\v_template_admin.php(286): view('kas-masjid/v_rekap_kas_masjid')
 7 SYSTEMPATH\View\View.php(213): include('APPPATH\\Views\\v_template_admin.php')
 8 SYSTEMPATH\View\View.php(216): CodeIgniter\View\View->CodeIgniter\View\{closure}()
 9 SYSTEMPATH\Common.php(1135): CodeIgniter\View\View->render('v_template_admin', [], true)
10 APPPATH\Controllers\KasMasjid.php(26): view('v_template_admin', [...])
11 SYSTEMPATH\CodeIgniter.php(925): App\Controllers\KasMasjid->index()
12 SYSTEMPATH\CodeIgniter.php(480): CodeIgniter\CodeIgniter->runController(Object(App\Controllers\KasMasjid))
13 SYSTEMPATH\CodeIgniter.php(349): CodeIgniter\CodeIgniter->handleRequest(null, Object(Config\Cache), false)
14 FCPATH\index.php(67): CodeIgniter\CodeIgniter->run()
CRITICAL - 2023-04-18 11:48:34 --> number_format(): Passing null to parameter #1 ($num) of type float is deprecated
in APPPATH\Views\kas-masjid\v_rekap_kas_masjid.php on line 67.
 1 [internal function]: CodeIgniter\Debug\Exceptions->errorHandler(8192, 'number_format(): Passing null to parameter #1 ($num) of type float is deprecated', 'APPPATH\\Views\\kas-masjid\\v_rekap_kas_masjid.php', 67)
 2 APPPATH\Views\kas-masjid\v_rekap_kas_masjid.php(67): number_format(null, 0)
 3 SYSTEMPATH\View\View.php(213): include('APPPATH\\Views\\kas-masjid\\v_rekap_kas_masjid.php')
 4 SYSTEMPATH\View\View.php(216): CodeIgniter\View\View->CodeIgniter\View\{closure}()
 5 SYSTEMPATH\Common.php(1135): CodeIgniter\View\View->render('kas-masjid/v_rekap_kas_masjid', [], true)
 6 APPPATH\Views\v_template_admin.php(286): view('kas-masjid/v_rekap_kas_masjid')
 7 SYSTEMPATH\View\View.php(213): include('APPPATH\\Views\\v_template_admin.php')
 8 SYSTEMPATH\View\View.php(216): CodeIgniter\View\View->CodeIgniter\View\{closure}()
 9 SYSTEMPATH\Common.php(1135): CodeIgniter\View\View->render('v_template_admin', [], true)
10 APPPATH\Controllers\KasMasjid.php(26): view('v_template_admin', [...])
11 SYSTEMPATH\CodeIgniter.php(925): App\Controllers\KasMasjid->index()
12 SYSTEMPATH\CodeIgniter.php(480): CodeIgniter\CodeIgniter->runController(Object(App\Controllers\KasMasjid))
13 SYSTEMPATH\CodeIgniter.php(349): CodeIgniter\CodeIgniter->handleRequest(null, Object(Config\Cache), false)
14 FCPATH\index.php(67): CodeIgniter\CodeIgniter->run()
CRITICAL - 2023-04-18 11:48:52 --> number_format(): Passing null to parameter #1 ($num) of type float is deprecated
in APPPATH\Views\kas-masjid\v_rekap_kas_masjid.php on line 67.
 1 [internal function]: CodeIgniter\Debug\Exceptions->errorHandler(8192, 'number_format(): Passing null to parameter #1 ($num) of type float is deprecated', 'APPPATH\\Views\\kas-masjid\\v_rekap_kas_masjid.php', 67)
 2 APPPATH\Views\kas-masjid\v_rekap_kas_masjid.php(67): number_format(null, 0)
 3 SYSTEMPATH\View\View.php(213): include('APPPATH\\Views\\kas-masjid\\v_rekap_kas_masjid.php')
 4 SYSTEMPATH\View\View.php(216): CodeIgniter\View\View->CodeIgniter\View\{closure}()
 5 SYSTEMPATH\Common.php(1135): CodeIgniter\View\View->render('kas-masjid/v_rekap_kas_masjid', [], true)
 6 APPPATH\Views\v_template_admin.php(286): view('kas-masjid/v_rekap_kas_masjid')
 7 SYSTEMPATH\View\View.php(213): include('APPPATH\\Views\\v_template_admin.php')
 8 SYSTEMPATH\View\View.php(216): CodeIgniter\View\View->CodeIgniter\View\{closure}()
 9 SYSTEMPATH\Common.php(1135): CodeIgniter\View\View->render('v_template_admin', [], true)
10 APPPATH\Controllers\KasMasjid.php(26): view('v_template_admin', [...])
11 SYSTEMPATH\CodeIgniter.php(925): App\Controllers\KasMasjid->index()
12 SYSTEMPATH\CodeIgniter.php(480): CodeIgniter\CodeIgniter->runController(Object(App\Controllers\KasMasjid))
13 SYSTEMPATH\CodeIgniter.php(349): CodeIgniter\CodeIgniter->handleRequest(null, Object(Config\Cache), false)
14 FCPATH\index.php(67): CodeIgniter\CodeIgniter->run()
CRITICAL - 2023-04-18 11:48:54 --> number_format(): Passing null to parameter #1 ($num) of type float is deprecated
in APPPATH\Views\kas-masjid\v_rekap_kas_masjid.php on line 67.
 1 [internal function]: CodeIgniter\Debug\Exceptions->errorHandler(8192, 'number_format(): Passing null to parameter #1 ($num) of type float is deprecated', 'APPPATH\\Views\\kas-masjid\\v_rekap_kas_masjid.php', 67)
 2 APPPATH\Views\kas-masjid\v_rekap_kas_masjid.php(67): number_format(null, 0)
 3 SYSTEMPATH\View\View.php(213): include('APPPATH\\Views\\kas-masjid\\v_rekap_kas_masjid.php')
 4 SYSTEMPATH\View\View.php(216): CodeIgniter\View\View->CodeIgniter\View\{closure}()
 5 SYSTEMPATH\Common.php(1135): CodeIgniter\View\View->render('kas-masjid/v_rekap_kas_masjid', [], true)
 6 APPPATH\Views\v_template_admin.php(286): view('kas-masjid/v_rekap_kas_masjid')
 7 SYSTEMPATH\View\View.php(213): include('APPPATH\\Views\\v_template_admin.php')
 8 SYSTEMPATH\View\View.php(216): CodeIgniter\View\View->CodeIgniter\View\{closure}()
 9 SYSTEMPATH\Common.php(1135): CodeIgniter\View\View->render('v_template_admin', [], true)
10 APPPATH\Controllers\KasMasjid.php(26): view('v_template_admin', [...])
11 SYSTEMPATH\CodeIgniter.php(925): App\Controllers\KasMasjid->index()
12 SYSTEMPATH\CodeIgniter.php(480): CodeIgniter\CodeIgniter->runController(Object(App\Controllers\KasMasjid))
13 SYSTEMPATH\CodeIgniter.php(349): CodeIgniter\CodeIgniter->handleRequest(null, Object(Config\Cache), false)
14 FCPATH\index.php(67): CodeIgniter\CodeIgniter->run()
CRITICAL - 2023-04-18 11:49:22 --> number_format(): Passing null to parameter #1 ($num) of type float is deprecated
in APPPATH\Views\kas-masjid\v_rekap_kas_masjid.php on line 27.
 1 [internal function]: CodeIgniter\Debug\Exceptions->errorHandler(8192, 'number_format(): Passing null to parameter #1 ($num) of type float is deprecated', 'APPPATH\\Views\\kas-masjid\\v_rekap_kas_masjid.php', 27)
 2 APPPATH\Views\kas-masjid\v_rekap_kas_masjid.php(27): number_format(null, 0)
 3 SYSTEMPATH\View\View.php(213): include('APPPATH\\Views\\kas-masjid\\v_rekap_kas_masjid.php')
 4 SYSTEMPATH\View\View.php(216): CodeIgniter\View\View->CodeIgniter\View\{closure}()
 5 SYSTEMPATH\Common.php(1135): CodeIgniter\View\View->render('kas-masjid/v_rekap_kas_masjid', [], true)
 6 APPPATH\Views\v_template_admin.php(286): view('kas-masjid/v_rekap_kas_masjid')
 7 SYSTEMPATH\View\View.php(213): include('APPPATH\\Views\\v_template_admin.php')
 8 SYSTEMPATH\View\View.php(216): CodeIgniter\View\View->CodeIgniter\View\{closure}()
 9 SYSTEMPATH\Common.php(1135): CodeIgniter\View\View->render('v_template_admin', [], true)
10 APPPATH\Controllers\KasMasjid.php(26): view('v_template_admin', [...])
11 SYSTEMPATH\CodeIgniter.php(925): App\Controllers\KasMasjid->index()
12 SYSTEMPATH\CodeIgniter.php(480): CodeIgniter\CodeIgniter->runController(Object(App\Controllers\KasMasjid))
13 SYSTEMPATH\CodeIgniter.php(349): CodeIgniter\CodeIgniter->handleRequest(null, Object(Config\Cache), false)
14 FCPATH\index.php(67): CodeIgniter\CodeIgniter->run()
CRITICAL - 2023-04-18 11:49:52 --> number_format(): Passing null to parameter #1 ($num) of type float is deprecated
in APPPATH\Views\kas-masjid\v_rekap_kas_masjid.php on line 27.
 1 [internal function]: CodeIgniter\Debug\Exceptions->errorHandler(8192, 'number_format(): Passing null to parameter #1 ($num) of type float is deprecated', 'APPPATH\\Views\\kas-masjid\\v_rekap_kas_masjid.php', 27)
 2 APPPATH\Views\kas-masjid\v_rekap_kas_masjid.php(27): number_format(null, 0)
 3 SYSTEMPATH\View\View.php(213): include('APPPATH\\Views\\kas-masjid\\v_rekap_kas_masjid.php')
 4 SYSTEMPATH\View\View.php(216): CodeIgniter\View\View->CodeIgniter\View\{closure}()
 5 SYSTEMPATH\Common.php(1135): CodeIgniter\View\View->render('kas-masjid/v_rekap_kas_masjid', [], true)
 6 APPPATH\Views\v_template_admin.php(286): view('kas-masjid/v_rekap_kas_masjid')
 7 SYSTEMPATH\View\View.php(213): include('APPPATH\\Views\\v_template_admin.php')
 8 SYSTEMPATH\View\View.php(216): CodeIgniter\View\View->CodeIgniter\View\{closure}()
 9 SYSTEMPATH\Common.php(1135): CodeIgniter\View\View->render('v_template_admin', [], true)
10 APPPATH\Controllers\KasMasjid.php(26): view('v_template_admin', [...])
11 SYSTEMPATH\CodeIgniter.php(925): App\Controllers\KasMasjid->index()
12 SYSTEMPATH\CodeIgniter.php(480): CodeIgniter\CodeIgniter->runController(Object(App\Controllers\KasMasjid))
13 SYSTEMPATH\CodeIgniter.php(349): CodeIgniter\CodeIgniter->handleRequest(null, Object(Config\Cache), false)
14 FCPATH\index.php(67): CodeIgniter\CodeIgniter->run()
CRITICAL - 2023-04-18 11:51:03 --> number_format(): Passing null to parameter #1 ($num) of type float is deprecated
in APPPATH\Views\kas-masjid\v_rekap_kas_masjid.php on line 67.
 1 [internal function]: CodeIgniter\Debug\Exceptions->errorHandler(8192, 'number_format(): Passing null to parameter #1 ($num) of type float is deprecated', 'APPPATH\\Views\\kas-masjid\\v_rekap_kas_masjid.php', 67)
 2 APPPATH\Views\kas-masjid\v_rekap_kas_masjid.php(67): number_format(null, 0)
 3 SYSTEMPATH\View\View.php(213): include('APPPATH\\Views\\kas-masjid\\v_rekap_kas_masjid.php')
 4 SYSTEMPATH\View\View.php(216): CodeIgniter\View\View->CodeIgniter\View\{closure}()
 5 SYSTEMPATH\Common.php(1135): CodeIgniter\View\View->render('kas-masjid/v_rekap_kas_masjid', [], true)
 6 APPPATH\Views\v_template_admin.php(286): view('kas-masjid/v_rekap_kas_masjid')
 7 SYSTEMPATH\View\View.php(213): include('APPPATH\\Views\\v_template_admin.php')
 8 SYSTEMPATH\View\View.php(216): CodeIgniter\View\View->CodeIgniter\View\{closure}()
 9 SYSTEMPATH\Common.php(1135): CodeIgniter\View\View->render('v_template_admin', [], true)
10 APPPATH\Controllers\KasMasjid.php(26): view('v_template_admin', [...])
11 SYSTEMPATH\CodeIgniter.php(925): App\Controllers\KasMasjid->index()
12 SYSTEMPATH\CodeIgniter.php(480): CodeIgniter\CodeIgniter->runController(Object(App\Controllers\KasMasjid))
13 SYSTEMPATH\CodeIgniter.php(349): CodeIgniter\CodeIgniter->handleRequest(null, Object(Config\Cache), false)
14 FCPATH\index.php(67): CodeIgniter\CodeIgniter->run()
CRITICAL - 2023-04-18 11:52:27 --> number_format(): Passing null to parameter #1 ($num) of type float is deprecated
in APPPATH\Views\kas-masjid\v_rekap_kas_masjid.php on line 74.
 1 [internal function]: CodeIgniter\Debug\Exceptions->errorHandler(8192, 'number_format(): Passing null to parameter #1 ($num) of type float is deprecated', 'APPPATH\\Views\\kas-masjid\\v_rekap_kas_masjid.php', 74)
 2 APPPATH\Views\kas-masjid\v_rekap_kas_masjid.php(74): number_format(null, 0)
 3 SYSTEMPATH\View\View.php(213): include('APPPATH\\Views\\kas-masjid\\v_rekap_kas_masjid.php')
 4 SYSTEMPATH\View\View.php(216): CodeIgniter\View\View->CodeIgniter\View\{closure}()
 5 SYSTEMPATH\Common.php(1135): CodeIgniter\View\View->render('kas-masjid/v_rekap_kas_masjid', [], true)
 6 APPPATH\Views\v_template_admin.php(286): view('kas-masjid/v_rekap_kas_masjid')
 7 SYSTEMPATH\View\View.php(213): include('APPPATH\\Views\\v_template_admin.php')
 8 SYSTEMPATH\View\View.php(216): CodeIgniter\View\View->CodeIgniter\View\{closure}()
 9 SYSTEMPATH\Common.php(1135): CodeIgniter\View\View->render('v_template_admin', [], true)
10 APPPATH\Controllers\KasMasjid.php(26): view('v_template_admin', [...])
11 SYSTEMPATH\CodeIgniter.php(925): App\Controllers\KasMasjid->index()
12 SYSTEMPATH\CodeIgniter.php(480): CodeIgniter\CodeIgniter->runController(Object(App\Controllers\KasMasjid))
13 SYSTEMPATH\CodeIgniter.php(349): CodeIgniter\CodeIgniter->handleRequest(null, Object(Config\Cache), false)
14 FCPATH\index.php(67): CodeIgniter\CodeIgniter->run()
CRITICAL - 2023-04-18 11:53:32 --> number_format(): Passing null to parameter #1 ($num) of type float is deprecated
in APPPATH\Views\kas-masjid\v_rekap_kas_masjid.php on line 67.
 1 [internal function]: CodeIgniter\Debug\Exceptions->errorHandler(8192, 'number_format(): Passing null to parameter #1 ($num) of type float is deprecated', 'APPPATH\\Views\\kas-masjid\\v_rekap_kas_masjid.php', 67)
 2 APPPATH\Views\kas-masjid\v_rekap_kas_masjid.php(67): number_format(null, 0)
 3 SYSTEMPATH\View\View.php(213): include('APPPATH\\Views\\kas-masjid\\v_rekap_kas_masjid.php')
 4 SYSTEMPATH\View\View.php(216): CodeIgniter\View\View->CodeIgniter\View\{closure}()
 5 SYSTEMPATH\Common.php(1135): CodeIgniter\View\View->render('kas-masjid/v_rekap_kas_masjid', [], true)
 6 APPPATH\Views\v_template_admin.php(286): view('kas-masjid/v_rekap_kas_masjid')
 7 SYSTEMPATH\View\View.php(213): include('APPPATH\\Views\\v_template_admin.php')
 8 SYSTEMPATH\View\View.php(216): CodeIgniter\View\View->CodeIgniter\View\{closure}()
 9 SYSTEMPATH\Common.php(1135): CodeIgniter\View\View->render('v_template_admin', [], true)
10 APPPATH\Controllers\KasMasjid.php(26): view('v_template_admin', [...])
11 SYSTEMPATH\CodeIgniter.php(925): App\Controllers\KasMasjid->index()
12 SYSTEMPATH\CodeIgniter.php(480): CodeIgniter\CodeIgniter->runController(Object(App\Controllers\KasMasjid))
13 SYSTEMPATH\CodeIgniter.php(349): CodeIgniter\CodeIgniter->handleRequest(null, Object(Config\Cache), false)
14 FCPATH\index.php(67): CodeIgniter\CodeIgniter->run()
CRITICAL - 2023-04-18 11:53:32 --> number_format(): Passing null to parameter #1 ($num) of type float is deprecated
in APPPATH\Views\kas-masjid\v_rekap_kas_masjid.php on line 67.
 1 [internal function]: CodeIgniter\Debug\Exceptions->errorHandler(8192, 'number_format(): Passing null to parameter #1 ($num) of type float is deprecated', 'APPPATH\\Views\\kas-masjid\\v_rekap_kas_masjid.php', 67)
 2 APPPATH\Views\kas-masjid\v_rekap_kas_masjid.php(67): number_format(null, 0)
 3 SYSTEMPATH\View\View.php(213): include('APPPATH\\Views\\kas-masjid\\v_rekap_kas_masjid.php')
 4 SYSTEMPATH\View\View.php(216): CodeIgniter\View\View->CodeIgniter\View\{closure}()
 5 SYSTEMPATH\Common.php(1135): CodeIgniter\View\View->render('kas-masjid/v_rekap_kas_masjid', [], true)
 6 APPPATH\Views\v_template_admin.php(286): view('kas-masjid/v_rekap_kas_masjid')
 7 SYSTEMPATH\View\View.php(213): include('APPPATH\\Views\\v_template_admin.php')
 8 SYSTEMPATH\View\View.php(216): CodeIgniter\View\View->CodeIgniter\View\{closure}()
 9 SYSTEMPATH\Common.php(1135): CodeIgniter\View\View->render('v_template_admin', [], true)
10 APPPATH\Controllers\KasMasjid.php(26): view('v_template_admin', [...])
11 SYSTEMPATH\CodeIgniter.php(925): App\Controllers\KasMasjid->index()
12 SYSTEMPATH\CodeIgniter.php(480): CodeIgniter\CodeIgniter->runController(Object(App\Controllers\KasMasjid))
13 SYSTEMPATH\CodeIgniter.php(349): CodeIgniter\CodeIgniter->handleRequest(null, Object(Config\Cache), false)
14 FCPATH\index.php(67): CodeIgniter\CodeIgniter->run()
CRITICAL - 2023-04-18 11:53:33 --> number_format(): Passing null to parameter #1 ($num) of type float is deprecated
in APPPATH\Views\kas-masjid\v_rekap_kas_masjid.php on line 67.
 1 [internal function]: CodeIgniter\Debug\Exceptions->errorHandler(8192, 'number_format(): Passing null to parameter #1 ($num) of type float is deprecated', 'APPPATH\\Views\\kas-masjid\\v_rekap_kas_masjid.php', 67)
 2 APPPATH\Views\kas-masjid\v_rekap_kas_masjid.php(67): number_format(null, 0)
 3 SYSTEMPATH\View\View.php(213): include('APPPATH\\Views\\kas-masjid\\v_rekap_kas_masjid.php')
 4 SYSTEMPATH\View\View.php(216): CodeIgniter\View\View->CodeIgniter\View\{closure}()
 5 SYSTEMPATH\Common.php(1135): CodeIgniter\View\View->render('kas-masjid/v_rekap_kas_masjid', [], true)
 6 APPPATH\Views\v_template_admin.php(286): view('kas-masjid/v_rekap_kas_masjid')
 7 SYSTEMPATH\View\View.php(213): include('APPPATH\\Views\\v_template_admin.php')
 8 SYSTEMPATH\View\View.php(216): CodeIgniter\View\View->CodeIgniter\View\{closure}()
 9 SYSTEMPATH\Common.php(1135): CodeIgniter\View\View->render('v_template_admin', [], true)
10 APPPATH\Controllers\KasMasjid.php(26): view('v_template_admin', [...])
11 SYSTEMPATH\CodeIgniter.php(925): App\Controllers\KasMasjid->index()
12 SYSTEMPATH\CodeIgniter.php(480): CodeIgniter\CodeIgniter->runController(Object(App\Controllers\KasMasjid))
13 SYSTEMPATH\CodeIgniter.php(349): CodeIgniter\CodeIgniter->handleRequest(null, Object(Config\Cache), false)
14 FCPATH\index.php(67): CodeIgniter\CodeIgniter->run()
CRITICAL - 2023-04-18 11:53:33 --> number_format(): Passing null to parameter #1 ($num) of type float is deprecated
in APPPATH\Views\kas-masjid\v_rekap_kas_masjid.php on line 67.
 1 [internal function]: CodeIgniter\Debug\Exceptions->errorHandler(8192, 'number_format(): Passing null to parameter #1 ($num) of type float is deprecated', 'APPPATH\\Views\\kas-masjid\\v_rekap_kas_masjid.php', 67)
 2 APPPATH\Views\kas-masjid\v_rekap_kas_masjid.php(67): number_format(null, 0)
 3 SYSTEMPATH\View\View.php(213): include('APPPATH\\Views\\kas-masjid\\v_rekap_kas_masjid.php')
 4 SYSTEMPATH\View\View.php(216): CodeIgniter\View\View->CodeIgniter\View\{closure}()
 5 SYSTEMPATH\Common.php(1135): CodeIgniter\View\View->render('kas-masjid/v_rekap_kas_masjid', [], true)
 6 APPPATH\Views\v_template_admin.php(286): view('kas-masjid/v_rekap_kas_masjid')
 7 SYSTEMPATH\View\View.php(213): include('APPPATH\\Views\\v_template_admin.php')
 8 SYSTEMPATH\View\View.php(216): CodeIgniter\View\View->CodeIgniter\View\{closure}()
 9 SYSTEMPATH\Common.php(1135): CodeIgniter\View\View->render('v_template_admin', [], true)
10 APPPATH\Controllers\KasMasjid.php(26): view('v_template_admin', [...])
11 SYSTEMPATH\CodeIgniter.php(925): App\Controllers\KasMasjid->index()
12 SYSTEMPATH\CodeIgniter.php(480): CodeIgniter\CodeIgniter->runController(Object(App\Controllers\KasMasjid))
13 SYSTEMPATH\CodeIgniter.php(349): CodeIgniter\CodeIgniter->handleRequest(null, Object(Config\Cache), false)
14 FCPATH\index.php(67): CodeIgniter\CodeIgniter->run()
CRITICAL - 2023-04-18 11:53:34 --> number_format(): Passing null to parameter #1 ($num) of type float is deprecated
in APPPATH\Views\kas-masjid\v_rekap_kas_masjid.php on line 67.
 1 [internal function]: CodeIgniter\Debug\Exceptions->errorHandler(8192, 'number_format(): Passing null to parameter #1 ($num) of type float is deprecated', 'APPPATH\\Views\\kas-masjid\\v_rekap_kas_masjid.php', 67)
 2 APPPATH\Views\kas-masjid\v_rekap_kas_masjid.php(67): number_format(null, 0)
 3 SYSTEMPATH\View\View.php(213): include('APPPATH\\Views\\kas-masjid\\v_rekap_kas_masjid.php')
 4 SYSTEMPATH\View\View.php(216): CodeIgniter\View\View->CodeIgniter\View\{closure}()
 5 SYSTEMPATH\Common.php(1135): CodeIgniter\View\View->render('kas-masjid/v_rekap_kas_masjid', [], true)
 6 APPPATH\Views\v_template_admin.php(286): view('kas-masjid/v_rekap_kas_masjid')
 7 SYSTEMPATH\View\View.php(213): include('APPPATH\\Views\\v_template_admin.php')
 8 SYSTEMPATH\View\View.php(216): CodeIgniter\View\View->CodeIgniter\View\{closure}()
 9 SYSTEMPATH\Common.php(1135): CodeIgniter\View\View->render('v_template_admin', [], true)
10 APPPATH\Controllers\KasMasjid.php(26): view('v_template_admin', [...])
11 SYSTEMPATH\CodeIgniter.php(925): App\Controllers\KasMasjid->index()
12 SYSTEMPATH\CodeIgniter.php(480): CodeIgniter\CodeIgniter->runController(Object(App\Controllers\KasMasjid))
13 SYSTEMPATH\CodeIgniter.php(349): CodeIgniter\CodeIgniter->handleRequest(null, Object(Config\Cache), false)
14 FCPATH\index.php(67): CodeIgniter\CodeIgniter->run()
CRITICAL - 2023-04-18 11:54:59 --> number_format(): Passing null to parameter #1 ($num) of type float is deprecated
in APPPATH\Views\kas-masjid\v_rekap_kas_masjid.php on line 54.
 1 [internal function]: CodeIgniter\Debug\Exceptions->errorHandler(8192, 'number_format(): Passing null to parameter #1 ($num) of type float is deprecated', 'APPPATH\\Views\\kas-masjid\\v_rekap_kas_masjid.php', 54)
 2 APPPATH\Views\kas-masjid\v_rekap_kas_masjid.php(54): number_format(null, 0)
 3 SYSTEMPATH\View\View.php(213): include('APPPATH\\Views\\kas-masjid\\v_rekap_kas_masjid.php')
 4 SYSTEMPATH\View\View.php(216): CodeIgniter\View\View->CodeIgniter\View\{closure}()
 5 SYSTEMPATH\Common.php(1135): CodeIgniter\View\View->render('kas-masjid/v_rekap_kas_masjid', [], true)
 6 APPPATH\Views\v_template_admin.php(286): view('kas-masjid/v_rekap_kas_masjid')
 7 SYSTEMPATH\View\View.php(213): include('APPPATH\\Views\\v_template_admin.php')
 8 SYSTEMPATH\View\View.php(216): CodeIgniter\View\View->CodeIgniter\View\{closure}()
 9 SYSTEMPATH\Common.php(1135): CodeIgniter\View\View->render('v_template_admin', [], true)
10 APPPATH\Controllers\KasMasjid.php(26): view('v_template_admin', [...])
11 SYSTEMPATH\CodeIgniter.php(925): App\Controllers\KasMasjid->index()
12 SYSTEMPATH\CodeIgniter.php(480): CodeIgniter\CodeIgniter->runController(Object(App\Controllers\KasMasjid))
13 SYSTEMPATH\CodeIgniter.php(349): CodeIgniter\CodeIgniter->handleRequest(null, Object(Config\Cache), false)
14 FCPATH\index.php(67): CodeIgniter\CodeIgniter->run()
CRITICAL - 2023-04-18 11:55:00 --> number_format(): Passing null to parameter #1 ($num) of type float is deprecated
in APPPATH\Views\kas-masjid\v_rekap_kas_masjid.php on line 54.
 1 [internal function]: CodeIgniter\Debug\Exceptions->errorHandler(8192, 'number_format(): Passing null to parameter #1 ($num) of type float is deprecated', 'APPPATH\\Views\\kas-masjid\\v_rekap_kas_masjid.php', 54)
 2 APPPATH\Views\kas-masjid\v_rekap_kas_masjid.php(54): number_format(null, 0)
 3 SYSTEMPATH\View\View.php(213): include('APPPATH\\Views\\kas-masjid\\v_rekap_kas_masjid.php')
 4 SYSTEMPATH\View\View.php(216): CodeIgniter\View\View->CodeIgniter\View\{closure}()
 5 SYSTEMPATH\Common.php(1135): CodeIgniter\View\View->render('kas-masjid/v_rekap_kas_masjid', [], true)
 6 APPPATH\Views\v_template_admin.php(286): view('kas-masjid/v_rekap_kas_masjid')
 7 SYSTEMPATH\View\View.php(213): include('APPPATH\\Views\\v_template_admin.php')
 8 SYSTEMPATH\View\View.php(216): CodeIgniter\View\View->CodeIgniter\View\{closure}()
 9 SYSTEMPATH\Common.php(1135): CodeIgniter\View\View->render('v_template_admin', [], true)
10 APPPATH\Controllers\KasMasjid.php(26): view('v_template_admin', [...])
11 SYSTEMPATH\CodeIgniter.php(925): App\Controllers\KasMasjid->index()
12 SYSTEMPATH\CodeIgniter.php(480): CodeIgniter\CodeIgniter->runController(Object(App\Controllers\KasMasjid))
13 SYSTEMPATH\CodeIgniter.php(349): CodeIgniter\CodeIgniter->handleRequest(null, Object(Config\Cache), false)
14 FCPATH\index.php(67): CodeIgniter\CodeIgniter->run()
CRITICAL - 2023-04-18 11:55:01 --> number_format(): Passing null to parameter #1 ($num) of type float is deprecated
in APPPATH\Views\kas-masjid\v_rekap_kas_masjid.php on line 54.
 1 [internal function]: CodeIgniter\Debug\Exceptions->errorHandler(8192, 'number_format(): Passing null to parameter #1 ($num) of type float is deprecated', 'APPPATH\\Views\\kas-masjid\\v_rekap_kas_masjid.php', 54)
 2 APPPATH\Views\kas-masjid\v_rekap_kas_masjid.php(54): number_format(null, 0)
 3 SYSTEMPATH\View\View.php(213): include('APPPATH\\Views\\kas-masjid\\v_rekap_kas_masjid.php')
 4 SYSTEMPATH\View\View.php(216): CodeIgniter\View\View->CodeIgniter\View\{closure}()
 5 SYSTEMPATH\Common.php(1135): CodeIgniter\View\View->render('kas-masjid/v_rekap_kas_masjid', [], true)
 6 APPPATH\Views\v_template_admin.php(286): view('kas-masjid/v_rekap_kas_masjid')
 7 SYSTEMPATH\View\View.php(213): include('APPPATH\\Views\\v_template_admin.php')
 8 SYSTEMPATH\View\View.php(216): CodeIgniter\View\View->CodeIgniter\View\{closure}()
 9 SYSTEMPATH\Common.php(1135): CodeIgniter\View\View->render('v_template_admin', [], true)
10 APPPATH\Controllers\KasMasjid.php(26): view('v_template_admin', [...])
11 SYSTEMPATH\CodeIgniter.php(925): App\Controllers\KasMasjid->index()
12 SYSTEMPATH\CodeIgniter.php(480): CodeIgniter\CodeIgniter->runController(Object(App\Controllers\KasMasjid))
13 SYSTEMPATH\CodeIgniter.php(349): CodeIgniter\CodeIgniter->handleRequest(null, Object(Config\Cache), false)
14 FCPATH\index.php(67): CodeIgniter\CodeIgniter->run()
CRITICAL - 2023-04-18 11:55:23 --> number_format(): Passing null to parameter #1 ($num) of type float is deprecated
in APPPATH\Views\kas-masjid\v_rekap_kas_masjid.php on line 54.
 1 [internal function]: CodeIgniter\Debug\Exceptions->errorHandler(8192, 'number_format(): Passing null to parameter #1 ($num) of type float is deprecated', 'APPPATH\\Views\\kas-masjid\\v_rekap_kas_masjid.php', 54)
 2 APPPATH\Views\kas-masjid\v_rekap_kas_masjid.php(54): number_format(null, 0)
 3 SYSTEMPATH\View\View.php(213): include('APPPATH\\Views\\kas-masjid\\v_rekap_kas_masjid.php')
 4 SYSTEMPATH\View\View.php(216): CodeIgniter\View\View->CodeIgniter\View\{closure}()
 5 SYSTEMPATH\Common.php(1135): CodeIgniter\View\View->render('kas-masjid/v_rekap_kas_masjid', [], true)
 6 APPPATH\Views\v_template_admin.php(286): view('kas-masjid/v_rekap_kas_masjid')
 7 SYSTEMPATH\View\View.php(213): include('APPPATH\\Views\\v_template_admin.php')
 8 SYSTEMPATH\View\View.php(216): CodeIgniter\View\View->CodeIgniter\View\{closure}()
 9 SYSTEMPATH\Common.php(1135): CodeIgniter\View\View->render('v_template_admin', [], true)
10 APPPATH\Controllers\KasMasjid.php(26): view('v_template_admin', [...])
11 SYSTEMPATH\CodeIgniter.php(925): App\Controllers\KasMasjid->index()
12 SYSTEMPATH\CodeIgniter.php(480): CodeIgniter\CodeIgniter->runController(Object(App\Controllers\KasMasjid))
13 SYSTEMPATH\CodeIgniter.php(349): CodeIgniter\CodeIgniter->handleRequest(null, Object(Config\Cache), false)
14 FCPATH\index.php(67): CodeIgniter\CodeIgniter->run()
CRITICAL - 2023-04-18 11:55:57 --> number_format(): Passing null to parameter #1 ($num) of type float is deprecated
in APPPATH\Views\kas-masjid\v_rekap_kas_masjid.php on line 54.
 1 [internal function]: CodeIgniter\Debug\Exceptions->errorHandler(8192, 'number_format(): Passing null to parameter #1 ($num) of type float is deprecated', 'APPPATH\\Views\\kas-masjid\\v_rekap_kas_masjid.php', 54)
 2 APPPATH\Views\kas-masjid\v_rekap_kas_masjid.php(54): number_format(null, 0)
 3 SYSTEMPATH\View\View.php(213): include('APPPATH\\Views\\kas-masjid\\v_rekap_kas_masjid.php')
 4 SYSTEMPATH\View\View.php(216): CodeIgniter\View\View->CodeIgniter\View\{closure}()
 5 SYSTEMPATH\Common.php(1135): CodeIgniter\View\View->render('kas-masjid/v_rekap_kas_masjid', [], true)
 6 APPPATH\Views\v_template_admin.php(286): view('kas-masjid/v_rekap_kas_masjid')
 7 SYSTEMPATH\View\View.php(213): include('APPPATH\\Views\\v_template_admin.php')
 8 SYSTEMPATH\View\View.php(216): CodeIgniter\View\View->CodeIgniter\View\{closure}()
 9 SYSTEMPATH\Common.php(1135): CodeIgniter\View\View->render('v_template_admin', [], true)
10 APPPATH\Controllers\KasMasjid.php(26): view('v_template_admin', [...])
11 SYSTEMPATH\CodeIgniter.php(925): App\Controllers\KasMasjid->index()
12 SYSTEMPATH\CodeIgniter.php(480): CodeIgniter\CodeIgniter->runController(Object(App\Controllers\KasMasjid))
13 SYSTEMPATH\CodeIgniter.php(349): CodeIgniter\CodeIgniter->handleRequest(null, Object(Config\Cache), false)
14 FCPATH\index.php(67): CodeIgniter\CodeIgniter->run()
CRITICAL - 2023-04-18 11:56:34 --> number_format(): Passing null to parameter #1 ($num) of type float is deprecated
in APPPATH\Views\kas-masjid\v_rekap_kas_masjid.php on line 74.
 1 [internal function]: CodeIgniter\Debug\Exceptions->errorHandler(8192, 'number_format(): Passing null to parameter #1 ($num) of type float is deprecated', 'APPPATH\\Views\\kas-masjid\\v_rekap_kas_masjid.php', 74)
 2 APPPATH\Views\kas-masjid\v_rekap_kas_masjid.php(74): number_format(null, 0)
 3 SYSTEMPATH\View\View.php(213): include('APPPATH\\Views\\kas-masjid\\v_rekap_kas_masjid.php')
 4 SYSTEMPATH\View\View.php(216): CodeIgniter\View\View->CodeIgniter\View\{closure}()
 5 SYSTEMPATH\Common.php(1135): CodeIgniter\View\View->render('kas-masjid/v_rekap_kas_masjid', [], true)
 6 APPPATH\Views\v_template_admin.php(286): view('kas-masjid/v_rekap_kas_masjid')
 7 SYSTEMPATH\View\View.php(213): include('APPPATH\\Views\\v_template_admin.php')
 8 SYSTEMPATH\View\View.php(216): CodeIgniter\View\View->CodeIgniter\View\{closure}()
 9 SYSTEMPATH\Common.php(1135): CodeIgniter\View\View->render('v_template_admin', [], true)
10 APPPATH\Controllers\KasMasjid.php(26): view('v_template_admin', [...])
11 SYSTEMPATH\CodeIgniter.php(925): App\Controllers\KasMasjid->index()
12 SYSTEMPATH\CodeIgniter.php(480): CodeIgniter\CodeIgniter->runController(Object(App\Controllers\KasMasjid))
13 SYSTEMPATH\CodeIgniter.php(349): CodeIgniter\CodeIgniter->handleRequest(null, Object(Config\Cache), false)
14 FCPATH\index.php(67): CodeIgniter\CodeIgniter->run()
CRITICAL - 2023-04-18 11:56:35 --> number_format(): Passing null to parameter #1 ($num) of type float is deprecated
in APPPATH\Views\kas-masjid\v_rekap_kas_masjid.php on line 74.
 1 [internal function]: CodeIgniter\Debug\Exceptions->errorHandler(8192, 'number_format(): Passing null to parameter #1 ($num) of type float is deprecated', 'APPPATH\\Views\\kas-masjid\\v_rekap_kas_masjid.php', 74)
 2 APPPATH\Views\kas-masjid\v_rekap_kas_masjid.php(74): number_format(null, 0)
 3 SYSTEMPATH\View\View.php(213): include('APPPATH\\Views\\kas-masjid\\v_rekap_kas_masjid.php')
 4 SYSTEMPATH\View\View.php(216): CodeIgniter\View\View->CodeIgniter\View\{closure}()
 5 SYSTEMPATH\Common.php(1135): CodeIgniter\View\View->render('kas-masjid/v_rekap_kas_masjid', [], true)
 6 APPPATH\Views\v_template_admin.php(286): view('kas-masjid/v_rekap_kas_masjid')
 7 SYSTEMPATH\View\View.php(213): include('APPPATH\\Views\\v_template_admin.php')
 8 SYSTEMPATH\View\View.php(216): CodeIgniter\View\View->CodeIgniter\View\{closure}()
 9 SYSTEMPATH\Common.php(1135): CodeIgniter\View\View->render('v_template_admin', [], true)
10 APPPATH\Controllers\KasMasjid.php(26): view('v_template_admin', [...])
11 SYSTEMPATH\CodeIgniter.php(925): App\Controllers\KasMasjid->index()
12 SYSTEMPATH\CodeIgniter.php(480): CodeIgniter\CodeIgniter->runController(Object(App\Controllers\KasMasjid))
13 SYSTEMPATH\CodeIgniter.php(349): CodeIgniter\CodeIgniter->handleRequest(null, Object(Config\Cache), false)
14 FCPATH\index.php(67): CodeIgniter\CodeIgniter->run()
CRITICAL - 2023-04-18 11:56:41 --> number_format(): Passing null to parameter #1 ($num) of type float is deprecated
in APPPATH\Views\kas-masjid\v_rekap_kas_masjid.php on line 74.
 1 [internal function]: CodeIgniter\Debug\Exceptions->errorHandler(8192, 'number_format(): Passing null to parameter #1 ($num) of type float is deprecated', 'APPPATH\\Views\\kas-masjid\\v_rekap_kas_masjid.php', 74)
 2 APPPATH\Views\kas-masjid\v_rekap_kas_masjid.php(74): number_format(null, 0)
 3 SYSTEMPATH\View\View.php(213): include('APPPATH\\Views\\kas-masjid\\v_rekap_kas_masjid.php')
 4 SYSTEMPATH\View\View.php(216): CodeIgniter\View\View->CodeIgniter\View\{closure}()
 5 SYSTEMPATH\Common.php(1135): CodeIgniter\View\View->render('kas-masjid/v_rekap_kas_masjid', [], true)
 6 APPPATH\Views\v_template_admin.php(286): view('kas-masjid/v_rekap_kas_masjid')
 7 SYSTEMPATH\View\View.php(213): include('APPPATH\\Views\\v_template_admin.php')
 8 SYSTEMPATH\View\View.php(216): CodeIgniter\View\View->CodeIgniter\View\{closure}()
 9 SYSTEMPATH\Common.php(1135): CodeIgniter\View\View->render('v_template_admin', [], true)
10 APPPATH\Controllers\KasMasjid.php(26): view('v_template_admin', [...])
11 SYSTEMPATH\CodeIgniter.php(925): App\Controllers\KasMasjid->index()
12 SYSTEMPATH\CodeIgniter.php(480): CodeIgniter\CodeIgniter->runController(Object(App\Controllers\KasMasjid))
13 SYSTEMPATH\CodeIgniter.php(349): CodeIgniter\CodeIgniter->handleRequest(null, Object(Config\Cache), false)
14 FCPATH\index.php(67): CodeIgniter\CodeIgniter->run()
CRITICAL - 2023-04-18 11:56:43 --> number_format(): Passing null to parameter #1 ($num) of type float is deprecated
in APPPATH\Views\kas-masjid\v_rekap_kas_masjid.php on line 74.
 1 [internal function]: CodeIgniter\Debug\Exceptions->errorHandler(8192, 'number_format(): Passing null to parameter #1 ($num) of type float is deprecated', 'APPPATH\\Views\\kas-masjid\\v_rekap_kas_masjid.php', 74)
 2 APPPATH\Views\kas-masjid\v_rekap_kas_masjid.php(74): number_format(null, 0)
 3 SYSTEMPATH\View\View.php(213): include('APPPATH\\Views\\kas-masjid\\v_rekap_kas_masjid.php')
 4 SYSTEMPATH\View\View.php(216): CodeIgniter\View\View->CodeIgniter\View\{closure}()
 5 SYSTEMPATH\Common.php(1135): CodeIgniter\View\View->render('kas-masjid/v_rekap_kas_masjid', [], true)
 6 APPPATH\Views\v_template_admin.php(286): view('kas-masjid/v_rekap_kas_masjid')
 7 SYSTEMPATH\View\View.php(213): include('APPPATH\\Views\\v_template_admin.php')
 8 SYSTEMPATH\View\View.php(216): CodeIgniter\View\View->CodeIgniter\View\{closure}()
 9 SYSTEMPATH\Common.php(1135): CodeIgniter\View\View->render('v_template_admin', [], true)
10 APPPATH\Controllers\KasMasjid.php(26): view('v_template_admin', [...])
11 SYSTEMPATH\CodeIgniter.php(925): App\Controllers\KasMasjid->index()
12 SYSTEMPATH\CodeIgniter.php(480): CodeIgniter\CodeIgniter->runController(Object(App\Controllers\KasMasjid))
13 SYSTEMPATH\CodeIgniter.php(349): CodeIgniter\CodeIgniter->handleRequest(null, Object(Config\Cache), false)
14 FCPATH\index.php(67): CodeIgniter\CodeIgniter->run()
CRITICAL - 2023-04-18 11:56:51 --> number_format(): Passing null to parameter #1 ($num) of type float is deprecated
in APPPATH\Views\kas-masjid\v_rekap_kas_masjid.php on line 74.
 1 [internal function]: CodeIgniter\Debug\Exceptions->errorHandler(8192, 'number_format(): Passing null to parameter #1 ($num) of type float is deprecated', 'APPPATH\\Views\\kas-masjid\\v_rekap_kas_masjid.php', 74)
 2 APPPATH\Views\kas-masjid\v_rekap_kas_masjid.php(74): number_format(null, 0)
 3 SYSTEMPATH\View\View.php(213): include('APPPATH\\Views\\kas-masjid\\v_rekap_kas_masjid.php')
 4 SYSTEMPATH\View\View.php(216): CodeIgniter\View\View->CodeIgniter\View\{closure}()
 5 SYSTEMPATH\Common.php(1135): CodeIgniter\View\View->render('kas-masjid/v_rekap_kas_masjid', [], true)
 6 APPPATH\Views\v_template_admin.php(286): view('kas-masjid/v_rekap_kas_masjid')
 7 SYSTEMPATH\View\View.php(213): include('APPPATH\\Views\\v_template_admin.php')
 8 SYSTEMPATH\View\View.php(216): CodeIgniter\View\View->CodeIgniter\View\{closure}()
 9 SYSTEMPATH\Common.php(1135): CodeIgniter\View\View->render('v_template_admin', [], true)
10 APPPATH\Controllers\KasMasjid.php(26): view('v_template_admin', [...])
11 SYSTEMPATH\CodeIgniter.php(925): App\Controllers\KasMasjid->index()
12 SYSTEMPATH\CodeIgniter.php(480): CodeIgniter\CodeIgniter->runController(Object(App\Controllers\KasMasjid))
13 SYSTEMPATH\CodeIgniter.php(349): CodeIgniter\CodeIgniter->handleRequest(null, Object(Config\Cache), false)
14 FCPATH\index.php(67): CodeIgniter\CodeIgniter->run()
CRITICAL - 2023-04-18 12:05:17 --> number_format(): Passing null to parameter #1 ($num) of type float is deprecated
in APPPATH\Views\kas-masjid\v_rekap_kas_masjid.php on line 74.
 1 [internal function]: CodeIgniter\Debug\Exceptions->errorHandler(8192, 'number_format(): Passing null to parameter #1 ($num) of type float is deprecated', 'APPPATH\\Views\\kas-masjid\\v_rekap_kas_masjid.php', 74)
 2 APPPATH\Views\kas-masjid\v_rekap_kas_masjid.php(74): number_format(null, 0)
 3 SYSTEMPATH\View\View.php(213): include('APPPATH\\Views\\kas-masjid\\v_rekap_kas_masjid.php')
 4 SYSTEMPATH\View\View.php(216): CodeIgniter\View\View->CodeIgniter\View\{closure}()
 5 SYSTEMPATH\Common.php(1135): CodeIgniter\View\View->render('kas-masjid/v_rekap_kas_masjid', [], true)
 6 APPPATH\Views\v_template_admin.php(286): view('kas-masjid/v_rekap_kas_masjid')
 7 SYSTEMPATH\View\View.php(213): include('APPPATH\\Views\\v_template_admin.php')
 8 SYSTEMPATH\View\View.php(216): CodeIgniter\View\View->CodeIgniter\View\{closure}()
 9 SYSTEMPATH\Common.php(1135): CodeIgniter\View\View->render('v_template_admin', [], true)
10 APPPATH\Controllers\KasMasjid.php(26): view('v_template_admin', [...])
11 SYSTEMPATH\CodeIgniter.php(925): App\Controllers\KasMasjid->index()
12 SYSTEMPATH\CodeIgniter.php(480): CodeIgniter\CodeIgniter->runController(Object(App\Controllers\KasMasjid))
13 SYSTEMPATH\CodeIgniter.php(349): CodeIgniter\CodeIgniter->handleRequest(null, Object(Config\Cache), false)
14 FCPATH\index.php(67): CodeIgniter\CodeIgniter->run()
CRITICAL - 2023-04-18 12:05:54 --> number_format(): Passing null to parameter #1 ($num) of type float is deprecated
in APPPATH\Views\kas-masjid\v_rekap_kas_masjid.php on line 74.
 1 [internal function]: CodeIgniter\Debug\Exceptions->errorHandler(8192, 'number_format(): Passing null to parameter #1 ($num) of type float is deprecated', 'APPPATH\\Views\\kas-masjid\\v_rekap_kas_masjid.php', 74)
 2 APPPATH\Views\kas-masjid\v_rekap_kas_masjid.php(74): number_format(null, 0)
 3 SYSTEMPATH\View\View.php(213): include('APPPATH\\Views\\kas-masjid\\v_rekap_kas_masjid.php')
 4 SYSTEMPATH\View\View.php(216): CodeIgniter\View\View->CodeIgniter\View\{closure}()
 5 SYSTEMPATH\Common.php(1135): CodeIgniter\View\View->render('kas-masjid/v_rekap_kas_masjid', [], true)
 6 APPPATH\Views\v_template_admin.php(286): view('kas-masjid/v_rekap_kas_masjid')
 7 SYSTEMPATH\View\View.php(213): include('APPPATH\\Views\\v_template_admin.php')
 8 SYSTEMPATH\View\View.php(216): CodeIgniter\View\View->CodeIgniter\View\{closure}()
 9 SYSTEMPATH\Common.php(1135): CodeIgniter\View\View->render('v_template_admin', [], true)
10 APPPATH\Controllers\KasMasjid.php(26): view('v_template_admin', [...])
11 SYSTEMPATH\CodeIgniter.php(925): App\Controllers\KasMasjid->index()
12 SYSTEMPATH\CodeIgniter.php(480): CodeIgniter\CodeIgniter->runController(Object(App\Controllers\KasMasjid))
13 SYSTEMPATH\CodeIgniter.php(349): CodeIgniter\CodeIgniter->handleRequest(null, Object(Config\Cache), false)
14 FCPATH\index.php(67): CodeIgniter\CodeIgniter->run()
CRITICAL - 2023-04-18 12:17:21 --> Unsupported operand types: array - array
in APPPATH\Views\kas-masjid\v_rekap_kas_masjid.php on line 12.
 1 SYSTEMPATH\View\View.php(213): include()
 2 SYSTEMPATH\View\View.php(216): CodeIgniter\View\View->CodeIgniter\View\{closure}()
 3 SYSTEMPATH\Common.php(1135): CodeIgniter\View\View->render('kas-masjid/v_rekap_kas_masjid', [], true)
 4 APPPATH\Views\v_template_admin.php(286): view('kas-masjid/v_rekap_kas_masjid')
 5 SYSTEMPATH\View\View.php(213): include('APPPATH\\Views\\v_template_admin.php')
 6 SYSTEMPATH\View\View.php(216): CodeIgniter\View\View->CodeIgniter\View\{closure}()
 7 SYSTEMPATH\Common.php(1135): CodeIgniter\View\View->render('v_template_admin', [], true)
 8 APPPATH\Controllers\KasMasjid.php(26): view('v_template_admin', [...])
 9 SYSTEMPATH\CodeIgniter.php(925): App\Controllers\KasMasjid->index()
10 SYSTEMPATH\CodeIgniter.php(480): CodeIgniter\CodeIgniter->runController(Object(App\Controllers\KasMasjid))
11 SYSTEMPATH\CodeIgniter.php(349): CodeIgniter\CodeIgniter->handleRequest(null, Object(Config\Cache), false)
12 FCPATH\index.php(67): CodeIgniter\CodeIgniter->run()
CRITICAL - 2023-04-18 12:20:25 --> number_format(): Passing null to parameter #1 ($num) of type float is deprecated
in APPPATH\Views\kas-masjid\v_kas_masjid_keluar.php on line 56.
 1 [internal function]: CodeIgniter\Debug\Exceptions->errorHandler(8192, 'number_format(): Passing null to parameter #1 ($num) of type float is deprecated', 'APPPATH\\Views\\kas-masjid\\v_kas_masjid_keluar.php', 56)
 2 APPPATH\Views\kas-masjid\v_kas_masjid_keluar.php(56): number_format(null, 0)
 3 SYSTEMPATH\View\View.php(213): include('APPPATH\\Views\\kas-masjid\\v_kas_masjid_keluar.php')
 4 SYSTEMPATH\View\View.php(216): CodeIgniter\View\View->CodeIgniter\View\{closure}()
 5 SYSTEMPATH\Common.php(1135): CodeIgniter\View\View->render('kas-masjid/v_kas_masjid_keluar', [], true)
 6 APPPATH\Views\v_template_admin.php(286): view('kas-masjid/v_kas_masjid_keluar')
 7 SYSTEMPATH\View\View.php(213): include('APPPATH\\Views\\v_template_admin.php')
 8 SYSTEMPATH\View\View.php(216): CodeIgniter\View\View->CodeIgniter\View\{closure}()
 9 SYSTEMPATH\Common.php(1135): CodeIgniter\View\View->render('v_template_admin', [], true)
10 APPPATH\Controllers\KasMasjid.php(51): view('v_template_admin', [...])
11 SYSTEMPATH\CodeIgniter.php(925): App\Controllers\KasMasjid->KasKeluar()
12 SYSTEMPATH\CodeIgniter.php(480): CodeIgniter\CodeIgniter->runController(Object(App\Controllers\KasMasjid))
13 SYSTEMPATH\CodeIgniter.php(349): CodeIgniter\CodeIgniter->handleRequest(null, Object(Config\Cache), false)
14 FCPATH\index.php(67): CodeIgniter\CodeIgniter->run()
CRITICAL - 2023-04-18 12:25:10 --> Call to undefined function number_to_amount()
in APPPATH\Views\kas-masjid\v_kas_masjid_keluar.php on line 56.
 1 SYSTEMPATH\View\View.php(213): include()
 2 SYSTEMPATH\View\View.php(216): CodeIgniter\View\View->CodeIgniter\View\{closure}()
 3 SYSTEMPATH\Common.php(1135): CodeIgniter\View\View->render('kas-masjid/v_kas_masjid_keluar', [], true)
 4 APPPATH\Views\v_template_admin.php(286): view('kas-masjid/v_kas_masjid_keluar')
 5 SYSTEMPATH\View\View.php(213): include('APPPATH\\Views\\v_template_admin.php')
 6 SYSTEMPATH\View\View.php(216): CodeIgniter\View\View->CodeIgniter\View\{closure}()
 7 SYSTEMPATH\Common.php(1135): CodeIgniter\View\View->render('v_template_admin', [], true)
 8 APPPATH\Controllers\KasMasjid.php(51): view('v_template_admin', [...])
 9 SYSTEMPATH\CodeIgniter.php(925): App\Controllers\KasMasjid->KasKeluar()
10 SYSTEMPATH\CodeIgniter.php(480): CodeIgniter\CodeIgniter->runController(Object(App\Controllers\KasMasjid))
11 SYSTEMPATH\CodeIgniter.php(349): CodeIgniter\CodeIgniter->handleRequest(null, Object(Config\Cache), false)
12 FCPATH\index.php(67): CodeIgniter\CodeIgniter->run()
CRITICAL - 2023-04-18 12:27:53 --> Undefined variable $pemasukan
in APPPATH\Views\kas-masjid\v_kas_masjid_keluar.php on line 15.
 1 APPPATH\Views\kas-masjid\v_kas_masjid_keluar.php(15): CodeIgniter\Debug\Exceptions->errorHandler(2, 'Undefined variable $pemasukan', 'APPPATH\\Views\\kas-masjid\\v_kas_masjid_keluar.php', 15)
 2 SYSTEMPATH\View\View.php(213): include('APPPATH\\Views\\kas-masjid\\v_kas_masjid_keluar.php')
 3 SYSTEMPATH\View\View.php(216): CodeIgniter\View\View->CodeIgniter\View\{closure}()
 4 SYSTEMPATH\Common.php(1135): CodeIgniter\View\View->render('kas-masjid/v_kas_masjid_keluar', [], true)
 5 APPPATH\Views\v_template_admin.php(286): view('kas-masjid/v_kas_masjid_keluar')
 6 SYSTEMPATH\View\View.php(213): include('APPPATH\\Views\\v_template_admin.php')
 7 SYSTEMPATH\View\View.php(216): CodeIgniter\View\View->CodeIgniter\View\{closure}()
 8 SYSTEMPATH\Common.php(1135): CodeIgniter\View\View->render('v_template_admin', [], true)
 9 APPPATH\Controllers\KasMasjid.php(51): view('v_template_admin', [...])
10 SYSTEMPATH\CodeIgniter.php(925): App\Controllers\KasMasjid->KasKeluar()
11 SYSTEMPATH\CodeIgniter.php(480): CodeIgniter\CodeIgniter->runController(Object(App\Controllers\KasMasjid))
12 SYSTEMPATH\CodeIgniter.php(349): CodeIgniter\CodeIgniter->handleRequest(null, Object(Config\Cache), false)
13 FCPATH\index.php(67): CodeIgniter\CodeIgniter->run()
CRITICAL - 2023-04-18 23:58:50 --> Undefined variable $kas
in APPPATH\Views\v_home.php on line 126.
 1 APPPATH\Views\v_home.php(126): CodeIgniter\Debug\Exceptions->errorHandler(2, 'Undefined variable $kas', 'APPPATH\\Views\\v_home.php', 126)
 2 SYSTEMPATH\View\View.php(213): include('APPPATH\\Views\\v_home.php')
 3 SYSTEMPATH\View\View.php(216): CodeIgniter\View\View->CodeIgniter\View\{closure}()
 4 SYSTEMPATH\Common.php(1135): CodeIgniter\View\View->render('v_home', [], true)
 5 APPPATH\Views\v_template.php(140): view('v_home')
 6 SYSTEMPATH\View\View.php(213): include('APPPATH\\Views\\v_template.php')
 7 SYSTEMPATH\View\View.php(216): CodeIgniter\View\View->CodeIgniter\View\{closure}()
 8 SYSTEMPATH\Common.php(1135): CodeIgniter\View\View->render('v_template', [], true)
 9 APPPATH\Controllers\Home.php(32): view('v_template', [...])
10 SYSTEMPATH\CodeIgniter.php(925): App\Controllers\Home->index()
11 SYSTEMPATH\CodeIgniter.php(480): CodeIgniter\CodeIgniter->runController(Object(App\Controllers\Home))
12 SYSTEMPATH\CodeIgniter.php(349): CodeIgniter\CodeIgniter->handleRequest(null, Object(Config\Cache), false)
13 FCPATH\index.php(67): CodeIgniter\CodeIgniter->run()
