CRITICAL - 2023-04-14 14:19:32 --> number_format(): Passing null to parameter #1 ($num) of type float is deprecated
in APPPATH\Views\kas-masjid\v_kas_masjid_keluar.php on line 54.
 1 [internal function]: CodeIgniter\Debug\Exceptions->errorHandler(8192, 'number_format(): Passing null to parameter #1 ($num) of type float is deprecated', 'APPPATH\\Views\\kas-masjid\\v_kas_masjid_keluar.php', 54)
 2 APPPATH\Views\kas-masjid\v_kas_masjid_keluar.php(54): number_format(null, 0)
 3 SYSTEMPATH\View\View.php(213): include('APPPATH\\Views\\kas-masjid\\v_kas_masjid_keluar.php')
 4 SYSTEMPATH\View\View.php(216): CodeIgniter\View\View->CodeIgniter\View\{closure}()
 5 SYSTEMPATH\Common.php(1135): CodeIgniter\View\View->render('kas-masjid/v_kas_masjid_keluar', [], true)
 6 APPPATH\Views\v_template_admin.php(286): view('kas-masjid/v_kas_masjid_keluar')
 7 SYSTEMPATH\View\View.php(213): include('APPPATH\\Views\\v_template_admin.php')
 8 SYSTEMPATH\View\View.php(216): CodeIgniter\View\View->CodeIgniter\View\{closure}()
 9 SYSTEMPATH\Common.php(1135): CodeIgniter\View\View->render('v_template_admin', [], true)
10 APPPATH\Controllers\KasMasjid.php(51): view('v_template_admin', [...])
11 SYSTEMPATH\CodeIgniter.php(925): App\Controllers\KasMasjid->KasKeluar()
12 SYSTEMPATH\CodeIgniter.php(480): CodeIgniter\CodeIgniter->runController(Object(App\Controllers\KasMasjid))
13 SYSTEMPATH\CodeIgniter.php(349): CodeIgniter\CodeIgniter->handleRequest(null, Object(Config\Cache), false)
14 FCPATH\index.php(67): CodeIgniter\CodeIgniter->run()
CRITICAL - 2023-04-14 14:26:50 --> number_format(): Passing null to parameter #1 ($num) of type float is deprecated
in APPPATH\Views\kas-masjid\v_rekap_kas_masjid.php on line 74.
 1 [internal function]: CodeIgniter\Debug\Exceptions->errorHandler(8192, 'number_format(): Passing null to parameter #1 ($num) of type float is deprecated', 'APPPATH\\Views\\kas-masjid\\v_rekap_kas_masjid.php', 74)
 2 APPPATH\Views\kas-masjid\v_rekap_kas_masjid.php(74): number_format(null, 0)
 3 SYSTEMPATH\View\View.php(213): include('APPPATH\\Views\\kas-masjid\\v_rekap_kas_masjid.php')
 4 SYSTEMPATH\View\View.php(216): CodeIgniter\View\View->CodeIgniter\View\{closure}()
 5 SYSTEMPATH\Common.php(1135): CodeIgniter\View\View->render('kas-masjid/v_rekap_kas_masjid', [], true)
 6 APPPATH\Views\v_template_admin.php(286): view('kas-masjid/v_rekap_kas_masjid')
 7 SYSTEMPATH\View\View.php(213): include('APPPATH\\Views\\v_template_admin.php')
 8 SYSTEMPATH\View\View.php(216): CodeIgniter\View\View->CodeIgniter\View\{closure}()
 9 SYSTEMPATH\Common.php(1135): CodeIgniter\View\View->render('v_template_admin', [], true)
10 APPPATH\Controllers\KasMasjid.php(26): view('v_template_admin', [...])
11 SYSTEMPATH\CodeIgniter.php(925): App\Controllers\KasMasjid->index()
12 SYSTEMPATH\CodeIgniter.php(480): CodeIgniter\CodeIgniter->runController(Object(App\Controllers\KasMasjid))
13 SYSTEMPATH\CodeIgniter.php(349): CodeIgniter\CodeIgniter->handleRequest(null, Object(Config\Cache), false)
14 FCPATH\index.php(67): CodeIgniter\CodeIgniter->run()
CRITICAL - 2023-04-14 14:26:56 --> number_format(): Passing null to parameter #1 ($num) of type float is deprecated
in APPPATH\Views\kas-masjid\v_rekap_kas_masjid.php on line 74.
 1 [internal function]: CodeIgniter\Debug\Exceptions->errorHandler(8192, 'number_format(): Passing null to parameter #1 ($num) of type float is deprecated', 'APPPATH\\Views\\kas-masjid\\v_rekap_kas_masjid.php', 74)
 2 APPPATH\Views\kas-masjid\v_rekap_kas_masjid.php(74): number_format(null, 0)
 3 SYSTEMPATH\View\View.php(213): include('APPPATH\\Views\\kas-masjid\\v_rekap_kas_masjid.php')
 4 SYSTEMPATH\View\View.php(216): CodeIgniter\View\View->CodeIgniter\View\{closure}()
 5 SYSTEMPATH\Common.php(1135): CodeIgniter\View\View->render('kas-masjid/v_rekap_kas_masjid', [], true)
 6 APPPATH\Views\v_template_admin.php(286): view('kas-masjid/v_rekap_kas_masjid')
 7 SYSTEMPATH\View\View.php(213): include('APPPATH\\Views\\v_template_admin.php')
 8 SYSTEMPATH\View\View.php(216): CodeIgniter\View\View->CodeIgniter\View\{closure}()
 9 SYSTEMPATH\Common.php(1135): CodeIgniter\View\View->render('v_template_admin', [], true)
10 APPPATH\Controllers\KasMasjid.php(26): view('v_template_admin', [...])
11 SYSTEMPATH\CodeIgniter.php(925): App\Controllers\KasMasjid->index()
12 SYSTEMPATH\CodeIgniter.php(480): CodeIgniter\CodeIgniter->runController(Object(App\Controllers\KasMasjid))
13 SYSTEMPATH\CodeIgniter.php(349): CodeIgniter\CodeIgniter->handleRequest(null, Object(Config\Cache), false)
14 FCPATH\index.php(67): CodeIgniter\CodeIgniter->run()
CRITICAL - 2023-04-14 14:27:08 --> number_format(): Passing null to parameter #1 ($num) of type float is deprecated
in APPPATH\Views\kas-masjid\v_rekap_kas_masjid.php on line 73.
 1 [internal function]: CodeIgniter\Debug\Exceptions->errorHandler(8192, 'number_format(): Passing null to parameter #1 ($num) of type float is deprecated', 'APPPATH\\Views\\kas-masjid\\v_rekap_kas_masjid.php', 73)
 2 APPPATH\Views\kas-masjid\v_rekap_kas_masjid.php(73): number_format(null, 0)
 3 SYSTEMPATH\View\View.php(213): include('APPPATH\\Views\\kas-masjid\\v_rekap_kas_masjid.php')
 4 SYSTEMPATH\View\View.php(216): CodeIgniter\View\View->CodeIgniter\View\{closure}()
 5 SYSTEMPATH\Common.php(1135): CodeIgniter\View\View->render('kas-masjid/v_rekap_kas_masjid', [], true)
 6 APPPATH\Views\v_template_admin.php(286): view('kas-masjid/v_rekap_kas_masjid')
 7 SYSTEMPATH\View\View.php(213): include('APPPATH\\Views\\v_template_admin.php')
 8 SYSTEMPATH\View\View.php(216): CodeIgniter\View\View->CodeIgniter\View\{closure}()
 9 SYSTEMPATH\Common.php(1135): CodeIgniter\View\View->render('v_template_admin', [], true)
10 APPPATH\Controllers\KasMasjid.php(26): view('v_template_admin', [...])
11 SYSTEMPATH\CodeIgniter.php(925): App\Controllers\KasMasjid->index()
12 SYSTEMPATH\CodeIgniter.php(480): CodeIgniter\CodeIgniter->runController(Object(App\Controllers\KasMasjid))
13 SYSTEMPATH\CodeIgniter.php(349): CodeIgniter\CodeIgniter->handleRequest(null, Object(Config\Cache), false)
14 FCPATH\index.php(67): CodeIgniter\CodeIgniter->run()
CRITICAL - 2023-04-14 14:27:11 --> number_format(): Passing null to parameter #1 ($num) of type float is deprecated
in APPPATH\Views\kas-masjid\v_rekap_kas_masjid.php on line 73.
 1 [internal function]: CodeIgniter\Debug\Exceptions->errorHandler(8192, 'number_format(): Passing null to parameter #1 ($num) of type float is deprecated', 'APPPATH\\Views\\kas-masjid\\v_rekap_kas_masjid.php', 73)
 2 APPPATH\Views\kas-masjid\v_rekap_kas_masjid.php(73): number_format(null, 0)
 3 SYSTEMPATH\View\View.php(213): include('APPPATH\\Views\\kas-masjid\\v_rekap_kas_masjid.php')
 4 SYSTEMPATH\View\View.php(216): CodeIgniter\View\View->CodeIgniter\View\{closure}()
 5 SYSTEMPATH\Common.php(1135): CodeIgniter\View\View->render('kas-masjid/v_rekap_kas_masjid', [], true)
 6 APPPATH\Views\v_template_admin.php(286): view('kas-masjid/v_rekap_kas_masjid')
 7 SYSTEMPATH\View\View.php(213): include('APPPATH\\Views\\v_template_admin.php')
 8 SYSTEMPATH\View\View.php(216): CodeIgniter\View\View->CodeIgniter\View\{closure}()
 9 SYSTEMPATH\Common.php(1135): CodeIgniter\View\View->render('v_template_admin', [], true)
10 APPPATH\Controllers\KasMasjid.php(26): view('v_template_admin', [...])
11 SYSTEMPATH\CodeIgniter.php(925): App\Controllers\KasMasjid->index()
12 SYSTEMPATH\CodeIgniter.php(480): CodeIgniter\CodeIgniter->runController(Object(App\Controllers\KasMasjid))
13 SYSTEMPATH\CodeIgniter.php(349): CodeIgniter\CodeIgniter->handleRequest(null, Object(Config\Cache), false)
14 FCPATH\index.php(67): CodeIgniter\CodeIgniter->run()
CRITICAL - 2023-04-14 14:27:21 --> number_format(): Passing null to parameter #1 ($num) of type float is deprecated
in APPPATH\Views\kas-masjid\v_rekap_kas_masjid.php on line 73.
 1 [internal function]: CodeIgniter\Debug\Exceptions->errorHandler(8192, 'number_format(): Passing null to parameter #1 ($num) of type float is deprecated', 'APPPATH\\Views\\kas-masjid\\v_rekap_kas_masjid.php', 73)
 2 APPPATH\Views\kas-masjid\v_rekap_kas_masjid.php(73): number_format(null, 0)
 3 SYSTEMPATH\View\View.php(213): include('APPPATH\\Views\\kas-masjid\\v_rekap_kas_masjid.php')
 4 SYSTEMPATH\View\View.php(216): CodeIgniter\View\View->CodeIgniter\View\{closure}()
 5 SYSTEMPATH\Common.php(1135): CodeIgniter\View\View->render('kas-masjid/v_rekap_kas_masjid', [], true)
 6 APPPATH\Views\v_template_admin.php(286): view('kas-masjid/v_rekap_kas_masjid')
 7 SYSTEMPATH\View\View.php(213): include('APPPATH\\Views\\v_template_admin.php')
 8 SYSTEMPATH\View\View.php(216): CodeIgniter\View\View->CodeIgniter\View\{closure}()
 9 SYSTEMPATH\Common.php(1135): CodeIgniter\View\View->render('v_template_admin', [], true)
10 APPPATH\Controllers\KasMasjid.php(26): view('v_template_admin', [...])
11 SYSTEMPATH\CodeIgniter.php(925): App\Controllers\KasMasjid->index()
12 SYSTEMPATH\CodeIgniter.php(480): CodeIgniter\CodeIgniter->runController(Object(App\Controllers\KasMasjid))
13 SYSTEMPATH\CodeIgniter.php(349): CodeIgniter\CodeIgniter->handleRequest(null, Object(Config\Cache), false)
14 FCPATH\index.php(67): CodeIgniter\CodeIgniter->run()
CRITICAL - 2023-04-14 14:27:42 --> number_format(): Passing null to parameter #1 ($num) of type float is deprecated
in APPPATH\Views\kas-masjid\v_rekap_kas_masjid.php on line 73.
 1 [internal function]: CodeIgniter\Debug\Exceptions->errorHandler(8192, 'number_format(): Passing null to parameter #1 ($num) of type float is deprecated', 'APPPATH\\Views\\kas-masjid\\v_rekap_kas_masjid.php', 73)
 2 APPPATH\Views\kas-masjid\v_rekap_kas_masjid.php(73): number_format(null, 0)
 3 SYSTEMPATH\View\View.php(213): include('APPPATH\\Views\\kas-masjid\\v_rekap_kas_masjid.php')
 4 SYSTEMPATH\View\View.php(216): CodeIgniter\View\View->CodeIgniter\View\{closure}()
 5 SYSTEMPATH\Common.php(1135): CodeIgniter\View\View->render('kas-masjid/v_rekap_kas_masjid', [], true)
 6 APPPATH\Views\v_template_admin.php(286): view('kas-masjid/v_rekap_kas_masjid')
 7 SYSTEMPATH\View\View.php(213): include('APPPATH\\Views\\v_template_admin.php')
 8 SYSTEMPATH\View\View.php(216): CodeIgniter\View\View->CodeIgniter\View\{closure}()
 9 SYSTEMPATH\Common.php(1135): CodeIgniter\View\View->render('v_template_admin', [], true)
10 APPPATH\Controllers\KasMasjid.php(26): view('v_template_admin', [...])
11 SYSTEMPATH\CodeIgniter.php(925): App\Controllers\KasMasjid->index()
12 SYSTEMPATH\CodeIgniter.php(480): CodeIgniter\CodeIgniter->runController(Object(App\Controllers\KasMasjid))
13 SYSTEMPATH\CodeIgniter.php(349): CodeIgniter\CodeIgniter->handleRequest(null, Object(Config\Cache), false)
14 FCPATH\index.php(67): CodeIgniter\CodeIgniter->run()
CRITICAL - 2023-04-14 14:27:45 --> number_format(): Passing null to parameter #1 ($num) of type float is deprecated
in APPPATH\Views\kas-masjid\v_rekap_kas_masjid.php on line 73.
 1 [internal function]: CodeIgniter\Debug\Exceptions->errorHandler(8192, 'number_format(): Passing null to parameter #1 ($num) of type float is deprecated', 'APPPATH\\Views\\kas-masjid\\v_rekap_kas_masjid.php', 73)
 2 APPPATH\Views\kas-masjid\v_rekap_kas_masjid.php(73): number_format(null, 0)
 3 SYSTEMPATH\View\View.php(213): include('APPPATH\\Views\\kas-masjid\\v_rekap_kas_masjid.php')
 4 SYSTEMPATH\View\View.php(216): CodeIgniter\View\View->CodeIgniter\View\{closure}()
 5 SYSTEMPATH\Common.php(1135): CodeIgniter\View\View->render('kas-masjid/v_rekap_kas_masjid', [], true)
 6 APPPATH\Views\v_template_admin.php(286): view('kas-masjid/v_rekap_kas_masjid')
 7 SYSTEMPATH\View\View.php(213): include('APPPATH\\Views\\v_template_admin.php')
 8 SYSTEMPATH\View\View.php(216): CodeIgniter\View\View->CodeIgniter\View\{closure}()
 9 SYSTEMPATH\Common.php(1135): CodeIgniter\View\View->render('v_template_admin', [], true)
10 APPPATH\Controllers\KasMasjid.php(26): view('v_template_admin', [...])
11 SYSTEMPATH\CodeIgniter.php(925): App\Controllers\KasMasjid->index()
12 SYSTEMPATH\CodeIgniter.php(480): CodeIgniter\CodeIgniter->runController(Object(App\Controllers\KasMasjid))
13 SYSTEMPATH\CodeIgniter.php(349): CodeIgniter\CodeIgniter->handleRequest(null, Object(Config\Cache), false)
14 FCPATH\index.php(67): CodeIgniter\CodeIgniter->run()
CRITICAL - 2023-04-14 14:27:46 --> number_format(): Passing null to parameter #1 ($num) of type float is deprecated
in APPPATH\Views\kas-masjid\v_rekap_kas_masjid.php on line 73.
 1 [internal function]: CodeIgniter\Debug\Exceptions->errorHandler(8192, 'number_format(): Passing null to parameter #1 ($num) of type float is deprecated', 'APPPATH\\Views\\kas-masjid\\v_rekap_kas_masjid.php', 73)
 2 APPPATH\Views\kas-masjid\v_rekap_kas_masjid.php(73): number_format(null, 0)
 3 SYSTEMPATH\View\View.php(213): include('APPPATH\\Views\\kas-masjid\\v_rekap_kas_masjid.php')
 4 SYSTEMPATH\View\View.php(216): CodeIgniter\View\View->CodeIgniter\View\{closure}()
 5 SYSTEMPATH\Common.php(1135): CodeIgniter\View\View->render('kas-masjid/v_rekap_kas_masjid', [], true)
 6 APPPATH\Views\v_template_admin.php(286): view('kas-masjid/v_rekap_kas_masjid')
 7 SYSTEMPATH\View\View.php(213): include('APPPATH\\Views\\v_template_admin.php')
 8 SYSTEMPATH\View\View.php(216): CodeIgniter\View\View->CodeIgniter\View\{closure}()
 9 SYSTEMPATH\Common.php(1135): CodeIgniter\View\View->render('v_template_admin', [], true)
10 APPPATH\Controllers\KasMasjid.php(26): view('v_template_admin', [...])
11 SYSTEMPATH\CodeIgniter.php(925): App\Controllers\KasMasjid->index()
12 SYSTEMPATH\CodeIgniter.php(480): CodeIgniter\CodeIgniter->runController(Object(App\Controllers\KasMasjid))
13 SYSTEMPATH\CodeIgniter.php(349): CodeIgniter\CodeIgniter->handleRequest(null, Object(Config\Cache), false)
14 FCPATH\index.php(67): CodeIgniter\CodeIgniter->run()
CRITICAL - 2023-04-14 14:27:47 --> number_format(): Passing null to parameter #1 ($num) of type float is deprecated
in APPPATH\Views\kas-masjid\v_rekap_kas_masjid.php on line 73.
 1 [internal function]: CodeIgniter\Debug\Exceptions->errorHandler(8192, 'number_format(): Passing null to parameter #1 ($num) of type float is deprecated', 'APPPATH\\Views\\kas-masjid\\v_rekap_kas_masjid.php', 73)
 2 APPPATH\Views\kas-masjid\v_rekap_kas_masjid.php(73): number_format(null, 0)
 3 SYSTEMPATH\View\View.php(213): include('APPPATH\\Views\\kas-masjid\\v_rekap_kas_masjid.php')
 4 SYSTEMPATH\View\View.php(216): CodeIgniter\View\View->CodeIgniter\View\{closure}()
 5 SYSTEMPATH\Common.php(1135): CodeIgniter\View\View->render('kas-masjid/v_rekap_kas_masjid', [], true)
 6 APPPATH\Views\v_template_admin.php(286): view('kas-masjid/v_rekap_kas_masjid')
 7 SYSTEMPATH\View\View.php(213): include('APPPATH\\Views\\v_template_admin.php')
 8 SYSTEMPATH\View\View.php(216): CodeIgniter\View\View->CodeIgniter\View\{closure}()
 9 SYSTEMPATH\Common.php(1135): CodeIgniter\View\View->render('v_template_admin', [], true)
10 APPPATH\Controllers\KasMasjid.php(26): view('v_template_admin', [...])
11 SYSTEMPATH\CodeIgniter.php(925): App\Controllers\KasMasjid->index()
12 SYSTEMPATH\CodeIgniter.php(480): CodeIgniter\CodeIgniter->runController(Object(App\Controllers\KasMasjid))
13 SYSTEMPATH\CodeIgniter.php(349): CodeIgniter\CodeIgniter->handleRequest(null, Object(Config\Cache), false)
14 FCPATH\index.php(67): CodeIgniter\CodeIgniter->run()
CRITICAL - 2023-04-14 14:28:16 --> number_format(): Passing null to parameter #1 ($num) of type float is deprecated
in APPPATH\Views\kas-masjid\v_rekap_kas_masjid.php on line 74.
 1 [internal function]: CodeIgniter\Debug\Exceptions->errorHandler(8192, 'number_format(): Passing null to parameter #1 ($num) of type float is deprecated', 'APPPATH\\Views\\kas-masjid\\v_rekap_kas_masjid.php', 74)
 2 APPPATH\Views\kas-masjid\v_rekap_kas_masjid.php(74): number_format(null, 0)
 3 SYSTEMPATH\View\View.php(213): include('APPPATH\\Views\\kas-masjid\\v_rekap_kas_masjid.php')
 4 SYSTEMPATH\View\View.php(216): CodeIgniter\View\View->CodeIgniter\View\{closure}()
 5 SYSTEMPATH\Common.php(1135): CodeIgniter\View\View->render('kas-masjid/v_rekap_kas_masjid', [], true)
 6 APPPATH\Views\v_template_admin.php(286): view('kas-masjid/v_rekap_kas_masjid')
 7 SYSTEMPATH\View\View.php(213): include('APPPATH\\Views\\v_template_admin.php')
 8 SYSTEMPATH\View\View.php(216): CodeIgniter\View\View->CodeIgniter\View\{closure}()
 9 SYSTEMPATH\Common.php(1135): CodeIgniter\View\View->render('v_template_admin', [], true)
10 APPPATH\Controllers\KasMasjid.php(26): view('v_template_admin', [...])
11 SYSTEMPATH\CodeIgniter.php(925): App\Controllers\KasMasjid->index()
12 SYSTEMPATH\CodeIgniter.php(480): CodeIgniter\CodeIgniter->runController(Object(App\Controllers\KasMasjid))
13 SYSTEMPATH\CodeIgniter.php(349): CodeIgniter\CodeIgniter->handleRequest(null, Object(Config\Cache), false)
14 FCPATH\index.php(67): CodeIgniter\CodeIgniter->run()
CRITICAL - 2023-04-14 14:28:17 --> number_format(): Passing null to parameter #1 ($num) of type float is deprecated
in APPPATH\Views\kas-masjid\v_rekap_kas_masjid.php on line 74.
 1 [internal function]: CodeIgniter\Debug\Exceptions->errorHandler(8192, 'number_format(): Passing null to parameter #1 ($num) of type float is deprecated', 'APPPATH\\Views\\kas-masjid\\v_rekap_kas_masjid.php', 74)
 2 APPPATH\Views\kas-masjid\v_rekap_kas_masjid.php(74): number_format(null, 0)
 3 SYSTEMPATH\View\View.php(213): include('APPPATH\\Views\\kas-masjid\\v_rekap_kas_masjid.php')
 4 SYSTEMPATH\View\View.php(216): CodeIgniter\View\View->CodeIgniter\View\{closure}()
 5 SYSTEMPATH\Common.php(1135): CodeIgniter\View\View->render('kas-masjid/v_rekap_kas_masjid', [], true)
 6 APPPATH\Views\v_template_admin.php(286): view('kas-masjid/v_rekap_kas_masjid')
 7 SYSTEMPATH\View\View.php(213): include('APPPATH\\Views\\v_template_admin.php')
 8 SYSTEMPATH\View\View.php(216): CodeIgniter\View\View->CodeIgniter\View\{closure}()
 9 SYSTEMPATH\Common.php(1135): CodeIgniter\View\View->render('v_template_admin', [], true)
10 APPPATH\Controllers\KasMasjid.php(26): view('v_template_admin', [...])
11 SYSTEMPATH\CodeIgniter.php(925): App\Controllers\KasMasjid->index()
12 SYSTEMPATH\CodeIgniter.php(480): CodeIgniter\CodeIgniter->runController(Object(App\Controllers\KasMasjid))
13 SYSTEMPATH\CodeIgniter.php(349): CodeIgniter\CodeIgniter->handleRequest(null, Object(Config\Cache), false)
14 FCPATH\index.php(67): CodeIgniter\CodeIgniter->run()
CRITICAL - 2023-04-14 14:28:45 --> number_format(): Passing null to parameter #1 ($num) of type float is deprecated
in APPPATH\Views\kas-masjid\v_rekap_kas_masjid.php on line 74.
 1 [internal function]: CodeIgniter\Debug\Exceptions->errorHandler(8192, 'number_format(): Passing null to parameter #1 ($num) of type float is deprecated', 'APPPATH\\Views\\kas-masjid\\v_rekap_kas_masjid.php', 74)
 2 APPPATH\Views\kas-masjid\v_rekap_kas_masjid.php(74): number_format(null, 0)
 3 SYSTEMPATH\View\View.php(213): include('APPPATH\\Views\\kas-masjid\\v_rekap_kas_masjid.php')
 4 SYSTEMPATH\View\View.php(216): CodeIgniter\View\View->CodeIgniter\View\{closure}()
 5 SYSTEMPATH\Common.php(1135): CodeIgniter\View\View->render('kas-masjid/v_rekap_kas_masjid', [], true)
 6 APPPATH\Views\v_template_admin.php(286): view('kas-masjid/v_rekap_kas_masjid')
 7 SYSTEMPATH\View\View.php(213): include('APPPATH\\Views\\v_template_admin.php')
 8 SYSTEMPATH\View\View.php(216): CodeIgniter\View\View->CodeIgniter\View\{closure}()
 9 SYSTEMPATH\Common.php(1135): CodeIgniter\View\View->render('v_template_admin', [], true)
10 APPPATH\Controllers\KasMasjid.php(26): view('v_template_admin', [...])
11 SYSTEMPATH\CodeIgniter.php(925): App\Controllers\KasMasjid->index()
12 SYSTEMPATH\CodeIgniter.php(480): CodeIgniter\CodeIgniter->runController(Object(App\Controllers\KasMasjid))
13 SYSTEMPATH\CodeIgniter.php(349): CodeIgniter\CodeIgniter->handleRequest(null, Object(Config\Cache), false)
14 FCPATH\index.php(67): CodeIgniter\CodeIgniter->run()
CRITICAL - 2023-04-14 14:29:34 --> number_format(): Passing null to parameter #1 ($num) of type float is deprecated
in APPPATH\Views\kas-masjid\v_rekap_kas_masjid.php on line 74.
 1 [internal function]: CodeIgniter\Debug\Exceptions->errorHandler(8192, 'number_format(): Passing null to parameter #1 ($num) of type float is deprecated', 'APPPATH\\Views\\kas-masjid\\v_rekap_kas_masjid.php', 74)
 2 APPPATH\Views\kas-masjid\v_rekap_kas_masjid.php(74): number_format(null, 0)
 3 SYSTEMPATH\View\View.php(213): include('APPPATH\\Views\\kas-masjid\\v_rekap_kas_masjid.php')
 4 SYSTEMPATH\View\View.php(216): CodeIgniter\View\View->CodeIgniter\View\{closure}()
 5 SYSTEMPATH\Common.php(1135): CodeIgniter\View\View->render('kas-masjid/v_rekap_kas_masjid', [], true)
 6 APPPATH\Views\v_template_admin.php(286): view('kas-masjid/v_rekap_kas_masjid')
 7 SYSTEMPATH\View\View.php(213): include('APPPATH\\Views\\v_template_admin.php')
 8 SYSTEMPATH\View\View.php(216): CodeIgniter\View\View->CodeIgniter\View\{closure}()
 9 SYSTEMPATH\Common.php(1135): CodeIgniter\View\View->render('v_template_admin', [], true)
10 APPPATH\Controllers\KasMasjid.php(26): view('v_template_admin', [...])
11 SYSTEMPATH\CodeIgniter.php(925): App\Controllers\KasMasjid->index()
12 SYSTEMPATH\CodeIgniter.php(480): CodeIgniter\CodeIgniter->runController(Object(App\Controllers\KasMasjid))
13 SYSTEMPATH\CodeIgniter.php(349): CodeIgniter\CodeIgniter->handleRequest(null, Object(Config\Cache), false)
14 FCPATH\index.php(67): CodeIgniter\CodeIgniter->run()
CRITICAL - 2023-04-14 14:30:26 --> number_format(): Passing null to parameter #1 ($num) of type float is deprecated
in APPPATH\Views\kas-masjid\v_rekap_kas_masjid.php on line 72.
 1 [internal function]: CodeIgniter\Debug\Exceptions->errorHandler(8192, 'number_format(): Passing null to parameter #1 ($num) of type float is deprecated', 'APPPATH\\Views\\kas-masjid\\v_rekap_kas_masjid.php', 72)
 2 APPPATH\Views\kas-masjid\v_rekap_kas_masjid.php(72): number_format(null, 0)
 3 SYSTEMPATH\View\View.php(213): include('APPPATH\\Views\\kas-masjid\\v_rekap_kas_masjid.php')
 4 SYSTEMPATH\View\View.php(216): CodeIgniter\View\View->CodeIgniter\View\{closure}()
 5 SYSTEMPATH\Common.php(1135): CodeIgniter\View\View->render('kas-masjid/v_rekap_kas_masjid', [], true)
 6 APPPATH\Views\v_template_admin.php(286): view('kas-masjid/v_rekap_kas_masjid')
 7 SYSTEMPATH\View\View.php(213): include('APPPATH\\Views\\v_template_admin.php')
 8 SYSTEMPATH\View\View.php(216): CodeIgniter\View\View->CodeIgniter\View\{closure}()
 9 SYSTEMPATH\Common.php(1135): CodeIgniter\View\View->render('v_template_admin', [], true)
10 APPPATH\Controllers\KasMasjid.php(26): view('v_template_admin', [...])
11 SYSTEMPATH\CodeIgniter.php(925): App\Controllers\KasMasjid->index()
12 SYSTEMPATH\CodeIgniter.php(480): CodeIgniter\CodeIgniter->runController(Object(App\Controllers\KasMasjid))
13 SYSTEMPATH\CodeIgniter.php(349): CodeIgniter\CodeIgniter->handleRequest(null, Object(Config\Cache), false)
14 FCPATH\index.php(67): CodeIgniter\CodeIgniter->run()
CRITICAL - 2023-04-14 14:32:37 --> number_format(): Passing null to parameter #1 ($num) of type float is deprecated
in APPPATH\Views\kas-masjid\v_rekap_kas_masjid.php on line 72.
 1 [internal function]: CodeIgniter\Debug\Exceptions->errorHandler(8192, 'number_format(): Passing null to parameter #1 ($num) of type float is deprecated', 'APPPATH\\Views\\kas-masjid\\v_rekap_kas_masjid.php', 72)
 2 APPPATH\Views\kas-masjid\v_rekap_kas_masjid.php(72): number_format(null, 0)
 3 SYSTEMPATH\View\View.php(213): include('APPPATH\\Views\\kas-masjid\\v_rekap_kas_masjid.php')
 4 SYSTEMPATH\View\View.php(216): CodeIgniter\View\View->CodeIgniter\View\{closure}()
 5 SYSTEMPATH\Common.php(1135): CodeIgniter\View\View->render('kas-masjid/v_rekap_kas_masjid', [], true)
 6 APPPATH\Views\v_template_admin.php(286): view('kas-masjid/v_rekap_kas_masjid')
 7 SYSTEMPATH\View\View.php(213): include('APPPATH\\Views\\v_template_admin.php')
 8 SYSTEMPATH\View\View.php(216): CodeIgniter\View\View->CodeIgniter\View\{closure}()
 9 SYSTEMPATH\Common.php(1135): CodeIgniter\View\View->render('v_template_admin', [], true)
10 APPPATH\Controllers\KasMasjid.php(26): view('v_template_admin', [...])
11 SYSTEMPATH\CodeIgniter.php(925): App\Controllers\KasMasjid->index()
12 SYSTEMPATH\CodeIgniter.php(480): CodeIgniter\CodeIgniter->runController(Object(App\Controllers\KasMasjid))
13 SYSTEMPATH\CodeIgniter.php(349): CodeIgniter\CodeIgniter->handleRequest(null, Object(Config\Cache), false)
14 FCPATH\index.php(67): CodeIgniter\CodeIgniter->run()
CRITICAL - 2023-04-14 14:32:38 --> number_format(): Passing null to parameter #1 ($num) of type float is deprecated
in APPPATH\Views\kas-masjid\v_rekap_kas_masjid.php on line 72.
 1 [internal function]: CodeIgniter\Debug\Exceptions->errorHandler(8192, 'number_format(): Passing null to parameter #1 ($num) of type float is deprecated', 'APPPATH\\Views\\kas-masjid\\v_rekap_kas_masjid.php', 72)
 2 APPPATH\Views\kas-masjid\v_rekap_kas_masjid.php(72): number_format(null, 0)
 3 SYSTEMPATH\View\View.php(213): include('APPPATH\\Views\\kas-masjid\\v_rekap_kas_masjid.php')
 4 SYSTEMPATH\View\View.php(216): CodeIgniter\View\View->CodeIgniter\View\{closure}()
 5 SYSTEMPATH\Common.php(1135): CodeIgniter\View\View->render('kas-masjid/v_rekap_kas_masjid', [], true)
 6 APPPATH\Views\v_template_admin.php(286): view('kas-masjid/v_rekap_kas_masjid')
 7 SYSTEMPATH\View\View.php(213): include('APPPATH\\Views\\v_template_admin.php')
 8 SYSTEMPATH\View\View.php(216): CodeIgniter\View\View->CodeIgniter\View\{closure}()
 9 SYSTEMPATH\Common.php(1135): CodeIgniter\View\View->render('v_template_admin', [], true)
10 APPPATH\Controllers\KasMasjid.php(26): view('v_template_admin', [...])
11 SYSTEMPATH\CodeIgniter.php(925): App\Controllers\KasMasjid->index()
12 SYSTEMPATH\CodeIgniter.php(480): CodeIgniter\CodeIgniter->runController(Object(App\Controllers\KasMasjid))
13 SYSTEMPATH\CodeIgniter.php(349): CodeIgniter\CodeIgniter->handleRequest(null, Object(Config\Cache), false)
14 FCPATH\index.php(67): CodeIgniter\CodeIgniter->run()
CRITICAL - 2023-04-14 14:35:24 --> number_format(): Passing null to parameter #1 ($num) of type float is deprecated
in APPPATH\Views\kas-masjid\v_kas_masjid_keluar.php on line 54.
 1 [internal function]: CodeIgniter\Debug\Exceptions->errorHandler(8192, 'number_format(): Passing null to parameter #1 ($num) of type float is deprecated', 'APPPATH\\Views\\kas-masjid\\v_kas_masjid_keluar.php', 54)
 2 APPPATH\Views\kas-masjid\v_kas_masjid_keluar.php(54): number_format(null, 0)
 3 SYSTEMPATH\View\View.php(213): include('APPPATH\\Views\\kas-masjid\\v_kas_masjid_keluar.php')
 4 SYSTEMPATH\View\View.php(216): CodeIgniter\View\View->CodeIgniter\View\{closure}()
 5 SYSTEMPATH\Common.php(1135): CodeIgniter\View\View->render('kas-masjid/v_kas_masjid_keluar', [], true)
 6 APPPATH\Views\v_template_admin.php(286): view('kas-masjid/v_kas_masjid_keluar')
 7 SYSTEMPATH\View\View.php(213): include('APPPATH\\Views\\v_template_admin.php')
 8 SYSTEMPATH\View\View.php(216): CodeIgniter\View\View->CodeIgniter\View\{closure}()
 9 SYSTEMPATH\Common.php(1135): CodeIgniter\View\View->render('v_template_admin', [], true)
10 APPPATH\Controllers\KasMasjid.php(51): view('v_template_admin', [...])
11 SYSTEMPATH\CodeIgniter.php(925): App\Controllers\KasMasjid->KasKeluar()
12 SYSTEMPATH\CodeIgniter.php(480): CodeIgniter\CodeIgniter->runController(Object(App\Controllers\KasMasjid))
13 SYSTEMPATH\CodeIgniter.php(349): CodeIgniter\CodeIgniter->handleRequest(null, Object(Config\Cache), false)
14 FCPATH\index.php(67): CodeIgniter\CodeIgniter->run()
CRITICAL - 2023-04-14 14:43:53 --> number_format(): Passing null to parameter #1 ($num) of type float is deprecated
in APPPATH\Views\kas-masjid\v_kas_masjid_keluar.php on line 57.
 1 [internal function]: CodeIgniter\Debug\Exceptions->errorHandler(8192, 'number_format(): Passing null to parameter #1 ($num) of type float is deprecated', 'APPPATH\\Views\\kas-masjid\\v_kas_masjid_keluar.php', 57)
 2 APPPATH\Views\kas-masjid\v_kas_masjid_keluar.php(57): number_format(null, 0)
 3 SYSTEMPATH\View\View.php(213): include('APPPATH\\Views\\kas-masjid\\v_kas_masjid_keluar.php')
 4 SYSTEMPATH\View\View.php(216): CodeIgniter\View\View->CodeIgniter\View\{closure}()
 5 SYSTEMPATH\Common.php(1135): CodeIgniter\View\View->render('kas-masjid/v_kas_masjid_keluar', [], true)
 6 APPPATH\Views\v_template_admin.php(286): view('kas-masjid/v_kas_masjid_keluar')
 7 SYSTEMPATH\View\View.php(213): include('APPPATH\\Views\\v_template_admin.php')
 8 SYSTEMPATH\View\View.php(216): CodeIgniter\View\View->CodeIgniter\View\{closure}()
 9 SYSTEMPATH\Common.php(1135): CodeIgniter\View\View->render('v_template_admin', [], true)
10 APPPATH\Controllers\KasMasjid.php(51): view('v_template_admin', [...])
11 SYSTEMPATH\CodeIgniter.php(925): App\Controllers\KasMasjid->KasKeluar()
12 SYSTEMPATH\CodeIgniter.php(480): CodeIgniter\CodeIgniter->runController(Object(App\Controllers\KasMasjid))
13 SYSTEMPATH\CodeIgniter.php(349): CodeIgniter\CodeIgniter->handleRequest(null, Object(Config\Cache), false)
14 FCPATH\index.php(67): CodeIgniter\CodeIgniter->run()
CRITICAL - 2023-04-14 14:43:55 --> number_format(): Passing null to parameter #1 ($num) of type float is deprecated
in APPPATH\Views\kas-masjid\v_kas_masjid_keluar.php on line 57.
 1 [internal function]: CodeIgniter\Debug\Exceptions->errorHandler(8192, 'number_format(): Passing null to parameter #1 ($num) of type float is deprecated', 'APPPATH\\Views\\kas-masjid\\v_kas_masjid_keluar.php', 57)
 2 APPPATH\Views\kas-masjid\v_kas_masjid_keluar.php(57): number_format(null, 0)
 3 SYSTEMPATH\View\View.php(213): include('APPPATH\\Views\\kas-masjid\\v_kas_masjid_keluar.php')
 4 SYSTEMPATH\View\View.php(216): CodeIgniter\View\View->CodeIgniter\View\{closure}()
 5 SYSTEMPATH\Common.php(1135): CodeIgniter\View\View->render('kas-masjid/v_kas_masjid_keluar', [], true)
 6 APPPATH\Views\v_template_admin.php(286): view('kas-masjid/v_kas_masjid_keluar')
 7 SYSTEMPATH\View\View.php(213): include('APPPATH\\Views\\v_template_admin.php')
 8 SYSTEMPATH\View\View.php(216): CodeIgniter\View\View->CodeIgniter\View\{closure}()
 9 SYSTEMPATH\Common.php(1135): CodeIgniter\View\View->render('v_template_admin', [], true)
10 APPPATH\Controllers\KasMasjid.php(51): view('v_template_admin', [...])
11 SYSTEMPATH\CodeIgniter.php(925): App\Controllers\KasMasjid->KasKeluar()
12 SYSTEMPATH\CodeIgniter.php(480): CodeIgniter\CodeIgniter->runController(Object(App\Controllers\KasMasjid))
13 SYSTEMPATH\CodeIgniter.php(349): CodeIgniter\CodeIgniter->handleRequest(null, Object(Config\Cache), false)
14 FCPATH\index.php(67): CodeIgniter\CodeIgniter->run()
CRITICAL - 2023-04-14 14:43:56 --> number_format(): Passing null to parameter #1 ($num) of type float is deprecated
in APPPATH\Views\kas-masjid\v_kas_masjid_keluar.php on line 57.
 1 [internal function]: CodeIgniter\Debug\Exceptions->errorHandler(8192, 'number_format(): Passing null to parameter #1 ($num) of type float is deprecated', 'APPPATH\\Views\\kas-masjid\\v_kas_masjid_keluar.php', 57)
 2 APPPATH\Views\kas-masjid\v_kas_masjid_keluar.php(57): number_format(null, 0)
 3 SYSTEMPATH\View\View.php(213): include('APPPATH\\Views\\kas-masjid\\v_kas_masjid_keluar.php')
 4 SYSTEMPATH\View\View.php(216): CodeIgniter\View\View->CodeIgniter\View\{closure}()
 5 SYSTEMPATH\Common.php(1135): CodeIgniter\View\View->render('kas-masjid/v_kas_masjid_keluar', [], true)
 6 APPPATH\Views\v_template_admin.php(286): view('kas-masjid/v_kas_masjid_keluar')
 7 SYSTEMPATH\View\View.php(213): include('APPPATH\\Views\\v_template_admin.php')
 8 SYSTEMPATH\View\View.php(216): CodeIgniter\View\View->CodeIgniter\View\{closure}()
 9 SYSTEMPATH\Common.php(1135): CodeIgniter\View\View->render('v_template_admin', [], true)
10 APPPATH\Controllers\KasMasjid.php(51): view('v_template_admin', [...])
11 SYSTEMPATH\CodeIgniter.php(925): App\Controllers\KasMasjid->KasKeluar()
12 SYSTEMPATH\CodeIgniter.php(480): CodeIgniter\CodeIgniter->runController(Object(App\Controllers\KasMasjid))
13 SYSTEMPATH\CodeIgniter.php(349): CodeIgniter\CodeIgniter->handleRequest(null, Object(Config\Cache), false)
14 FCPATH\index.php(67): CodeIgniter\CodeIgniter->run()
CRITICAL - 2023-04-14 14:43:57 --> number_format(): Passing null to parameter #1 ($num) of type float is deprecated
in APPPATH\Views\kas-masjid\v_kas_masjid_keluar.php on line 57.
 1 [internal function]: CodeIgniter\Debug\Exceptions->errorHandler(8192, 'number_format(): Passing null to parameter #1 ($num) of type float is deprecated', 'APPPATH\\Views\\kas-masjid\\v_kas_masjid_keluar.php', 57)
 2 APPPATH\Views\kas-masjid\v_kas_masjid_keluar.php(57): number_format(null, 0)
 3 SYSTEMPATH\View\View.php(213): include('APPPATH\\Views\\kas-masjid\\v_kas_masjid_keluar.php')
 4 SYSTEMPATH\View\View.php(216): CodeIgniter\View\View->CodeIgniter\View\{closure}()
 5 SYSTEMPATH\Common.php(1135): CodeIgniter\View\View->render('kas-masjid/v_kas_masjid_keluar', [], true)
 6 APPPATH\Views\v_template_admin.php(286): view('kas-masjid/v_kas_masjid_keluar')
 7 SYSTEMPATH\View\View.php(213): include('APPPATH\\Views\\v_template_admin.php')
 8 SYSTEMPATH\View\View.php(216): CodeIgniter\View\View->CodeIgniter\View\{closure}()
 9 SYSTEMPATH\Common.php(1135): CodeIgniter\View\View->render('v_template_admin', [], true)
10 APPPATH\Controllers\KasMasjid.php(51): view('v_template_admin', [...])
11 SYSTEMPATH\CodeIgniter.php(925): App\Controllers\KasMasjid->KasKeluar()
12 SYSTEMPATH\CodeIgniter.php(480): CodeIgniter\CodeIgniter->runController(Object(App\Controllers\KasMasjid))
13 SYSTEMPATH\CodeIgniter.php(349): CodeIgniter\CodeIgniter->handleRequest(null, Object(Config\Cache), false)
14 FCPATH\index.php(67): CodeIgniter\CodeIgniter->run()
CRITICAL - 2023-04-14 14:43:58 --> number_format(): Passing null to parameter #1 ($num) of type float is deprecated
in APPPATH\Views\kas-masjid\v_kas_masjid_keluar.php on line 57.
 1 [internal function]: CodeIgniter\Debug\Exceptions->errorHandler(8192, 'number_format(): Passing null to parameter #1 ($num) of type float is deprecated', 'APPPATH\\Views\\kas-masjid\\v_kas_masjid_keluar.php', 57)
 2 APPPATH\Views\kas-masjid\v_kas_masjid_keluar.php(57): number_format(null, 0)
 3 SYSTEMPATH\View\View.php(213): include('APPPATH\\Views\\kas-masjid\\v_kas_masjid_keluar.php')
 4 SYSTEMPATH\View\View.php(216): CodeIgniter\View\View->CodeIgniter\View\{closure}()
 5 SYSTEMPATH\Common.php(1135): CodeIgniter\View\View->render('kas-masjid/v_kas_masjid_keluar', [], true)
 6 APPPATH\Views\v_template_admin.php(286): view('kas-masjid/v_kas_masjid_keluar')
 7 SYSTEMPATH\View\View.php(213): include('APPPATH\\Views\\v_template_admin.php')
 8 SYSTEMPATH\View\View.php(216): CodeIgniter\View\View->CodeIgniter\View\{closure}()
 9 SYSTEMPATH\Common.php(1135): CodeIgniter\View\View->render('v_template_admin', [], true)
10 APPPATH\Controllers\KasMasjid.php(51): view('v_template_admin', [...])
11 SYSTEMPATH\CodeIgniter.php(925): App\Controllers\KasMasjid->KasKeluar()
12 SYSTEMPATH\CodeIgniter.php(480): CodeIgniter\CodeIgniter->runController(Object(App\Controllers\KasMasjid))
13 SYSTEMPATH\CodeIgniter.php(349): CodeIgniter\CodeIgniter->handleRequest(null, Object(Config\Cache), false)
14 FCPATH\index.php(67): CodeIgniter\CodeIgniter->run()
CRITICAL - 2023-04-14 14:44:00 --> number_format(): Passing null to parameter #1 ($num) of type float is deprecated
in APPPATH\Views\kas-masjid\v_kas_masjid_keluar.php on line 57.
 1 [internal function]: CodeIgniter\Debug\Exceptions->errorHandler(8192, 'number_format(): Passing null to parameter #1 ($num) of type float is deprecated', 'APPPATH\\Views\\kas-masjid\\v_kas_masjid_keluar.php', 57)
 2 APPPATH\Views\kas-masjid\v_kas_masjid_keluar.php(57): number_format(null, 0)
 3 SYSTEMPATH\View\View.php(213): include('APPPATH\\Views\\kas-masjid\\v_kas_masjid_keluar.php')
 4 SYSTEMPATH\View\View.php(216): CodeIgniter\View\View->CodeIgniter\View\{closure}()
 5 SYSTEMPATH\Common.php(1135): CodeIgniter\View\View->render('kas-masjid/v_kas_masjid_keluar', [], true)
 6 APPPATH\Views\v_template_admin.php(286): view('kas-masjid/v_kas_masjid_keluar')
 7 SYSTEMPATH\View\View.php(213): include('APPPATH\\Views\\v_template_admin.php')
 8 SYSTEMPATH\View\View.php(216): CodeIgniter\View\View->CodeIgniter\View\{closure}()
 9 SYSTEMPATH\Common.php(1135): CodeIgniter\View\View->render('v_template_admin', [], true)
10 APPPATH\Controllers\KasMasjid.php(51): view('v_template_admin', [...])
11 SYSTEMPATH\CodeIgniter.php(925): App\Controllers\KasMasjid->KasKeluar()
12 SYSTEMPATH\CodeIgniter.php(480): CodeIgniter\CodeIgniter->runController(Object(App\Controllers\KasMasjid))
13 SYSTEMPATH\CodeIgniter.php(349): CodeIgniter\CodeIgniter->handleRequest(null, Object(Config\Cache), false)
14 FCPATH\index.php(67): CodeIgniter\CodeIgniter->run()
CRITICAL - 2023-04-14 14:44:01 --> number_format(): Passing null to parameter #1 ($num) of type float is deprecated
in APPPATH\Views\kas-masjid\v_kas_masjid_keluar.php on line 57.
 1 [internal function]: CodeIgniter\Debug\Exceptions->errorHandler(8192, 'number_format(): Passing null to parameter #1 ($num) of type float is deprecated', 'APPPATH\\Views\\kas-masjid\\v_kas_masjid_keluar.php', 57)
 2 APPPATH\Views\kas-masjid\v_kas_masjid_keluar.php(57): number_format(null, 0)
 3 SYSTEMPATH\View\View.php(213): include('APPPATH\\Views\\kas-masjid\\v_kas_masjid_keluar.php')
 4 SYSTEMPATH\View\View.php(216): CodeIgniter\View\View->CodeIgniter\View\{closure}()
 5 SYSTEMPATH\Common.php(1135): CodeIgniter\View\View->render('kas-masjid/v_kas_masjid_keluar', [], true)
 6 APPPATH\Views\v_template_admin.php(286): view('kas-masjid/v_kas_masjid_keluar')
 7 SYSTEMPATH\View\View.php(213): include('APPPATH\\Views\\v_template_admin.php')
 8 SYSTEMPATH\View\View.php(216): CodeIgniter\View\View->CodeIgniter\View\{closure}()
 9 SYSTEMPATH\Common.php(1135): CodeIgniter\View\View->render('v_template_admin', [], true)
10 APPPATH\Controllers\KasMasjid.php(51): view('v_template_admin', [...])
11 SYSTEMPATH\CodeIgniter.php(925): App\Controllers\KasMasjid->KasKeluar()
12 SYSTEMPATH\CodeIgniter.php(480): CodeIgniter\CodeIgniter->runController(Object(App\Controllers\KasMasjid))
13 SYSTEMPATH\CodeIgniter.php(349): CodeIgniter\CodeIgniter->handleRequest(null, Object(Config\Cache), false)
14 FCPATH\index.php(67): CodeIgniter\CodeIgniter->run()
