CRITICAL - 2023-05-01 12:52:26 --> You must set the database table to be used with your query.
in SYSTEMPATH\Database\BaseConnection.php on line 845.
 1 SYSTEMPATH\Model.php(611): CodeIgniter\Database\BaseConnection->table(null)
 2 SYSTEMPATH\Model.php(797): CodeIgniter\Model->builder()
 3 APPPATH\Controllers\PesertaQurban.php(84): CodeIgniter\Model->__call('DeletePeserta', [...])
 4 SYSTEMPATH\CodeIgniter.php(925): App\Controllers\PesertaQurban->DeletePeserta('5', '14')
 5 SYSTEMPATH\CodeIgniter.php(480): CodeIgniter\CodeIgniter->runController(Object(App\Controllers\PesertaQurban))
 6 SYSTEMPATH\CodeIgniter.php(349): CodeIgniter\CodeIgniter->handleRequest(null, Object(Config\Cache), false)
 7 FCPATH\index.php(67): CodeIgniter\CodeIgniter->run()
CRITICAL - 2023-05-01 12:55:15 --> You must set the database table to be used with your query.
in SYSTEMPATH\Database\BaseConnection.php on line 845.
 1 SYSTEMPATH\Model.php(611): CodeIgniter\Database\BaseConnection->table(null)
 2 SYSTEMPATH\Model.php(797): CodeIgniter\Model->builder()
 3 APPPATH\Controllers\PesertaQurban.php(84): CodeIgniter\Model->__call('DeletePeserta', [...])
 4 SYSTEMPATH\CodeIgniter.php(925): App\Controllers\PesertaQurban->DeletePeserta('5', '8')
 5 SYSTEMPATH\CodeIgniter.php(480): CodeIgniter\CodeIgniter->runController(Object(App\Controllers\PesertaQurban))
 6 SYSTEMPATH\CodeIgniter.php(349): CodeIgniter\CodeIgniter->handleRequest(null, Object(Config\Cache), false)
 7 FCPATH\index.php(67): CodeIgniter\CodeIgniter->run()
CRITICAL - 2023-05-01 12:55:30 --> You must set the database table to be used with your query.
in SYSTEMPATH\Database\BaseConnection.php on line 845.
 1 SYSTEMPATH\Model.php(611): CodeIgniter\Database\BaseConnection->table(null)
 2 SYSTEMPATH\Model.php(797): CodeIgniter\Model->builder()
 3 APPPATH\Controllers\PesertaQurban.php(84): CodeIgniter\Model->__call('DeletePeserta', [...])
 4 SYSTEMPATH\CodeIgniter.php(925): App\Controllers\PesertaQurban->DeletePeserta('6', '17')
 5 SYSTEMPATH\CodeIgniter.php(480): CodeIgniter\CodeIgniter->runController(Object(App\Controllers\PesertaQurban))
 6 SYSTEMPATH\CodeIgniter.php(349): CodeIgniter\CodeIgniter->handleRequest(null, Object(Config\Cache), false)
 7 FCPATH\index.php(67): CodeIgniter\CodeIgniter->run()
CRITICAL - 2023-05-01 12:55:50 --> You must set the database table to be used with your query.
in SYSTEMPATH\Database\BaseConnection.php on line 845.
 1 SYSTEMPATH\Model.php(611): CodeIgniter\Database\BaseConnection->table(null)
 2 SYSTEMPATH\Model.php(797): CodeIgniter\Model->builder()
 3 APPPATH\Controllers\PesertaQurban.php(84): CodeIgniter\Model->__call('DeletePeserta', [...])
 4 SYSTEMPATH\CodeIgniter.php(925): App\Controllers\PesertaQurban->DeletePeserta('6', '16')
 5 SYSTEMPATH\CodeIgniter.php(480): CodeIgniter\CodeIgniter->runController(Object(App\Controllers\PesertaQurban))
 6 SYSTEMPATH\CodeIgniter.php(349): CodeIgniter\CodeIgniter->handleRequest(null, Object(Config\Cache), false)
 7 FCPATH\index.php(67): CodeIgniter\CodeIgniter->run()
CRITICAL - 2023-05-01 12:59:16 --> You must set the database table to be used with your query.
in SYSTEMPATH\Database\BaseConnection.php on line 845.
 1 SYSTEMPATH\Model.php(611): CodeIgniter\Database\BaseConnection->table(null)
 2 SYSTEMPATH\Model.php(797): CodeIgniter\Model->builder()
 3 APPPATH\Controllers\PesertaQurban.php(84): CodeIgniter\Model->__call('DeletePeserta', [...])
 4 SYSTEMPATH\CodeIgniter.php(925): App\Controllers\PesertaQurban->DeletePeserta('6', '16')
 5 SYSTEMPATH\CodeIgniter.php(480): CodeIgniter\CodeIgniter->runController(Object(App\Controllers\PesertaQurban))
 6 SYSTEMPATH\CodeIgniter.php(349): CodeIgniter\CodeIgniter->handleRequest(null, Object(Config\Cache), false)
 7 FCPATH\index.php(67): CodeIgniter\CodeIgniter->run()
CRITICAL - 2023-05-01 13:20:03 --> Invalid file: front-end/v_peserta_qurban.php
in SYSTEMPATH\Exceptions\FrameworkException.php on line 33.
 1 SYSTEMPATH\View\View.php(201): CodeIgniter\Exceptions\FrameworkException::forInvalidFile('front-end/v_peserta_qurban.php')
 2 SYSTEMPATH\Common.php(1135): CodeIgniter\View\View->render('front-end/v_peserta_qurban', [], true)
 3 APPPATH\Views\v_template.php(140): view('front-end/v_peserta_qurban')
 4 SYSTEMPATH\View\View.php(213): include('APPPATH\\Views\\v_template.php')
 5 SYSTEMPATH\View\View.php(216): CodeIgniter\View\View->CodeIgniter\View\{closure}()
 6 SYSTEMPATH\Common.php(1135): CodeIgniter\View\View->render('v_template', [], true)
 7 APPPATH\Controllers\Home.php(50): view('v_template', [...])
 8 SYSTEMPATH\CodeIgniter.php(925): App\Controllers\Home->PesertaQurban()
 9 SYSTEMPATH\CodeIgniter.php(480): CodeIgniter\CodeIgniter->runController(Object(App\Controllers\Home))
10 SYSTEMPATH\CodeIgniter.php(349): CodeIgniter\CodeIgniter->handleRequest(null, Object(Config\Cache), false)
11 FCPATH\index.php(67): CodeIgniter\CodeIgniter->run()
CRITICAL - 2023-05-01 13:20:27 --> Invalid file: front-end/v_peserta_qurban.php
in SYSTEMPATH\Exceptions\FrameworkException.php on line 33.
 1 SYSTEMPATH\View\View.php(201): CodeIgniter\Exceptions\FrameworkException::forInvalidFile('front-end/v_peserta_qurban.php')
 2 SYSTEMPATH\Common.php(1135): CodeIgniter\View\View->render('front-end/v_peserta_qurban', [], true)
 3 APPPATH\Views\v_template.php(140): view('front-end/v_peserta_qurban')
 4 SYSTEMPATH\View\View.php(213): include('APPPATH\\Views\\v_template.php')
 5 SYSTEMPATH\View\View.php(216): CodeIgniter\View\View->CodeIgniter\View\{closure}()
 6 SYSTEMPATH\Common.php(1135): CodeIgniter\View\View->render('v_template', [], true)
 7 APPPATH\Controllers\Home.php(50): view('v_template', [...])
 8 SYSTEMPATH\CodeIgniter.php(925): App\Controllers\Home->PesertaQurban()
 9 SYSTEMPATH\CodeIgniter.php(480): CodeIgniter\CodeIgniter->runController(Object(App\Controllers\Home))
10 SYSTEMPATH\CodeIgniter.php(349): CodeIgniter\CodeIgniter->handleRequest(null, Object(Config\Cache), false)
11 FCPATH\index.php(67): CodeIgniter\CodeIgniter->run()
CRITICAL - 2023-05-01 13:25:21 --> Undefined variable $kelompok
in APPPATH\Views\front-end\v_peserta_qurban.php on line 25.
 1 APPPATH\Views\front-end\v_peserta_qurban.php(25): CodeIgniter\Debug\Exceptions->errorHandler(2, 'Undefined variable $kelompok', 'APPPATH\\Views\\front-end\\v_peserta_qurban.php', 25)
 2 SYSTEMPATH\View\View.php(213): include('APPPATH\\Views\\front-end\\v_peserta_qurban.php')
 3 SYSTEMPATH\View\View.php(216): CodeIgniter\View\View->CodeIgniter\View\{closure}()
 4 SYSTEMPATH\Common.php(1135): CodeIgniter\View\View->render('front-end/v_peserta_qurban', [], true)
 5 APPPATH\Views\v_template.php(140): view('front-end/v_peserta_qurban')
 6 SYSTEMPATH\View\View.php(213): include('APPPATH\\Views\\v_template.php')
 7 SYSTEMPATH\View\View.php(216): CodeIgniter\View\View->CodeIgniter\View\{closure}()
 8 SYSTEMPATH\Common.php(1135): CodeIgniter\View\View->render('v_template', [], true)
 9 APPPATH\Controllers\Home.php(50): view('v_template', [...])
10 SYSTEMPATH\CodeIgniter.php(925): App\Controllers\Home->PesertaQurban()
11 SYSTEMPATH\CodeIgniter.php(480): CodeIgniter\CodeIgniter->runController(Object(App\Controllers\Home))
12 SYSTEMPATH\CodeIgniter.php(349): CodeIgniter\CodeIgniter->handleRequest(null, Object(Config\Cache), false)
13 FCPATH\index.php(67): CodeIgniter\CodeIgniter->run()
CRITICAL - 2023-05-01 13:25:57 --> Undefined variable $kelompok
in APPPATH\Views\front-end\v_peserta_qurban.php on line 25.
 1 APPPATH\Views\front-end\v_peserta_qurban.php(25): CodeIgniter\Debug\Exceptions->errorHandler(2, 'Undefined variable $kelompok', 'APPPATH\\Views\\front-end\\v_peserta_qurban.php', 25)
 2 SYSTEMPATH\View\View.php(213): include('APPPATH\\Views\\front-end\\v_peserta_qurban.php')
 3 SYSTEMPATH\View\View.php(216): CodeIgniter\View\View->CodeIgniter\View\{closure}()
 4 SYSTEMPATH\Common.php(1135): CodeIgniter\View\View->render('front-end/v_peserta_qurban', [], true)
 5 APPPATH\Views\v_template.php(140): view('front-end/v_peserta_qurban')
 6 SYSTEMPATH\View\View.php(213): include('APPPATH\\Views\\v_template.php')
 7 SYSTEMPATH\View\View.php(216): CodeIgniter\View\View->CodeIgniter\View\{closure}()
 8 SYSTEMPATH\Common.php(1135): CodeIgniter\View\View->render('v_template', [], true)
 9 APPPATH\Controllers\Home.php(50): view('v_template', [...])
10 SYSTEMPATH\CodeIgniter.php(925): App\Controllers\Home->PesertaQurban()
11 SYSTEMPATH\CodeIgniter.php(480): CodeIgniter\CodeIgniter->runController(Object(App\Controllers\Home))
12 SYSTEMPATH\CodeIgniter.php(349): CodeIgniter\CodeIgniter->handleRequest(null, Object(Config\Cache), false)
13 FCPATH\index.php(67): CodeIgniter\CodeIgniter->run()
CRITICAL - 2023-05-01 13:26:03 --> Undefined variable $kelompok
in APPPATH\Views\front-end\v_peserta_qurban.php on line 25.
 1 APPPATH\Views\front-end\v_peserta_qurban.php(25): CodeIgniter\Debug\Exceptions->errorHandler(2, 'Undefined variable $kelompok', 'APPPATH\\Views\\front-end\\v_peserta_qurban.php', 25)
 2 SYSTEMPATH\View\View.php(213): include('APPPATH\\Views\\front-end\\v_peserta_qurban.php')
 3 SYSTEMPATH\View\View.php(216): CodeIgniter\View\View->CodeIgniter\View\{closure}()
 4 SYSTEMPATH\Common.php(1135): CodeIgniter\View\View->render('front-end/v_peserta_qurban', [], true)
 5 APPPATH\Views\v_template.php(140): view('front-end/v_peserta_qurban')
 6 SYSTEMPATH\View\View.php(213): include('APPPATH\\Views\\v_template.php')
 7 SYSTEMPATH\View\View.php(216): CodeIgniter\View\View->CodeIgniter\View\{closure}()
 8 SYSTEMPATH\Common.php(1135): CodeIgniter\View\View->render('v_template', [], true)
 9 APPPATH\Controllers\Home.php(50): view('v_template', [...])
10 SYSTEMPATH\CodeIgniter.php(925): App\Controllers\Home->PesertaQurban()
11 SYSTEMPATH\CodeIgniter.php(480): CodeIgniter\CodeIgniter->runController(Object(App\Controllers\Home))
12 SYSTEMPATH\CodeIgniter.php(349): CodeIgniter\CodeIgniter->handleRequest(null, Object(Config\Cache), false)
13 FCPATH\index.php(67): CodeIgniter\CodeIgniter->run()
CRITICAL - 2023-05-01 13:28:49 --> Undefined variable $kelompok
in APPPATH\Views\front-end\v_peserta_qurban.php on line 26.
 1 APPPATH\Views\front-end\v_peserta_qurban.php(26): CodeIgniter\Debug\Exceptions->errorHandler(2, 'Undefined variable $kelompok', 'APPPATH\\Views\\front-end\\v_peserta_qurban.php', 26)
 2 SYSTEMPATH\View\View.php(213): include('APPPATH\\Views\\front-end\\v_peserta_qurban.php')
 3 SYSTEMPATH\View\View.php(216): CodeIgniter\View\View->CodeIgniter\View\{closure}()
 4 SYSTEMPATH\Common.php(1135): CodeIgniter\View\View->render('front-end/v_peserta_qurban', [], true)
 5 APPPATH\Views\v_template.php(140): view('front-end/v_peserta_qurban')
 6 SYSTEMPATH\View\View.php(213): include('APPPATH\\Views\\v_template.php')
 7 SYSTEMPATH\View\View.php(216): CodeIgniter\View\View->CodeIgniter\View\{closure}()
 8 SYSTEMPATH\Common.php(1135): CodeIgniter\View\View->render('v_template', [], true)
 9 APPPATH\Controllers\Home.php(50): view('v_template', [...])
10 SYSTEMPATH\CodeIgniter.php(925): App\Controllers\Home->PesertaQurban()
11 SYSTEMPATH\CodeIgniter.php(480): CodeIgniter\CodeIgniter->runController(Object(App\Controllers\Home))
12 SYSTEMPATH\CodeIgniter.php(349): CodeIgniter\CodeIgniter->handleRequest(null, Object(Config\Cache), false)
13 FCPATH\index.php(67): CodeIgniter\CodeIgniter->run()
CRITICAL - 2023-05-01 13:28:54 --> Undefined variable $kelompok
in APPPATH\Views\front-end\v_peserta_qurban.php on line 26.
 1 APPPATH\Views\front-end\v_peserta_qurban.php(26): CodeIgniter\Debug\Exceptions->errorHandler(2, 'Undefined variable $kelompok', 'APPPATH\\Views\\front-end\\v_peserta_qurban.php', 26)
 2 SYSTEMPATH\View\View.php(213): include('APPPATH\\Views\\front-end\\v_peserta_qurban.php')
 3 SYSTEMPATH\View\View.php(216): CodeIgniter\View\View->CodeIgniter\View\{closure}()
 4 SYSTEMPATH\Common.php(1135): CodeIgniter\View\View->render('front-end/v_peserta_qurban', [], true)
 5 APPPATH\Views\v_template.php(140): view('front-end/v_peserta_qurban')
 6 SYSTEMPATH\View\View.php(213): include('APPPATH\\Views\\v_template.php')
 7 SYSTEMPATH\View\View.php(216): CodeIgniter\View\View->CodeIgniter\View\{closure}()
 8 SYSTEMPATH\Common.php(1135): CodeIgniter\View\View->render('v_template', [], true)
 9 APPPATH\Controllers\Home.php(50): view('v_template', [...])
10 SYSTEMPATH\CodeIgniter.php(925): App\Controllers\Home->PesertaQurban()
11 SYSTEMPATH\CodeIgniter.php(480): CodeIgniter\CodeIgniter->runController(Object(App\Controllers\Home))
12 SYSTEMPATH\CodeIgniter.php(349): CodeIgniter\CodeIgniter->handleRequest(null, Object(Config\Cache), false)
13 FCPATH\index.php(67): CodeIgniter\CodeIgniter->run()
CRITICAL - 2023-05-01 13:30:07 --> Undefined variable $kelompok
in APPPATH\Views\front-end\v_peserta_qurban.php on line 26.
 1 APPPATH\Views\front-end\v_peserta_qurban.php(26): CodeIgniter\Debug\Exceptions->errorHandler(2, 'Undefined variable $kelompok', 'APPPATH\\Views\\front-end\\v_peserta_qurban.php', 26)
 2 SYSTEMPATH\View\View.php(213): include('APPPATH\\Views\\front-end\\v_peserta_qurban.php')
 3 SYSTEMPATH\View\View.php(216): CodeIgniter\View\View->CodeIgniter\View\{closure}()
 4 SYSTEMPATH\Common.php(1135): CodeIgniter\View\View->render('front-end/v_peserta_qurban', [], true)
 5 APPPATH\Views\v_template.php(140): view('front-end/v_peserta_qurban')
 6 SYSTEMPATH\View\View.php(213): include('APPPATH\\Views\\v_template.php')
 7 SYSTEMPATH\View\View.php(216): CodeIgniter\View\View->CodeIgniter\View\{closure}()
 8 SYSTEMPATH\Common.php(1135): CodeIgniter\View\View->render('v_template', [], true)
 9 APPPATH\Controllers\Home.php(50): view('v_template', [...])
10 SYSTEMPATH\CodeIgniter.php(925): App\Controllers\Home->PesertaQurban()
11 SYSTEMPATH\CodeIgniter.php(480): CodeIgniter\CodeIgniter->runController(Object(App\Controllers\Home))
12 SYSTEMPATH\CodeIgniter.php(349): CodeIgniter\CodeIgniter->handleRequest(null, Object(Config\Cache), false)
13 FCPATH\index.php(67): CodeIgniter\CodeIgniter->run()
CRITICAL - 2023-05-01 13:30:09 --> Undefined variable $kelompok
in APPPATH\Views\front-end\v_peserta_qurban.php on line 26.
 1 APPPATH\Views\front-end\v_peserta_qurban.php(26): CodeIgniter\Debug\Exceptions->errorHandler(2, 'Undefined variable $kelompok', 'APPPATH\\Views\\front-end\\v_peserta_qurban.php', 26)
 2 SYSTEMPATH\View\View.php(213): include('APPPATH\\Views\\front-end\\v_peserta_qurban.php')
 3 SYSTEMPATH\View\View.php(216): CodeIgniter\View\View->CodeIgniter\View\{closure}()
 4 SYSTEMPATH\Common.php(1135): CodeIgniter\View\View->render('front-end/v_peserta_qurban', [], true)
 5 APPPATH\Views\v_template.php(140): view('front-end/v_peserta_qurban')
 6 SYSTEMPATH\View\View.php(213): include('APPPATH\\Views\\v_template.php')
 7 SYSTEMPATH\View\View.php(216): CodeIgniter\View\View->CodeIgniter\View\{closure}()
 8 SYSTEMPATH\Common.php(1135): CodeIgniter\View\View->render('v_template', [], true)
 9 APPPATH\Controllers\Home.php(50): view('v_template', [...])
10 SYSTEMPATH\CodeIgniter.php(925): App\Controllers\Home->PesertaQurban()
11 SYSTEMPATH\CodeIgniter.php(480): CodeIgniter\CodeIgniter->runController(Object(App\Controllers\Home))
12 SYSTEMPATH\CodeIgniter.php(349): CodeIgniter\CodeIgniter->handleRequest(null, Object(Config\Cache), false)
13 FCPATH\index.php(67): CodeIgniter\CodeIgniter->run()
CRITICAL - 2023-05-01 13:30:15 --> Undefined variable $kelompok
in APPPATH\Views\front-end\v_peserta_qurban.php on line 26.
 1 APPPATH\Views\front-end\v_peserta_qurban.php(26): CodeIgniter\Debug\Exceptions->errorHandler(2, 'Undefined variable $kelompok', 'APPPATH\\Views\\front-end\\v_peserta_qurban.php', 26)
 2 SYSTEMPATH\View\View.php(213): include('APPPATH\\Views\\front-end\\v_peserta_qurban.php')
 3 SYSTEMPATH\View\View.php(216): CodeIgniter\View\View->CodeIgniter\View\{closure}()
 4 SYSTEMPATH\Common.php(1135): CodeIgniter\View\View->render('front-end/v_peserta_qurban', [], true)
 5 APPPATH\Views\v_template.php(140): view('front-end/v_peserta_qurban')
 6 SYSTEMPATH\View\View.php(213): include('APPPATH\\Views\\v_template.php')
 7 SYSTEMPATH\View\View.php(216): CodeIgniter\View\View->CodeIgniter\View\{closure}()
 8 SYSTEMPATH\Common.php(1135): CodeIgniter\View\View->render('v_template', [], true)
 9 APPPATH\Controllers\Home.php(50): view('v_template', [...])
10 SYSTEMPATH\CodeIgniter.php(925): App\Controllers\Home->PesertaQurban()
11 SYSTEMPATH\CodeIgniter.php(480): CodeIgniter\CodeIgniter->runController(Object(App\Controllers\Home))
12 SYSTEMPATH\CodeIgniter.php(349): CodeIgniter\CodeIgniter->handleRequest(null, Object(Config\Cache), false)
13 FCPATH\index.php(67): CodeIgniter\CodeIgniter->run()
CRITICAL - 2023-05-01 13:32:54 --> Undefined variable $kelompok
in APPPATH\Views\front-end\v_peserta_qurban.php on line 23.
 1 APPPATH\Views\front-end\v_peserta_qurban.php(23): CodeIgniter\Debug\Exceptions->errorHandler(2, 'Undefined variable $kelompok', 'APPPATH\\Views\\front-end\\v_peserta_qurban.php', 23)
 2 SYSTEMPATH\View\View.php(213): include('APPPATH\\Views\\front-end\\v_peserta_qurban.php')
 3 SYSTEMPATH\View\View.php(216): CodeIgniter\View\View->CodeIgniter\View\{closure}()
 4 SYSTEMPATH\Common.php(1135): CodeIgniter\View\View->render('front-end/v_peserta_qurban', [], true)
 5 APPPATH\Views\v_template.php(140): view('front-end/v_peserta_qurban')
 6 SYSTEMPATH\View\View.php(213): include('APPPATH\\Views\\v_template.php')
 7 SYSTEMPATH\View\View.php(216): CodeIgniter\View\View->CodeIgniter\View\{closure}()
 8 SYSTEMPATH\Common.php(1135): CodeIgniter\View\View->render('v_template', [], true)
 9 APPPATH\Controllers\Home.php(50): view('v_template', [...])
10 SYSTEMPATH\CodeIgniter.php(925): App\Controllers\Home->PesertaQurban()
11 SYSTEMPATH\CodeIgniter.php(480): CodeIgniter\CodeIgniter->runController(Object(App\Controllers\Home))
12 SYSTEMPATH\CodeIgniter.php(349): CodeIgniter\CodeIgniter->handleRequest(null, Object(Config\Cache), false)
13 FCPATH\index.php(67): CodeIgniter\CodeIgniter->run()
CRITICAL - 2023-05-01 13:32:59 --> Undefined variable $kelompok
in APPPATH\Views\front-end\v_peserta_qurban.php on line 23.
 1 APPPATH\Views\front-end\v_peserta_qurban.php(23): CodeIgniter\Debug\Exceptions->errorHandler(2, 'Undefined variable $kelompok', 'APPPATH\\Views\\front-end\\v_peserta_qurban.php', 23)
 2 SYSTEMPATH\View\View.php(213): include('APPPATH\\Views\\front-end\\v_peserta_qurban.php')
 3 SYSTEMPATH\View\View.php(216): CodeIgniter\View\View->CodeIgniter\View\{closure}()
 4 SYSTEMPATH\Common.php(1135): CodeIgniter\View\View->render('front-end/v_peserta_qurban', [], true)
 5 APPPATH\Views\v_template.php(140): view('front-end/v_peserta_qurban')
 6 SYSTEMPATH\View\View.php(213): include('APPPATH\\Views\\v_template.php')
 7 SYSTEMPATH\View\View.php(216): CodeIgniter\View\View->CodeIgniter\View\{closure}()
 8 SYSTEMPATH\Common.php(1135): CodeIgniter\View\View->render('v_template', [], true)
 9 APPPATH\Controllers\Home.php(50): view('v_template', [...])
10 SYSTEMPATH\CodeIgniter.php(925): App\Controllers\Home->PesertaQurban()
11 SYSTEMPATH\CodeIgniter.php(480): CodeIgniter\CodeIgniter->runController(Object(App\Controllers\Home))
12 SYSTEMPATH\CodeIgniter.php(349): CodeIgniter\CodeIgniter->handleRequest(null, Object(Config\Cache), false)
13 FCPATH\index.php(67): CodeIgniter\CodeIgniter->run()
CRITICAL - 2023-05-01 13:33:28 --> Undefined variable $kelompok
in APPPATH\Views\front-end\v_peserta_qurban.php on line 23.
 1 APPPATH\Views\front-end\v_peserta_qurban.php(23): CodeIgniter\Debug\Exceptions->errorHandler(2, 'Undefined variable $kelompok', 'APPPATH\\Views\\front-end\\v_peserta_qurban.php', 23)
 2 SYSTEMPATH\View\View.php(213): include('APPPATH\\Views\\front-end\\v_peserta_qurban.php')
 3 SYSTEMPATH\View\View.php(216): CodeIgniter\View\View->CodeIgniter\View\{closure}()
 4 SYSTEMPATH\Common.php(1135): CodeIgniter\View\View->render('front-end/v_peserta_qurban', [], true)
 5 APPPATH\Views\v_template.php(140): view('front-end/v_peserta_qurban')
 6 SYSTEMPATH\View\View.php(213): include('APPPATH\\Views\\v_template.php')
 7 SYSTEMPATH\View\View.php(216): CodeIgniter\View\View->CodeIgniter\View\{closure}()
 8 SYSTEMPATH\Common.php(1135): CodeIgniter\View\View->render('v_template', [], true)
 9 APPPATH\Controllers\Home.php(50): view('v_template', [...])
10 SYSTEMPATH\CodeIgniter.php(925): App\Controllers\Home->PesertaQurban()
11 SYSTEMPATH\CodeIgniter.php(480): CodeIgniter\CodeIgniter->runController(Object(App\Controllers\Home))
12 SYSTEMPATH\CodeIgniter.php(349): CodeIgniter\CodeIgniter->handleRequest(null, Object(Config\Cache), false)
13 FCPATH\index.php(67): CodeIgniter\CodeIgniter->run()
CRITICAL - 2023-05-01 13:33:43 --> Undefined variable $kelompok
in APPPATH\Views\front-end\v_peserta_qurban.php on line 25.
 1 APPPATH\Views\front-end\v_peserta_qurban.php(25): CodeIgniter\Debug\Exceptions->errorHandler(2, 'Undefined variable $kelompok', 'APPPATH\\Views\\front-end\\v_peserta_qurban.php', 25)
 2 SYSTEMPATH\View\View.php(213): include('APPPATH\\Views\\front-end\\v_peserta_qurban.php')
 3 SYSTEMPATH\View\View.php(216): CodeIgniter\View\View->CodeIgniter\View\{closure}()
 4 SYSTEMPATH\Common.php(1135): CodeIgniter\View\View->render('front-end/v_peserta_qurban', [], true)
 5 APPPATH\Views\v_template.php(140): view('front-end/v_peserta_qurban')
 6 SYSTEMPATH\View\View.php(213): include('APPPATH\\Views\\v_template.php')
 7 SYSTEMPATH\View\View.php(216): CodeIgniter\View\View->CodeIgniter\View\{closure}()
 8 SYSTEMPATH\Common.php(1135): CodeIgniter\View\View->render('v_template', [], true)
 9 APPPATH\Controllers\Home.php(50): view('v_template', [...])
10 SYSTEMPATH\CodeIgniter.php(925): App\Controllers\Home->PesertaQurban()
11 SYSTEMPATH\CodeIgniter.php(480): CodeIgniter\CodeIgniter->runController(Object(App\Controllers\Home))
12 SYSTEMPATH\CodeIgniter.php(349): CodeIgniter\CodeIgniter->handleRequest(null, Object(Config\Cache), false)
13 FCPATH\index.php(67): CodeIgniter\CodeIgniter->run()
CRITICAL - 2023-05-01 13:33:45 --> Undefined variable $kelompok
in APPPATH\Views\front-end\v_peserta_qurban.php on line 25.
 1 APPPATH\Views\front-end\v_peserta_qurban.php(25): CodeIgniter\Debug\Exceptions->errorHandler(2, 'Undefined variable $kelompok', 'APPPATH\\Views\\front-end\\v_peserta_qurban.php', 25)
 2 SYSTEMPATH\View\View.php(213): include('APPPATH\\Views\\front-end\\v_peserta_qurban.php')
 3 SYSTEMPATH\View\View.php(216): CodeIgniter\View\View->CodeIgniter\View\{closure}()
 4 SYSTEMPATH\Common.php(1135): CodeIgniter\View\View->render('front-end/v_peserta_qurban', [], true)
 5 APPPATH\Views\v_template.php(140): view('front-end/v_peserta_qurban')
 6 SYSTEMPATH\View\View.php(213): include('APPPATH\\Views\\v_template.php')
 7 SYSTEMPATH\View\View.php(216): CodeIgniter\View\View->CodeIgniter\View\{closure}()
 8 SYSTEMPATH\Common.php(1135): CodeIgniter\View\View->render('v_template', [], true)
 9 APPPATH\Controllers\Home.php(50): view('v_template', [...])
10 SYSTEMPATH\CodeIgniter.php(925): App\Controllers\Home->PesertaQurban()
11 SYSTEMPATH\CodeIgniter.php(480): CodeIgniter\CodeIgniter->runController(Object(App\Controllers\Home))
12 SYSTEMPATH\CodeIgniter.php(349): CodeIgniter\CodeIgniter->handleRequest(null, Object(Config\Cache), false)
13 FCPATH\index.php(67): CodeIgniter\CodeIgniter->run()
CRITICAL - 2023-05-01 13:33:47 --> Undefined variable $kelompok
in APPPATH\Views\front-end\v_peserta_qurban.php on line 25.
 1 APPPATH\Views\front-end\v_peserta_qurban.php(25): CodeIgniter\Debug\Exceptions->errorHandler(2, 'Undefined variable $kelompok', 'APPPATH\\Views\\front-end\\v_peserta_qurban.php', 25)
 2 SYSTEMPATH\View\View.php(213): include('APPPATH\\Views\\front-end\\v_peserta_qurban.php')
 3 SYSTEMPATH\View\View.php(216): CodeIgniter\View\View->CodeIgniter\View\{closure}()
 4 SYSTEMPATH\Common.php(1135): CodeIgniter\View\View->render('front-end/v_peserta_qurban', [], true)
 5 APPPATH\Views\v_template.php(140): view('front-end/v_peserta_qurban')
 6 SYSTEMPATH\View\View.php(213): include('APPPATH\\Views\\v_template.php')
 7 SYSTEMPATH\View\View.php(216): CodeIgniter\View\View->CodeIgniter\View\{closure}()
 8 SYSTEMPATH\Common.php(1135): CodeIgniter\View\View->render('v_template', [], true)
 9 APPPATH\Controllers\Home.php(50): view('v_template', [...])
10 SYSTEMPATH\CodeIgniter.php(925): App\Controllers\Home->PesertaQurban()
11 SYSTEMPATH\CodeIgniter.php(480): CodeIgniter\CodeIgniter->runController(Object(App\Controllers\Home))
12 SYSTEMPATH\CodeIgniter.php(349): CodeIgniter\CodeIgniter->handleRequest(null, Object(Config\Cache), false)
13 FCPATH\index.php(67): CodeIgniter\CodeIgniter->run()
CRITICAL - 2023-05-01 13:33:48 --> Undefined variable $kelompok
in APPPATH\Views\front-end\v_peserta_qurban.php on line 25.
 1 APPPATH\Views\front-end\v_peserta_qurban.php(25): CodeIgniter\Debug\Exceptions->errorHandler(2, 'Undefined variable $kelompok', 'APPPATH\\Views\\front-end\\v_peserta_qurban.php', 25)
 2 SYSTEMPATH\View\View.php(213): include('APPPATH\\Views\\front-end\\v_peserta_qurban.php')
 3 SYSTEMPATH\View\View.php(216): CodeIgniter\View\View->CodeIgniter\View\{closure}()
 4 SYSTEMPATH\Common.php(1135): CodeIgniter\View\View->render('front-end/v_peserta_qurban', [], true)
 5 APPPATH\Views\v_template.php(140): view('front-end/v_peserta_qurban')
 6 SYSTEMPATH\View\View.php(213): include('APPPATH\\Views\\v_template.php')
 7 SYSTEMPATH\View\View.php(216): CodeIgniter\View\View->CodeIgniter\View\{closure}()
 8 SYSTEMPATH\Common.php(1135): CodeIgniter\View\View->render('v_template', [], true)
 9 APPPATH\Controllers\Home.php(50): view('v_template', [...])
10 SYSTEMPATH\CodeIgniter.php(925): App\Controllers\Home->PesertaQurban()
11 SYSTEMPATH\CodeIgniter.php(480): CodeIgniter\CodeIgniter->runController(Object(App\Controllers\Home))
12 SYSTEMPATH\CodeIgniter.php(349): CodeIgniter\CodeIgniter->handleRequest(null, Object(Config\Cache), false)
13 FCPATH\index.php(67): CodeIgniter\CodeIgniter->run()
CRITICAL - 2023-05-01 13:33:50 --> Undefined variable $kelompok
in APPPATH\Views\front-end\v_peserta_qurban.php on line 25.
 1 APPPATH\Views\front-end\v_peserta_qurban.php(25): CodeIgniter\Debug\Exceptions->errorHandler(2, 'Undefined variable $kelompok', 'APPPATH\\Views\\front-end\\v_peserta_qurban.php', 25)
 2 SYSTEMPATH\View\View.php(213): include('APPPATH\\Views\\front-end\\v_peserta_qurban.php')
 3 SYSTEMPATH\View\View.php(216): CodeIgniter\View\View->CodeIgniter\View\{closure}()
 4 SYSTEMPATH\Common.php(1135): CodeIgniter\View\View->render('front-end/v_peserta_qurban', [], true)
 5 APPPATH\Views\v_template.php(140): view('front-end/v_peserta_qurban')
 6 SYSTEMPATH\View\View.php(213): include('APPPATH\\Views\\v_template.php')
 7 SYSTEMPATH\View\View.php(216): CodeIgniter\View\View->CodeIgniter\View\{closure}()
 8 SYSTEMPATH\Common.php(1135): CodeIgniter\View\View->render('v_template', [], true)
 9 APPPATH\Controllers\Home.php(50): view('v_template', [...])
10 SYSTEMPATH\CodeIgniter.php(925): App\Controllers\Home->PesertaQurban()
11 SYSTEMPATH\CodeIgniter.php(480): CodeIgniter\CodeIgniter->runController(Object(App\Controllers\Home))
12 SYSTEMPATH\CodeIgniter.php(349): CodeIgniter\CodeIgniter->handleRequest(null, Object(Config\Cache), false)
13 FCPATH\index.php(67): CodeIgniter\CodeIgniter->run()
CRITICAL - 2023-05-01 13:34:29 --> Invalid file: front-end/v_peserta_qurban.php
in SYSTEMPATH\Exceptions\FrameworkException.php on line 33.
 1 SYSTEMPATH\View\View.php(201): CodeIgniter\Exceptions\FrameworkException::forInvalidFile('front-end/v_peserta_qurban.php')
 2 SYSTEMPATH\Common.php(1135): CodeIgniter\View\View->render('front-end/v_peserta_qurban', [], true)
 3 APPPATH\Views\v_template.php(140): view('front-end/v_peserta_qurban')
 4 SYSTEMPATH\View\View.php(213): include('APPPATH\\Views\\v_template.php')
 5 SYSTEMPATH\View\View.php(216): CodeIgniter\View\View->CodeIgniter\View\{closure}()
 6 SYSTEMPATH\Common.php(1135): CodeIgniter\View\View->render('v_template', [], true)
 7 APPPATH\Controllers\Home.php(50): view('v_template', [...])
 8 SYSTEMPATH\CodeIgniter.php(925): App\Controllers\Home->PesertaQurban()
 9 SYSTEMPATH\CodeIgniter.php(480): CodeIgniter\CodeIgniter->runController(Object(App\Controllers\Home))
10 SYSTEMPATH\CodeIgniter.php(349): CodeIgniter\CodeIgniter->handleRequest(null, Object(Config\Cache), false)
11 FCPATH\index.php(67): CodeIgniter\CodeIgniter->run()
CRITICAL - 2023-05-01 13:34:31 --> Invalid file: front-end/v_peserta_qurban.php
in SYSTEMPATH\Exceptions\FrameworkException.php on line 33.
 1 SYSTEMPATH\View\View.php(201): CodeIgniter\Exceptions\FrameworkException::forInvalidFile('front-end/v_peserta_qurban.php')
 2 SYSTEMPATH\Common.php(1135): CodeIgniter\View\View->render('front-end/v_peserta_qurban', [], true)
 3 APPPATH\Views\v_template.php(140): view('front-end/v_peserta_qurban')
 4 SYSTEMPATH\View\View.php(213): include('APPPATH\\Views\\v_template.php')
 5 SYSTEMPATH\View\View.php(216): CodeIgniter\View\View->CodeIgniter\View\{closure}()
 6 SYSTEMPATH\Common.php(1135): CodeIgniter\View\View->render('v_template', [], true)
 7 APPPATH\Controllers\Home.php(50): view('v_template', [...])
 8 SYSTEMPATH\CodeIgniter.php(925): App\Controllers\Home->PesertaQurban()
 9 SYSTEMPATH\CodeIgniter.php(480): CodeIgniter\CodeIgniter->runController(Object(App\Controllers\Home))
10 SYSTEMPATH\CodeIgniter.php(349): CodeIgniter\CodeIgniter->handleRequest(null, Object(Config\Cache), false)
11 FCPATH\index.php(67): CodeIgniter\CodeIgniter->run()
CRITICAL - 2023-05-01 13:34:36 --> Invalid file: front-end/v_peserta_qurban.php
in SYSTEMPATH\Exceptions\FrameworkException.php on line 33.
 1 SYSTEMPATH\View\View.php(201): CodeIgniter\Exceptions\FrameworkException::forInvalidFile('front-end/v_peserta_qurban.php')
 2 SYSTEMPATH\Common.php(1135): CodeIgniter\View\View->render('front-end/v_peserta_qurban', [], true)
 3 APPPATH\Views\v_template.php(140): view('front-end/v_peserta_qurban')
 4 SYSTEMPATH\View\View.php(213): include('APPPATH\\Views\\v_template.php')
 5 SYSTEMPATH\View\View.php(216): CodeIgniter\View\View->CodeIgniter\View\{closure}()
 6 SYSTEMPATH\Common.php(1135): CodeIgniter\View\View->render('v_template', [], true)
 7 APPPATH\Controllers\Home.php(50): view('v_template', [...])
 8 SYSTEMPATH\CodeIgniter.php(925): App\Controllers\Home->PesertaQurban()
 9 SYSTEMPATH\CodeIgniter.php(480): CodeIgniter\CodeIgniter->runController(Object(App\Controllers\Home))
10 SYSTEMPATH\CodeIgniter.php(349): CodeIgniter\CodeIgniter->handleRequest(null, Object(Config\Cache), false)
11 FCPATH\index.php(67): CodeIgniter\CodeIgniter->run()
CRITICAL - 2023-05-01 13:36:05 --> Invalid file: front-end/v_peserta_qurban.php
in SYSTEMPATH\Exceptions\FrameworkException.php on line 33.
 1 SYSTEMPATH\View\View.php(201): CodeIgniter\Exceptions\FrameworkException::forInvalidFile('front-end/v_peserta_qurban.php')
 2 SYSTEMPATH\Common.php(1135): CodeIgniter\View\View->render('front-end/v_peserta_qurban', [], true)
 3 APPPATH\Views\v_template.php(140): view('front-end/v_peserta_qurban')
 4 SYSTEMPATH\View\View.php(213): include('APPPATH\\Views\\v_template.php')
 5 SYSTEMPATH\View\View.php(216): CodeIgniter\View\View->CodeIgniter\View\{closure}()
 6 SYSTEMPATH\Common.php(1135): CodeIgniter\View\View->render('v_template', [], true)
 7 APPPATH\Controllers\Home.php(50): view('v_template', [...])
 8 SYSTEMPATH\CodeIgniter.php(925): App\Controllers\Home->PesertaQurban()
 9 SYSTEMPATH\CodeIgniter.php(480): CodeIgniter\CodeIgniter->runController(Object(App\Controllers\Home))
10 SYSTEMPATH\CodeIgniter.php(349): CodeIgniter\CodeIgniter->handleRequest(null, Object(Config\Cache), false)
11 FCPATH\index.php(67): CodeIgniter\CodeIgniter->run()
CRITICAL - 2023-05-01 13:40:17 --> Invalid file: front-end/v_peserta_qurban.php
in SYSTEMPATH\Exceptions\FrameworkException.php on line 33.
 1 SYSTEMPATH\View\View.php(201): CodeIgniter\Exceptions\FrameworkException::forInvalidFile('front-end/v_peserta_qurban.php')
 2 SYSTEMPATH\Common.php(1135): CodeIgniter\View\View->render('front-end/v_peserta_qurban', [], true)
 3 APPPATH\Views\v_template.php(140): view('front-end/v_peserta_qurban')
 4 SYSTEMPATH\View\View.php(213): include('APPPATH\\Views\\v_template.php')
 5 SYSTEMPATH\View\View.php(216): CodeIgniter\View\View->CodeIgniter\View\{closure}()
 6 SYSTEMPATH\Common.php(1135): CodeIgniter\View\View->render('v_template', [], true)
 7 APPPATH\Controllers\Home.php(50): view('v_template', [...])
 8 SYSTEMPATH\CodeIgniter.php(925): App\Controllers\Home->PesertaQurban()
 9 SYSTEMPATH\CodeIgniter.php(480): CodeIgniter\CodeIgniter->runController(Object(App\Controllers\Home))
10 SYSTEMPATH\CodeIgniter.php(349): CodeIgniter\CodeIgniter->handleRequest(null, Object(Config\Cache), false)
11 FCPATH\index.php(67): CodeIgniter\CodeIgniter->run()
CRITICAL - 2023-05-01 13:40:25 --> Invalid file: front-end/v_peserta_qurban.php
in SYSTEMPATH\Exceptions\FrameworkException.php on line 33.
 1 SYSTEMPATH\View\View.php(201): CodeIgniter\Exceptions\FrameworkException::forInvalidFile('front-end/v_peserta_qurban.php')
 2 SYSTEMPATH\Common.php(1135): CodeIgniter\View\View->render('front-end/v_peserta_qurban', [], true)
 3 APPPATH\Views\v_template.php(140): view('front-end/v_peserta_qurban')
 4 SYSTEMPATH\View\View.php(213): include('APPPATH\\Views\\v_template.php')
 5 SYSTEMPATH\View\View.php(216): CodeIgniter\View\View->CodeIgniter\View\{closure}()
 6 SYSTEMPATH\Common.php(1135): CodeIgniter\View\View->render('v_template', [], true)
 7 APPPATH\Controllers\Home.php(50): view('v_template', [...])
 8 SYSTEMPATH\CodeIgniter.php(925): App\Controllers\Home->PesertaQurban()
 9 SYSTEMPATH\CodeIgniter.php(480): CodeIgniter\CodeIgniter->runController(Object(App\Controllers\Home))
10 SYSTEMPATH\CodeIgniter.php(349): CodeIgniter\CodeIgniter->handleRequest(null, Object(Config\Cache), false)
11 FCPATH\index.php(67): CodeIgniter\CodeIgniter->run()
CRITICAL - 2023-05-01 13:40:30 --> Invalid file: front-end/v_peserta_qurban.php
in SYSTEMPATH\Exceptions\FrameworkException.php on line 33.
 1 SYSTEMPATH\View\View.php(201): CodeIgniter\Exceptions\FrameworkException::forInvalidFile('front-end/v_peserta_qurban.php')
 2 SYSTEMPATH\Common.php(1135): CodeIgniter\View\View->render('front-end/v_peserta_qurban', [], true)
 3 APPPATH\Views\v_template.php(140): view('front-end/v_peserta_qurban')
 4 SYSTEMPATH\View\View.php(213): include('APPPATH\\Views\\v_template.php')
 5 SYSTEMPATH\View\View.php(216): CodeIgniter\View\View->CodeIgniter\View\{closure}()
 6 SYSTEMPATH\Common.php(1135): CodeIgniter\View\View->render('v_template', [], true)
 7 APPPATH\Controllers\Home.php(50): view('v_template', [...])
 8 SYSTEMPATH\CodeIgniter.php(925): App\Controllers\Home->PesertaQurban()
 9 SYSTEMPATH\CodeIgniter.php(480): CodeIgniter\CodeIgniter->runController(Object(App\Controllers\Home))
10 SYSTEMPATH\CodeIgniter.php(349): CodeIgniter\CodeIgniter->handleRequest(null, Object(Config\Cache), false)
11 FCPATH\index.php(67): CodeIgniter\CodeIgniter->run()
CRITICAL - 2023-05-01 14:07:16 --> You must set the database table to be used with your query.
in SYSTEMPATH\Database\BaseConnection.php on line 845.
 1 SYSTEMPATH\Model.php(611): CodeIgniter\Database\BaseConnection->table(null)
 2 SYSTEMPATH\Model.php(797): CodeIgniter\Model->builder()
 3 APPPATH\Controllers\Admin.php(31): CodeIgniter\Model->__call('AllDataKasMasjid', [])
 4 SYSTEMPATH\CodeIgniter.php(925): App\Controllers\Admin->index()
 5 SYSTEMPATH\CodeIgniter.php(480): CodeIgniter\CodeIgniter->runController(Object(App\Controllers\Admin))
 6 SYSTEMPATH\CodeIgniter.php(349): CodeIgniter\CodeIgniter->handleRequest(null, Object(Config\Cache), false)
 7 FCPATH\index.php(67): CodeIgniter\CodeIgniter->run()
ERROR - 2023-05-01 14:08:32 --> mysqli_sql_exception: Unknown column 'month[tanggal]' in 'where clause' in C:\xampp8\htdocs\simasjid-ci4\system\Database\MySQLi\Connection.php:292
Stack trace:
#0 C:\xampp8\htdocs\simasjid-ci4\system\Database\MySQLi\Connection.php(292): mysqli->query('SELECT *\nFROM `...', 0)
#1 C:\xampp8\htdocs\simasjid-ci4\system\Database\BaseConnection.php(666): CodeIgniter\Database\MySQLi\Connection->execute('SELECT *\nFROM `...')
#2 C:\xampp8\htdocs\simasjid-ci4\system\Database\BaseConnection.php(593): CodeIgniter\Database\BaseConnection->simpleQuery('SELECT *\nFROM `...')
#3 C:\xampp8\htdocs\simasjid-ci4\system\Database\BaseBuilder.php(1585): CodeIgniter\Database\BaseConnection->query('SELECT *\nFROM `...', Array, false)
#4 C:\xampp8\htdocs\simasjid-ci4\app\Models\ModelAdmin.php(27): CodeIgniter\Database\BaseBuilder->get()
#5 C:\xampp8\htdocs\simasjid-ci4\app\Controllers\Admin.php(31): App\Models\ModelAdmin->AllDataKasMasjid()
#6 C:\xampp8\htdocs\simasjid-ci4\system\CodeIgniter.php(925): App\Controllers\Admin->index()
#7 C:\xampp8\htdocs\simasjid-ci4\system\CodeIgniter.php(480): CodeIgniter\CodeIgniter->runController(Object(App\Controllers\Admin))
#8 C:\xampp8\htdocs\simasjid-ci4\system\CodeIgniter.php(349): CodeIgniter\CodeIgniter->handleRequest(NULL, Object(Config\Cache), false)
#9 C:\xampp8\htdocs\simasjid-ci4\public\index.php(67): CodeIgniter\CodeIgniter->run()
#10 {main}
CRITICAL - 2023-05-01 14:08:32 --> Unknown column 'month[tanggal]' in 'where clause'
in SYSTEMPATH\Database\MySQLi\Connection.php on line 292.
 1 SYSTEMPATH\Database\MySQLi\Connection.php(292): mysqli->query('SELECT *
FROM `tbl_kas_masjid`
WHERE `month[tanggal]` = \'05\'
AND `year[tanggal]` = \'2023\'', 0)
 2 SYSTEMPATH\Database\BaseConnection.php(666): CodeIgniter\Database\MySQLi\Connection->execute('SELECT *
FROM `tbl_kas_masjid`
WHERE `month[tanggal]` = \'05\'
AND `year[tanggal]` = \'2023\'')
 3 SYSTEMPATH\Database\BaseConnection.php(593): CodeIgniter\Database\BaseConnection->simpleQuery('SELECT *
FROM `tbl_kas_masjid`
WHERE `month[tanggal]` = \'05\'
AND `year[tanggal]` = \'2023\'')
 4 SYSTEMPATH\Database\BaseBuilder.php(1585): CodeIgniter\Database\BaseConnection->query('SELECT *
FROM `tbl_kas_masjid`
WHERE `month[tanggal]` = :month[tanggal]:
AND `year[tanggal]` = :year[tanggal]:', [...], false)
 5 APPPATH\Models\ModelAdmin.php(27): CodeIgniter\Database\BaseBuilder->get()
 6 APPPATH\Controllers\Admin.php(31): App\Models\ModelAdmin->AllDataKasMasjid()
 7 SYSTEMPATH\CodeIgniter.php(925): App\Controllers\Admin->index()
 8 SYSTEMPATH\CodeIgniter.php(480): CodeIgniter\CodeIgniter->runController(Object(App\Controllers\Admin))
 9 SYSTEMPATH\CodeIgniter.php(349): CodeIgniter\CodeIgniter->handleRequest(null, Object(Config\Cache), false)
10 FCPATH\index.php(67): CodeIgniter\CodeIgniter->run()
ERROR - 2023-05-01 14:08:42 --> mysqli_sql_exception: Unknown column 'month[tanggal]' in 'where clause' in C:\xampp8\htdocs\simasjid-ci4\system\Database\MySQLi\Connection.php:292
Stack trace:
#0 C:\xampp8\htdocs\simasjid-ci4\system\Database\MySQLi\Connection.php(292): mysqli->query('SELECT *\nFROM `...', 0)
#1 C:\xampp8\htdocs\simasjid-ci4\system\Database\BaseConnection.php(666): CodeIgniter\Database\MySQLi\Connection->execute('SELECT *\nFROM `...')
#2 C:\xampp8\htdocs\simasjid-ci4\system\Database\BaseConnection.php(593): CodeIgniter\Database\BaseConnection->simpleQuery('SELECT *\nFROM `...')
#3 C:\xampp8\htdocs\simasjid-ci4\system\Database\BaseBuilder.php(1585): CodeIgniter\Database\BaseConnection->query('SELECT *\nFROM `...', Array, false)
#4 C:\xampp8\htdocs\simasjid-ci4\app\Models\ModelAdmin.php(27): CodeIgniter\Database\BaseBuilder->get()
#5 C:\xampp8\htdocs\simasjid-ci4\app\Controllers\Admin.php(31): App\Models\ModelAdmin->AllDataKasMasjid()
#6 C:\xampp8\htdocs\simasjid-ci4\system\CodeIgniter.php(925): App\Controllers\Admin->index()
#7 C:\xampp8\htdocs\simasjid-ci4\system\CodeIgniter.php(480): CodeIgniter\CodeIgniter->runController(Object(App\Controllers\Admin))
#8 C:\xampp8\htdocs\simasjid-ci4\system\CodeIgniter.php(349): CodeIgniter\CodeIgniter->handleRequest(NULL, Object(Config\Cache), false)
#9 C:\xampp8\htdocs\simasjid-ci4\public\index.php(67): CodeIgniter\CodeIgniter->run()
#10 {main}
CRITICAL - 2023-05-01 14:08:42 --> Unknown column 'month[tanggal]' in 'where clause'
in SYSTEMPATH\Database\MySQLi\Connection.php on line 292.
 1 SYSTEMPATH\Database\MySQLi\Connection.php(292): mysqli->query('SELECT *
FROM `tbl_kas_masjid`
WHERE `month[tanggal]` = \'05\'
AND `year[tanggal]` = \'2023\'', 0)
 2 SYSTEMPATH\Database\BaseConnection.php(666): CodeIgniter\Database\MySQLi\Connection->execute('SELECT *
FROM `tbl_kas_masjid`
WHERE `month[tanggal]` = \'05\'
AND `year[tanggal]` = \'2023\'')
 3 SYSTEMPATH\Database\BaseConnection.php(593): CodeIgniter\Database\BaseConnection->simpleQuery('SELECT *
FROM `tbl_kas_masjid`
WHERE `month[tanggal]` = \'05\'
AND `year[tanggal]` = \'2023\'')
 4 SYSTEMPATH\Database\BaseBuilder.php(1585): CodeIgniter\Database\BaseConnection->query('SELECT *
FROM `tbl_kas_masjid`
WHERE `month[tanggal]` = :month[tanggal]:
AND `year[tanggal]` = :year[tanggal]:', [...], false)
 5 APPPATH\Models\ModelAdmin.php(27): CodeIgniter\Database\BaseBuilder->get()
 6 APPPATH\Controllers\Admin.php(31): App\Models\ModelAdmin->AllDataKasMasjid()
 7 SYSTEMPATH\CodeIgniter.php(925): App\Controllers\Admin->index()
 8 SYSTEMPATH\CodeIgniter.php(480): CodeIgniter\CodeIgniter->runController(Object(App\Controllers\Admin))
 9 SYSTEMPATH\CodeIgniter.php(349): CodeIgniter\CodeIgniter->handleRequest(null, Object(Config\Cache), false)
10 FCPATH\index.php(67): CodeIgniter\CodeIgniter->run()
ERROR - 2023-05-01 14:13:46 --> mysqli_sql_exception: Unknown column 'month[tanggal]' in 'where clause' in C:\xampp8\htdocs\simasjid-ci4\system\Database\MySQLi\Connection.php:292
Stack trace:
#0 C:\xampp8\htdocs\simasjid-ci4\system\Database\MySQLi\Connection.php(292): mysqli->query('SELECT *\nFROM `...', 0)
#1 C:\xampp8\htdocs\simasjid-ci4\system\Database\BaseConnection.php(666): CodeIgniter\Database\MySQLi\Connection->execute('SELECT *\nFROM `...')
#2 C:\xampp8\htdocs\simasjid-ci4\system\Database\BaseConnection.php(593): CodeIgniter\Database\BaseConnection->simpleQuery('SELECT *\nFROM `...')
#3 C:\xampp8\htdocs\simasjid-ci4\system\Database\BaseBuilder.php(1585): CodeIgniter\Database\BaseConnection->query('SELECT *\nFROM `...', Array, false)
#4 C:\xampp8\htdocs\simasjid-ci4\app\Models\ModelAdmin.php(27): CodeIgniter\Database\BaseBuilder->get()
#5 C:\xampp8\htdocs\simasjid-ci4\app\Controllers\Admin.php(31): App\Models\ModelAdmin->AllDataKasMasjid()
#6 C:\xampp8\htdocs\simasjid-ci4\system\CodeIgniter.php(925): App\Controllers\Admin->index()
#7 C:\xampp8\htdocs\simasjid-ci4\system\CodeIgniter.php(480): CodeIgniter\CodeIgniter->runController(Object(App\Controllers\Admin))
#8 C:\xampp8\htdocs\simasjid-ci4\system\CodeIgniter.php(349): CodeIgniter\CodeIgniter->handleRequest(NULL, Object(Config\Cache), false)
#9 C:\xampp8\htdocs\simasjid-ci4\public\index.php(67): CodeIgniter\CodeIgniter->run()
#10 {main}
CRITICAL - 2023-05-01 14:13:46 --> Unknown column 'month[tanggal]' in 'where clause'
in SYSTEMPATH\Database\MySQLi\Connection.php on line 292.
 1 SYSTEMPATH\Database\MySQLi\Connection.php(292): mysqli->query('SELECT *
FROM `tbl_kas_masjid`
WHERE `month[tanggal]` = \'05\'
AND `year[tanggal]` = \'2023\'', 0)
 2 SYSTEMPATH\Database\BaseConnection.php(666): CodeIgniter\Database\MySQLi\Connection->execute('SELECT *
FROM `tbl_kas_masjid`
WHERE `month[tanggal]` = \'05\'
AND `year[tanggal]` = \'2023\'')
 3 SYSTEMPATH\Database\BaseConnection.php(593): CodeIgniter\Database\BaseConnection->simpleQuery('SELECT *
FROM `tbl_kas_masjid`
WHERE `month[tanggal]` = \'05\'
AND `year[tanggal]` = \'2023\'')
 4 SYSTEMPATH\Database\BaseBuilder.php(1585): CodeIgniter\Database\BaseConnection->query('SELECT *
FROM `tbl_kas_masjid`
WHERE `month[tanggal]` = :month[tanggal]:
AND `year[tanggal]` = :year[tanggal]:', [...], false)
 5 APPPATH\Models\ModelAdmin.php(27): CodeIgniter\Database\BaseBuilder->get()
 6 APPPATH\Controllers\Admin.php(31): App\Models\ModelAdmin->AllDataKasMasjid()
 7 SYSTEMPATH\CodeIgniter.php(925): App\Controllers\Admin->index()
 8 SYSTEMPATH\CodeIgniter.php(480): CodeIgniter\CodeIgniter->runController(Object(App\Controllers\Admin))
 9 SYSTEMPATH\CodeIgniter.php(349): CodeIgniter\CodeIgniter->handleRequest(null, Object(Config\Cache), false)
10 FCPATH\index.php(67): CodeIgniter\CodeIgniter->run()
ERROR - 2023-05-01 14:13:55 --> mysqli_sql_exception: Unknown column 'month[tanggal]' in 'where clause' in C:\xampp8\htdocs\simasjid-ci4\system\Database\MySQLi\Connection.php:292
Stack trace:
#0 C:\xampp8\htdocs\simasjid-ci4\system\Database\MySQLi\Connection.php(292): mysqli->query('SELECT *\nFROM `...', 0)
#1 C:\xampp8\htdocs\simasjid-ci4\system\Database\BaseConnection.php(666): CodeIgniter\Database\MySQLi\Connection->execute('SELECT *\nFROM `...')
#2 C:\xampp8\htdocs\simasjid-ci4\system\Database\BaseConnection.php(593): CodeIgniter\Database\BaseConnection->simpleQuery('SELECT *\nFROM `...')
#3 C:\xampp8\htdocs\simasjid-ci4\system\Database\BaseBuilder.php(1585): CodeIgniter\Database\BaseConnection->query('SELECT *\nFROM `...', Array, false)
#4 C:\xampp8\htdocs\simasjid-ci4\app\Models\ModelAdmin.php(27): CodeIgniter\Database\BaseBuilder->get()
#5 C:\xampp8\htdocs\simasjid-ci4\app\Controllers\Admin.php(31): App\Models\ModelAdmin->AllDataKasMasjid()
#6 C:\xampp8\htdocs\simasjid-ci4\system\CodeIgniter.php(925): App\Controllers\Admin->index()
#7 C:\xampp8\htdocs\simasjid-ci4\system\CodeIgniter.php(480): CodeIgniter\CodeIgniter->runController(Object(App\Controllers\Admin))
#8 C:\xampp8\htdocs\simasjid-ci4\system\CodeIgniter.php(349): CodeIgniter\CodeIgniter->handleRequest(NULL, Object(Config\Cache), false)
#9 C:\xampp8\htdocs\simasjid-ci4\public\index.php(67): CodeIgniter\CodeIgniter->run()
#10 {main}
CRITICAL - 2023-05-01 14:13:55 --> Unknown column 'month[tanggal]' in 'where clause'
in SYSTEMPATH\Database\MySQLi\Connection.php on line 292.
 1 SYSTEMPATH\Database\MySQLi\Connection.php(292): mysqli->query('SELECT *
FROM `tbl_kas_masjid`
WHERE `month[tanggal]` = \'05\'
AND `year[tanggal]` = \'2023\'', 0)
 2 SYSTEMPATH\Database\BaseConnection.php(666): CodeIgniter\Database\MySQLi\Connection->execute('SELECT *
FROM `tbl_kas_masjid`
WHERE `month[tanggal]` = \'05\'
AND `year[tanggal]` = \'2023\'')
 3 SYSTEMPATH\Database\BaseConnection.php(593): CodeIgniter\Database\BaseConnection->simpleQuery('SELECT *
FROM `tbl_kas_masjid`
WHERE `month[tanggal]` = \'05\'
AND `year[tanggal]` = \'2023\'')
 4 SYSTEMPATH\Database\BaseBuilder.php(1585): CodeIgniter\Database\BaseConnection->query('SELECT *
FROM `tbl_kas_masjid`
WHERE `month[tanggal]` = :month[tanggal]:
AND `year[tanggal]` = :year[tanggal]:', [...], false)
 5 APPPATH\Models\ModelAdmin.php(27): CodeIgniter\Database\BaseBuilder->get()
 6 APPPATH\Controllers\Admin.php(31): App\Models\ModelAdmin->AllDataKasMasjid()
 7 SYSTEMPATH\CodeIgniter.php(925): App\Controllers\Admin->index()
 8 SYSTEMPATH\CodeIgniter.php(480): CodeIgniter\CodeIgniter->runController(Object(App\Controllers\Admin))
 9 SYSTEMPATH\CodeIgniter.php(349): CodeIgniter\CodeIgniter->handleRequest(null, Object(Config\Cache), false)
10 FCPATH\index.php(67): CodeIgniter\CodeIgniter->run()
ERROR - 2023-05-01 14:13:58 --> mysqli_sql_exception: Unknown column 'month[tanggal]' in 'where clause' in C:\xampp8\htdocs\simasjid-ci4\system\Database\MySQLi\Connection.php:292
Stack trace:
#0 C:\xampp8\htdocs\simasjid-ci4\system\Database\MySQLi\Connection.php(292): mysqli->query('SELECT *\nFROM `...', 0)
#1 C:\xampp8\htdocs\simasjid-ci4\system\Database\BaseConnection.php(666): CodeIgniter\Database\MySQLi\Connection->execute('SELECT *\nFROM `...')
#2 C:\xampp8\htdocs\simasjid-ci4\system\Database\BaseConnection.php(593): CodeIgniter\Database\BaseConnection->simpleQuery('SELECT *\nFROM `...')
#3 C:\xampp8\htdocs\simasjid-ci4\system\Database\BaseBuilder.php(1585): CodeIgniter\Database\BaseConnection->query('SELECT *\nFROM `...', Array, false)
#4 C:\xampp8\htdocs\simasjid-ci4\app\Models\ModelAdmin.php(27): CodeIgniter\Database\BaseBuilder->get()
#5 C:\xampp8\htdocs\simasjid-ci4\app\Controllers\Admin.php(31): App\Models\ModelAdmin->AllDataKasMasjid()
#6 C:\xampp8\htdocs\simasjid-ci4\system\CodeIgniter.php(925): App\Controllers\Admin->index()
#7 C:\xampp8\htdocs\simasjid-ci4\system\CodeIgniter.php(480): CodeIgniter\CodeIgniter->runController(Object(App\Controllers\Admin))
#8 C:\xampp8\htdocs\simasjid-ci4\system\CodeIgniter.php(349): CodeIgniter\CodeIgniter->handleRequest(NULL, Object(Config\Cache), false)
#9 C:\xampp8\htdocs\simasjid-ci4\public\index.php(67): CodeIgniter\CodeIgniter->run()
#10 {main}
CRITICAL - 2023-05-01 14:13:58 --> Unknown column 'month[tanggal]' in 'where clause'
in SYSTEMPATH\Database\MySQLi\Connection.php on line 292.
 1 SYSTEMPATH\Database\MySQLi\Connection.php(292): mysqli->query('SELECT *
FROM `tbl_kas_masjid`
WHERE `month[tanggal]` = \'05\'
AND `year[tanggal]` = \'2023\'', 0)
 2 SYSTEMPATH\Database\BaseConnection.php(666): CodeIgniter\Database\MySQLi\Connection->execute('SELECT *
FROM `tbl_kas_masjid`
WHERE `month[tanggal]` = \'05\'
AND `year[tanggal]` = \'2023\'')
 3 SYSTEMPATH\Database\BaseConnection.php(593): CodeIgniter\Database\BaseConnection->simpleQuery('SELECT *
FROM `tbl_kas_masjid`
WHERE `month[tanggal]` = \'05\'
AND `year[tanggal]` = \'2023\'')
 4 SYSTEMPATH\Database\BaseBuilder.php(1585): CodeIgniter\Database\BaseConnection->query('SELECT *
FROM `tbl_kas_masjid`
WHERE `month[tanggal]` = :month[tanggal]:
AND `year[tanggal]` = :year[tanggal]:', [...], false)
 5 APPPATH\Models\ModelAdmin.php(27): CodeIgniter\Database\BaseBuilder->get()
 6 APPPATH\Controllers\Admin.php(31): App\Models\ModelAdmin->AllDataKasMasjid()
 7 SYSTEMPATH\CodeIgniter.php(925): App\Controllers\Admin->index()
 8 SYSTEMPATH\CodeIgniter.php(480): CodeIgniter\CodeIgniter->runController(Object(App\Controllers\Admin))
 9 SYSTEMPATH\CodeIgniter.php(349): CodeIgniter\CodeIgniter->handleRequest(null, Object(Config\Cache), false)
10 FCPATH\index.php(67): CodeIgniter\CodeIgniter->run()
ERROR - 2023-05-01 14:14:17 --> mysqli_sql_exception: Unknown column 'month[tanggal]' in 'where clause' in C:\xampp8\htdocs\simasjid-ci4\system\Database\MySQLi\Connection.php:292
Stack trace:
#0 C:\xampp8\htdocs\simasjid-ci4\system\Database\MySQLi\Connection.php(292): mysqli->query('SELECT *\nFROM `...', 0)
#1 C:\xampp8\htdocs\simasjid-ci4\system\Database\BaseConnection.php(666): CodeIgniter\Database\MySQLi\Connection->execute('SELECT *\nFROM `...')
#2 C:\xampp8\htdocs\simasjid-ci4\system\Database\BaseConnection.php(593): CodeIgniter\Database\BaseConnection->simpleQuery('SELECT *\nFROM `...')
#3 C:\xampp8\htdocs\simasjid-ci4\system\Database\BaseBuilder.php(1585): CodeIgniter\Database\BaseConnection->query('SELECT *\nFROM `...', Array, false)
#4 C:\xampp8\htdocs\simasjid-ci4\app\Models\ModelAdmin.php(27): CodeIgniter\Database\BaseBuilder->get()
#5 C:\xampp8\htdocs\simasjid-ci4\app\Controllers\Admin.php(31): App\Models\ModelAdmin->AllDataKasMasjid()
#6 C:\xampp8\htdocs\simasjid-ci4\system\CodeIgniter.php(925): App\Controllers\Admin->index()
#7 C:\xampp8\htdocs\simasjid-ci4\system\CodeIgniter.php(480): CodeIgniter\CodeIgniter->runController(Object(App\Controllers\Admin))
#8 C:\xampp8\htdocs\simasjid-ci4\system\CodeIgniter.php(349): CodeIgniter\CodeIgniter->handleRequest(NULL, Object(Config\Cache), false)
#9 C:\xampp8\htdocs\simasjid-ci4\public\index.php(67): CodeIgniter\CodeIgniter->run()
#10 {main}
CRITICAL - 2023-05-01 14:14:17 --> Unknown column 'month[tanggal]' in 'where clause'
in SYSTEMPATH\Database\MySQLi\Connection.php on line 292.
 1 SYSTEMPATH\Database\MySQLi\Connection.php(292): mysqli->query('SELECT *
FROM `tbl_kas_masjid`
WHERE `month[tanggal]` = \'05\'
AND `year[tanggal]` = \'2023\'', 0)
 2 SYSTEMPATH\Database\BaseConnection.php(666): CodeIgniter\Database\MySQLi\Connection->execute('SELECT *
FROM `tbl_kas_masjid`
WHERE `month[tanggal]` = \'05\'
AND `year[tanggal]` = \'2023\'')
 3 SYSTEMPATH\Database\BaseConnection.php(593): CodeIgniter\Database\BaseConnection->simpleQuery('SELECT *
FROM `tbl_kas_masjid`
WHERE `month[tanggal]` = \'05\'
AND `year[tanggal]` = \'2023\'')
 4 SYSTEMPATH\Database\BaseBuilder.php(1585): CodeIgniter\Database\BaseConnection->query('SELECT *
FROM `tbl_kas_masjid`
WHERE `month[tanggal]` = :month[tanggal]:
AND `year[tanggal]` = :year[tanggal]:', [...], false)
 5 APPPATH\Models\ModelAdmin.php(27): CodeIgniter\Database\BaseBuilder->get()
 6 APPPATH\Controllers\Admin.php(31): App\Models\ModelAdmin->AllDataKasMasjid()
 7 SYSTEMPATH\CodeIgniter.php(925): App\Controllers\Admin->index()
 8 SYSTEMPATH\CodeIgniter.php(480): CodeIgniter\CodeIgniter->runController(Object(App\Controllers\Admin))
 9 SYSTEMPATH\CodeIgniter.php(349): CodeIgniter\CodeIgniter->handleRequest(null, Object(Config\Cache), false)
10 FCPATH\index.php(67): CodeIgniter\CodeIgniter->run()
ERROR - 2023-05-01 14:14:25 --> mysqli_sql_exception: Unknown column 'month[tanggal]' in 'where clause' in C:\xampp8\htdocs\simasjid-ci4\system\Database\MySQLi\Connection.php:292
Stack trace:
#0 C:\xampp8\htdocs\simasjid-ci4\system\Database\MySQLi\Connection.php(292): mysqli->query('SELECT *\nFROM `...', 0)
#1 C:\xampp8\htdocs\simasjid-ci4\system\Database\BaseConnection.php(666): CodeIgniter\Database\MySQLi\Connection->execute('SELECT *\nFROM `...')
#2 C:\xampp8\htdocs\simasjid-ci4\system\Database\BaseConnection.php(593): CodeIgniter\Database\BaseConnection->simpleQuery('SELECT *\nFROM `...')
#3 C:\xampp8\htdocs\simasjid-ci4\system\Database\BaseBuilder.php(1585): CodeIgniter\Database\BaseConnection->query('SELECT *\nFROM `...', Array, false)
#4 C:\xampp8\htdocs\simasjid-ci4\app\Models\ModelAdmin.php(27): CodeIgniter\Database\BaseBuilder->get()
#5 C:\xampp8\htdocs\simasjid-ci4\app\Controllers\Admin.php(31): App\Models\ModelAdmin->AllDataKasMasjid()
#6 C:\xampp8\htdocs\simasjid-ci4\system\CodeIgniter.php(925): App\Controllers\Admin->index()
#7 C:\xampp8\htdocs\simasjid-ci4\system\CodeIgniter.php(480): CodeIgniter\CodeIgniter->runController(Object(App\Controllers\Admin))
#8 C:\xampp8\htdocs\simasjid-ci4\system\CodeIgniter.php(349): CodeIgniter\CodeIgniter->handleRequest(NULL, Object(Config\Cache), false)
#9 C:\xampp8\htdocs\simasjid-ci4\public\index.php(67): CodeIgniter\CodeIgniter->run()
#10 {main}
CRITICAL - 2023-05-01 14:14:25 --> Unknown column 'month[tanggal]' in 'where clause'
in SYSTEMPATH\Database\MySQLi\Connection.php on line 292.
 1 SYSTEMPATH\Database\MySQLi\Connection.php(292): mysqli->query('SELECT *
FROM `tbl_kas_masjid`
WHERE `month[tanggal]` = \'05\'
AND `year[tanggal]` = \'2023\'', 0)
 2 SYSTEMPATH\Database\BaseConnection.php(666): CodeIgniter\Database\MySQLi\Connection->execute('SELECT *
FROM `tbl_kas_masjid`
WHERE `month[tanggal]` = \'05\'
AND `year[tanggal]` = \'2023\'')
 3 SYSTEMPATH\Database\BaseConnection.php(593): CodeIgniter\Database\BaseConnection->simpleQuery('SELECT *
FROM `tbl_kas_masjid`
WHERE `month[tanggal]` = \'05\'
AND `year[tanggal]` = \'2023\'')
 4 SYSTEMPATH\Database\BaseBuilder.php(1585): CodeIgniter\Database\BaseConnection->query('SELECT *
FROM `tbl_kas_masjid`
WHERE `month[tanggal]` = :month[tanggal]:
AND `year[tanggal]` = :year[tanggal]:', [...], false)
 5 APPPATH\Models\ModelAdmin.php(27): CodeIgniter\Database\BaseBuilder->get()
 6 APPPATH\Controllers\Admin.php(31): App\Models\ModelAdmin->AllDataKasMasjid()
 7 SYSTEMPATH\CodeIgniter.php(925): App\Controllers\Admin->index()
 8 SYSTEMPATH\CodeIgniter.php(480): CodeIgniter\CodeIgniter->runController(Object(App\Controllers\Admin))
 9 SYSTEMPATH\CodeIgniter.php(349): CodeIgniter\CodeIgniter->handleRequest(null, Object(Config\Cache), false)
10 FCPATH\index.php(67): CodeIgniter\CodeIgniter->run()
ERROR - 2023-05-01 14:14:27 --> mysqli_sql_exception: Unknown column 'month[tanggal]' in 'where clause' in C:\xampp8\htdocs\simasjid-ci4\system\Database\MySQLi\Connection.php:292
Stack trace:
#0 C:\xampp8\htdocs\simasjid-ci4\system\Database\MySQLi\Connection.php(292): mysqli->query('SELECT *\nFROM `...', 0)
#1 C:\xampp8\htdocs\simasjid-ci4\system\Database\BaseConnection.php(666): CodeIgniter\Database\MySQLi\Connection->execute('SELECT *\nFROM `...')
#2 C:\xampp8\htdocs\simasjid-ci4\system\Database\BaseConnection.php(593): CodeIgniter\Database\BaseConnection->simpleQuery('SELECT *\nFROM `...')
#3 C:\xampp8\htdocs\simasjid-ci4\system\Database\BaseBuilder.php(1585): CodeIgniter\Database\BaseConnection->query('SELECT *\nFROM `...', Array, false)
#4 C:\xampp8\htdocs\simasjid-ci4\app\Models\ModelAdmin.php(27): CodeIgniter\Database\BaseBuilder->get()
#5 C:\xampp8\htdocs\simasjid-ci4\app\Controllers\Admin.php(31): App\Models\ModelAdmin->AllDataKasMasjid()
#6 C:\xampp8\htdocs\simasjid-ci4\system\CodeIgniter.php(925): App\Controllers\Admin->index()
#7 C:\xampp8\htdocs\simasjid-ci4\system\CodeIgniter.php(480): CodeIgniter\CodeIgniter->runController(Object(App\Controllers\Admin))
#8 C:\xampp8\htdocs\simasjid-ci4\system\CodeIgniter.php(349): CodeIgniter\CodeIgniter->handleRequest(NULL, Object(Config\Cache), false)
#9 C:\xampp8\htdocs\simasjid-ci4\public\index.php(67): CodeIgniter\CodeIgniter->run()
#10 {main}
CRITICAL - 2023-05-01 14:14:27 --> Unknown column 'month[tanggal]' in 'where clause'
in SYSTEMPATH\Database\MySQLi\Connection.php on line 292.
 1 SYSTEMPATH\Database\MySQLi\Connection.php(292): mysqli->query('SELECT *
FROM `tbl_kas_masjid`
WHERE `month[tanggal]` = \'05\'
AND `year[tanggal]` = \'2023\'', 0)
 2 SYSTEMPATH\Database\BaseConnection.php(666): CodeIgniter\Database\MySQLi\Connection->execute('SELECT *
FROM `tbl_kas_masjid`
WHERE `month[tanggal]` = \'05\'
AND `year[tanggal]` = \'2023\'')
 3 SYSTEMPATH\Database\BaseConnection.php(593): CodeIgniter\Database\BaseConnection->simpleQuery('SELECT *
FROM `tbl_kas_masjid`
WHERE `month[tanggal]` = \'05\'
AND `year[tanggal]` = \'2023\'')
 4 SYSTEMPATH\Database\BaseBuilder.php(1585): CodeIgniter\Database\BaseConnection->query('SELECT *
FROM `tbl_kas_masjid`
WHERE `month[tanggal]` = :month[tanggal]:
AND `year[tanggal]` = :year[tanggal]:', [...], false)
 5 APPPATH\Models\ModelAdmin.php(27): CodeIgniter\Database\BaseBuilder->get()
 6 APPPATH\Controllers\Admin.php(31): App\Models\ModelAdmin->AllDataKasMasjid()
 7 SYSTEMPATH\CodeIgniter.php(925): App\Controllers\Admin->index()
 8 SYSTEMPATH\CodeIgniter.php(480): CodeIgniter\CodeIgniter->runController(Object(App\Controllers\Admin))
 9 SYSTEMPATH\CodeIgniter.php(349): CodeIgniter\CodeIgniter->handleRequest(null, Object(Config\Cache), false)
10 FCPATH\index.php(67): CodeIgniter\CodeIgniter->run()
ERROR - 2023-05-01 14:14:31 --> mysqli_sql_exception: Unknown column 'month[tanggal]' in 'where clause' in C:\xampp8\htdocs\simasjid-ci4\system\Database\MySQLi\Connection.php:292
Stack trace:
#0 C:\xampp8\htdocs\simasjid-ci4\system\Database\MySQLi\Connection.php(292): mysqli->query('SELECT *\nFROM `...', 0)
#1 C:\xampp8\htdocs\simasjid-ci4\system\Database\BaseConnection.php(666): CodeIgniter\Database\MySQLi\Connection->execute('SELECT *\nFROM `...')
#2 C:\xampp8\htdocs\simasjid-ci4\system\Database\BaseConnection.php(593): CodeIgniter\Database\BaseConnection->simpleQuery('SELECT *\nFROM `...')
#3 C:\xampp8\htdocs\simasjid-ci4\system\Database\BaseBuilder.php(1585): CodeIgniter\Database\BaseConnection->query('SELECT *\nFROM `...', Array, false)
#4 C:\xampp8\htdocs\simasjid-ci4\app\Models\ModelAdmin.php(27): CodeIgniter\Database\BaseBuilder->get()
#5 C:\xampp8\htdocs\simasjid-ci4\app\Controllers\Admin.php(31): App\Models\ModelAdmin->AllDataKasMasjid()
#6 C:\xampp8\htdocs\simasjid-ci4\system\CodeIgniter.php(925): App\Controllers\Admin->index()
#7 C:\xampp8\htdocs\simasjid-ci4\system\CodeIgniter.php(480): CodeIgniter\CodeIgniter->runController(Object(App\Controllers\Admin))
#8 C:\xampp8\htdocs\simasjid-ci4\system\CodeIgniter.php(349): CodeIgniter\CodeIgniter->handleRequest(NULL, Object(Config\Cache), false)
#9 C:\xampp8\htdocs\simasjid-ci4\public\index.php(67): CodeIgniter\CodeIgniter->run()
#10 {main}
CRITICAL - 2023-05-01 14:14:31 --> Unknown column 'month[tanggal]' in 'where clause'
in SYSTEMPATH\Database\MySQLi\Connection.php on line 292.
 1 SYSTEMPATH\Database\MySQLi\Connection.php(292): mysqli->query('SELECT *
FROM `tbl_kas_masjid`
WHERE `month[tanggal]` = \'05\'
AND `year[tanggal]` = \'2023\'', 0)
 2 SYSTEMPATH\Database\BaseConnection.php(666): CodeIgniter\Database\MySQLi\Connection->execute('SELECT *
FROM `tbl_kas_masjid`
WHERE `month[tanggal]` = \'05\'
AND `year[tanggal]` = \'2023\'')
 3 SYSTEMPATH\Database\BaseConnection.php(593): CodeIgniter\Database\BaseConnection->simpleQuery('SELECT *
FROM `tbl_kas_masjid`
WHERE `month[tanggal]` = \'05\'
AND `year[tanggal]` = \'2023\'')
 4 SYSTEMPATH\Database\BaseBuilder.php(1585): CodeIgniter\Database\BaseConnection->query('SELECT *
FROM `tbl_kas_masjid`
WHERE `month[tanggal]` = :month[tanggal]:
AND `year[tanggal]` = :year[tanggal]:', [...], false)
 5 APPPATH\Models\ModelAdmin.php(27): CodeIgniter\Database\BaseBuilder->get()
 6 APPPATH\Controllers\Admin.php(31): App\Models\ModelAdmin->AllDataKasMasjid()
 7 SYSTEMPATH\CodeIgniter.php(925): App\Controllers\Admin->index()
 8 SYSTEMPATH\CodeIgniter.php(480): CodeIgniter\CodeIgniter->runController(Object(App\Controllers\Admin))
 9 SYSTEMPATH\CodeIgniter.php(349): CodeIgniter\CodeIgniter->handleRequest(null, Object(Config\Cache), false)
10 FCPATH\index.php(67): CodeIgniter\CodeIgniter->run()
ERROR - 2023-05-01 14:14:35 --> mysqli_sql_exception: Unknown column 'month[tanggal]' in 'where clause' in C:\xampp8\htdocs\simasjid-ci4\system\Database\MySQLi\Connection.php:292
Stack trace:
#0 C:\xampp8\htdocs\simasjid-ci4\system\Database\MySQLi\Connection.php(292): mysqli->query('SELECT *\nFROM `...', 0)
#1 C:\xampp8\htdocs\simasjid-ci4\system\Database\BaseConnection.php(666): CodeIgniter\Database\MySQLi\Connection->execute('SELECT *\nFROM `...')
#2 C:\xampp8\htdocs\simasjid-ci4\system\Database\BaseConnection.php(593): CodeIgniter\Database\BaseConnection->simpleQuery('SELECT *\nFROM `...')
#3 C:\xampp8\htdocs\simasjid-ci4\system\Database\BaseBuilder.php(1585): CodeIgniter\Database\BaseConnection->query('SELECT *\nFROM `...', Array, false)
#4 C:\xampp8\htdocs\simasjid-ci4\app\Models\ModelAdmin.php(27): CodeIgniter\Database\BaseBuilder->get()
#5 C:\xampp8\htdocs\simasjid-ci4\app\Controllers\Admin.php(31): App\Models\ModelAdmin->AllDataKasMasjid()
#6 C:\xampp8\htdocs\simasjid-ci4\system\CodeIgniter.php(925): App\Controllers\Admin->index()
#7 C:\xampp8\htdocs\simasjid-ci4\system\CodeIgniter.php(480): CodeIgniter\CodeIgniter->runController(Object(App\Controllers\Admin))
#8 C:\xampp8\htdocs\simasjid-ci4\system\CodeIgniter.php(349): CodeIgniter\CodeIgniter->handleRequest(NULL, Object(Config\Cache), false)
#9 C:\xampp8\htdocs\simasjid-ci4\public\index.php(67): CodeIgniter\CodeIgniter->run()
#10 {main}
CRITICAL - 2023-05-01 14:14:35 --> Unknown column 'month[tanggal]' in 'where clause'
in SYSTEMPATH\Database\MySQLi\Connection.php on line 292.
 1 SYSTEMPATH\Database\MySQLi\Connection.php(292): mysqli->query('SELECT *
FROM `tbl_kas_masjid`
WHERE `month[tanggal]` = \'05\'
AND `year[tanggal]` = \'2023\'', 0)
 2 SYSTEMPATH\Database\BaseConnection.php(666): CodeIgniter\Database\MySQLi\Connection->execute('SELECT *
FROM `tbl_kas_masjid`
WHERE `month[tanggal]` = \'05\'
AND `year[tanggal]` = \'2023\'')
 3 SYSTEMPATH\Database\BaseConnection.php(593): CodeIgniter\Database\BaseConnection->simpleQuery('SELECT *
FROM `tbl_kas_masjid`
WHERE `month[tanggal]` = \'05\'
AND `year[tanggal]` = \'2023\'')
 4 SYSTEMPATH\Database\BaseBuilder.php(1585): CodeIgniter\Database\BaseConnection->query('SELECT *
FROM `tbl_kas_masjid`
WHERE `month[tanggal]` = :month[tanggal]:
AND `year[tanggal]` = :year[tanggal]:', [...], false)
 5 APPPATH\Models\ModelAdmin.php(27): CodeIgniter\Database\BaseBuilder->get()
 6 APPPATH\Controllers\Admin.php(31): App\Models\ModelAdmin->AllDataKasMasjid()
 7 SYSTEMPATH\CodeIgniter.php(925): App\Controllers\Admin->index()
 8 SYSTEMPATH\CodeIgniter.php(480): CodeIgniter\CodeIgniter->runController(Object(App\Controllers\Admin))
 9 SYSTEMPATH\CodeIgniter.php(349): CodeIgniter\CodeIgniter->handleRequest(null, Object(Config\Cache), false)
10 FCPATH\index.php(67): CodeIgniter\CodeIgniter->run()
ERROR - 2023-05-01 14:14:50 --> mysqli_sql_exception: Unknown column 'month[tanggal]' in 'where clause' in C:\xampp8\htdocs\simasjid-ci4\system\Database\MySQLi\Connection.php:292
Stack trace:
#0 C:\xampp8\htdocs\simasjid-ci4\system\Database\MySQLi\Connection.php(292): mysqli->query('SELECT *\nFROM `...', 0)
#1 C:\xampp8\htdocs\simasjid-ci4\system\Database\BaseConnection.php(666): CodeIgniter\Database\MySQLi\Connection->execute('SELECT *\nFROM `...')
#2 C:\xampp8\htdocs\simasjid-ci4\system\Database\BaseConnection.php(593): CodeIgniter\Database\BaseConnection->simpleQuery('SELECT *\nFROM `...')
#3 C:\xampp8\htdocs\simasjid-ci4\system\Database\BaseBuilder.php(1585): CodeIgniter\Database\BaseConnection->query('SELECT *\nFROM `...', Array, false)
#4 C:\xampp8\htdocs\simasjid-ci4\app\Models\ModelAdmin.php(27): CodeIgniter\Database\BaseBuilder->get()
#5 C:\xampp8\htdocs\simasjid-ci4\app\Controllers\Admin.php(31): App\Models\ModelAdmin->AllDataKasMasjid()
#6 C:\xampp8\htdocs\simasjid-ci4\system\CodeIgniter.php(925): App\Controllers\Admin->index()
#7 C:\xampp8\htdocs\simasjid-ci4\system\CodeIgniter.php(480): CodeIgniter\CodeIgniter->runController(Object(App\Controllers\Admin))
#8 C:\xampp8\htdocs\simasjid-ci4\system\CodeIgniter.php(349): CodeIgniter\CodeIgniter->handleRequest(NULL, Object(Config\Cache), false)
#9 C:\xampp8\htdocs\simasjid-ci4\public\index.php(67): CodeIgniter\CodeIgniter->run()
#10 {main}
CRITICAL - 2023-05-01 14:14:50 --> Unknown column 'month[tanggal]' in 'where clause'
in SYSTEMPATH\Database\MySQLi\Connection.php on line 292.
 1 SYSTEMPATH\Database\MySQLi\Connection.php(292): mysqli->query('SELECT *
FROM `tbl_kas_masjid`
WHERE `month[tanggal]` = \'05\'
AND `year[tanggal]` = \'2023\'', 0)
 2 SYSTEMPATH\Database\BaseConnection.php(666): CodeIgniter\Database\MySQLi\Connection->execute('SELECT *
FROM `tbl_kas_masjid`
WHERE `month[tanggal]` = \'05\'
AND `year[tanggal]` = \'2023\'')
 3 SYSTEMPATH\Database\BaseConnection.php(593): CodeIgniter\Database\BaseConnection->simpleQuery('SELECT *
FROM `tbl_kas_masjid`
WHERE `month[tanggal]` = \'05\'
AND `year[tanggal]` = \'2023\'')
 4 SYSTEMPATH\Database\BaseBuilder.php(1585): CodeIgniter\Database\BaseConnection->query('SELECT *
FROM `tbl_kas_masjid`
WHERE `month[tanggal]` = :month[tanggal]:
AND `year[tanggal]` = :year[tanggal]:', [...], false)
 5 APPPATH\Models\ModelAdmin.php(27): CodeIgniter\Database\BaseBuilder->get()
 6 APPPATH\Controllers\Admin.php(31): App\Models\ModelAdmin->AllDataKasMasjid()
 7 SYSTEMPATH\CodeIgniter.php(925): App\Controllers\Admin->index()
 8 SYSTEMPATH\CodeIgniter.php(480): CodeIgniter\CodeIgniter->runController(Object(App\Controllers\Admin))
 9 SYSTEMPATH\CodeIgniter.php(349): CodeIgniter\CodeIgniter->handleRequest(null, Object(Config\Cache), false)
10 FCPATH\index.php(67): CodeIgniter\CodeIgniter->run()
CRITICAL - 2023-05-01 14:28:10 --> Undefined variable $kas
in APPPATH\Views\v_dashboard.php on line 83.
 1 APPPATH\Views\v_dashboard.php(83): CodeIgniter\Debug\Exceptions->errorHandler(2, 'Undefined variable $kas', 'APPPATH\\Views\\v_dashboard.php', 83)
 2 SYSTEMPATH\View\View.php(213): include('APPPATH\\Views\\v_dashboard.php')
 3 SYSTEMPATH\View\View.php(216): CodeIgniter\View\View->CodeIgniter\View\{closure}()
 4 SYSTEMPATH\Common.php(1135): CodeIgniter\View\View->render('v_dashboard', [], true)
 5 APPPATH\Views\v_template_admin.php(289): view('v_dashboard')
 6 SYSTEMPATH\View\View.php(213): include('APPPATH\\Views\\v_template_admin.php')
 7 SYSTEMPATH\View\View.php(216): CodeIgniter\View\View->CodeIgniter\View\{closure}()
 8 SYSTEMPATH\Common.php(1135): CodeIgniter\View\View->render('v_template_admin', [], true)
 9 APPPATH\Controllers\Admin.php(34): view('v_template_admin', [...])
10 SYSTEMPATH\CodeIgniter.php(925): App\Controllers\Admin->index()
11 SYSTEMPATH\CodeIgniter.php(480): CodeIgniter\CodeIgniter->runController(Object(App\Controllers\Admin))
12 SYSTEMPATH\CodeIgniter.php(349): CodeIgniter\CodeIgniter->handleRequest(null, Object(Config\Cache), false)
13 FCPATH\index.php(67): CodeIgniter\CodeIgniter->run()
CRITICAL - 2023-05-01 15:02:12 --> Undefined variable $kas
in APPPATH\Views\front-end\v_rekap_kas.php on line 23.
 1 APPPATH\Views\front-end\v_rekap_kas.php(23): CodeIgniter\Debug\Exceptions->errorHandler(2, 'Undefined variable $kas', 'APPPATH\\Views\\front-end\\v_rekap_kas.php', 23)
 2 SYSTEMPATH\View\View.php(213): include('APPPATH\\Views\\front-end\\v_rekap_kas.php')
 3 SYSTEMPATH\View\View.php(216): CodeIgniter\View\View->CodeIgniter\View\{closure}()
 4 SYSTEMPATH\Common.php(1135): CodeIgniter\View\View->render('front-end/v_rekap_kas', [], true)
 5 APPPATH\Views\v_template.php(125): view('front-end/v_rekap_kas')
 6 SYSTEMPATH\View\View.php(213): include('APPPATH\\Views\\v_template.php')
 7 SYSTEMPATH\View\View.php(216): CodeIgniter\View\View->CodeIgniter\View\{closure}()
 8 SYSTEMPATH\Common.php(1135): CodeIgniter\View\View->render('v_template', [], true)
 9 APPPATH\Controllers\Home.php(60): view('v_template', [...])
10 SYSTEMPATH\CodeIgniter.php(925): App\Controllers\Home->RekapKasMasjid()
11 SYSTEMPATH\CodeIgniter.php(480): CodeIgniter\CodeIgniter->runController(Object(App\Controllers\Home))
12 SYSTEMPATH\CodeIgniter.php(349): CodeIgniter\CodeIgniter->handleRequest(null, Object(Config\Cache), false)
13 FCPATH\index.php(67): CodeIgniter\CodeIgniter->run()
CRITICAL - 2023-05-01 15:02:33 --> Undefined variable $kas
in APPPATH\Views\front-end\v_rekap_kas.php on line 23.
 1 APPPATH\Views\front-end\v_rekap_kas.php(23): CodeIgniter\Debug\Exceptions->errorHandler(2, 'Undefined variable $kas', 'APPPATH\\Views\\front-end\\v_rekap_kas.php', 23)
 2 SYSTEMPATH\View\View.php(213): include('APPPATH\\Views\\front-end\\v_rekap_kas.php')
 3 SYSTEMPATH\View\View.php(216): CodeIgniter\View\View->CodeIgniter\View\{closure}()
 4 SYSTEMPATH\Common.php(1135): CodeIgniter\View\View->render('front-end/v_rekap_kas', [], true)
 5 APPPATH\Views\v_template.php(125): view('front-end/v_rekap_kas')
 6 SYSTEMPATH\View\View.php(213): include('APPPATH\\Views\\v_template.php')
 7 SYSTEMPATH\View\View.php(216): CodeIgniter\View\View->CodeIgniter\View\{closure}()
 8 SYSTEMPATH\Common.php(1135): CodeIgniter\View\View->render('v_template', [], true)
 9 APPPATH\Controllers\Home.php(60): view('v_template', [...])
10 SYSTEMPATH\CodeIgniter.php(925): App\Controllers\Home->RekapKasMasjid()
11 SYSTEMPATH\CodeIgniter.php(480): CodeIgniter\CodeIgniter->runController(Object(App\Controllers\Home))
12 SYSTEMPATH\CodeIgniter.php(349): CodeIgniter\CodeIgniter->handleRequest(null, Object(Config\Cache), false)
13 FCPATH\index.php(67): CodeIgniter\CodeIgniter->run()
CRITICAL - 2023-05-01 15:02:57 --> Undefined variable $kas
in APPPATH\Views\front-end\v_rekap_kas.php on line 23.
 1 APPPATH\Views\front-end\v_rekap_kas.php(23): CodeIgniter\Debug\Exceptions->errorHandler(2, 'Undefined variable $kas', 'APPPATH\\Views\\front-end\\v_rekap_kas.php', 23)
 2 SYSTEMPATH\View\View.php(213): include('APPPATH\\Views\\front-end\\v_rekap_kas.php')
 3 SYSTEMPATH\View\View.php(216): CodeIgniter\View\View->CodeIgniter\View\{closure}()
 4 SYSTEMPATH\Common.php(1135): CodeIgniter\View\View->render('front-end/v_rekap_kas', [], true)
 5 APPPATH\Views\v_template.php(125): view('front-end/v_rekap_kas')
 6 SYSTEMPATH\View\View.php(213): include('APPPATH\\Views\\v_template.php')
 7 SYSTEMPATH\View\View.php(216): CodeIgniter\View\View->CodeIgniter\View\{closure}()
 8 SYSTEMPATH\Common.php(1135): CodeIgniter\View\View->render('v_template', [], true)
 9 APPPATH\Controllers\Home.php(60): view('v_template', [...])
10 SYSTEMPATH\CodeIgniter.php(925): App\Controllers\Home->RekapKasMasjid()
11 SYSTEMPATH\CodeIgniter.php(480): CodeIgniter\CodeIgniter->runController(Object(App\Controllers\Home))
12 SYSTEMPATH\CodeIgniter.php(349): CodeIgniter\CodeIgniter->handleRequest(null, Object(Config\Cache), false)
13 FCPATH\index.php(67): CodeIgniter\CodeIgniter->run()
CRITICAL - 2023-05-01 15:03:07 --> Undefined variable $kasMasjid
in APPPATH\Views\front-end\v_rekap_kas.php on line 23.
 1 APPPATH\Views\front-end\v_rekap_kas.php(23): CodeIgniter\Debug\Exceptions->errorHandler(2, 'Undefined variable $kasMasjid', 'APPPATH\\Views\\front-end\\v_rekap_kas.php', 23)
 2 SYSTEMPATH\View\View.php(213): include('APPPATH\\Views\\front-end\\v_rekap_kas.php')
 3 SYSTEMPATH\View\View.php(216): CodeIgniter\View\View->CodeIgniter\View\{closure}()
 4 SYSTEMPATH\Common.php(1135): CodeIgniter\View\View->render('front-end/v_rekap_kas', [], true)
 5 APPPATH\Views\v_template.php(125): view('front-end/v_rekap_kas')
 6 SYSTEMPATH\View\View.php(213): include('APPPATH\\Views\\v_template.php')
 7 SYSTEMPATH\View\View.php(216): CodeIgniter\View\View->CodeIgniter\View\{closure}()
 8 SYSTEMPATH\Common.php(1135): CodeIgniter\View\View->render('v_template', [], true)
 9 APPPATH\Controllers\Home.php(60): view('v_template', [...])
10 SYSTEMPATH\CodeIgniter.php(925): App\Controllers\Home->RekapKasMasjid()
11 SYSTEMPATH\CodeIgniter.php(480): CodeIgniter\CodeIgniter->runController(Object(App\Controllers\Home))
12 SYSTEMPATH\CodeIgniter.php(349): CodeIgniter\CodeIgniter->handleRequest(null, Object(Config\Cache), false)
13 FCPATH\index.php(67): CodeIgniter\CodeIgniter->run()
CRITICAL - 2023-05-01 15:03:20 --> Undefined variable $kas
in APPPATH\Views\front-end\v_rekap_kas.php on line 23.
 1 APPPATH\Views\front-end\v_rekap_kas.php(23): CodeIgniter\Debug\Exceptions->errorHandler(2, 'Undefined variable $kas', 'APPPATH\\Views\\front-end\\v_rekap_kas.php', 23)
 2 SYSTEMPATH\View\View.php(213): include('APPPATH\\Views\\front-end\\v_rekap_kas.php')
 3 SYSTEMPATH\View\View.php(216): CodeIgniter\View\View->CodeIgniter\View\{closure}()
 4 SYSTEMPATH\Common.php(1135): CodeIgniter\View\View->render('front-end/v_rekap_kas', [], true)
 5 APPPATH\Views\v_template.php(125): view('front-end/v_rekap_kas')
 6 SYSTEMPATH\View\View.php(213): include('APPPATH\\Views\\v_template.php')
 7 SYSTEMPATH\View\View.php(216): CodeIgniter\View\View->CodeIgniter\View\{closure}()
 8 SYSTEMPATH\Common.php(1135): CodeIgniter\View\View->render('v_template', [], true)
 9 APPPATH\Controllers\Home.php(60): view('v_template', [...])
10 SYSTEMPATH\CodeIgniter.php(925): App\Controllers\Home->RekapKasMasjid()
11 SYSTEMPATH\CodeIgniter.php(480): CodeIgniter\CodeIgniter->runController(Object(App\Controllers\Home))
12 SYSTEMPATH\CodeIgniter.php(349): CodeIgniter\CodeIgniter->handleRequest(null, Object(Config\Cache), false)
13 FCPATH\index.php(67): CodeIgniter\CodeIgniter->run()
CRITICAL - 2023-05-01 15:06:30 --> Undefined variable $kas
in APPPATH\Views\front-end\v_rekap_kas.php on line 23.
 1 APPPATH\Views\front-end\v_rekap_kas.php(23): CodeIgniter\Debug\Exceptions->errorHandler(2, 'Undefined variable $kas', 'APPPATH\\Views\\front-end\\v_rekap_kas.php', 23)
 2 SYSTEMPATH\View\View.php(213): include('APPPATH\\Views\\front-end\\v_rekap_kas.php')
 3 SYSTEMPATH\View\View.php(216): CodeIgniter\View\View->CodeIgniter\View\{closure}()
 4 SYSTEMPATH\Common.php(1135): CodeIgniter\View\View->render('front-end/v_rekap_kas', [], true)
 5 APPPATH\Views\v_template.php(125): view('front-end/v_rekap_kas')
 6 SYSTEMPATH\View\View.php(213): include('APPPATH\\Views\\v_template.php')
 7 SYSTEMPATH\View\View.php(216): CodeIgniter\View\View->CodeIgniter\View\{closure}()
 8 SYSTEMPATH\Common.php(1135): CodeIgniter\View\View->render('v_template', [], true)
 9 APPPATH\Controllers\Home.php(60): view('v_template', [...])
10 SYSTEMPATH\CodeIgniter.php(925): App\Controllers\Home->RekapKasMasjid()
11 SYSTEMPATH\CodeIgniter.php(480): CodeIgniter\CodeIgniter->runController(Object(App\Controllers\Home))
12 SYSTEMPATH\CodeIgniter.php(349): CodeIgniter\CodeIgniter->handleRequest(null, Object(Config\Cache), false)
13 FCPATH\index.php(67): CodeIgniter\CodeIgniter->run()
