CRITICAL - 2023-07-13 11:19:22 --> Too few arguments to function App\Models\ModelHome::AllDataKelompok(), 0 passed in C:\laragon\www\simasjid-ci4\app\Controllers\Home.php on line 50 and exactly 1 expected
in APPPATH\Models\ModelHome.php on line 17.
 1 APPPATH\Controllers\Home.php(50): App\Models\ModelHome->AllDataKelompok()
 2 SYSTEMPATH\CodeIgniter.php(925): App\Controllers\Home->PesertaQurban()
 3 SYSTEMPATH\CodeIgniter.php(480): CodeIgniter\CodeIgniter->runController(Object(App\Controllers\Home))
 4 SYSTEMPATH\CodeIgniter.php(349): CodeIgniter\CodeIgniter->handleRequest(null, Object(Config\Cache), false)
 5 FCPATH\index.php(67): CodeIgniter\CodeIgniter->run()
ERROR - 2023-07-13 11:50:29 --> mysqli_sql_exception: Unknown column 'tabel_tahun' in 'where clause' in C:\laragon\www\simasjid-ci4\system\Database\MySQLi\Connection.php:292
Stack trace:
#0 C:\laragon\www\simasjid-ci4\system\Database\MySQLi\Connection.php(292): mysqli->query('SELECT *\nFROM `...', 0)
#1 C:\laragon\www\simasjid-ci4\system\Database\BaseConnection.php(666): CodeIgniter\Database\MySQLi\Connection->execute('SELECT *\nFROM `...')
#2 C:\laragon\www\simasjid-ci4\system\Database\BaseConnection.php(593): CodeIgniter\Database\BaseConnection->simpleQuery('SELECT *\nFROM `...')
#3 C:\laragon\www\simasjid-ci4\system\Database\BaseBuilder.php(1585): CodeIgniter\Database\BaseConnection->query('SELECT *\nFROM `...', Array, false)
#4 C:\laragon\www\simasjid-ci4\app\Views\front-end\v_peserta_qurban.php(42): CodeIgniter\Database\BaseBuilder->get()
#5 C:\laragon\www\simasjid-ci4\system\View\View.php(213): include('C:\\laragon\\www\\...')
#6 C:\laragon\www\simasjid-ci4\system\View\View.php(216): CodeIgniter\View\View->CodeIgniter\View\{closure}()
#7 C:\laragon\www\simasjid-ci4\system\Common.php(1135): CodeIgniter\View\View->render('front-end/v_pes...', Array, true)
#8 C:\laragon\www\simasjid-ci4\app\Views\v_template.php(136): view('front-end/v_pes...')
#9 C:\laragon\www\simasjid-ci4\system\View\View.php(213): include('C:\\laragon\\www\\...')
#10 C:\laragon\www\simasjid-ci4\system\View\View.php(216): CodeIgniter\View\View->CodeIgniter\View\{closure}()
#11 C:\laragon\www\simasjid-ci4\system\Common.php(1135): CodeIgniter\View\View->render('v_template', Array, true)
#12 C:\laragon\www\simasjid-ci4\app\Controllers\Home.php(52): view('v_template', Array)
#13 C:\laragon\www\simasjid-ci4\system\CodeIgniter.php(925): App\Controllers\Home->PesertaQurban()
#14 C:\laragon\www\simasjid-ci4\system\CodeIgniter.php(480): CodeIgniter\CodeIgniter->runController(Object(App\Controllers\Home))
#15 C:\laragon\www\simasjid-ci4\system\CodeIgniter.php(349): CodeIgniter\CodeIgniter->handleRequest(NULL, Object(Config\Cache), false)
#16 C:\laragon\www\simasjid-ci4\public\index.php(67): CodeIgniter\CodeIgniter->run()
#17 {main}
CRITICAL - 2023-07-13 11:50:29 --> Unknown column 'tabel_tahun' in 'where clause'
in SYSTEMPATH\Database\MySQLi\Connection.php on line 292.
 1 SYSTEMPATH\Database\MySQLi\Connection.php(292): mysqli->query('SELECT *
FROM `tbl_peserta_kelompok`
WHERE `tabel_tahun` = 2023', 0)
 2 SYSTEMPATH\Database\BaseConnection.php(666): CodeIgniter\Database\MySQLi\Connection->execute('SELECT *
FROM `tbl_peserta_kelompok`
WHERE `tabel_tahun` = 2023')
 3 SYSTEMPATH\Database\BaseConnection.php(593): CodeIgniter\Database\BaseConnection->simpleQuery('SELECT *
FROM `tbl_peserta_kelompok`
WHERE `tabel_tahun` = 2023')
 4 SYSTEMPATH\Database\BaseBuilder.php(1585): CodeIgniter\Database\BaseConnection->query('SELECT *
FROM `tbl_peserta_kelompok`
WHERE `tabel_tahun` = :tabel_tahun:', [...], false)
 5 APPPATH\Views\front-end\v_peserta_qurban.php(42): CodeIgniter\Database\BaseBuilder->get()
 6 SYSTEMPATH\View\View.php(213): include('APPPATH\\Views\\front-end\\v_peserta_qurban.php')
 7 SYSTEMPATH\View\View.php(216): CodeIgniter\View\View->CodeIgniter\View\{closure}()
 8 SYSTEMPATH\Common.php(1135): CodeIgniter\View\View->render('front-end/v_peserta_qurban', [], true)
 9 APPPATH\Views\v_template.php(136): view('front-end/v_peserta_qurban')
10 SYSTEMPATH\View\View.php(213): include('APPPATH\\Views\\v_template.php')
11 SYSTEMPATH\View\View.php(216): CodeIgniter\View\View->CodeIgniter\View\{closure}()
12 SYSTEMPATH\Common.php(1135): CodeIgniter\View\View->render('v_template', [], true)
13 APPPATH\Controllers\Home.php(52): view('v_template', [...])
14 SYSTEMPATH\CodeIgniter.php(925): App\Controllers\Home->PesertaQurban()
15 SYSTEMPATH\CodeIgniter.php(480): CodeIgniter\CodeIgniter->runController(Object(App\Controllers\Home))
16 SYSTEMPATH\CodeIgniter.php(349): CodeIgniter\CodeIgniter->handleRequest(null, Object(Config\Cache), false)
17 FCPATH\index.php(67): CodeIgniter\CodeIgniter->run()
ERROR - 2023-07-13 11:55:51 --> mysqli_sql_exception: Column 'id_kelompok' in where clause is ambiguous in C:\laragon\www\simasjid-ci4\system\Database\MySQLi\Connection.php:292
Stack trace:
#0 C:\laragon\www\simasjid-ci4\system\Database\MySQLi\Connection.php(292): mysqli->query('SELECT *\nFROM `...', 0)
#1 C:\laragon\www\simasjid-ci4\system\Database\BaseConnection.php(666): CodeIgniter\Database\MySQLi\Connection->execute('SELECT *\nFROM `...')
#2 C:\laragon\www\simasjid-ci4\system\Database\BaseConnection.php(593): CodeIgniter\Database\BaseConnection->simpleQuery('SELECT *\nFROM `...')
#3 C:\laragon\www\simasjid-ci4\system\Database\BaseBuilder.php(1585): CodeIgniter\Database\BaseConnection->query('SELECT *\nFROM `...', Array, false)
#4 C:\laragon\www\simasjid-ci4\app\Views\front-end\v_peserta_qurban.php(43): CodeIgniter\Database\BaseBuilder->get()
#5 C:\laragon\www\simasjid-ci4\system\View\View.php(213): include('C:\\laragon\\www\\...')
#6 C:\laragon\www\simasjid-ci4\system\View\View.php(216): CodeIgniter\View\View->CodeIgniter\View\{closure}()
#7 C:\laragon\www\simasjid-ci4\system\Common.php(1135): CodeIgniter\View\View->render('front-end/v_pes...', Array, true)
#8 C:\laragon\www\simasjid-ci4\app\Views\v_template.php(136): view('front-end/v_pes...')
#9 C:\laragon\www\simasjid-ci4\system\View\View.php(213): include('C:\\laragon\\www\\...')
#10 C:\laragon\www\simasjid-ci4\system\View\View.php(216): CodeIgniter\View\View->CodeIgniter\View\{closure}()
#11 C:\laragon\www\simasjid-ci4\system\Common.php(1135): CodeIgniter\View\View->render('v_template', Array, true)
#12 C:\laragon\www\simasjid-ci4\app\Controllers\Home.php(52): view('v_template', Array)
#13 C:\laragon\www\simasjid-ci4\system\CodeIgniter.php(925): App\Controllers\Home->PesertaQurban()
#14 C:\laragon\www\simasjid-ci4\system\CodeIgniter.php(480): CodeIgniter\CodeIgniter->runController(Object(App\Controllers\Home))
#15 C:\laragon\www\simasjid-ci4\system\CodeIgniter.php(349): CodeIgniter\CodeIgniter->handleRequest(NULL, Object(Config\Cache), false)
#16 C:\laragon\www\simasjid-ci4\public\index.php(67): CodeIgniter\CodeIgniter->run()
#17 {main}
CRITICAL - 2023-07-13 11:55:51 --> Column 'id_kelompok' in where clause is ambiguous
in SYSTEMPATH\Database\MySQLi\Connection.php on line 292.
 1 SYSTEMPATH\Database\MySQLi\Connection.php(292): mysqli->query('SELECT *
FROM `tbl_peserta_kelompok`
LEFT JOIN `tbl_kelompok` ON `tbl_peserta_kelompok`.`id_kelompok` = `tbl_kelompok`.`id_kelompok`
LEFT JOIN `tabel_tahun` ON `tbl_kelompok`.`id_tahun` = `tabel_tahun`.`tahun_m`
WHERE `id_kelompok` = \'47\'
AND `tabel_tahun`.`tahun_m` = \'2023\'', 0)
 2 SYSTEMPATH\Database\BaseConnection.php(666): CodeIgniter\Database\MySQLi\Connection->execute('SELECT *
FROM `tbl_peserta_kelompok`
LEFT JOIN `tbl_kelompok` ON `tbl_peserta_kelompok`.`id_kelompok` = `tbl_kelompok`.`id_kelompok`
LEFT JOIN `tabel_tahun` ON `tbl_kelompok`.`id_tahun` = `tabel_tahun`.`tahun_m`
WHERE `id_kelompok` = \'47\'
AND `tabel_tahun`.`tahun_m` = \'2023\'')
 3 SYSTEMPATH\Database\BaseConnection.php(593): CodeIgniter\Database\BaseConnection->simpleQuery('SELECT *
FROM `tbl_peserta_kelompok`
LEFT JOIN `tbl_kelompok` ON `tbl_peserta_kelompok`.`id_kelompok` = `tbl_kelompok`.`id_kelompok`
LEFT JOIN `tabel_tahun` ON `tbl_kelompok`.`id_tahun` = `tabel_tahun`.`tahun_m`
WHERE `id_kelompok` = \'47\'
AND `tabel_tahun`.`tahun_m` = \'2023\'')
 4 SYSTEMPATH\Database\BaseBuilder.php(1585): CodeIgniter\Database\BaseConnection->query('SELECT *
FROM `tbl_peserta_kelompok`
LEFT JOIN `tbl_kelompok` ON `tbl_peserta_kelompok`.`id_kelompok` = `tbl_kelompok`.`id_kelompok`
LEFT JOIN `tabel_tahun` ON `tbl_kelompok`.`id_tahun` = `tabel_tahun`.`tahun_m`
WHERE `id_kelompok` = :id_kelompok:
AND `tabel_tahun`.`tahun_m` = :tabel_tahun.tahun_m:', [...], false)
 5 APPPATH\Views\front-end\v_peserta_qurban.php(43): CodeIgniter\Database\BaseBuilder->get()
 6 SYSTEMPATH\View\View.php(213): include('APPPATH\\Views\\front-end\\v_peserta_qurban.php')
 7 SYSTEMPATH\View\View.php(216): CodeIgniter\View\View->CodeIgniter\View\{closure}()
 8 SYSTEMPATH\Common.php(1135): CodeIgniter\View\View->render('front-end/v_peserta_qurban', [], true)
 9 APPPATH\Views\v_template.php(136): view('front-end/v_peserta_qurban')
10 SYSTEMPATH\View\View.php(213): include('APPPATH\\Views\\v_template.php')
11 SYSTEMPATH\View\View.php(216): CodeIgniter\View\View->CodeIgniter\View\{closure}()
12 SYSTEMPATH\Common.php(1135): CodeIgniter\View\View->render('v_template', [], true)
13 APPPATH\Controllers\Home.php(52): view('v_template', [...])
14 SYSTEMPATH\CodeIgniter.php(925): App\Controllers\Home->PesertaQurban()
15 SYSTEMPATH\CodeIgniter.php(480): CodeIgniter\CodeIgniter->runController(Object(App\Controllers\Home))
16 SYSTEMPATH\CodeIgniter.php(349): CodeIgniter\CodeIgniter->handleRequest(null, Object(Config\Cache), false)
17 FCPATH\index.php(67): CodeIgniter\CodeIgniter->run()
ERROR - 2023-07-13 11:59:06 --> mysqli_sql_exception: Unknown column 'tbl_peserta_skelompok.id_kelompok' in 'on clause' in C:\laragon\www\simasjid-ci4\system\Database\MySQLi\Connection.php:292
Stack trace:
#0 C:\laragon\www\simasjid-ci4\system\Database\MySQLi\Connection.php(292): mysqli->query('SELECT *\nFROM `...', 0)
#1 C:\laragon\www\simasjid-ci4\system\Database\BaseConnection.php(666): CodeIgniter\Database\MySQLi\Connection->execute('SELECT *\nFROM `...')
#2 C:\laragon\www\simasjid-ci4\system\Database\BaseConnection.php(593): CodeIgniter\Database\BaseConnection->simpleQuery('SELECT *\nFROM `...')
#3 C:\laragon\www\simasjid-ci4\system\Database\BaseBuilder.php(1585): CodeIgniter\Database\BaseConnection->query('SELECT *\nFROM `...', Array, false)
#4 C:\laragon\www\simasjid-ci4\app\Views\front-end\v_peserta_qurban.php(43): CodeIgniter\Database\BaseBuilder->get()
#5 C:\laragon\www\simasjid-ci4\system\View\View.php(213): include('C:\\laragon\\www\\...')
#6 C:\laragon\www\simasjid-ci4\system\View\View.php(216): CodeIgniter\View\View->CodeIgniter\View\{closure}()
#7 C:\laragon\www\simasjid-ci4\system\Common.php(1135): CodeIgniter\View\View->render('front-end/v_pes...', Array, true)
#8 C:\laragon\www\simasjid-ci4\app\Views\v_template.php(136): view('front-end/v_pes...')
#9 C:\laragon\www\simasjid-ci4\system\View\View.php(213): include('C:\\laragon\\www\\...')
#10 C:\laragon\www\simasjid-ci4\system\View\View.php(216): CodeIgniter\View\View->CodeIgniter\View\{closure}()
#11 C:\laragon\www\simasjid-ci4\system\Common.php(1135): CodeIgniter\View\View->render('v_template', Array, true)
#12 C:\laragon\www\simasjid-ci4\app\Controllers\Home.php(52): view('v_template', Array)
#13 C:\laragon\www\simasjid-ci4\system\CodeIgniter.php(925): App\Controllers\Home->PesertaQurban()
#14 C:\laragon\www\simasjid-ci4\system\CodeIgniter.php(480): CodeIgniter\CodeIgniter->runController(Object(App\Controllers\Home))
#15 C:\laragon\www\simasjid-ci4\system\CodeIgniter.php(349): CodeIgniter\CodeIgniter->handleRequest(NULL, Object(Config\Cache), false)
#16 C:\laragon\www\simasjid-ci4\public\index.php(67): CodeIgniter\CodeIgniter->run()
#17 {main}
CRITICAL - 2023-07-13 11:59:06 --> Unknown column 'tbl_peserta_skelompok.id_kelompok' in 'on clause'
in SYSTEMPATH\Database\MySQLi\Connection.php on line 292.
 1 SYSTEMPATH\Database\MySQLi\Connection.php(292): mysqli->query('SELECT *
FROM `tbl_peserta_kelompok`
LEFT JOIN `tbl_kelompok` ON `tbl_peserta_skelompok`.`id_kelompok` = `tbl_kelompok`.`id_kelompok`
LEFT JOIN `tabel_tahun` ON `tbl_kelompok`.`id_tahun` = `tabel_tahun`.`tahun_m`
WHERE `tabel_tahun`.`tahun_m` = \'2024\'', 0)
 2 SYSTEMPATH\Database\BaseConnection.php(666): CodeIgniter\Database\MySQLi\Connection->execute('SELECT *
FROM `tbl_peserta_kelompok`
LEFT JOIN `tbl_kelompok` ON `tbl_peserta_skelompok`.`id_kelompok` = `tbl_kelompok`.`id_kelompok`
LEFT JOIN `tabel_tahun` ON `tbl_kelompok`.`id_tahun` = `tabel_tahun`.`tahun_m`
WHERE `tabel_tahun`.`tahun_m` = \'2024\'')
 3 SYSTEMPATH\Database\BaseConnection.php(593): CodeIgniter\Database\BaseConnection->simpleQuery('SELECT *
FROM `tbl_peserta_kelompok`
LEFT JOIN `tbl_kelompok` ON `tbl_peserta_skelompok`.`id_kelompok` = `tbl_kelompok`.`id_kelompok`
LEFT JOIN `tabel_tahun` ON `tbl_kelompok`.`id_tahun` = `tabel_tahun`.`tahun_m`
WHERE `tabel_tahun`.`tahun_m` = \'2024\'')
 4 SYSTEMPATH\Database\BaseBuilder.php(1585): CodeIgniter\Database\BaseConnection->query('SELECT *
FROM `tbl_peserta_kelompok`
LEFT JOIN `tbl_kelompok` ON `tbl_peserta_skelompok`.`id_kelompok` = `tbl_kelompok`.`id_kelompok`
LEFT JOIN `tabel_tahun` ON `tbl_kelompok`.`id_tahun` = `tabel_tahun`.`tahun_m`
WHERE `tabel_tahun`.`tahun_m` = :tabel_tahun.tahun_m:', [...], false)
 5 APPPATH\Views\front-end\v_peserta_qurban.php(43): CodeIgniter\Database\BaseBuilder->get()
 6 SYSTEMPATH\View\View.php(213): include('APPPATH\\Views\\front-end\\v_peserta_qurban.php')
 7 SYSTEMPATH\View\View.php(216): CodeIgniter\View\View->CodeIgniter\View\{closure}()
 8 SYSTEMPATH\Common.php(1135): CodeIgniter\View\View->render('front-end/v_peserta_qurban', [], true)
 9 APPPATH\Views\v_template.php(136): view('front-end/v_peserta_qurban')
10 SYSTEMPATH\View\View.php(213): include('APPPATH\\Views\\v_template.php')
11 SYSTEMPATH\View\View.php(216): CodeIgniter\View\View->CodeIgniter\View\{closure}()
12 SYSTEMPATH\Common.php(1135): CodeIgniter\View\View->render('v_template', [], true)
13 APPPATH\Controllers\Home.php(52): view('v_template', [...])
14 SYSTEMPATH\CodeIgniter.php(925): App\Controllers\Home->PesertaQurban()
15 SYSTEMPATH\CodeIgniter.php(480): CodeIgniter\CodeIgniter->runController(Object(App\Controllers\Home))
16 SYSTEMPATH\CodeIgniter.php(349): CodeIgniter\CodeIgniter->handleRequest(null, Object(Config\Cache), false)
17 FCPATH\index.php(67): CodeIgniter\CodeIgniter->run()
CRITICAL - 2023-07-13 12:01:02 --> Undefined variable $kelompok
in APPPATH\Views\front-end\v_peserta_qurban.php on line 20.
 1 APPPATH\Views\front-end\v_peserta_qurban.php(20): CodeIgniter\Debug\Exceptions->errorHandler(2, 'Undefined variable $kelompok', 'APPPATH\\Views\\front-end\\v_peserta_qurban.php', 20)
 2 SYSTEMPATH\View\View.php(213): include('APPPATH\\Views\\front-end\\v_peserta_qurban.php')
 3 SYSTEMPATH\View\View.php(216): CodeIgniter\View\View->CodeIgniter\View\{closure}()
 4 SYSTEMPATH\Common.php(1135): CodeIgniter\View\View->render('front-end/v_peserta_qurban', [], true)
 5 APPPATH\Views\v_template.php(136): view('front-end/v_peserta_qurban')
 6 SYSTEMPATH\View\View.php(213): include('APPPATH\\Views\\v_template.php')
 7 SYSTEMPATH\View\View.php(216): CodeIgniter\View\View->CodeIgniter\View\{closure}()
 8 SYSTEMPATH\Common.php(1135): CodeIgniter\View\View->render('v_template', [], true)
 9 APPPATH\Controllers\Home.php(52): view('v_template', [...])
10 SYSTEMPATH\CodeIgniter.php(925): App\Controllers\Home->PesertaQurban()
11 SYSTEMPATH\CodeIgniter.php(480): CodeIgniter\CodeIgniter->runController(Object(App\Controllers\Home))
12 SYSTEMPATH\CodeIgniter.php(349): CodeIgniter\CodeIgniter->handleRequest(null, Object(Config\Cache), false)
13 FCPATH\index.php(67): CodeIgniter\CodeIgniter->run()
CRITICAL - 2023-07-13 12:23:28 --> syntax error, unexpected token "->"
in APPPATH\Controllers\BaseController.php on line 50.
 1 SYSTEMPATH\Autoloader\Autoloader.php(260): CodeIgniter\Autoloader\Autoloader->includeFile('APPPATH\\Controllers\\BaseController.php')
 2 SYSTEMPATH\Autoloader\Autoloader.php(238): CodeIgniter\Autoloader\Autoloader->loadInNamespace('App\\Controllers\\BaseController')
 3 APPPATH\Controllers\Login.php(8): CodeIgniter\Autoloader\Autoloader->loadClass('App\\Controllers\\BaseController')
 4 SYSTEMPATH\Router\AutoRouter.php(147): include_once('APPPATH\\Controllers\\Login.php')
 5 SYSTEMPATH\Router\Router.php(499): CodeIgniter\Router\AutoRouter->getRoute('Login')
 6 SYSTEMPATH\Router\Router.php(205): CodeIgniter\Router\Router->autoRoute('Login')
 7 SYSTEMPATH\CodeIgniter.php(800): CodeIgniter\Router\Router->handle('Login')
 8 SYSTEMPATH\CodeIgniter.php(428): CodeIgniter\CodeIgniter->tryToRouteIt(Object(CodeIgniter\Router\RouteCollection))
 9 SYSTEMPATH\CodeIgniter.php(349): CodeIgniter\CodeIgniter->handleRequest(null, Object(Config\Cache), false)
10 FCPATH\index.php(67): CodeIgniter\CodeIgniter->run()
