CRITICAL - 2023-07-06 21:56:41 --> Undefined variable $kas_m
in APPPATH\Views\kas-masjid\v_data_laporan.php on line 2.
 1 APPPATH\Views\kas-masjid\v_data_laporan.php(2): CodeIgniter\Debug\Exceptions->errorHandler(2, 'Undefined variable $kas_m', 'APPPATH\\Views\\kas-masjid\\v_data_laporan.php', 2)
 2 SYSTEMPATH\View\View.php(213): include('APPPATH\\Views\\kas-masjid\\v_data_laporan.php')
 3 SYSTEMPATH\View\View.php(216): CodeIgniter\View\View->CodeIgniter\View\{closure}()
 4 SYSTEMPATH\Common.php(1135): CodeIgniter\View\View->render('kas-masjid/v_data_laporan', [], true)
 5 APPPATH\Controllers\KasMasjid.php(148): view('kas-masjid/v_data_laporan', [...])
 6 SYSTEMPATH\CodeIgniter.php(925): App\Controllers\KasMasjid->ViewLaporan()
 7 SYSTEMPATH\CodeIgniter.php(480): CodeIgniter\CodeIgniter->runController(Object(App\Controllers\KasMasjid))
 8 SYSTEMPATH\CodeIgniter.php(349): CodeIgniter\CodeIgniter->handleRequest(null, Object(Config\Cache), false)
 9 FCPATH\index.php(67): CodeIgniter\CodeIgniter->run()
CRITICAL - 2023-07-06 21:56:42 --> Undefined variable $kas_m
in APPPATH\Views\kas-masjid\v_data_laporan.php on line 2.
 1 APPPATH\Views\kas-masjid\v_data_laporan.php(2): CodeIgniter\Debug\Exceptions->errorHandler(2, 'Undefined variable $kas_m', 'APPPATH\\Views\\kas-masjid\\v_data_laporan.php', 2)
 2 SYSTEMPATH\View\View.php(213): include('APPPATH\\Views\\kas-masjid\\v_data_laporan.php')
 3 SYSTEMPATH\View\View.php(216): CodeIgniter\View\View->CodeIgniter\View\{closure}()
 4 SYSTEMPATH\Common.php(1135): CodeIgniter\View\View->render('kas-masjid/v_data_laporan', [], true)
 5 APPPATH\Controllers\KasMasjid.php(148): view('kas-masjid/v_data_laporan', [...])
 6 SYSTEMPATH\CodeIgniter.php(925): App\Controllers\KasMasjid->ViewLaporan()
 7 SYSTEMPATH\CodeIgniter.php(480): CodeIgniter\CodeIgniter->runController(Object(App\Controllers\KasMasjid))
 8 SYSTEMPATH\CodeIgniter.php(349): CodeIgniter\CodeIgniter->handleRequest(null, Object(Config\Cache), false)
 9 FCPATH\index.php(67): CodeIgniter\CodeIgniter->run()
CRITICAL - 2023-07-06 21:56:51 --> Undefined variable $kas_m
in APPPATH\Views\kas-masjid\v_data_laporan.php on line 2.
 1 APPPATH\Views\kas-masjid\v_data_laporan.php(2): CodeIgniter\Debug\Exceptions->errorHandler(2, 'Undefined variable $kas_m', 'APPPATH\\Views\\kas-masjid\\v_data_laporan.php', 2)
 2 SYSTEMPATH\View\View.php(213): include('APPPATH\\Views\\kas-masjid\\v_data_laporan.php')
 3 SYSTEMPATH\View\View.php(216): CodeIgniter\View\View->CodeIgniter\View\{closure}()
 4 SYSTEMPATH\Common.php(1135): CodeIgniter\View\View->render('kas-masjid/v_data_laporan', [], true)
 5 APPPATH\Controllers\KasMasjid.php(148): view('kas-masjid/v_data_laporan', [...])
 6 SYSTEMPATH\CodeIgniter.php(925): App\Controllers\KasMasjid->ViewLaporan()
 7 SYSTEMPATH\CodeIgniter.php(480): CodeIgniter\CodeIgniter->runController(Object(App\Controllers\KasMasjid))
 8 SYSTEMPATH\CodeIgniter.php(349): CodeIgniter\CodeIgniter->handleRequest(null, Object(Config\Cache), false)
 9 FCPATH\index.php(67): CodeIgniter\CodeIgniter->run()
CRITICAL - 2023-07-06 22:00:25 --> array_sum(): Argument #1 ($array) must be of type array, int given
in APPPATH\Views\kas-masjid\v_data_laporan.php on line 41.
 1 APPPATH\Views\kas-masjid\v_data_laporan.php(41): array_sum(10900000)
 2 SYSTEMPATH\View\View.php(213): include('APPPATH\\Views\\kas-masjid\\v_data_laporan.php')
 3 SYSTEMPATH\View\View.php(216): CodeIgniter\View\View->CodeIgniter\View\{closure}()
 4 SYSTEMPATH\Common.php(1135): CodeIgniter\View\View->render('kas-masjid/v_data_laporan', [], true)
 5 APPPATH\Controllers\KasMasjid.php(148): view('kas-masjid/v_data_laporan', [...])
 6 SYSTEMPATH\CodeIgniter.php(925): App\Controllers\KasMasjid->ViewLaporan()
 7 SYSTEMPATH\CodeIgniter.php(480): CodeIgniter\CodeIgniter->runController(Object(App\Controllers\KasMasjid))
 8 SYSTEMPATH\CodeIgniter.php(349): CodeIgniter\CodeIgniter->handleRequest(null, Object(Config\Cache), false)
 9 FCPATH\index.php(67): CodeIgniter\CodeIgniter->run()
CRITICAL - 2023-07-06 22:00:26 --> array_sum(): Argument #1 ($array) must be of type array, int given
in APPPATH\Views\kas-masjid\v_data_laporan.php on line 41.
 1 APPPATH\Views\kas-masjid\v_data_laporan.php(41): array_sum(10900000)
 2 SYSTEMPATH\View\View.php(213): include('APPPATH\\Views\\kas-masjid\\v_data_laporan.php')
 3 SYSTEMPATH\View\View.php(216): CodeIgniter\View\View->CodeIgniter\View\{closure}()
 4 SYSTEMPATH\Common.php(1135): CodeIgniter\View\View->render('kas-masjid/v_data_laporan', [], true)
 5 APPPATH\Controllers\KasMasjid.php(148): view('kas-masjid/v_data_laporan', [...])
 6 SYSTEMPATH\CodeIgniter.php(925): App\Controllers\KasMasjid->ViewLaporan()
 7 SYSTEMPATH\CodeIgniter.php(480): CodeIgniter\CodeIgniter->runController(Object(App\Controllers\KasMasjid))
 8 SYSTEMPATH\CodeIgniter.php(349): CodeIgniter\CodeIgniter->handleRequest(null, Object(Config\Cache), false)
 9 FCPATH\index.php(67): CodeIgniter\CodeIgniter->run()
CRITICAL - 2023-07-06 22:00:27 --> array_sum(): Argument #1 ($array) must be of type array, int given
in APPPATH\Views\kas-masjid\v_data_laporan.php on line 41.
 1 APPPATH\Views\kas-masjid\v_data_laporan.php(41): array_sum(10900000)
 2 SYSTEMPATH\View\View.php(213): include('APPPATH\\Views\\kas-masjid\\v_data_laporan.php')
 3 SYSTEMPATH\View\View.php(216): CodeIgniter\View\View->CodeIgniter\View\{closure}()
 4 SYSTEMPATH\Common.php(1135): CodeIgniter\View\View->render('kas-masjid/v_data_laporan', [], true)
 5 APPPATH\Controllers\KasMasjid.php(148): view('kas-masjid/v_data_laporan', [...])
 6 SYSTEMPATH\CodeIgniter.php(925): App\Controllers\KasMasjid->ViewLaporan()
 7 SYSTEMPATH\CodeIgniter.php(480): CodeIgniter\CodeIgniter->runController(Object(App\Controllers\KasMasjid))
 8 SYSTEMPATH\CodeIgniter.php(349): CodeIgniter\CodeIgniter->handleRequest(null, Object(Config\Cache), false)
 9 FCPATH\index.php(67): CodeIgniter\CodeIgniter->run()
CRITICAL - 2023-07-06 22:00:32 --> array_sum(): Argument #1 ($array) must be of type array, int given
in APPPATH\Views\kas-masjid\v_data_laporan.php on line 41.
 1 APPPATH\Views\kas-masjid\v_data_laporan.php(41): array_sum(10900000)
 2 SYSTEMPATH\View\View.php(213): include('APPPATH\\Views\\kas-masjid\\v_data_laporan.php')
 3 SYSTEMPATH\View\View.php(216): CodeIgniter\View\View->CodeIgniter\View\{closure}()
 4 SYSTEMPATH\Common.php(1135): CodeIgniter\View\View->render('kas-masjid/v_data_laporan', [], true)
 5 APPPATH\Controllers\KasMasjid.php(148): view('kas-masjid/v_data_laporan', [...])
 6 SYSTEMPATH\CodeIgniter.php(925): App\Controllers\KasMasjid->ViewLaporan()
 7 SYSTEMPATH\CodeIgniter.php(480): CodeIgniter\CodeIgniter->runController(Object(App\Controllers\KasMasjid))
 8 SYSTEMPATH\CodeIgniter.php(349): CodeIgniter\CodeIgniter->handleRequest(null, Object(Config\Cache), false)
 9 FCPATH\index.php(67): CodeIgniter\CodeIgniter->run()
CRITICAL - 2023-07-06 22:02:41 --> Undefined array key 10900000
in APPPATH\Views\kas-masjid\v_data_laporan.php on line 41.
 1 APPPATH\Views\kas-masjid\v_data_laporan.php(41): CodeIgniter\Debug\Exceptions->errorHandler(2, 'Undefined array key 10900000', 'APPPATH\\Views\\kas-masjid\\v_data_laporan.php', 41)
 2 SYSTEMPATH\View\View.php(213): include('APPPATH\\Views\\kas-masjid\\v_data_laporan.php')
 3 SYSTEMPATH\View\View.php(216): CodeIgniter\View\View->CodeIgniter\View\{closure}()
 4 SYSTEMPATH\Common.php(1135): CodeIgniter\View\View->render('kas-masjid/v_data_laporan', [], true)
 5 APPPATH\Controllers\KasMasjid.php(148): view('kas-masjid/v_data_laporan', [...])
 6 SYSTEMPATH\CodeIgniter.php(925): App\Controllers\KasMasjid->ViewLaporan()
 7 SYSTEMPATH\CodeIgniter.php(480): CodeIgniter\CodeIgniter->runController(Object(App\Controllers\KasMasjid))
 8 SYSTEMPATH\CodeIgniter.php(349): CodeIgniter\CodeIgniter->handleRequest(null, Object(Config\Cache), false)
 9 FCPATH\index.php(67): CodeIgniter\CodeIgniter->run()
CRITICAL - 2023-07-06 22:02:41 --> Undefined array key 10900000
in APPPATH\Views\kas-masjid\v_data_laporan.php on line 41.
 1 APPPATH\Views\kas-masjid\v_data_laporan.php(41): CodeIgniter\Debug\Exceptions->errorHandler(2, 'Undefined array key 10900000', 'APPPATH\\Views\\kas-masjid\\v_data_laporan.php', 41)
 2 SYSTEMPATH\View\View.php(213): include('APPPATH\\Views\\kas-masjid\\v_data_laporan.php')
 3 SYSTEMPATH\View\View.php(216): CodeIgniter\View\View->CodeIgniter\View\{closure}()
 4 SYSTEMPATH\Common.php(1135): CodeIgniter\View\View->render('kas-masjid/v_data_laporan', [], true)
 5 APPPATH\Controllers\KasMasjid.php(148): view('kas-masjid/v_data_laporan', [...])
 6 SYSTEMPATH\CodeIgniter.php(925): App\Controllers\KasMasjid->ViewLaporan()
 7 SYSTEMPATH\CodeIgniter.php(480): CodeIgniter\CodeIgniter->runController(Object(App\Controllers\KasMasjid))
 8 SYSTEMPATH\CodeIgniter.php(349): CodeIgniter\CodeIgniter->handleRequest(null, Object(Config\Cache), false)
 9 FCPATH\index.php(67): CodeIgniter\CodeIgniter->run()
CRITICAL - 2023-07-06 22:02:42 --> Undefined array key 10900000
in APPPATH\Views\kas-masjid\v_data_laporan.php on line 41.
 1 APPPATH\Views\kas-masjid\v_data_laporan.php(41): CodeIgniter\Debug\Exceptions->errorHandler(2, 'Undefined array key 10900000', 'APPPATH\\Views\\kas-masjid\\v_data_laporan.php', 41)
 2 SYSTEMPATH\View\View.php(213): include('APPPATH\\Views\\kas-masjid\\v_data_laporan.php')
 3 SYSTEMPATH\View\View.php(216): CodeIgniter\View\View->CodeIgniter\View\{closure}()
 4 SYSTEMPATH\Common.php(1135): CodeIgniter\View\View->render('kas-masjid/v_data_laporan', [], true)
 5 APPPATH\Controllers\KasMasjid.php(148): view('kas-masjid/v_data_laporan', [...])
 6 SYSTEMPATH\CodeIgniter.php(925): App\Controllers\KasMasjid->ViewLaporan()
 7 SYSTEMPATH\CodeIgniter.php(480): CodeIgniter\CodeIgniter->runController(Object(App\Controllers\KasMasjid))
 8 SYSTEMPATH\CodeIgniter.php(349): CodeIgniter\CodeIgniter->handleRequest(null, Object(Config\Cache), false)
 9 FCPATH\index.php(67): CodeIgniter\CodeIgniter->run()
CRITICAL - 2023-07-06 22:02:42 --> Undefined array key 10900000
in APPPATH\Views\kas-masjid\v_data_laporan.php on line 41.
 1 APPPATH\Views\kas-masjid\v_data_laporan.php(41): CodeIgniter\Debug\Exceptions->errorHandler(2, 'Undefined array key 10900000', 'APPPATH\\Views\\kas-masjid\\v_data_laporan.php', 41)
 2 SYSTEMPATH\View\View.php(213): include('APPPATH\\Views\\kas-masjid\\v_data_laporan.php')
 3 SYSTEMPATH\View\View.php(216): CodeIgniter\View\View->CodeIgniter\View\{closure}()
 4 SYSTEMPATH\Common.php(1135): CodeIgniter\View\View->render('kas-masjid/v_data_laporan', [], true)
 5 APPPATH\Controllers\KasMasjid.php(148): view('kas-masjid/v_data_laporan', [...])
 6 SYSTEMPATH\CodeIgniter.php(925): App\Controllers\KasMasjid->ViewLaporan()
 7 SYSTEMPATH\CodeIgniter.php(480): CodeIgniter\CodeIgniter->runController(Object(App\Controllers\KasMasjid))
 8 SYSTEMPATH\CodeIgniter.php(349): CodeIgniter\CodeIgniter->handleRequest(null, Object(Config\Cache), false)
 9 FCPATH\index.php(67): CodeIgniter\CodeIgniter->run()
CRITICAL - 2023-07-06 22:02:42 --> Undefined array key 10900000
in APPPATH\Views\kas-masjid\v_data_laporan.php on line 41.
 1 APPPATH\Views\kas-masjid\v_data_laporan.php(41): CodeIgniter\Debug\Exceptions->errorHandler(2, 'Undefined array key 10900000', 'APPPATH\\Views\\kas-masjid\\v_data_laporan.php', 41)
 2 SYSTEMPATH\View\View.php(213): include('APPPATH\\Views\\kas-masjid\\v_data_laporan.php')
 3 SYSTEMPATH\View\View.php(216): CodeIgniter\View\View->CodeIgniter\View\{closure}()
 4 SYSTEMPATH\Common.php(1135): CodeIgniter\View\View->render('kas-masjid/v_data_laporan', [], true)
 5 APPPATH\Controllers\KasMasjid.php(148): view('kas-masjid/v_data_laporan', [...])
 6 SYSTEMPATH\CodeIgniter.php(925): App\Controllers\KasMasjid->ViewLaporan()
 7 SYSTEMPATH\CodeIgniter.php(480): CodeIgniter\CodeIgniter->runController(Object(App\Controllers\KasMasjid))
 8 SYSTEMPATH\CodeIgniter.php(349): CodeIgniter\CodeIgniter->handleRequest(null, Object(Config\Cache), false)
 9 FCPATH\index.php(67): CodeIgniter\CodeIgniter->run()
CRITICAL - 2023-07-06 22:02:43 --> Undefined array key 10900000
in APPPATH\Views\kas-masjid\v_data_laporan.php on line 41.
 1 APPPATH\Views\kas-masjid\v_data_laporan.php(41): CodeIgniter\Debug\Exceptions->errorHandler(2, 'Undefined array key 10900000', 'APPPATH\\Views\\kas-masjid\\v_data_laporan.php', 41)
 2 SYSTEMPATH\View\View.php(213): include('APPPATH\\Views\\kas-masjid\\v_data_laporan.php')
 3 SYSTEMPATH\View\View.php(216): CodeIgniter\View\View->CodeIgniter\View\{closure}()
 4 SYSTEMPATH\Common.php(1135): CodeIgniter\View\View->render('kas-masjid/v_data_laporan', [], true)
 5 APPPATH\Controllers\KasMasjid.php(148): view('kas-masjid/v_data_laporan', [...])
 6 SYSTEMPATH\CodeIgniter.php(925): App\Controllers\KasMasjid->ViewLaporan()
 7 SYSTEMPATH\CodeIgniter.php(480): CodeIgniter\CodeIgniter->runController(Object(App\Controllers\KasMasjid))
 8 SYSTEMPATH\CodeIgniter.php(349): CodeIgniter\CodeIgniter->handleRequest(null, Object(Config\Cache), false)
 9 FCPATH\index.php(67): CodeIgniter\CodeIgniter->run()
CRITICAL - 2023-07-06 22:02:43 --> Undefined array key 10900000
in APPPATH\Views\kas-masjid\v_data_laporan.php on line 41.
 1 APPPATH\Views\kas-masjid\v_data_laporan.php(41): CodeIgniter\Debug\Exceptions->errorHandler(2, 'Undefined array key 10900000', 'APPPATH\\Views\\kas-masjid\\v_data_laporan.php', 41)
 2 SYSTEMPATH\View\View.php(213): include('APPPATH\\Views\\kas-masjid\\v_data_laporan.php')
 3 SYSTEMPATH\View\View.php(216): CodeIgniter\View\View->CodeIgniter\View\{closure}()
 4 SYSTEMPATH\Common.php(1135): CodeIgniter\View\View->render('kas-masjid/v_data_laporan', [], true)
 5 APPPATH\Controllers\KasMasjid.php(148): view('kas-masjid/v_data_laporan', [...])
 6 SYSTEMPATH\CodeIgniter.php(925): App\Controllers\KasMasjid->ViewLaporan()
 7 SYSTEMPATH\CodeIgniter.php(480): CodeIgniter\CodeIgniter->runController(Object(App\Controllers\KasMasjid))
 8 SYSTEMPATH\CodeIgniter.php(349): CodeIgniter\CodeIgniter->handleRequest(null, Object(Config\Cache), false)
 9 FCPATH\index.php(67): CodeIgniter\CodeIgniter->run()
CRITICAL - 2023-07-06 22:02:43 --> Undefined array key 10900000
in APPPATH\Views\kas-masjid\v_data_laporan.php on line 41.
 1 APPPATH\Views\kas-masjid\v_data_laporan.php(41): CodeIgniter\Debug\Exceptions->errorHandler(2, 'Undefined array key 10900000', 'APPPATH\\Views\\kas-masjid\\v_data_laporan.php', 41)
 2 SYSTEMPATH\View\View.php(213): include('APPPATH\\Views\\kas-masjid\\v_data_laporan.php')
 3 SYSTEMPATH\View\View.php(216): CodeIgniter\View\View->CodeIgniter\View\{closure}()
 4 SYSTEMPATH\Common.php(1135): CodeIgniter\View\View->render('kas-masjid/v_data_laporan', [], true)
 5 APPPATH\Controllers\KasMasjid.php(148): view('kas-masjid/v_data_laporan', [...])
 6 SYSTEMPATH\CodeIgniter.php(925): App\Controllers\KasMasjid->ViewLaporan()
 7 SYSTEMPATH\CodeIgniter.php(480): CodeIgniter\CodeIgniter->runController(Object(App\Controllers\KasMasjid))
 8 SYSTEMPATH\CodeIgniter.php(349): CodeIgniter\CodeIgniter->handleRequest(null, Object(Config\Cache), false)
 9 FCPATH\index.php(67): CodeIgniter\CodeIgniter->run()
CRITICAL - 2023-07-06 22:05:04 --> Undefined variable $kas_m
in APPPATH\Views\kas-masjid\v_data_laporan.php on line 40.
 1 APPPATH\Views\kas-masjid\v_data_laporan.php(40): CodeIgniter\Debug\Exceptions->errorHandler(2, 'Undefined variable $kas_m', 'APPPATH\\Views\\kas-masjid\\v_data_laporan.php', 40)
 2 SYSTEMPATH\View\View.php(213): include('APPPATH\\Views\\kas-masjid\\v_data_laporan.php')
 3 SYSTEMPATH\View\View.php(216): CodeIgniter\View\View->CodeIgniter\View\{closure}()
 4 SYSTEMPATH\Common.php(1135): CodeIgniter\View\View->render('kas-masjid/v_data_laporan', [], true)
 5 APPPATH\Controllers\KasMasjid.php(148): view('kas-masjid/v_data_laporan', [...])
 6 SYSTEMPATH\CodeIgniter.php(925): App\Controllers\KasMasjid->ViewLaporan()
 7 SYSTEMPATH\CodeIgniter.php(480): CodeIgniter\CodeIgniter->runController(Object(App\Controllers\KasMasjid))
 8 SYSTEMPATH\CodeIgniter.php(349): CodeIgniter\CodeIgniter->handleRequest(null, Object(Config\Cache), false)
 9 FCPATH\index.php(67): CodeIgniter\CodeIgniter->run()
CRITICAL - 2023-07-06 22:05:04 --> Undefined variable $kas_m
in APPPATH\Views\kas-masjid\v_data_laporan.php on line 40.
 1 APPPATH\Views\kas-masjid\v_data_laporan.php(40): CodeIgniter\Debug\Exceptions->errorHandler(2, 'Undefined variable $kas_m', 'APPPATH\\Views\\kas-masjid\\v_data_laporan.php', 40)
 2 SYSTEMPATH\View\View.php(213): include('APPPATH\\Views\\kas-masjid\\v_data_laporan.php')
 3 SYSTEMPATH\View\View.php(216): CodeIgniter\View\View->CodeIgniter\View\{closure}()
 4 SYSTEMPATH\Common.php(1135): CodeIgniter\View\View->render('kas-masjid/v_data_laporan', [], true)
 5 APPPATH\Controllers\KasMasjid.php(148): view('kas-masjid/v_data_laporan', [...])
 6 SYSTEMPATH\CodeIgniter.php(925): App\Controllers\KasMasjid->ViewLaporan()
 7 SYSTEMPATH\CodeIgniter.php(480): CodeIgniter\CodeIgniter->runController(Object(App\Controllers\KasMasjid))
 8 SYSTEMPATH\CodeIgniter.php(349): CodeIgniter\CodeIgniter->handleRequest(null, Object(Config\Cache), false)
 9 FCPATH\index.php(67): CodeIgniter\CodeIgniter->run()
CRITICAL - 2023-07-06 22:05:05 --> Undefined variable $kas_m
in APPPATH\Views\kas-masjid\v_data_laporan.php on line 40.
 1 APPPATH\Views\kas-masjid\v_data_laporan.php(40): CodeIgniter\Debug\Exceptions->errorHandler(2, 'Undefined variable $kas_m', 'APPPATH\\Views\\kas-masjid\\v_data_laporan.php', 40)
 2 SYSTEMPATH\View\View.php(213): include('APPPATH\\Views\\kas-masjid\\v_data_laporan.php')
 3 SYSTEMPATH\View\View.php(216): CodeIgniter\View\View->CodeIgniter\View\{closure}()
 4 SYSTEMPATH\Common.php(1135): CodeIgniter\View\View->render('kas-masjid/v_data_laporan', [], true)
 5 APPPATH\Controllers\KasMasjid.php(148): view('kas-masjid/v_data_laporan', [...])
 6 SYSTEMPATH\CodeIgniter.php(925): App\Controllers\KasMasjid->ViewLaporan()
 7 SYSTEMPATH\CodeIgniter.php(480): CodeIgniter\CodeIgniter->runController(Object(App\Controllers\KasMasjid))
 8 SYSTEMPATH\CodeIgniter.php(349): CodeIgniter\CodeIgniter->handleRequest(null, Object(Config\Cache), false)
 9 FCPATH\index.php(67): CodeIgniter\CodeIgniter->run()
CRITICAL - 2023-07-06 22:05:07 --> Undefined variable $kas_m
in APPPATH\Views\kas-masjid\v_data_laporan.php on line 40.
 1 APPPATH\Views\kas-masjid\v_data_laporan.php(40): CodeIgniter\Debug\Exceptions->errorHandler(2, 'Undefined variable $kas_m', 'APPPATH\\Views\\kas-masjid\\v_data_laporan.php', 40)
 2 SYSTEMPATH\View\View.php(213): include('APPPATH\\Views\\kas-masjid\\v_data_laporan.php')
 3 SYSTEMPATH\View\View.php(216): CodeIgniter\View\View->CodeIgniter\View\{closure}()
 4 SYSTEMPATH\Common.php(1135): CodeIgniter\View\View->render('kas-masjid/v_data_laporan', [], true)
 5 APPPATH\Controllers\KasMasjid.php(148): view('kas-masjid/v_data_laporan', [...])
 6 SYSTEMPATH\CodeIgniter.php(925): App\Controllers\KasMasjid->ViewLaporan()
 7 SYSTEMPATH\CodeIgniter.php(480): CodeIgniter\CodeIgniter->runController(Object(App\Controllers\KasMasjid))
 8 SYSTEMPATH\CodeIgniter.php(349): CodeIgniter\CodeIgniter->handleRequest(null, Object(Config\Cache), false)
 9 FCPATH\index.php(67): CodeIgniter\CodeIgniter->run()
CRITICAL - 2023-07-06 22:05:07 --> Undefined variable $kas_m
in APPPATH\Views\kas-masjid\v_data_laporan.php on line 40.
 1 APPPATH\Views\kas-masjid\v_data_laporan.php(40): CodeIgniter\Debug\Exceptions->errorHandler(2, 'Undefined variable $kas_m', 'APPPATH\\Views\\kas-masjid\\v_data_laporan.php', 40)
 2 SYSTEMPATH\View\View.php(213): include('APPPATH\\Views\\kas-masjid\\v_data_laporan.php')
 3 SYSTEMPATH\View\View.php(216): CodeIgniter\View\View->CodeIgniter\View\{closure}()
 4 SYSTEMPATH\Common.php(1135): CodeIgniter\View\View->render('kas-masjid/v_data_laporan', [], true)
 5 APPPATH\Controllers\KasMasjid.php(148): view('kas-masjid/v_data_laporan', [...])
 6 SYSTEMPATH\CodeIgniter.php(925): App\Controllers\KasMasjid->ViewLaporan()
 7 SYSTEMPATH\CodeIgniter.php(480): CodeIgniter\CodeIgniter->runController(Object(App\Controllers\KasMasjid))
 8 SYSTEMPATH\CodeIgniter.php(349): CodeIgniter\CodeIgniter->handleRequest(null, Object(Config\Cache), false)
 9 FCPATH\index.php(67): CodeIgniter\CodeIgniter->run()
CRITICAL - 2023-07-06 22:05:50 --> Undefined variable $kas_m
in APPPATH\Views\kas-masjid\v_data_laporan.php on line 42.
 1 APPPATH\Views\kas-masjid\v_data_laporan.php(42): CodeIgniter\Debug\Exceptions->errorHandler(2, 'Undefined variable $kas_m', 'APPPATH\\Views\\kas-masjid\\v_data_laporan.php', 42)
 2 SYSTEMPATH\View\View.php(213): include('APPPATH\\Views\\kas-masjid\\v_data_laporan.php')
 3 SYSTEMPATH\View\View.php(216): CodeIgniter\View\View->CodeIgniter\View\{closure}()
 4 SYSTEMPATH\Common.php(1135): CodeIgniter\View\View->render('kas-masjid/v_data_laporan', [], true)
 5 APPPATH\Controllers\KasMasjid.php(148): view('kas-masjid/v_data_laporan', [...])
 6 SYSTEMPATH\CodeIgniter.php(925): App\Controllers\KasMasjid->ViewLaporan()
 7 SYSTEMPATH\CodeIgniter.php(480): CodeIgniter\CodeIgniter->runController(Object(App\Controllers\KasMasjid))
 8 SYSTEMPATH\CodeIgniter.php(349): CodeIgniter\CodeIgniter->handleRequest(null, Object(Config\Cache), false)
 9 FCPATH\index.php(67): CodeIgniter\CodeIgniter->run()
CRITICAL - 2023-07-06 22:05:51 --> Undefined variable $kas_m
in APPPATH\Views\kas-masjid\v_data_laporan.php on line 42.
 1 APPPATH\Views\kas-masjid\v_data_laporan.php(42): CodeIgniter\Debug\Exceptions->errorHandler(2, 'Undefined variable $kas_m', 'APPPATH\\Views\\kas-masjid\\v_data_laporan.php', 42)
 2 SYSTEMPATH\View\View.php(213): include('APPPATH\\Views\\kas-masjid\\v_data_laporan.php')
 3 SYSTEMPATH\View\View.php(216): CodeIgniter\View\View->CodeIgniter\View\{closure}()
 4 SYSTEMPATH\Common.php(1135): CodeIgniter\View\View->render('kas-masjid/v_data_laporan', [], true)
 5 APPPATH\Controllers\KasMasjid.php(148): view('kas-masjid/v_data_laporan', [...])
 6 SYSTEMPATH\CodeIgniter.php(925): App\Controllers\KasMasjid->ViewLaporan()
 7 SYSTEMPATH\CodeIgniter.php(480): CodeIgniter\CodeIgniter->runController(Object(App\Controllers\KasMasjid))
 8 SYSTEMPATH\CodeIgniter.php(349): CodeIgniter\CodeIgniter->handleRequest(null, Object(Config\Cache), false)
 9 FCPATH\index.php(67): CodeIgniter\CodeIgniter->run()
CRITICAL - 2023-07-06 22:05:51 --> Undefined variable $kas_m
in APPPATH\Views\kas-masjid\v_data_laporan.php on line 42.
 1 APPPATH\Views\kas-masjid\v_data_laporan.php(42): CodeIgniter\Debug\Exceptions->errorHandler(2, 'Undefined variable $kas_m', 'APPPATH\\Views\\kas-masjid\\v_data_laporan.php', 42)
 2 SYSTEMPATH\View\View.php(213): include('APPPATH\\Views\\kas-masjid\\v_data_laporan.php')
 3 SYSTEMPATH\View\View.php(216): CodeIgniter\View\View->CodeIgniter\View\{closure}()
 4 SYSTEMPATH\Common.php(1135): CodeIgniter\View\View->render('kas-masjid/v_data_laporan', [], true)
 5 APPPATH\Controllers\KasMasjid.php(148): view('kas-masjid/v_data_laporan', [...])
 6 SYSTEMPATH\CodeIgniter.php(925): App\Controllers\KasMasjid->ViewLaporan()
 7 SYSTEMPATH\CodeIgniter.php(480): CodeIgniter\CodeIgniter->runController(Object(App\Controllers\KasMasjid))
 8 SYSTEMPATH\CodeIgniter.php(349): CodeIgniter\CodeIgniter->handleRequest(null, Object(Config\Cache), false)
 9 FCPATH\index.php(67): CodeIgniter\CodeIgniter->run()
