ERROR - 2023-06-28 22:32:25 --> mysqli_sql_exception: Unknown column 'tahun_m' in 'where clause' in C:\laragon\www\simasjid-ci4\system\Database\MySQLi\Connection.php:292
Stack trace:
#0 C:\laragon\www\simasjid-ci4\system\Database\MySQLi\Connection.php(292): mysqli->query('SELECT *\nFROM `...', 0)
#1 C:\laragon\www\simasjid-ci4\system\Database\BaseConnection.php(666): CodeIgniter\Database\MySQLi\Connection->execute('SELECT *\nFROM `...')
#2 C:\laragon\www\simasjid-ci4\system\Database\BaseConnection.php(593): CodeIgniter\Database\BaseConnection->simpleQuery('SELECT *\nFROM `...')
#3 C:\laragon\www\simasjid-ci4\system\Database\BaseBuilder.php(1585): CodeIgniter\Database\BaseConnection->query('SELECT *\nFROM `...', Array, false)
#4 C:\laragon\www\simasjid-ci4\app\Models\ModelPesertaQurban.php(42): CodeIgniter\Database\BaseBuilder->get()
#5 C:\laragon\www\simasjid-ci4\app\Controllers\PesertaQurban.php(108): App\Models\ModelPesertaQurban->AllDataBulanan('2023', '2023')
#6 C:\laragon\www\simasjid-ci4\system\CodeIgniter.php(925): App\Controllers\PesertaQurban->ViewLaporan()
#7 C:\laragon\www\simasjid-ci4\system\CodeIgniter.php(480): CodeIgniter\CodeIgniter->runController(Object(App\Controllers\PesertaQurban))
#8 C:\laragon\www\simasjid-ci4\system\CodeIgniter.php(349): CodeIgniter\CodeIgniter->handleRequest(NULL, Object(Config\Cache), false)
#9 C:\laragon\www\simasjid-ci4\public\index.php(67): CodeIgniter\CodeIgniter->run()
#10 {main}
CRITICAL - 2023-06-28 22:32:25 --> Unknown column 'tahun_m' in 'where clause'
in SYSTEMPATH\Database\MySQLi\Connection.php on line 292.
 1 SYSTEMPATH\Database\MySQLi\Connection.php(292): mysqli->query('SELECT *
FROM `tbl_peserta_kelompok`
WHERE `tahun_m` = \'2023\'
AND `tahun_h` = \'2023\'', 0)
 2 SYSTEMPATH\Database\BaseConnection.php(666): CodeIgniter\Database\MySQLi\Connection->execute('SELECT *
FROM `tbl_peserta_kelompok`
WHERE `tahun_m` = \'2023\'
AND `tahun_h` = \'2023\'')
 3 SYSTEMPATH\Database\BaseConnection.php(593): CodeIgniter\Database\BaseConnection->simpleQuery('SELECT *
FROM `tbl_peserta_kelompok`
WHERE `tahun_m` = \'2023\'
AND `tahun_h` = \'2023\'')
 4 SYSTEMPATH\Database\BaseBuilder.php(1585): CodeIgniter\Database\BaseConnection->query('SELECT *
FROM `tbl_peserta_kelompok`
WHERE `tahun_m` = :tahun_m:
AND `tahun_h` = :tahun_h:', [...], false)
 5 APPPATH\Models\ModelPesertaQurban.php(42): CodeIgniter\Database\BaseBuilder->get()
 6 APPPATH\Controllers\PesertaQurban.php(108): App\Models\ModelPesertaQurban->AllDataBulanan('2023', '2023')
 7 SYSTEMPATH\CodeIgniter.php(925): App\Controllers\PesertaQurban->ViewLaporan()
 8 SYSTEMPATH\CodeIgniter.php(480): CodeIgniter\CodeIgniter->runController(Object(App\Controllers\PesertaQurban))
 9 SYSTEMPATH\CodeIgniter.php(349): CodeIgniter\CodeIgniter->handleRequest(null, Object(Config\Cache), false)
10 FCPATH\index.php(67): CodeIgniter\CodeIgniter->run()
ERROR - 2023-06-28 22:32:26 --> mysqli_sql_exception: Unknown column 'tahun_m' in 'where clause' in C:\laragon\www\simasjid-ci4\system\Database\MySQLi\Connection.php:292
Stack trace:
#0 C:\laragon\www\simasjid-ci4\system\Database\MySQLi\Connection.php(292): mysqli->query('SELECT *\nFROM `...', 0)
#1 C:\laragon\www\simasjid-ci4\system\Database\BaseConnection.php(666): CodeIgniter\Database\MySQLi\Connection->execute('SELECT *\nFROM `...')
#2 C:\laragon\www\simasjid-ci4\system\Database\BaseConnection.php(593): CodeIgniter\Database\BaseConnection->simpleQuery('SELECT *\nFROM `...')
#3 C:\laragon\www\simasjid-ci4\system\Database\BaseBuilder.php(1585): CodeIgniter\Database\BaseConnection->query('SELECT *\nFROM `...', Array, false)
#4 C:\laragon\www\simasjid-ci4\app\Models\ModelPesertaQurban.php(42): CodeIgniter\Database\BaseBuilder->get()
#5 C:\laragon\www\simasjid-ci4\app\Controllers\PesertaQurban.php(108): App\Models\ModelPesertaQurban->AllDataBulanan('2023', '2023')
#6 C:\laragon\www\simasjid-ci4\system\CodeIgniter.php(925): App\Controllers\PesertaQurban->ViewLaporan()
#7 C:\laragon\www\simasjid-ci4\system\CodeIgniter.php(480): CodeIgniter\CodeIgniter->runController(Object(App\Controllers\PesertaQurban))
#8 C:\laragon\www\simasjid-ci4\system\CodeIgniter.php(349): CodeIgniter\CodeIgniter->handleRequest(NULL, Object(Config\Cache), false)
#9 C:\laragon\www\simasjid-ci4\public\index.php(67): CodeIgniter\CodeIgniter->run()
#10 {main}
CRITICAL - 2023-06-28 22:32:26 --> Unknown column 'tahun_m' in 'where clause'
in SYSTEMPATH\Database\MySQLi\Connection.php on line 292.
 1 SYSTEMPATH\Database\MySQLi\Connection.php(292): mysqli->query('SELECT *
FROM `tbl_peserta_kelompok`
WHERE `tahun_m` = \'2023\'
AND `tahun_h` = \'2023\'', 0)
 2 SYSTEMPATH\Database\BaseConnection.php(666): CodeIgniter\Database\MySQLi\Connection->execute('SELECT *
FROM `tbl_peserta_kelompok`
WHERE `tahun_m` = \'2023\'
AND `tahun_h` = \'2023\'')
 3 SYSTEMPATH\Database\BaseConnection.php(593): CodeIgniter\Database\BaseConnection->simpleQuery('SELECT *
FROM `tbl_peserta_kelompok`
WHERE `tahun_m` = \'2023\'
AND `tahun_h` = \'2023\'')
 4 SYSTEMPATH\Database\BaseBuilder.php(1585): CodeIgniter\Database\BaseConnection->query('SELECT *
FROM `tbl_peserta_kelompok`
WHERE `tahun_m` = :tahun_m:
AND `tahun_h` = :tahun_h:', [...], false)
 5 APPPATH\Models\ModelPesertaQurban.php(42): CodeIgniter\Database\BaseBuilder->get()
 6 APPPATH\Controllers\PesertaQurban.php(108): App\Models\ModelPesertaQurban->AllDataBulanan('2023', '2023')
 7 SYSTEMPATH\CodeIgniter.php(925): App\Controllers\PesertaQurban->ViewLaporan()
 8 SYSTEMPATH\CodeIgniter.php(480): CodeIgniter\CodeIgniter->runController(Object(App\Controllers\PesertaQurban))
 9 SYSTEMPATH\CodeIgniter.php(349): CodeIgniter\CodeIgniter->handleRequest(null, Object(Config\Cache), false)
10 FCPATH\index.php(67): CodeIgniter\CodeIgniter->run()
ERROR - 2023-06-28 22:32:26 --> mysqli_sql_exception: Unknown column 'tahun_m' in 'where clause' in C:\laragon\www\simasjid-ci4\system\Database\MySQLi\Connection.php:292
Stack trace:
#0 C:\laragon\www\simasjid-ci4\system\Database\MySQLi\Connection.php(292): mysqli->query('SELECT *\nFROM `...', 0)
#1 C:\laragon\www\simasjid-ci4\system\Database\BaseConnection.php(666): CodeIgniter\Database\MySQLi\Connection->execute('SELECT *\nFROM `...')
#2 C:\laragon\www\simasjid-ci4\system\Database\BaseConnection.php(593): CodeIgniter\Database\BaseConnection->simpleQuery('SELECT *\nFROM `...')
#3 C:\laragon\www\simasjid-ci4\system\Database\BaseBuilder.php(1585): CodeIgniter\Database\BaseConnection->query('SELECT *\nFROM `...', Array, false)
#4 C:\laragon\www\simasjid-ci4\app\Models\ModelPesertaQurban.php(42): CodeIgniter\Database\BaseBuilder->get()
#5 C:\laragon\www\simasjid-ci4\app\Controllers\PesertaQurban.php(108): App\Models\ModelPesertaQurban->AllDataBulanan('2023', '2023')
#6 C:\laragon\www\simasjid-ci4\system\CodeIgniter.php(925): App\Controllers\PesertaQurban->ViewLaporan()
#7 C:\laragon\www\simasjid-ci4\system\CodeIgniter.php(480): CodeIgniter\CodeIgniter->runController(Object(App\Controllers\PesertaQurban))
#8 C:\laragon\www\simasjid-ci4\system\CodeIgniter.php(349): CodeIgniter\CodeIgniter->handleRequest(NULL, Object(Config\Cache), false)
#9 C:\laragon\www\simasjid-ci4\public\index.php(67): CodeIgniter\CodeIgniter->run()
#10 {main}
CRITICAL - 2023-06-28 22:32:26 --> Unknown column 'tahun_m' in 'where clause'
in SYSTEMPATH\Database\MySQLi\Connection.php on line 292.
 1 SYSTEMPATH\Database\MySQLi\Connection.php(292): mysqli->query('SELECT *
FROM `tbl_peserta_kelompok`
WHERE `tahun_m` = \'2023\'
AND `tahun_h` = \'2023\'', 0)
 2 SYSTEMPATH\Database\BaseConnection.php(666): CodeIgniter\Database\MySQLi\Connection->execute('SELECT *
FROM `tbl_peserta_kelompok`
WHERE `tahun_m` = \'2023\'
AND `tahun_h` = \'2023\'')
 3 SYSTEMPATH\Database\BaseConnection.php(593): CodeIgniter\Database\BaseConnection->simpleQuery('SELECT *
FROM `tbl_peserta_kelompok`
WHERE `tahun_m` = \'2023\'
AND `tahun_h` = \'2023\'')
 4 SYSTEMPATH\Database\BaseBuilder.php(1585): CodeIgniter\Database\BaseConnection->query('SELECT *
FROM `tbl_peserta_kelompok`
WHERE `tahun_m` = :tahun_m:
AND `tahun_h` = :tahun_h:', [...], false)
 5 APPPATH\Models\ModelPesertaQurban.php(42): CodeIgniter\Database\BaseBuilder->get()
 6 APPPATH\Controllers\PesertaQurban.php(108): App\Models\ModelPesertaQurban->AllDataBulanan('2023', '2023')
 7 SYSTEMPATH\CodeIgniter.php(925): App\Controllers\PesertaQurban->ViewLaporan()
 8 SYSTEMPATH\CodeIgniter.php(480): CodeIgniter\CodeIgniter->runController(Object(App\Controllers\PesertaQurban))
 9 SYSTEMPATH\CodeIgniter.php(349): CodeIgniter\CodeIgniter->handleRequest(null, Object(Config\Cache), false)
10 FCPATH\index.php(67): CodeIgniter\CodeIgniter->run()
ERROR - 2023-06-28 22:32:26 --> mysqli_sql_exception: Unknown column 'tahun_m' in 'where clause' in C:\laragon\www\simasjid-ci4\system\Database\MySQLi\Connection.php:292
Stack trace:
#0 C:\laragon\www\simasjid-ci4\system\Database\MySQLi\Connection.php(292): mysqli->query('SELECT *\nFROM `...', 0)
#1 C:\laragon\www\simasjid-ci4\system\Database\BaseConnection.php(666): CodeIgniter\Database\MySQLi\Connection->execute('SELECT *\nFROM `...')
#2 C:\laragon\www\simasjid-ci4\system\Database\BaseConnection.php(593): CodeIgniter\Database\BaseConnection->simpleQuery('SELECT *\nFROM `...')
#3 C:\laragon\www\simasjid-ci4\system\Database\BaseBuilder.php(1585): CodeIgniter\Database\BaseConnection->query('SELECT *\nFROM `...', Array, false)
#4 C:\laragon\www\simasjid-ci4\app\Models\ModelPesertaQurban.php(42): CodeIgniter\Database\BaseBuilder->get()
#5 C:\laragon\www\simasjid-ci4\app\Controllers\PesertaQurban.php(108): App\Models\ModelPesertaQurban->AllDataBulanan('2023', '2023')
#6 C:\laragon\www\simasjid-ci4\system\CodeIgniter.php(925): App\Controllers\PesertaQurban->ViewLaporan()
#7 C:\laragon\www\simasjid-ci4\system\CodeIgniter.php(480): CodeIgniter\CodeIgniter->runController(Object(App\Controllers\PesertaQurban))
#8 C:\laragon\www\simasjid-ci4\system\CodeIgniter.php(349): CodeIgniter\CodeIgniter->handleRequest(NULL, Object(Config\Cache), false)
#9 C:\laragon\www\simasjid-ci4\public\index.php(67): CodeIgniter\CodeIgniter->run()
#10 {main}
CRITICAL - 2023-06-28 22:32:26 --> Unknown column 'tahun_m' in 'where clause'
in SYSTEMPATH\Database\MySQLi\Connection.php on line 292.
 1 SYSTEMPATH\Database\MySQLi\Connection.php(292): mysqli->query('SELECT *
FROM `tbl_peserta_kelompok`
WHERE `tahun_m` = \'2023\'
AND `tahun_h` = \'2023\'', 0)
 2 SYSTEMPATH\Database\BaseConnection.php(666): CodeIgniter\Database\MySQLi\Connection->execute('SELECT *
FROM `tbl_peserta_kelompok`
WHERE `tahun_m` = \'2023\'
AND `tahun_h` = \'2023\'')
 3 SYSTEMPATH\Database\BaseConnection.php(593): CodeIgniter\Database\BaseConnection->simpleQuery('SELECT *
FROM `tbl_peserta_kelompok`
WHERE `tahun_m` = \'2023\'
AND `tahun_h` = \'2023\'')
 4 SYSTEMPATH\Database\BaseBuilder.php(1585): CodeIgniter\Database\BaseConnection->query('SELECT *
FROM `tbl_peserta_kelompok`
WHERE `tahun_m` = :tahun_m:
AND `tahun_h` = :tahun_h:', [...], false)
 5 APPPATH\Models\ModelPesertaQurban.php(42): CodeIgniter\Database\BaseBuilder->get()
 6 APPPATH\Controllers\PesertaQurban.php(108): App\Models\ModelPesertaQurban->AllDataBulanan('2023', '2023')
 7 SYSTEMPATH\CodeIgniter.php(925): App\Controllers\PesertaQurban->ViewLaporan()
 8 SYSTEMPATH\CodeIgniter.php(480): CodeIgniter\CodeIgniter->runController(Object(App\Controllers\PesertaQurban))
 9 SYSTEMPATH\CodeIgniter.php(349): CodeIgniter\CodeIgniter->handleRequest(null, Object(Config\Cache), false)
10 FCPATH\index.php(67): CodeIgniter\CodeIgniter->run()
ERROR - 2023-06-28 22:32:27 --> mysqli_sql_exception: Unknown column 'tahun_m' in 'where clause' in C:\laragon\www\simasjid-ci4\system\Database\MySQLi\Connection.php:292
Stack trace:
#0 C:\laragon\www\simasjid-ci4\system\Database\MySQLi\Connection.php(292): mysqli->query('SELECT *\nFROM `...', 0)
#1 C:\laragon\www\simasjid-ci4\system\Database\BaseConnection.php(666): CodeIgniter\Database\MySQLi\Connection->execute('SELECT *\nFROM `...')
#2 C:\laragon\www\simasjid-ci4\system\Database\BaseConnection.php(593): CodeIgniter\Database\BaseConnection->simpleQuery('SELECT *\nFROM `...')
#3 C:\laragon\www\simasjid-ci4\system\Database\BaseBuilder.php(1585): CodeIgniter\Database\BaseConnection->query('SELECT *\nFROM `...', Array, false)
#4 C:\laragon\www\simasjid-ci4\app\Models\ModelPesertaQurban.php(42): CodeIgniter\Database\BaseBuilder->get()
#5 C:\laragon\www\simasjid-ci4\app\Controllers\PesertaQurban.php(108): App\Models\ModelPesertaQurban->AllDataBulanan('2023', '2023')
#6 C:\laragon\www\simasjid-ci4\system\CodeIgniter.php(925): App\Controllers\PesertaQurban->ViewLaporan()
#7 C:\laragon\www\simasjid-ci4\system\CodeIgniter.php(480): CodeIgniter\CodeIgniter->runController(Object(App\Controllers\PesertaQurban))
#8 C:\laragon\www\simasjid-ci4\system\CodeIgniter.php(349): CodeIgniter\CodeIgniter->handleRequest(NULL, Object(Config\Cache), false)
#9 C:\laragon\www\simasjid-ci4\public\index.php(67): CodeIgniter\CodeIgniter->run()
#10 {main}
CRITICAL - 2023-06-28 22:32:27 --> Unknown column 'tahun_m' in 'where clause'
in SYSTEMPATH\Database\MySQLi\Connection.php on line 292.
 1 SYSTEMPATH\Database\MySQLi\Connection.php(292): mysqli->query('SELECT *
FROM `tbl_peserta_kelompok`
WHERE `tahun_m` = \'2023\'
AND `tahun_h` = \'2023\'', 0)
 2 SYSTEMPATH\Database\BaseConnection.php(666): CodeIgniter\Database\MySQLi\Connection->execute('SELECT *
FROM `tbl_peserta_kelompok`
WHERE `tahun_m` = \'2023\'
AND `tahun_h` = \'2023\'')
 3 SYSTEMPATH\Database\BaseConnection.php(593): CodeIgniter\Database\BaseConnection->simpleQuery('SELECT *
FROM `tbl_peserta_kelompok`
WHERE `tahun_m` = \'2023\'
AND `tahun_h` = \'2023\'')
 4 SYSTEMPATH\Database\BaseBuilder.php(1585): CodeIgniter\Database\BaseConnection->query('SELECT *
FROM `tbl_peserta_kelompok`
WHERE `tahun_m` = :tahun_m:
AND `tahun_h` = :tahun_h:', [...], false)
 5 APPPATH\Models\ModelPesertaQurban.php(42): CodeIgniter\Database\BaseBuilder->get()
 6 APPPATH\Controllers\PesertaQurban.php(108): App\Models\ModelPesertaQurban->AllDataBulanan('2023', '2023')
 7 SYSTEMPATH\CodeIgniter.php(925): App\Controllers\PesertaQurban->ViewLaporan()
 8 SYSTEMPATH\CodeIgniter.php(480): CodeIgniter\CodeIgniter->runController(Object(App\Controllers\PesertaQurban))
 9 SYSTEMPATH\CodeIgniter.php(349): CodeIgniter\CodeIgniter->handleRequest(null, Object(Config\Cache), false)
10 FCPATH\index.php(67): CodeIgniter\CodeIgniter->run()
