CRITICAL - 2023-06-12 11:13:29 --> The behavior of unparenthesized expressions containing both '.' and '+'/'-' will change in PHP 8: '+'/'-' will take a higher precedence
in APPPATH\Controllers\Home.php on line 48.
 1 SYSTEMPATH\Autoloader\Autoloader.php(283): CodeIgniter\Debug\Exceptions->errorHandler(8192, 'The behavior of unparenthesized expressions containing both \'.\' and \'+\'/\'-\' will change in PHP 8: \'+\'/\'-\' will take a higher precedence', 'APPPATH\\Controllers\\Home.php', 48, [...])
 2 SYSTEMPATH\Autoloader\Autoloader.php(283): include_once()
 3 SYSTEMPATH\Autoloader\Autoloader.php(260): CodeIgniter\Autoloader\Autoloader->includeFile('APPPATH\\Controllers\\Home.php')
 4 SYSTEMPATH\Autoloader\Autoloader.php(238): CodeIgniter\Autoloader\Autoloader->loadInNamespace('App\\Controllers\\Home')
 5 [internal function]: CodeIgniter\Autoloader\Autoloader->loadClass('App\\Controllers\\Home')
 6 [internal function]: spl_autoload_call('App\\Controllers\\Home')
 7 SYSTEMPATH\CodeIgniter.php(875): class_exists('\\App\\Controllers\\Home', true)
 8 SYSTEMPATH\CodeIgniter.php(467): CodeIgniter\CodeIgniter->startController()
 9 SYSTEMPATH\CodeIgniter.php(349): CodeIgniter\CodeIgniter->handleRequest(null, Object(Config\Cache), false)
10 FCPATH\index.php(67): CodeIgniter\CodeIgniter->run()
11 SYSTEMPATH\Commands\Server\rewrite.php(47): require_once('FCPATH\\index.php')
CRITICAL - 2023-06-12 11:13:34 --> The behavior of unparenthesized expressions containing both '.' and '+'/'-' will change in PHP 8: '+'/'-' will take a higher precedence
in APPPATH\Controllers\Home.php on line 48.
 1 SYSTEMPATH\Autoloader\Autoloader.php(283): CodeIgniter\Debug\Exceptions->errorHandler(8192, 'The behavior of unparenthesized expressions containing both \'.\' and \'+\'/\'-\' will change in PHP 8: \'+\'/\'-\' will take a higher precedence', 'APPPATH\\Controllers\\Home.php', 48, [...])
 2 SYSTEMPATH\Autoloader\Autoloader.php(283): include_once()
 3 SYSTEMPATH\Autoloader\Autoloader.php(260): CodeIgniter\Autoloader\Autoloader->includeFile('APPPATH\\Controllers\\Home.php')
 4 SYSTEMPATH\Autoloader\Autoloader.php(238): CodeIgniter\Autoloader\Autoloader->loadInNamespace('App\\Controllers\\Home')
 5 [internal function]: CodeIgniter\Autoloader\Autoloader->loadClass('App\\Controllers\\Home')
 6 [internal function]: spl_autoload_call('App\\Controllers\\Home')
 7 SYSTEMPATH\CodeIgniter.php(875): class_exists('\\App\\Controllers\\Home', true)
 8 SYSTEMPATH\CodeIgniter.php(467): CodeIgniter\CodeIgniter->startController()
 9 SYSTEMPATH\CodeIgniter.php(349): CodeIgniter\CodeIgniter->handleRequest(null, Object(Config\Cache), false)
10 FCPATH\index.php(67): CodeIgniter\CodeIgniter->run()
11 SYSTEMPATH\Commands\Server\rewrite.php(47): require_once('FCPATH\\index.php')
CRITICAL - 2023-06-12 13:57:05 --> Undefined variable $Pengurus
in APPPATH\Views\v_pengurus.php on line 40.
 1 APPPATH\Views\v_pengurus.php(40): CodeIgniter\Debug\Exceptions->errorHandler(2, 'Undefined variable $Pengurus', 'APPPATH\\Views\\v_pengurus.php', 40)
 2 SYSTEMPATH\View\View.php(213): include('APPPATH\\Views\\v_pengurus.php')
 3 SYSTEMPATH\View\View.php(216): CodeIgniter\View\View->CodeIgniter\View\{closure}()
 4 SYSTEMPATH\Common.php(1135): CodeIgniter\View\View->render('v_pengurus', [], true)
 5 APPPATH\Views\v_template_admin.php(348): view('v_pengurus')
 6 SYSTEMPATH\View\View.php(213): include('APPPATH\\Views\\v_template_admin.php')
 7 SYSTEMPATH\View\View.php(216): CodeIgniter\View\View->CodeIgniter\View\{closure}()
 8 SYSTEMPATH\Common.php(1135): CodeIgniter\View\View->render('v_template_admin', [], true)
 9 APPPATH\Controllers\Pengurus.php(27): view('v_template_admin', [...])
10 SYSTEMPATH\CodeIgniter.php(925): App\Controllers\Pengurus->index()
11 SYSTEMPATH\CodeIgniter.php(480): CodeIgniter\CodeIgniter->runController(Object(App\Controllers\Pengurus))
12 SYSTEMPATH\CodeIgniter.php(349): CodeIgniter\CodeIgniter->handleRequest(null, Object(Config\Cache), false)
13 FCPATH\index.php(67): CodeIgniter\CodeIgniter->run()
CRITICAL - 2023-06-12 13:57:44 --> Undefined variable $pengurus
in APPPATH\Views\v_pengurus.php on line 41.
 1 APPPATH\Views\v_pengurus.php(41): CodeIgniter\Debug\Exceptions->errorHandler(2, 'Undefined variable $pengurus', 'APPPATH\\Views\\v_pengurus.php', 41)
 2 SYSTEMPATH\View\View.php(213): include('APPPATH\\Views\\v_pengurus.php')
 3 SYSTEMPATH\View\View.php(216): CodeIgniter\View\View->CodeIgniter\View\{closure}()
 4 SYSTEMPATH\Common.php(1135): CodeIgniter\View\View->render('v_pengurus', [], true)
 5 APPPATH\Views\v_template_admin.php(348): view('v_pengurus')
 6 SYSTEMPATH\View\View.php(213): include('APPPATH\\Views\\v_template_admin.php')
 7 SYSTEMPATH\View\View.php(216): CodeIgniter\View\View->CodeIgniter\View\{closure}()
 8 SYSTEMPATH\Common.php(1135): CodeIgniter\View\View->render('v_template_admin', [], true)
 9 APPPATH\Controllers\Pengurus.php(27): view('v_template_admin', [...])
10 SYSTEMPATH\CodeIgniter.php(925): App\Controllers\Pengurus->index()
11 SYSTEMPATH\CodeIgniter.php(480): CodeIgniter\CodeIgniter->runController(Object(App\Controllers\Pengurus))
12 SYSTEMPATH\CodeIgniter.php(349): CodeIgniter\CodeIgniter->handleRequest(null, Object(Config\Cache), false)
13 FCPATH\index.php(67): CodeIgniter\CodeIgniter->run()
