CRITICAL - 2023-04-09 08:10:33 --> Undefined property: App\Controllers\Admin::$ModelAdmin
in APPPATH\Controllers\Admin.php on line 29.
 1 APPPATH\Controllers\Admin.php(29): CodeIgniter\Debug\Exceptions->errorHandler(2, 'Undefined property: App\\Controllers\\Admin::$ModelAdmin', 'APPPATH\\Controllers\\Admin.php', 29)
 2 SYSTEMPATH\CodeIgniter.php(925): App\Controllers\Admin->Setting()
 3 SYSTEMPATH\CodeIgniter.php(480): CodeIgniter\CodeIgniter->runController(Object(App\Controllers\Admin))
 4 SYSTEMPATH\CodeIgniter.php(349): CodeIgniter\CodeIgniter->handleRequest(null, Object(Config\Cache), false)
 5 FCPATH\index.php(67): CodeIgniter\CodeIgniter->run()
CRITICAL - 2023-04-09 09:02:38 --> Cannot use object of type stdClass as array
in APPPATH\Views\v_setting.php on line 21.
 1 SYSTEMPATH\View\View.php(213): include()
 2 SYSTEMPATH\View\View.php(216): CodeIgniter\View\View->CodeIgniter\View\{closure}()
 3 SYSTEMPATH\Common.php(1135): CodeIgniter\View\View->render('v_setting', [], true)
 4 APPPATH\Views\v_template_admin.php(232): view('v_setting')
 5 SYSTEMPATH\View\View.php(213): include('APPPATH\\Views\\v_template_admin.php')
 6 SYSTEMPATH\View\View.php(216): CodeIgniter\View\View->CodeIgniter\View\{closure}()
 7 SYSTEMPATH\Common.php(1135): CodeIgniter\View\View->render('v_template_admin', [], true)
 8 APPPATH\Controllers\Admin.php(42): view('v_template_admin', [...])
 9 SYSTEMPATH\CodeIgniter.php(925): App\Controllers\Admin->Setting()
10 SYSTEMPATH\CodeIgniter.php(480): CodeIgniter\CodeIgniter->runController(Object(App\Controllers\Admin))
11 SYSTEMPATH\CodeIgniter.php(349): CodeIgniter\CodeIgniter->handleRequest(null, Object(Config\Cache), false)
12 FCPATH\index.php(67): CodeIgniter\CodeIgniter->run()
CRITICAL - 2023-04-09 09:33:39 --> Cannot use object of type stdClass as array
in APPPATH\Views\v_setting.php on line 21.
 1 SYSTEMPATH\View\View.php(213): include()
 2 SYSTEMPATH\View\View.php(216): CodeIgniter\View\View->CodeIgniter\View\{closure}()
 3 SYSTEMPATH\Common.php(1135): CodeIgniter\View\View->render('v_setting', [], true)
 4 APPPATH\Views\v_template_admin.php(232): view('v_setting')
 5 SYSTEMPATH\View\View.php(213): include('APPPATH\\Views\\v_template_admin.php')
 6 SYSTEMPATH\View\View.php(216): CodeIgniter\View\View->CodeIgniter\View\{closure}()
 7 SYSTEMPATH\Common.php(1135): CodeIgniter\View\View->render('v_template_admin', [], true)
 8 APPPATH\Controllers\Admin.php(42): view('v_template_admin', [...])
 9 SYSTEMPATH\CodeIgniter.php(925): App\Controllers\Admin->Setting()
10 SYSTEMPATH\CodeIgniter.php(480): CodeIgniter\CodeIgniter->runController(Object(App\Controllers\Admin))
11 SYSTEMPATH\CodeIgniter.php(349): CodeIgniter\CodeIgniter->handleRequest(null, Object(Config\Cache), false)
12 FCPATH\index.php(67): CodeIgniter\CodeIgniter->run()
CRITICAL - 2023-04-09 09:36:36 --> Cannot use object of type stdClass as array
in APPPATH\Views\v_setting.php on line 21.
 1 SYSTEMPATH\View\View.php(213): include()
 2 SYSTEMPATH\View\View.php(216): CodeIgniter\View\View->CodeIgniter\View\{closure}()
 3 SYSTEMPATH\Common.php(1135): CodeIgniter\View\View->render('v_setting', [], true)
 4 APPPATH\Views\v_template_admin.php(232): view('v_setting')
 5 SYSTEMPATH\View\View.php(213): include('APPPATH\\Views\\v_template_admin.php')
 6 SYSTEMPATH\View\View.php(216): CodeIgniter\View\View->CodeIgniter\View\{closure}()
 7 SYSTEMPATH\Common.php(1135): CodeIgniter\View\View->render('v_template_admin', [], true)
 8 APPPATH\Controllers\Admin.php(42): view('v_template_admin', [...])
 9 SYSTEMPATH\CodeIgniter.php(925): App\Controllers\Admin->Setting()
10 SYSTEMPATH\CodeIgniter.php(480): CodeIgniter\CodeIgniter->runController(Object(App\Controllers\Admin))
11 SYSTEMPATH\CodeIgniter.php(349): CodeIgniter\CodeIgniter->handleRequest(null, Object(Config\Cache), false)
12 FCPATH\index.php(67): CodeIgniter\CodeIgniter->run()
CRITICAL - 2023-04-09 09:36:43 --> Cannot use object of type stdClass as array
in APPPATH\Views\v_setting.php on line 21.
 1 SYSTEMPATH\View\View.php(213): include()
 2 SYSTEMPATH\View\View.php(216): CodeIgniter\View\View->CodeIgniter\View\{closure}()
 3 SYSTEMPATH\Common.php(1135): CodeIgniter\View\View->render('v_setting', [], true)
 4 APPPATH\Views\v_template_admin.php(232): view('v_setting')
 5 SYSTEMPATH\View\View.php(213): include('APPPATH\\Views\\v_template_admin.php')
 6 SYSTEMPATH\View\View.php(216): CodeIgniter\View\View->CodeIgniter\View\{closure}()
 7 SYSTEMPATH\Common.php(1135): CodeIgniter\View\View->render('v_template_admin', [], true)
 8 APPPATH\Controllers\Admin.php(42): view('v_template_admin', [...])
 9 SYSTEMPATH\CodeIgniter.php(925): App\Controllers\Admin->Setting()
10 SYSTEMPATH\CodeIgniter.php(480): CodeIgniter\CodeIgniter->runController(Object(App\Controllers\Admin))
11 SYSTEMPATH\CodeIgniter.php(349): CodeIgniter\CodeIgniter->handleRequest(null, Object(Config\Cache), false)
12 FCPATH\index.php(67): CodeIgniter\CodeIgniter->run()
