CRITICAL - 2023-06-17 08:35:06 --> Undefined property: App\Controllers\Pengurus::$ModelAgenda
in APPPATH\Controllers\Pengurus.php on line 83.
 1 APPPATH\Controllers\Pengurus.php(83): CodeIgniter\Debug\Exceptions->errorHandler(2, 'Undefined property: App\\Controllers\\Pengurus::$ModelAgenda', 'APPPATH\\Controllers\\Pengurus.php', 83)
 2 SYSTEMPATH\CodeIgniter.php(925): App\Controllers\Pengurus->ViewLaporan()
 3 SYSTEMPATH\CodeIgniter.php(480): CodeIgniter\CodeIgniter->runController(Object(App\Controllers\Pengurus))
 4 SYSTEMPATH\CodeIgniter.php(349): CodeIgniter\CodeIgniter->handleRequest(null, Object(Config\Cache), false)
 5 FCPATH\index.php(67): CodeIgniter\CodeIgniter->run()
CRITICAL - 2023-06-17 08:35:07 --> Undefined property: App\Controllers\Pengurus::$ModelAgenda
in APPPATH\Controllers\Pengurus.php on line 83.
 1 APPPATH\Controllers\Pengurus.php(83): CodeIgniter\Debug\Exceptions->errorHandler(2, 'Undefined property: App\\Controllers\\Pengurus::$ModelAgenda', 'APPPATH\\Controllers\\Pengurus.php', 83)
 2 SYSTEMPATH\CodeIgniter.php(925): App\Controllers\Pengurus->ViewLaporan()
 3 SYSTEMPATH\CodeIgniter.php(480): CodeIgniter\CodeIgniter->runController(Object(App\Controllers\Pengurus))
 4 SYSTEMPATH\CodeIgniter.php(349): CodeIgniter\CodeIgniter->handleRequest(null, Object(Config\Cache), false)
 5 FCPATH\index.php(67): CodeIgniter\CodeIgniter->run()
CRITICAL - 2023-06-17 08:35:07 --> Undefined property: App\Controllers\Pengurus::$ModelAgenda
in APPPATH\Controllers\Pengurus.php on line 83.
 1 APPPATH\Controllers\Pengurus.php(83): CodeIgniter\Debug\Exceptions->errorHandler(2, 'Undefined property: App\\Controllers\\Pengurus::$ModelAgenda', 'APPPATH\\Controllers\\Pengurus.php', 83)
 2 SYSTEMPATH\CodeIgniter.php(925): App\Controllers\Pengurus->ViewLaporan()
 3 SYSTEMPATH\CodeIgniter.php(480): CodeIgniter\CodeIgniter->runController(Object(App\Controllers\Pengurus))
 4 SYSTEMPATH\CodeIgniter.php(349): CodeIgniter\CodeIgniter->handleRequest(null, Object(Config\Cache), false)
 5 FCPATH\index.php(67): CodeIgniter\CodeIgniter->run()
CRITICAL - 2023-06-17 08:35:34 --> Undefined property: App\Controllers\Pengurus::$ModelAgenda
in APPPATH\Controllers\Pengurus.php on line 83.
 1 APPPATH\Controllers\Pengurus.php(83): CodeIgniter\Debug\Exceptions->errorHandler(2, 'Undefined property: App\\Controllers\\Pengurus::$ModelAgenda', 'APPPATH\\Controllers\\Pengurus.php', 83)
 2 SYSTEMPATH\CodeIgniter.php(925): App\Controllers\Pengurus->ViewLaporan()
 3 SYSTEMPATH\CodeIgniter.php(480): CodeIgniter\CodeIgniter->runController(Object(App\Controllers\Pengurus))
 4 SYSTEMPATH\CodeIgniter.php(349): CodeIgniter\CodeIgniter->handleRequest(null, Object(Config\Cache), false)
 5 FCPATH\index.php(67): CodeIgniter\CodeIgniter->run()
CRITICAL - 2023-06-17 08:35:34 --> Undefined property: App\Controllers\Pengurus::$ModelAgenda
in APPPATH\Controllers\Pengurus.php on line 83.
 1 APPPATH\Controllers\Pengurus.php(83): CodeIgniter\Debug\Exceptions->errorHandler(2, 'Undefined property: App\\Controllers\\Pengurus::$ModelAgenda', 'APPPATH\\Controllers\\Pengurus.php', 83)
 2 SYSTEMPATH\CodeIgniter.php(925): App\Controllers\Pengurus->ViewLaporan()
 3 SYSTEMPATH\CodeIgniter.php(480): CodeIgniter\CodeIgniter->runController(Object(App\Controllers\Pengurus))
 4 SYSTEMPATH\CodeIgniter.php(349): CodeIgniter\CodeIgniter->handleRequest(null, Object(Config\Cache), false)
 5 FCPATH\index.php(67): CodeIgniter\CodeIgniter->run()
CRITICAL - 2023-06-17 08:35:34 --> Undefined property: App\Controllers\Pengurus::$ModelAgenda
in APPPATH\Controllers\Pengurus.php on line 83.
 1 APPPATH\Controllers\Pengurus.php(83): CodeIgniter\Debug\Exceptions->errorHandler(2, 'Undefined property: App\\Controllers\\Pengurus::$ModelAgenda', 'APPPATH\\Controllers\\Pengurus.php', 83)
 2 SYSTEMPATH\CodeIgniter.php(925): App\Controllers\Pengurus->ViewLaporan()
 3 SYSTEMPATH\CodeIgniter.php(480): CodeIgniter\CodeIgniter->runController(Object(App\Controllers\Pengurus))
 4 SYSTEMPATH\CodeIgniter.php(349): CodeIgniter\CodeIgniter->handleRequest(null, Object(Config\Cache), false)
 5 FCPATH\index.php(67): CodeIgniter\CodeIgniter->run()
CRITICAL - 2023-06-17 08:35:35 --> Undefined property: App\Controllers\Pengurus::$ModelAgenda
in APPPATH\Controllers\Pengurus.php on line 83.
 1 APPPATH\Controllers\Pengurus.php(83): CodeIgniter\Debug\Exceptions->errorHandler(2, 'Undefined property: App\\Controllers\\Pengurus::$ModelAgenda', 'APPPATH\\Controllers\\Pengurus.php', 83)
 2 SYSTEMPATH\CodeIgniter.php(925): App\Controllers\Pengurus->ViewLaporan()
 3 SYSTEMPATH\CodeIgniter.php(480): CodeIgniter\CodeIgniter->runController(Object(App\Controllers\Pengurus))
 4 SYSTEMPATH\CodeIgniter.php(349): CodeIgniter\CodeIgniter->handleRequest(null, Object(Config\Cache), false)
 5 FCPATH\index.php(67): CodeIgniter\CodeIgniter->run()
CRITICAL - 2023-06-17 08:35:35 --> Undefined property: App\Controllers\Pengurus::$ModelAgenda
in APPPATH\Controllers\Pengurus.php on line 83.
 1 APPPATH\Controllers\Pengurus.php(83): CodeIgniter\Debug\Exceptions->errorHandler(2, 'Undefined property: App\\Controllers\\Pengurus::$ModelAgenda', 'APPPATH\\Controllers\\Pengurus.php', 83)
 2 SYSTEMPATH\CodeIgniter.php(925): App\Controllers\Pengurus->ViewLaporan()
 3 SYSTEMPATH\CodeIgniter.php(480): CodeIgniter\CodeIgniter->runController(Object(App\Controllers\Pengurus))
 4 SYSTEMPATH\CodeIgniter.php(349): CodeIgniter\CodeIgniter->handleRequest(null, Object(Config\Cache), false)
 5 FCPATH\index.php(67): CodeIgniter\CodeIgniter->run()
CRITICAL - 2023-06-17 08:43:32 --> Undefined property: App\Controllers\Pengurus::$ModelAgenda
in APPPATH\Controllers\Pengurus.php on line 109.
 1 APPPATH\Controllers\Pengurus.php(109): CodeIgniter\Debug\Exceptions->errorHandler(2, 'Undefined property: App\\Controllers\\Pengurus::$ModelAgenda', 'APPPATH\\Controllers\\Pengurus.php', 109)
 2 SYSTEMPATH\CodeIgniter.php(925): App\Controllers\Pengurus->ViewLaporan()
 3 SYSTEMPATH\CodeIgniter.php(480): CodeIgniter\CodeIgniter->runController(Object(App\Controllers\Pengurus))
 4 SYSTEMPATH\CodeIgniter.php(349): CodeIgniter\CodeIgniter->handleRequest(null, Object(Config\Cache), false)
 5 FCPATH\index.php(67): CodeIgniter\CodeIgniter->run()
CRITICAL - 2023-06-17 08:43:33 --> Undefined property: App\Controllers\Pengurus::$ModelAgenda
in APPPATH\Controllers\Pengurus.php on line 109.
 1 APPPATH\Controllers\Pengurus.php(109): CodeIgniter\Debug\Exceptions->errorHandler(2, 'Undefined property: App\\Controllers\\Pengurus::$ModelAgenda', 'APPPATH\\Controllers\\Pengurus.php', 109)
 2 SYSTEMPATH\CodeIgniter.php(925): App\Controllers\Pengurus->ViewLaporan()
 3 SYSTEMPATH\CodeIgniter.php(480): CodeIgniter\CodeIgniter->runController(Object(App\Controllers\Pengurus))
 4 SYSTEMPATH\CodeIgniter.php(349): CodeIgniter\CodeIgniter->handleRequest(null, Object(Config\Cache), false)
 5 FCPATH\index.php(67): CodeIgniter\CodeIgniter->run()
CRITICAL - 2023-06-17 08:43:33 --> Undefined property: App\Controllers\Pengurus::$ModelAgenda
in APPPATH\Controllers\Pengurus.php on line 109.
 1 APPPATH\Controllers\Pengurus.php(109): CodeIgniter\Debug\Exceptions->errorHandler(2, 'Undefined property: App\\Controllers\\Pengurus::$ModelAgenda', 'APPPATH\\Controllers\\Pengurus.php', 109)
 2 SYSTEMPATH\CodeIgniter.php(925): App\Controllers\Pengurus->ViewLaporan()
 3 SYSTEMPATH\CodeIgniter.php(480): CodeIgniter\CodeIgniter->runController(Object(App\Controllers\Pengurus))
 4 SYSTEMPATH\CodeIgniter.php(349): CodeIgniter\CodeIgniter->handleRequest(null, Object(Config\Cache), false)
 5 FCPATH\index.php(67): CodeIgniter\CodeIgniter->run()
CRITICAL - 2023-06-17 10:36:41 --> Undefined property: App\Controllers\Pengurus::$ModelAgenda
in APPPATH\Controllers\Pengurus.php on line 109.
 1 APPPATH\Controllers\Pengurus.php(109): CodeIgniter\Debug\Exceptions->errorHandler(2, 'Undefined property: App\\Controllers\\Pengurus::$ModelAgenda', 'APPPATH\\Controllers\\Pengurus.php', 109)
 2 SYSTEMPATH\CodeIgniter.php(925): App\Controllers\Pengurus->ViewLaporan()
 3 SYSTEMPATH\CodeIgniter.php(480): CodeIgniter\CodeIgniter->runController(Object(App\Controllers\Pengurus))
 4 SYSTEMPATH\CodeIgniter.php(349): CodeIgniter\CodeIgniter->handleRequest(null, Object(Config\Cache), false)
 5 FCPATH\index.php(67): CodeIgniter\CodeIgniter->run()
CRITICAL - 2023-06-17 10:50:22 --> Undefined variable $masjid
in APPPATH\Views\pengurus\v_laporan_pengurus.php on line 58.
 1 APPPATH\Views\pengurus\v_laporan_pengurus.php(58): CodeIgniter\Debug\Exceptions->errorHandler(2, 'Undefined variable $masjid', 'APPPATH\\Views\\pengurus\\v_laporan_pengurus.php', 58)
 2 SYSTEMPATH\View\View.php(213): include('APPPATH\\Views\\pengurus\\v_laporan_pengurus.php')
 3 SYSTEMPATH\View\View.php(216): CodeIgniter\View\View->CodeIgniter\View\{closure}()
 4 SYSTEMPATH\Common.php(1135): CodeIgniter\View\View->render('pengurus/v_laporan_pengurus', [], true)
 5 APPPATH\Views\v_template_admin.php(348): view('pengurus/v_laporan_pengurus')
 6 SYSTEMPATH\View\View.php(213): include('APPPATH\\Views\\v_template_admin.php')
 7 SYSTEMPATH\View\View.php(216): CodeIgniter\View\View->CodeIgniter\View\{closure}()
 8 SYSTEMPATH\Common.php(1135): CodeIgniter\View\View->render('v_template_admin', [], true)
 9 APPPATH\Controllers\Pengurus.php(76): view('v_template_admin', [...])
10 SYSTEMPATH\CodeIgniter.php(925): App\Controllers\Pengurus->Laporan()
11 SYSTEMPATH\CodeIgniter.php(480): CodeIgniter\CodeIgniter->runController(Object(App\Controllers\Pengurus))
12 SYSTEMPATH\CodeIgniter.php(349): CodeIgniter\CodeIgniter->handleRequest(null, Object(Config\Cache), false)
13 FCPATH\index.php(67): CodeIgniter\CodeIgniter->run()
CRITICAL - 2023-06-17 10:51:15 --> Undefined variable $masjid
in APPPATH\Views\pengurus\v_laporan_pengurus.php on line 58.
 1 APPPATH\Views\pengurus\v_laporan_pengurus.php(58): CodeIgniter\Debug\Exceptions->errorHandler(2, 'Undefined variable $masjid', 'APPPATH\\Views\\pengurus\\v_laporan_pengurus.php', 58)
 2 SYSTEMPATH\View\View.php(213): include('APPPATH\\Views\\pengurus\\v_laporan_pengurus.php')
 3 SYSTEMPATH\View\View.php(216): CodeIgniter\View\View->CodeIgniter\View\{closure}()
 4 SYSTEMPATH\Common.php(1135): CodeIgniter\View\View->render('pengurus/v_laporan_pengurus', [], true)
 5 APPPATH\Views\v_template_admin.php(348): view('pengurus/v_laporan_pengurus')
 6 SYSTEMPATH\View\View.php(213): include('APPPATH\\Views\\v_template_admin.php')
 7 SYSTEMPATH\View\View.php(216): CodeIgniter\View\View->CodeIgniter\View\{closure}()
 8 SYSTEMPATH\Common.php(1135): CodeIgniter\View\View->render('v_template_admin', [], true)
 9 APPPATH\Controllers\Pengurus.php(76): view('v_template_admin', [...])
10 SYSTEMPATH\CodeIgniter.php(925): App\Controllers\Pengurus->Laporan()
11 SYSTEMPATH\CodeIgniter.php(480): CodeIgniter\CodeIgniter->runController(Object(App\Controllers\Pengurus))
12 SYSTEMPATH\CodeIgniter.php(349): CodeIgniter\CodeIgniter->handleRequest(null, Object(Config\Cache), false)
13 FCPATH\index.php(67): CodeIgniter\CodeIgniter->run()
CRITICAL - 2023-06-17 10:51:53 --> Undefined variable $masjid
in APPPATH\Views\pengurus\v_laporan_pengurus.php on line 58.
 1 APPPATH\Views\pengurus\v_laporan_pengurus.php(58): CodeIgniter\Debug\Exceptions->errorHandler(2, 'Undefined variable $masjid', 'APPPATH\\Views\\pengurus\\v_laporan_pengurus.php', 58)
 2 SYSTEMPATH\View\View.php(213): include('APPPATH\\Views\\pengurus\\v_laporan_pengurus.php')
 3 SYSTEMPATH\View\View.php(216): CodeIgniter\View\View->CodeIgniter\View\{closure}()
 4 SYSTEMPATH\Common.php(1135): CodeIgniter\View\View->render('pengurus/v_laporan_pengurus', [], true)
 5 APPPATH\Views\v_template_admin.php(348): view('pengurus/v_laporan_pengurus')
 6 SYSTEMPATH\View\View.php(213): include('APPPATH\\Views\\v_template_admin.php')
 7 SYSTEMPATH\View\View.php(216): CodeIgniter\View\View->CodeIgniter\View\{closure}()
 8 SYSTEMPATH\Common.php(1135): CodeIgniter\View\View->render('v_template_admin', [], true)
 9 APPPATH\Controllers\Pengurus.php(76): view('v_template_admin', [...])
10 SYSTEMPATH\CodeIgniter.php(925): App\Controllers\Pengurus->Laporan()
11 SYSTEMPATH\CodeIgniter.php(480): CodeIgniter\CodeIgniter->runController(Object(App\Controllers\Pengurus))
12 SYSTEMPATH\CodeIgniter.php(349): CodeIgniter\CodeIgniter->handleRequest(null, Object(Config\Cache), false)
13 FCPATH\index.php(67): CodeIgniter\CodeIgniter->run()
CRITICAL - 2023-06-17 10:53:46 --> Invalid file: pengurus/v_laporan_pengurus.php
in SYSTEMPATH\Exceptions\FrameworkException.php on line 33.
 1 SYSTEMPATH\View\View.php(201): CodeIgniter\Exceptions\FrameworkException::forInvalidFile('pengurus/v_laporan_pengurus.php')
 2 SYSTEMPATH\Common.php(1135): CodeIgniter\View\View->render('pengurus/v_laporan_pengurus', [], true)
 3 APPPATH\Views\v_template_admin.php(348): view('pengurus/v_laporan_pengurus')
 4 SYSTEMPATH\View\View.php(213): include('APPPATH\\Views\\v_template_admin.php')
 5 SYSTEMPATH\View\View.php(216): CodeIgniter\View\View->CodeIgniter\View\{closure}()
 6 SYSTEMPATH\Common.php(1135): CodeIgniter\View\View->render('v_template_admin', [], true)
 7 APPPATH\Controllers\Pengurus.php(76): view('v_template_admin', [...])
 8 SYSTEMPATH\CodeIgniter.php(925): App\Controllers\Pengurus->Laporan()
 9 SYSTEMPATH\CodeIgniter.php(480): CodeIgniter\CodeIgniter->runController(Object(App\Controllers\Pengurus))
10 SYSTEMPATH\CodeIgniter.php(349): CodeIgniter\CodeIgniter->handleRequest(null, Object(Config\Cache), false)
11 FCPATH\index.php(67): CodeIgniter\CodeIgniter->run()
CRITICAL - 2023-06-17 10:55:46 --> Invalid file: pengurus/v_laporan_pengurus.php
in SYSTEMPATH\Exceptions\FrameworkException.php on line 33.
 1 SYSTEMPATH\View\View.php(201): CodeIgniter\Exceptions\FrameworkException::forInvalidFile('pengurus/v_laporan_pengurus.php')
 2 SYSTEMPATH\Common.php(1135): CodeIgniter\View\View->render('pengurus/v_laporan_pengurus', [], true)
 3 APPPATH\Views\v_template_admin.php(348): view('pengurus/v_laporan_pengurus')
 4 SYSTEMPATH\View\View.php(213): include('APPPATH\\Views\\v_template_admin.php')
 5 SYSTEMPATH\View\View.php(216): CodeIgniter\View\View->CodeIgniter\View\{closure}()
 6 SYSTEMPATH\Common.php(1135): CodeIgniter\View\View->render('v_template_admin', [], true)
 7 APPPATH\Controllers\Pengurus.php(76): view('v_template_admin', [...])
 8 SYSTEMPATH\CodeIgniter.php(925): App\Controllers\Pengurus->Laporan()
 9 SYSTEMPATH\CodeIgniter.php(480): CodeIgniter\CodeIgniter->runController(Object(App\Controllers\Pengurus))
10 SYSTEMPATH\CodeIgniter.php(349): CodeIgniter\CodeIgniter->handleRequest(null, Object(Config\Cache), false)
11 FCPATH\index.php(67): CodeIgniter\CodeIgniter->run()
CRITICAL - 2023-06-17 10:55:47 --> Invalid file: pengurus/v_laporan_pengurus.php
in SYSTEMPATH\Exceptions\FrameworkException.php on line 33.
 1 SYSTEMPATH\View\View.php(201): CodeIgniter\Exceptions\FrameworkException::forInvalidFile('pengurus/v_laporan_pengurus.php')
 2 SYSTEMPATH\Common.php(1135): CodeIgniter\View\View->render('pengurus/v_laporan_pengurus', [], true)
 3 APPPATH\Views\v_template_admin.php(348): view('pengurus/v_laporan_pengurus')
 4 SYSTEMPATH\View\View.php(213): include('APPPATH\\Views\\v_template_admin.php')
 5 SYSTEMPATH\View\View.php(216): CodeIgniter\View\View->CodeIgniter\View\{closure}()
 6 SYSTEMPATH\Common.php(1135): CodeIgniter\View\View->render('v_template_admin', [], true)
 7 APPPATH\Controllers\Pengurus.php(76): view('v_template_admin', [...])
 8 SYSTEMPATH\CodeIgniter.php(925): App\Controllers\Pengurus->Laporan()
 9 SYSTEMPATH\CodeIgniter.php(480): CodeIgniter\CodeIgniter->runController(Object(App\Controllers\Pengurus))
10 SYSTEMPATH\CodeIgniter.php(349): CodeIgniter\CodeIgniter->handleRequest(null, Object(Config\Cache), false)
11 FCPATH\index.php(67): CodeIgniter\CodeIgniter->run()
CRITICAL - 2023-06-17 10:55:48 --> Invalid file: pengurus/v_laporan_pengurus.php
in SYSTEMPATH\Exceptions\FrameworkException.php on line 33.
 1 SYSTEMPATH\View\View.php(201): CodeIgniter\Exceptions\FrameworkException::forInvalidFile('pengurus/v_laporan_pengurus.php')
 2 SYSTEMPATH\Common.php(1135): CodeIgniter\View\View->render('pengurus/v_laporan_pengurus', [], true)
 3 APPPATH\Views\v_template_admin.php(348): view('pengurus/v_laporan_pengurus')
 4 SYSTEMPATH\View\View.php(213): include('APPPATH\\Views\\v_template_admin.php')
 5 SYSTEMPATH\View\View.php(216): CodeIgniter\View\View->CodeIgniter\View\{closure}()
 6 SYSTEMPATH\Common.php(1135): CodeIgniter\View\View->render('v_template_admin', [], true)
 7 APPPATH\Controllers\Pengurus.php(76): view('v_template_admin', [...])
 8 SYSTEMPATH\CodeIgniter.php(925): App\Controllers\Pengurus->Laporan()
 9 SYSTEMPATH\CodeIgniter.php(480): CodeIgniter\CodeIgniter->runController(Object(App\Controllers\Pengurus))
10 SYSTEMPATH\CodeIgniter.php(349): CodeIgniter\CodeIgniter->handleRequest(null, Object(Config\Cache), false)
11 FCPATH\index.php(67): CodeIgniter\CodeIgniter->run()
CRITICAL - 2023-06-17 10:55:53 --> Invalid file: pengurus/v_laporan_pengurus.php
in SYSTEMPATH\Exceptions\FrameworkException.php on line 33.
 1 SYSTEMPATH\View\View.php(201): CodeIgniter\Exceptions\FrameworkException::forInvalidFile('pengurus/v_laporan_pengurus.php')
 2 SYSTEMPATH\Common.php(1135): CodeIgniter\View\View->render('pengurus/v_laporan_pengurus', [], true)
 3 APPPATH\Views\v_template_admin.php(348): view('pengurus/v_laporan_pengurus')
 4 SYSTEMPATH\View\View.php(213): include('APPPATH\\Views\\v_template_admin.php')
 5 SYSTEMPATH\View\View.php(216): CodeIgniter\View\View->CodeIgniter\View\{closure}()
 6 SYSTEMPATH\Common.php(1135): CodeIgniter\View\View->render('v_template_admin', [], true)
 7 APPPATH\Controllers\Pengurus.php(76): view('v_template_admin', [...])
 8 SYSTEMPATH\CodeIgniter.php(925): App\Controllers\Pengurus->Laporan()
 9 SYSTEMPATH\CodeIgniter.php(480): CodeIgniter\CodeIgniter->runController(Object(App\Controllers\Pengurus))
10 SYSTEMPATH\CodeIgniter.php(349): CodeIgniter\CodeIgniter->handleRequest(null, Object(Config\Cache), false)
11 FCPATH\index.php(67): CodeIgniter\CodeIgniter->run()
CRITICAL - 2023-06-17 10:57:52 --> Invalid file: pengurus/v_laporan_pengurus.php
in SYSTEMPATH\Exceptions\FrameworkException.php on line 33.
 1 SYSTEMPATH\View\View.php(201): CodeIgniter\Exceptions\FrameworkException::forInvalidFile('pengurus/v_laporan_pengurus.php')
 2 SYSTEMPATH\Common.php(1135): CodeIgniter\View\View->render('pengurus/v_laporan_pengurus', [], true)
 3 APPPATH\Views\v_template_admin.php(348): view('pengurus/v_laporan_pengurus')
 4 SYSTEMPATH\View\View.php(213): include('APPPATH\\Views\\v_template_admin.php')
 5 SYSTEMPATH\View\View.php(216): CodeIgniter\View\View->CodeIgniter\View\{closure}()
 6 SYSTEMPATH\Common.php(1135): CodeIgniter\View\View->render('v_template_admin', [], true)
 7 APPPATH\Controllers\Pengurus.php(76): view('v_template_admin', [...])
 8 SYSTEMPATH\CodeIgniter.php(925): App\Controllers\Pengurus->Laporan()
 9 SYSTEMPATH\CodeIgniter.php(480): CodeIgniter\CodeIgniter->runController(Object(App\Controllers\Pengurus))
10 SYSTEMPATH\CodeIgniter.php(349): CodeIgniter\CodeIgniter->handleRequest(null, Object(Config\Cache), false)
11 FCPATH\index.php(67): CodeIgniter\CodeIgniter->run()
CRITICAL - 2023-06-17 10:57:55 --> Invalid file: pengurus/v_laporan_pengurus.php
in SYSTEMPATH\Exceptions\FrameworkException.php on line 33.
 1 SYSTEMPATH\View\View.php(201): CodeIgniter\Exceptions\FrameworkException::forInvalidFile('pengurus/v_laporan_pengurus.php')
 2 SYSTEMPATH\Common.php(1135): CodeIgniter\View\View->render('pengurus/v_laporan_pengurus', [], true)
 3 APPPATH\Views\v_template_admin.php(348): view('pengurus/v_laporan_pengurus')
 4 SYSTEMPATH\View\View.php(213): include('APPPATH\\Views\\v_template_admin.php')
 5 SYSTEMPATH\View\View.php(216): CodeIgniter\View\View->CodeIgniter\View\{closure}()
 6 SYSTEMPATH\Common.php(1135): CodeIgniter\View\View->render('v_template_admin', [], true)
 7 APPPATH\Controllers\Pengurus.php(76): view('v_template_admin', [...])
 8 SYSTEMPATH\CodeIgniter.php(925): App\Controllers\Pengurus->Laporan()
 9 SYSTEMPATH\CodeIgniter.php(480): CodeIgniter\CodeIgniter->runController(Object(App\Controllers\Pengurus))
10 SYSTEMPATH\CodeIgniter.php(349): CodeIgniter\CodeIgniter->handleRequest(null, Object(Config\Cache), false)
11 FCPATH\index.php(67): CodeIgniter\CodeIgniter->run()
CRITICAL - 2023-06-17 10:59:49 --> Undefined variable $masjid
in APPPATH\Views\pengurus\v_laporan_pengurus.php on line 11.
 1 APPPATH\Views\pengurus\v_laporan_pengurus.php(11): CodeIgniter\Debug\Exceptions->errorHandler(2, 'Undefined variable $masjid', 'APPPATH\\Views\\pengurus\\v_laporan_pengurus.php', 11)
 2 SYSTEMPATH\View\View.php(213): include('APPPATH\\Views\\pengurus\\v_laporan_pengurus.php')
 3 SYSTEMPATH\View\View.php(216): CodeIgniter\View\View->CodeIgniter\View\{closure}()
 4 SYSTEMPATH\Common.php(1135): CodeIgniter\View\View->render('pengurus/v_laporan_pengurus', [], true)
 5 APPPATH\Views\v_template_admin.php(348): view('pengurus/v_laporan_pengurus')
 6 SYSTEMPATH\View\View.php(213): include('APPPATH\\Views\\v_template_admin.php')
 7 SYSTEMPATH\View\View.php(216): CodeIgniter\View\View->CodeIgniter\View\{closure}()
 8 SYSTEMPATH\Common.php(1135): CodeIgniter\View\View->render('v_template_admin', [], true)
 9 APPPATH\Controllers\Pengurus.php(76): view('v_template_admin', [...])
10 SYSTEMPATH\CodeIgniter.php(925): App\Controllers\Pengurus->Laporan()
11 SYSTEMPATH\CodeIgniter.php(480): CodeIgniter\CodeIgniter->runController(Object(App\Controllers\Pengurus))
12 SYSTEMPATH\CodeIgniter.php(349): CodeIgniter\CodeIgniter->handleRequest(null, Object(Config\Cache), false)
13 FCPATH\index.php(67): CodeIgniter\CodeIgniter->run()
CRITICAL - 2023-06-17 11:04:52 --> Undefined variable $pengurus
in APPPATH\Views\agenda\v_laporan_agenda.php on line 31.
 1 APPPATH\Views\agenda\v_laporan_agenda.php(31): CodeIgniter\Debug\Exceptions->errorHandler(2, 'Undefined variable $pengurus', 'APPPATH\\Views\\agenda\\v_laporan_agenda.php', 31)
 2 SYSTEMPATH\View\View.php(213): include('APPPATH\\Views\\agenda\\v_laporan_agenda.php')
 3 SYSTEMPATH\View\View.php(216): CodeIgniter\View\View->CodeIgniter\View\{closure}()
 4 SYSTEMPATH\Common.php(1135): CodeIgniter\View\View->render('agenda/v_laporan_agenda', [], true)
 5 APPPATH\Views\v_template_admin.php(348): view('agenda/v_laporan_agenda')
 6 SYSTEMPATH\View\View.php(213): include('APPPATH\\Views\\v_template_admin.php')
 7 SYSTEMPATH\View\View.php(216): CodeIgniter\View\View->CodeIgniter\View\{closure}()
 8 SYSTEMPATH\Common.php(1135): CodeIgniter\View\View->render('v_template_admin', [], true)
 9 APPPATH\Controllers\Agenda.php(73): view('v_template_admin', [...])
10 SYSTEMPATH\CodeIgniter.php(925): App\Controllers\Agenda->Laporan()
11 SYSTEMPATH\CodeIgniter.php(480): CodeIgniter\CodeIgniter->runController(Object(App\Controllers\Agenda))
12 SYSTEMPATH\CodeIgniter.php(349): CodeIgniter\CodeIgniter->handleRequest(null, Object(Config\Cache), false)
13 FCPATH\index.php(67): CodeIgniter\CodeIgniter->run()
CRITICAL - 2023-06-17 11:10:43 --> Invalid file: pengurus/v_cetak_laporan.php
in SYSTEMPATH\Exceptions\FrameworkException.php on line 33.
 1 SYSTEMPATH\View\View.php(201): CodeIgniter\Exceptions\FrameworkException::forInvalidFile('pengurus/v_cetak_laporan.php')
 2 SYSTEMPATH\Common.php(1135): CodeIgniter\View\View->render('pengurus/v_cetak_laporan', [], true)
 3 APPPATH\Controllers\Pengurus.php(99): view('pengurus/v_cetak_laporan', [...])
 4 SYSTEMPATH\CodeIgniter.php(925): App\Controllers\Pengurus->cetakLaporan()
 5 SYSTEMPATH\CodeIgniter.php(480): CodeIgniter\CodeIgniter->runController(Object(App\Controllers\Pengurus))
 6 SYSTEMPATH\CodeIgniter.php(349): CodeIgniter\CodeIgniter->handleRequest(null, Object(Config\Cache), false)
 7 FCPATH\index.php(67): CodeIgniter\CodeIgniter->run()
CRITICAL - 2023-06-17 11:11:08 --> Invalid file: pengurus/v_cetak_laporan.php
in SYSTEMPATH\Exceptions\FrameworkException.php on line 33.
 1 SYSTEMPATH\View\View.php(201): CodeIgniter\Exceptions\FrameworkException::forInvalidFile('pengurus/v_cetak_laporan.php')
 2 SYSTEMPATH\Common.php(1135): CodeIgniter\View\View->render('pengurus/v_cetak_laporan', [], true)
 3 APPPATH\Controllers\Pengurus.php(73): view('pengurus/v_cetak_laporan', [...])
 4 SYSTEMPATH\CodeIgniter.php(925): App\Controllers\Pengurus->cetakLaporan()
 5 SYSTEMPATH\CodeIgniter.php(480): CodeIgniter\CodeIgniter->runController(Object(App\Controllers\Pengurus))
 6 SYSTEMPATH\CodeIgniter.php(349): CodeIgniter\CodeIgniter->handleRequest(null, Object(Config\Cache), false)
 7 FCPATH\index.php(67): CodeIgniter\CodeIgniter->run()
CRITICAL - 2023-06-17 11:13:01 --> Invalid file: pengurus/v_cetak_laporan.php
in SYSTEMPATH\Exceptions\FrameworkException.php on line 33.
 1 SYSTEMPATH\View\View.php(201): CodeIgniter\Exceptions\FrameworkException::forInvalidFile('pengurus/v_cetak_laporan.php')
 2 SYSTEMPATH\Common.php(1135): CodeIgniter\View\View->render('pengurus/v_cetak_laporan', [], true)
 3 APPPATH\Controllers\Pengurus.php(99): view('pengurus/v_cetak_laporan', [...])
 4 SYSTEMPATH\CodeIgniter.php(925): App\Controllers\Pengurus->cetakLaporan()
 5 SYSTEMPATH\CodeIgniter.php(480): CodeIgniter\CodeIgniter->runController(Object(App\Controllers\Pengurus))
 6 SYSTEMPATH\CodeIgniter.php(349): CodeIgniter\CodeIgniter->handleRequest(null, Object(Config\Cache), false)
 7 FCPATH\index.php(67): CodeIgniter\CodeIgniter->run()
CRITICAL - 2023-06-17 11:14:55 --> Undefined variable $masjid
in APPPATH\Views\pengurus\v_cetak_laporan.php on line 59.
 1 APPPATH\Views\pengurus\v_cetak_laporan.php(59): CodeIgniter\Debug\Exceptions->errorHandler(2, 'Undefined variable $masjid', 'APPPATH\\Views\\pengurus\\v_cetak_laporan.php', 59)
 2 SYSTEMPATH\View\View.php(213): include('APPPATH\\Views\\pengurus\\v_cetak_laporan.php')
 3 SYSTEMPATH\View\View.php(216): CodeIgniter\View\View->CodeIgniter\View\{closure}()
 4 SYSTEMPATH\Common.php(1135): CodeIgniter\View\View->render('pengurus/v_cetak_laporan', [], true)
 5 APPPATH\Controllers\Pengurus.php(99): view('pengurus/v_cetak_laporan', [...])
 6 SYSTEMPATH\CodeIgniter.php(925): App\Controllers\Pengurus->cetakLaporan()
 7 SYSTEMPATH\CodeIgniter.php(480): CodeIgniter\CodeIgniter->runController(Object(App\Controllers\Pengurus))
 8 SYSTEMPATH\CodeIgniter.php(349): CodeIgniter\CodeIgniter->handleRequest(null, Object(Config\Cache), false)
 9 FCPATH\index.php(67): CodeIgniter\CodeIgniter->run()
CRITICAL - 2023-06-17 11:24:53 --> Undefined variable $masjid
in APPPATH\Views\pengurus\v_cetak_laporan.php on line 22.
 1 APPPATH\Views\pengurus\v_cetak_laporan.php(22): CodeIgniter\Debug\Exceptions->errorHandler(2, 'Undefined variable $masjid', 'APPPATH\\Views\\pengurus\\v_cetak_laporan.php', 22)
 2 SYSTEMPATH\View\View.php(213): include('APPPATH\\Views\\pengurus\\v_cetak_laporan.php')
 3 SYSTEMPATH\View\View.php(216): CodeIgniter\View\View->CodeIgniter\View\{closure}()
 4 SYSTEMPATH\Common.php(1135): CodeIgniter\View\View->render('pengurus/v_cetak_laporan', [], true)
 5 APPPATH\Controllers\Pengurus.php(99): view('pengurus/v_cetak_laporan', [...])
 6 SYSTEMPATH\CodeIgniter.php(925): App\Controllers\Pengurus->cetakLaporan()
 7 SYSTEMPATH\CodeIgniter.php(480): CodeIgniter\CodeIgniter->runController(Object(App\Controllers\Pengurus))
 8 SYSTEMPATH\CodeIgniter.php(349): CodeIgniter\CodeIgniter->handleRequest(null, Object(Config\Cache), false)
 9 FCPATH\index.php(67): CodeIgniter\CodeIgniter->run()
CRITICAL - 2023-06-17 11:26:11 --> Undefined variable $masjid
in APPPATH\Views\pengurus\v_cetak_laporan.php on line 22.
 1 APPPATH\Views\pengurus\v_cetak_laporan.php(22): CodeIgniter\Debug\Exceptions->errorHandler(2, 'Undefined variable $masjid', 'APPPATH\\Views\\pengurus\\v_cetak_laporan.php', 22)
 2 SYSTEMPATH\View\View.php(213): include('APPPATH\\Views\\pengurus\\v_cetak_laporan.php')
 3 SYSTEMPATH\View\View.php(216): CodeIgniter\View\View->CodeIgniter\View\{closure}()
 4 SYSTEMPATH\Common.php(1135): CodeIgniter\View\View->render('pengurus/v_cetak_laporan', [], true)
 5 APPPATH\Controllers\Pengurus.php(101): view('pengurus/v_cetak_laporan', [...])
 6 SYSTEMPATH\CodeIgniter.php(925): App\Controllers\Pengurus->cetakLaporan()
 7 SYSTEMPATH\CodeIgniter.php(480): CodeIgniter\CodeIgniter->runController(Object(App\Controllers\Pengurus))
 8 SYSTEMPATH\CodeIgniter.php(349): CodeIgniter\CodeIgniter->handleRequest(null, Object(Config\Cache), false)
 9 FCPATH\index.php(67): CodeIgniter\CodeIgniter->run()
CRITICAL - 2023-06-17 11:26:13 --> Undefined variable $masjid
in APPPATH\Views\pengurus\v_cetak_laporan.php on line 22.
 1 APPPATH\Views\pengurus\v_cetak_laporan.php(22): CodeIgniter\Debug\Exceptions->errorHandler(2, 'Undefined variable $masjid', 'APPPATH\\Views\\pengurus\\v_cetak_laporan.php', 22)
 2 SYSTEMPATH\View\View.php(213): include('APPPATH\\Views\\pengurus\\v_cetak_laporan.php')
 3 SYSTEMPATH\View\View.php(216): CodeIgniter\View\View->CodeIgniter\View\{closure}()
 4 SYSTEMPATH\Common.php(1135): CodeIgniter\View\View->render('pengurus/v_cetak_laporan', [], true)
 5 APPPATH\Controllers\Pengurus.php(101): view('pengurus/v_cetak_laporan', [...])
 6 SYSTEMPATH\CodeIgniter.php(925): App\Controllers\Pengurus->cetakLaporan()
 7 SYSTEMPATH\CodeIgniter.php(480): CodeIgniter\CodeIgniter->runController(Object(App\Controllers\Pengurus))
 8 SYSTEMPATH\CodeIgniter.php(349): CodeIgniter\CodeIgniter->handleRequest(null, Object(Config\Cache), false)
 9 FCPATH\index.php(67): CodeIgniter\CodeIgniter->run()
CRITICAL - 2023-06-17 11:26:23 --> Undefined variable $masjid
in APPPATH\Views\pengurus\v_cetak_laporan.php on line 22.
 1 APPPATH\Views\pengurus\v_cetak_laporan.php(22): CodeIgniter\Debug\Exceptions->errorHandler(2, 'Undefined variable $masjid', 'APPPATH\\Views\\pengurus\\v_cetak_laporan.php', 22)
 2 SYSTEMPATH\View\View.php(213): include('APPPATH\\Views\\pengurus\\v_cetak_laporan.php')
 3 SYSTEMPATH\View\View.php(216): CodeIgniter\View\View->CodeIgniter\View\{closure}()
 4 SYSTEMPATH\Common.php(1135): CodeIgniter\View\View->render('pengurus/v_cetak_laporan', [], true)
 5 APPPATH\Controllers\Pengurus.php(101): view('pengurus/v_cetak_laporan', [...])
 6 SYSTEMPATH\CodeIgniter.php(925): App\Controllers\Pengurus->cetakLaporan()
 7 SYSTEMPATH\CodeIgniter.php(480): CodeIgniter\CodeIgniter->runController(Object(App\Controllers\Pengurus))
 8 SYSTEMPATH\CodeIgniter.php(349): CodeIgniter\CodeIgniter->handleRequest(null, Object(Config\Cache), false)
 9 FCPATH\index.php(67): CodeIgniter\CodeIgniter->run()
CRITICAL - 2023-06-17 11:27:38 --> Undefined variable $masjid
in APPPATH\Views\pengurus\v_cetak_laporan.php on line 22.
 1 APPPATH\Views\pengurus\v_cetak_laporan.php(22): CodeIgniter\Debug\Exceptions->errorHandler(2, 'Undefined variable $masjid', 'APPPATH\\Views\\pengurus\\v_cetak_laporan.php', 22)
 2 SYSTEMPATH\View\View.php(213): include('APPPATH\\Views\\pengurus\\v_cetak_laporan.php')
 3 SYSTEMPATH\View\View.php(216): CodeIgniter\View\View->CodeIgniter\View\{closure}()
 4 SYSTEMPATH\Common.php(1135): CodeIgniter\View\View->render('pengurus/v_cetak_laporan', [], true)
 5 APPPATH\Controllers\Pengurus.php(99): view('pengurus/v_cetak_laporan', [...])
 6 SYSTEMPATH\CodeIgniter.php(925): App\Controllers\Pengurus->cetakLaporan()
 7 SYSTEMPATH\CodeIgniter.php(480): CodeIgniter\CodeIgniter->runController(Object(App\Controllers\Pengurus))
 8 SYSTEMPATH\CodeIgniter.php(349): CodeIgniter\CodeIgniter->handleRequest(null, Object(Config\Cache), false)
 9 FCPATH\index.php(67): CodeIgniter\CodeIgniter->run()
CRITICAL - 2023-06-17 11:27:39 --> Undefined variable $masjid
in APPPATH\Views\pengurus\v_cetak_laporan.php on line 22.
 1 APPPATH\Views\pengurus\v_cetak_laporan.php(22): CodeIgniter\Debug\Exceptions->errorHandler(2, 'Undefined variable $masjid', 'APPPATH\\Views\\pengurus\\v_cetak_laporan.php', 22)
 2 SYSTEMPATH\View\View.php(213): include('APPPATH\\Views\\pengurus\\v_cetak_laporan.php')
 3 SYSTEMPATH\View\View.php(216): CodeIgniter\View\View->CodeIgniter\View\{closure}()
 4 SYSTEMPATH\Common.php(1135): CodeIgniter\View\View->render('pengurus/v_cetak_laporan', [], true)
 5 APPPATH\Controllers\Pengurus.php(99): view('pengurus/v_cetak_laporan', [...])
 6 SYSTEMPATH\CodeIgniter.php(925): App\Controllers\Pengurus->cetakLaporan()
 7 SYSTEMPATH\CodeIgniter.php(480): CodeIgniter\CodeIgniter->runController(Object(App\Controllers\Pengurus))
 8 SYSTEMPATH\CodeIgniter.php(349): CodeIgniter\CodeIgniter->handleRequest(null, Object(Config\Cache), false)
 9 FCPATH\index.php(67): CodeIgniter\CodeIgniter->run()
CRITICAL - 2023-06-17 11:27:46 --> Undefined variable $masjid
in APPPATH\Views\pengurus\v_cetak_laporan.php on line 22.
 1 APPPATH\Views\pengurus\v_cetak_laporan.php(22): CodeIgniter\Debug\Exceptions->errorHandler(2, 'Undefined variable $masjid', 'APPPATH\\Views\\pengurus\\v_cetak_laporan.php', 22)
 2 SYSTEMPATH\View\View.php(213): include('APPPATH\\Views\\pengurus\\v_cetak_laporan.php')
 3 SYSTEMPATH\View\View.php(216): CodeIgniter\View\View->CodeIgniter\View\{closure}()
 4 SYSTEMPATH\Common.php(1135): CodeIgniter\View\View->render('pengurus/v_cetak_laporan', [], true)
 5 APPPATH\Controllers\Pengurus.php(99): view('pengurus/v_cetak_laporan', [...])
 6 SYSTEMPATH\CodeIgniter.php(925): App\Controllers\Pengurus->cetakLaporan()
 7 SYSTEMPATH\CodeIgniter.php(480): CodeIgniter\CodeIgniter->runController(Object(App\Controllers\Pengurus))
 8 SYSTEMPATH\CodeIgniter.php(349): CodeIgniter\CodeIgniter->handleRequest(null, Object(Config\Cache), false)
 9 FCPATH\index.php(67): CodeIgniter\CodeIgniter->run()
CRITICAL - 2023-06-17 12:10:14 --> Invalid file: pengurus/v_laporan_pengurus.php
in SYSTEMPATH\Exceptions\FrameworkException.php on line 33.
 1 SYSTEMPATH\View\View.php(201): CodeIgniter\Exceptions\FrameworkException::forInvalidFile('pengurus/v_laporan_pengurus.php')
 2 SYSTEMPATH\Common.php(1135): CodeIgniter\View\View->render('pengurus/v_laporan_pengurus', [], true)
 3 APPPATH\Views\v_template_admin.php(348): view('pengurus/v_laporan_pengurus')
 4 SYSTEMPATH\View\View.php(213): include('APPPATH\\Views\\v_template_admin.php')
 5 SYSTEMPATH\View\View.php(216): CodeIgniter\View\View->CodeIgniter\View\{closure}()
 6 SYSTEMPATH\Common.php(1135): CodeIgniter\View\View->render('v_template_admin', [], true)
 7 APPPATH\Controllers\Pengurus.php(75): view('v_template_admin', [...])
 8 SYSTEMPATH\CodeIgniter.php(925): App\Controllers\Pengurus->Laporan()
 9 SYSTEMPATH\CodeIgniter.php(480): CodeIgniter\CodeIgniter->runController(Object(App\Controllers\Pengurus))
10 SYSTEMPATH\CodeIgniter.php(349): CodeIgniter\CodeIgniter->handleRequest(null, Object(Config\Cache), false)
11 FCPATH\index.php(67): CodeIgniter\CodeIgniter->run()
CRITICAL - 2023-06-17 12:10:18 --> Invalid file: pengurus/v_laporan_pengurus.php
in SYSTEMPATH\Exceptions\FrameworkException.php on line 33.
 1 SYSTEMPATH\View\View.php(201): CodeIgniter\Exceptions\FrameworkException::forInvalidFile('pengurus/v_laporan_pengurus.php')
 2 SYSTEMPATH\Common.php(1135): CodeIgniter\View\View->render('pengurus/v_laporan_pengurus', [], true)
 3 APPPATH\Views\v_template_admin.php(348): view('pengurus/v_laporan_pengurus')
 4 SYSTEMPATH\View\View.php(213): include('APPPATH\\Views\\v_template_admin.php')
 5 SYSTEMPATH\View\View.php(216): CodeIgniter\View\View->CodeIgniter\View\{closure}()
 6 SYSTEMPATH\Common.php(1135): CodeIgniter\View\View->render('v_template_admin', [], true)
 7 APPPATH\Controllers\Pengurus.php(75): view('v_template_admin', [...])
 8 SYSTEMPATH\CodeIgniter.php(925): App\Controllers\Pengurus->Laporan()
 9 SYSTEMPATH\CodeIgniter.php(480): CodeIgniter\CodeIgniter->runController(Object(App\Controllers\Pengurus))
10 SYSTEMPATH\CodeIgniter.php(349): CodeIgniter\CodeIgniter->handleRequest(null, Object(Config\Cache), false)
11 FCPATH\index.php(67): CodeIgniter\CodeIgniter->run()
CRITICAL - 2023-06-17 12:12:15 --> Undefined variable $pengurus
in APPPATH\Views\pengurus\v_laporan_pengurus.php on line 13.
 1 APPPATH\Views\pengurus\v_laporan_pengurus.php(13): CodeIgniter\Debug\Exceptions->errorHandler(2, 'Undefined variable $pengurus', 'APPPATH\\Views\\pengurus\\v_laporan_pengurus.php', 13)
 2 SYSTEMPATH\View\View.php(213): include('APPPATH\\Views\\pengurus\\v_laporan_pengurus.php')
 3 SYSTEMPATH\View\View.php(216): CodeIgniter\View\View->CodeIgniter\View\{closure}()
 4 SYSTEMPATH\Common.php(1135): CodeIgniter\View\View->render('pengurus/v_laporan_pengurus', [], true)
 5 APPPATH\Views\v_template_admin.php(348): view('pengurus/v_laporan_pengurus')
 6 SYSTEMPATH\View\View.php(213): include('APPPATH\\Views\\v_template_admin.php')
 7 SYSTEMPATH\View\View.php(216): CodeIgniter\View\View->CodeIgniter\View\{closure}()
 8 SYSTEMPATH\Common.php(1135): CodeIgniter\View\View->render('v_template_admin', [], true)
 9 APPPATH\Controllers\Pengurus.php(75): view('v_template_admin', [...])
10 SYSTEMPATH\CodeIgniter.php(925): App\Controllers\Pengurus->Laporan()
11 SYSTEMPATH\CodeIgniter.php(480): CodeIgniter\CodeIgniter->runController(Object(App\Controllers\Pengurus))
12 SYSTEMPATH\CodeIgniter.php(349): CodeIgniter\CodeIgniter->handleRequest(null, Object(Config\Cache), false)
13 FCPATH\index.php(67): CodeIgniter\CodeIgniter->run()
CRITICAL - 2023-06-17 22:42:31 --> Undefined variable $value
in APPPATH\Views\qurban\v_kelompok_qurban.php on line 163.
 1 APPPATH\Views\qurban\v_kelompok_qurban.php(163): CodeIgniter\Debug\Exceptions->errorHandler(2, 'Undefined variable $value', 'APPPATH\\Views\\qurban\\v_kelompok_qurban.php', 163)
 2 SYSTEMPATH\View\View.php(213): include('APPPATH\\Views\\qurban\\v_kelompok_qurban.php')
 3 SYSTEMPATH\View\View.php(216): CodeIgniter\View\View->CodeIgniter\View\{closure}()
 4 SYSTEMPATH\Common.php(1135): CodeIgniter\View\View->render('qurban/v_kelompok_qurban', [], true)
 5 APPPATH\Views\v_template_admin.php(334): view('qurban/v_kelompok_qurban')
 6 SYSTEMPATH\View\View.php(213): include('APPPATH\\Views\\v_template_admin.php')
 7 SYSTEMPATH\View\View.php(216): CodeIgniter\View\View->CodeIgniter\View\{closure}()
 8 SYSTEMPATH\Common.php(1135): CodeIgniter\View\View->render('v_template_admin', [], true)
 9 APPPATH\Controllers\PesertaQurban.php(42): view('v_template_admin', [...])
10 SYSTEMPATH\CodeIgniter.php(925): App\Controllers\PesertaQurban->KelompokQurban('10')
11 SYSTEMPATH\CodeIgniter.php(480): CodeIgniter\CodeIgniter->runController(Object(App\Controllers\PesertaQurban))
12 SYSTEMPATH\CodeIgniter.php(349): CodeIgniter\CodeIgniter->handleRequest(null, Object(Config\Cache), false)
13 FCPATH\index.php(67): CodeIgniter\CodeIgniter->run()
CRITICAL - 2023-06-17 22:43:35 --> Undefined variable $value
in APPPATH\Views\qurban\v_kelompok_qurban.php on line 104.
 1 APPPATH\Views\qurban\v_kelompok_qurban.php(104): CodeIgniter\Debug\Exceptions->errorHandler(2, 'Undefined variable $value', 'APPPATH\\Views\\qurban\\v_kelompok_qurban.php', 104)
 2 SYSTEMPATH\View\View.php(213): include('APPPATH\\Views\\qurban\\v_kelompok_qurban.php')
 3 SYSTEMPATH\View\View.php(216): CodeIgniter\View\View->CodeIgniter\View\{closure}()
 4 SYSTEMPATH\Common.php(1135): CodeIgniter\View\View->render('qurban/v_kelompok_qurban', [], true)
 5 APPPATH\Views\v_template_admin.php(334): view('qurban/v_kelompok_qurban')
 6 SYSTEMPATH\View\View.php(213): include('APPPATH\\Views\\v_template_admin.php')
 7 SYSTEMPATH\View\View.php(216): CodeIgniter\View\View->CodeIgniter\View\{closure}()
 8 SYSTEMPATH\Common.php(1135): CodeIgniter\View\View->render('v_template_admin', [], true)
 9 APPPATH\Controllers\PesertaQurban.php(42): view('v_template_admin', [...])
10 SYSTEMPATH\CodeIgniter.php(925): App\Controllers\PesertaQurban->KelompokQurban('10')
11 SYSTEMPATH\CodeIgniter.php(480): CodeIgniter\CodeIgniter->runController(Object(App\Controllers\PesertaQurban))
12 SYSTEMPATH\CodeIgniter.php(349): CodeIgniter\CodeIgniter->handleRequest(null, Object(Config\Cache), false)
13 FCPATH\index.php(67): CodeIgniter\CodeIgniter->run()
CRITICAL - 2023-06-17 23:12:44 --> Undefined variable $biaya
in APPPATH\Views\qurban\v_kelompok_qurban.php on line 77.
 1 APPPATH\Views\qurban\v_kelompok_qurban.php(77): CodeIgniter\Debug\Exceptions->errorHandler(2, 'Undefined variable $biaya', 'APPPATH\\Views\\qurban\\v_kelompok_qurban.php', 77)
 2 SYSTEMPATH\View\View.php(213): include('APPPATH\\Views\\qurban\\v_kelompok_qurban.php')
 3 SYSTEMPATH\View\View.php(216): CodeIgniter\View\View->CodeIgniter\View\{closure}()
 4 SYSTEMPATH\Common.php(1135): CodeIgniter\View\View->render('qurban/v_kelompok_qurban', [], true)
 5 APPPATH\Views\v_template_admin.php(334): view('qurban/v_kelompok_qurban')
 6 SYSTEMPATH\View\View.php(213): include('APPPATH\\Views\\v_template_admin.php')
 7 SYSTEMPATH\View\View.php(216): CodeIgniter\View\View->CodeIgniter\View\{closure}()
 8 SYSTEMPATH\Common.php(1135): CodeIgniter\View\View->render('v_template_admin', [], true)
 9 APPPATH\Controllers\PesertaQurban.php(42): view('v_template_admin', [...])
10 SYSTEMPATH\CodeIgniter.php(925): App\Controllers\PesertaQurban->KelompokQurban('10')
11 SYSTEMPATH\CodeIgniter.php(480): CodeIgniter\CodeIgniter->runController(Object(App\Controllers\PesertaQurban))
12 SYSTEMPATH\CodeIgniter.php(349): CodeIgniter\CodeIgniter->handleRequest(null, Object(Config\Cache), false)
13 FCPATH\index.php(67): CodeIgniter\CodeIgniter->run()
