CRITICAL - 2023-04-10 11:29:19 --> file_get_contents(): php_network_getaddresses: getaddrinfo for api.myquran.com failed: No such host is known. 
in APPPATH\Controllers\Home.php on line 19.
 1 [internal function]: CodeIgniter\Debug\Exceptions->errorHandler(2, 'file_get_contents(): php_network_getaddresses: getaddrinfo for api.myquran.com failed: No such host is known. ', 'APPPATH\\Controllers\\Home.php', 19)
 2 APPPATH\Controllers\Home.php(19): file_get_contents('https://api.myquran.com/v1/sholat/jadwal/1408/2023/04/10')
 3 SYSTEMPATH\CodeIgniter.php(925): App\Controllers\Home->index()
 4 SYSTEMPATH\CodeIgniter.php(480): CodeIgniter\CodeIgniter->runController(Object(App\Controllers\Home))
 5 SYSTEMPATH\CodeIgniter.php(349): CodeIgniter\CodeIgniter->handleRequest(null, Object(Config\Cache), false)
 6 FCPATH\index.php(67): CodeIgniter\CodeIgniter->run()
CRITICAL - 2023-04-10 11:49:59 --> Undefined variable $submenu
in APPPATH\Views\v_template_admin.php on line 154.
 1 APPPATH\Views\v_template_admin.php(154): CodeIgniter\Debug\Exceptions->errorHandler(2, 'Undefined variable $submenu', 'APPPATH\\Views\\v_template_admin.php', 154)
 2 SYSTEMPATH\View\View.php(213): include('APPPATH\\Views\\v_template_admin.php')
 3 SYSTEMPATH\View\View.php(216): CodeIgniter\View\View->CodeIgniter\View\{closure}()
 4 SYSTEMPATH\Common.php(1135): CodeIgniter\View\View->render('v_template_admin', [], true)
 5 APPPATH\Controllers\Admin.php(26): view('v_template_admin', [...])
 6 SYSTEMPATH\CodeIgniter.php(925): App\Controllers\Admin->index()
 7 SYSTEMPATH\CodeIgniter.php(480): CodeIgniter\CodeIgniter->runController(Object(App\Controllers\Admin))
 8 SYSTEMPATH\CodeIgniter.php(349): CodeIgniter\CodeIgniter->handleRequest(null, Object(Config\Cache), false)
 9 FCPATH\index.php(67): CodeIgniter\CodeIgniter->run()
CRITICAL - 2023-04-10 13:31:25 --> Undefined variable $agenda
in APPPATH\Views\v_rekap_kas_masjid.php on line 17.
 1 APPPATH\Views\v_rekap_kas_masjid.php(17): CodeIgniter\Debug\Exceptions->errorHandler(2, 'Undefined variable $agenda', 'APPPATH\\Views\\v_rekap_kas_masjid.php', 17)
 2 SYSTEMPATH\View\View.php(213): include('APPPATH\\Views\\v_rekap_kas_masjid.php')
 3 SYSTEMPATH\View\View.php(216): CodeIgniter\View\View->CodeIgniter\View\{closure}()
 4 SYSTEMPATH\Common.php(1135): CodeIgniter\View\View->render('v_rekap_kas_masjid', [], true)
 5 APPPATH\Views\v_template_admin.php(260): view('v_rekap_kas_masjid')
 6 SYSTEMPATH\View\View.php(213): include('APPPATH\\Views\\v_template_admin.php')
 7 SYSTEMPATH\View\View.php(216): CodeIgniter\View\View->CodeIgniter\View\{closure}()
 8 SYSTEMPATH\Common.php(1135): CodeIgniter\View\View->render('v_template_admin', [], true)
 9 APPPATH\Controllers\KasMasjid.php(26): view('v_template_admin', [...])
10 SYSTEMPATH\CodeIgniter.php(925): App\Controllers\KasMasjid->index()
11 SYSTEMPATH\CodeIgniter.php(480): CodeIgniter\CodeIgniter->runController(Object(App\Controllers\KasMasjid))
12 SYSTEMPATH\CodeIgniter.php(349): CodeIgniter\CodeIgniter->handleRequest(null, Object(Config\Cache), false)
13 FCPATH\index.php(67): CodeIgniter\CodeIgniter->run()
CRITICAL - 2023-04-10 13:31:38 --> Undefined array key "nama_kegiatan"
in APPPATH\Views\v_rekap_kas_masjid.php on line 26.
 1 APPPATH\Views\v_rekap_kas_masjid.php(26): CodeIgniter\Debug\Exceptions->errorHandler(2, 'Undefined array key "nama_kegiatan"', 'APPPATH\\Views\\v_rekap_kas_masjid.php', 26)
 2 SYSTEMPATH\View\View.php(213): include('APPPATH\\Views\\v_rekap_kas_masjid.php')
 3 SYSTEMPATH\View\View.php(216): CodeIgniter\View\View->CodeIgniter\View\{closure}()
 4 SYSTEMPATH\Common.php(1135): CodeIgniter\View\View->render('v_rekap_kas_masjid', [], true)
 5 APPPATH\Views\v_template_admin.php(260): view('v_rekap_kas_masjid')
 6 SYSTEMPATH\View\View.php(213): include('APPPATH\\Views\\v_template_admin.php')
 7 SYSTEMPATH\View\View.php(216): CodeIgniter\View\View->CodeIgniter\View\{closure}()
 8 SYSTEMPATH\Common.php(1135): CodeIgniter\View\View->render('v_template_admin', [], true)
 9 APPPATH\Controllers\KasMasjid.php(26): view('v_template_admin', [...])
10 SYSTEMPATH\CodeIgniter.php(925): App\Controllers\KasMasjid->index()
11 SYSTEMPATH\CodeIgniter.php(480): CodeIgniter\CodeIgniter->runController(Object(App\Controllers\KasMasjid))
12 SYSTEMPATH\CodeIgniter.php(349): CodeIgniter\CodeIgniter->handleRequest(null, Object(Config\Cache), false)
13 FCPATH\index.php(67): CodeIgniter\CodeIgniter->run()
CRITICAL - 2023-04-10 13:39:33 --> Undefined variable $agenda
in APPPATH\Views\v_rekap_kas_masjid.php on line 22.
 1 APPPATH\Views\v_rekap_kas_masjid.php(22): CodeIgniter\Debug\Exceptions->errorHandler(2, 'Undefined variable $agenda', 'APPPATH\\Views\\v_rekap_kas_masjid.php', 22)
 2 SYSTEMPATH\View\View.php(213): include('APPPATH\\Views\\v_rekap_kas_masjid.php')
 3 SYSTEMPATH\View\View.php(216): CodeIgniter\View\View->CodeIgniter\View\{closure}()
 4 SYSTEMPATH\Common.php(1135): CodeIgniter\View\View->render('v_rekap_kas_masjid', [], true)
 5 APPPATH\Views\v_template_admin.php(260): view('v_rekap_kas_masjid')
 6 SYSTEMPATH\View\View.php(213): include('APPPATH\\Views\\v_template_admin.php')
 7 SYSTEMPATH\View\View.php(216): CodeIgniter\View\View->CodeIgniter\View\{closure}()
 8 SYSTEMPATH\Common.php(1135): CodeIgniter\View\View->render('v_template_admin', [], true)
 9 APPPATH\Controllers\KasMasjid.php(26): view('v_template_admin', [...])
10 SYSTEMPATH\CodeIgniter.php(925): App\Controllers\KasMasjid->index()
11 SYSTEMPATH\CodeIgniter.php(480): CodeIgniter\CodeIgniter->runController(Object(App\Controllers\KasMasjid))
12 SYSTEMPATH\CodeIgniter.php(349): CodeIgniter\CodeIgniter->handleRequest(null, Object(Config\Cache), false)
13 FCPATH\index.php(67): CodeIgniter\CodeIgniter->run()
CRITICAL - 2023-04-10 13:45:02 --> Undefined array key "nama_kegiatan"
in APPPATH\Views\v_rekap_kas_masjid.php on line 26.
 1 APPPATH\Views\v_rekap_kas_masjid.php(26): CodeIgniter\Debug\Exceptions->errorHandler(2, 'Undefined array key "nama_kegiatan"', 'APPPATH\\Views\\v_rekap_kas_masjid.php', 26)
 2 SYSTEMPATH\View\View.php(213): include('APPPATH\\Views\\v_rekap_kas_masjid.php')
 3 SYSTEMPATH\View\View.php(216): CodeIgniter\View\View->CodeIgniter\View\{closure}()
 4 SYSTEMPATH\Common.php(1135): CodeIgniter\View\View->render('v_rekap_kas_masjid', [], true)
 5 APPPATH\Views\v_template_admin.php(260): view('v_rekap_kas_masjid')
 6 SYSTEMPATH\View\View.php(213): include('APPPATH\\Views\\v_template_admin.php')
 7 SYSTEMPATH\View\View.php(216): CodeIgniter\View\View->CodeIgniter\View\{closure}()
 8 SYSTEMPATH\Common.php(1135): CodeIgniter\View\View->render('v_template_admin', [], true)
 9 APPPATH\Controllers\KasMasjid.php(26): view('v_template_admin', [...])
10 SYSTEMPATH\CodeIgniter.php(925): App\Controllers\KasMasjid->index()
11 SYSTEMPATH\CodeIgniter.php(480): CodeIgniter\CodeIgniter->runController(Object(App\Controllers\KasMasjid))
12 SYSTEMPATH\CodeIgniter.php(349): CodeIgniter\CodeIgniter->handleRequest(null, Object(Config\Cache), false)
13 FCPATH\index.php(67): CodeIgniter\CodeIgniter->run()
CRITICAL - 2023-04-10 13:45:04 --> Undefined array key "nama_kegiatan"
in APPPATH\Views\v_rekap_kas_masjid.php on line 26.
 1 APPPATH\Views\v_rekap_kas_masjid.php(26): CodeIgniter\Debug\Exceptions->errorHandler(2, 'Undefined array key "nama_kegiatan"', 'APPPATH\\Views\\v_rekap_kas_masjid.php', 26)
 2 SYSTEMPATH\View\View.php(213): include('APPPATH\\Views\\v_rekap_kas_masjid.php')
 3 SYSTEMPATH\View\View.php(216): CodeIgniter\View\View->CodeIgniter\View\{closure}()
 4 SYSTEMPATH\Common.php(1135): CodeIgniter\View\View->render('v_rekap_kas_masjid', [], true)
 5 APPPATH\Views\v_template_admin.php(260): view('v_rekap_kas_masjid')
 6 SYSTEMPATH\View\View.php(213): include('APPPATH\\Views\\v_template_admin.php')
 7 SYSTEMPATH\View\View.php(216): CodeIgniter\View\View->CodeIgniter\View\{closure}()
 8 SYSTEMPATH\Common.php(1135): CodeIgniter\View\View->render('v_template_admin', [], true)
 9 APPPATH\Controllers\KasMasjid.php(26): view('v_template_admin', [...])
10 SYSTEMPATH\CodeIgniter.php(925): App\Controllers\KasMasjid->index()
11 SYSTEMPATH\CodeIgniter.php(480): CodeIgniter\CodeIgniter->runController(Object(App\Controllers\KasMasjid))
12 SYSTEMPATH\CodeIgniter.php(349): CodeIgniter\CodeIgniter->handleRequest(null, Object(Config\Cache), false)
13 FCPATH\index.php(67): CodeIgniter\CodeIgniter->run()
CRITICAL - 2023-04-10 13:45:10 --> Undefined array key "nama_kegiatan"
in APPPATH\Views\v_rekap_kas_masjid.php on line 26.
 1 APPPATH\Views\v_rekap_kas_masjid.php(26): CodeIgniter\Debug\Exceptions->errorHandler(2, 'Undefined array key "nama_kegiatan"', 'APPPATH\\Views\\v_rekap_kas_masjid.php', 26)
 2 SYSTEMPATH\View\View.php(213): include('APPPATH\\Views\\v_rekap_kas_masjid.php')
 3 SYSTEMPATH\View\View.php(216): CodeIgniter\View\View->CodeIgniter\View\{closure}()
 4 SYSTEMPATH\Common.php(1135): CodeIgniter\View\View->render('v_rekap_kas_masjid', [], true)
 5 APPPATH\Views\v_template_admin.php(260): view('v_rekap_kas_masjid')
 6 SYSTEMPATH\View\View.php(213): include('APPPATH\\Views\\v_template_admin.php')
 7 SYSTEMPATH\View\View.php(216): CodeIgniter\View\View->CodeIgniter\View\{closure}()
 8 SYSTEMPATH\Common.php(1135): CodeIgniter\View\View->render('v_template_admin', [], true)
 9 APPPATH\Controllers\KasMasjid.php(26): view('v_template_admin', [...])
10 SYSTEMPATH\CodeIgniter.php(925): App\Controllers\KasMasjid->index()
11 SYSTEMPATH\CodeIgniter.php(480): CodeIgniter\CodeIgniter->runController(Object(App\Controllers\KasMasjid))
12 SYSTEMPATH\CodeIgniter.php(349): CodeIgniter\CodeIgniter->handleRequest(null, Object(Config\Cache), false)
13 FCPATH\index.php(67): CodeIgniter\CodeIgniter->run()
CRITICAL - 2023-04-10 13:59:31 --> number_format(): Argument #1 ($num) must be of type float, string given
in APPPATH\Views\v_rekap_kas_masjid.php on line 28.
 1 APPPATH\Views\v_rekap_kas_masjid.php(28): number_format('Saldo Awal', 0)
 2 SYSTEMPATH\View\View.php(213): include('APPPATH\\Views\\v_rekap_kas_masjid.php')
 3 SYSTEMPATH\View\View.php(216): CodeIgniter\View\View->CodeIgniter\View\{closure}()
 4 SYSTEMPATH\Common.php(1135): CodeIgniter\View\View->render('v_rekap_kas_masjid', [], true)
 5 APPPATH\Views\v_template_admin.php(260): view('v_rekap_kas_masjid')
 6 SYSTEMPATH\View\View.php(213): include('APPPATH\\Views\\v_template_admin.php')
 7 SYSTEMPATH\View\View.php(216): CodeIgniter\View\View->CodeIgniter\View\{closure}()
 8 SYSTEMPATH\Common.php(1135): CodeIgniter\View\View->render('v_template_admin', [], true)
 9 APPPATH\Controllers\KasMasjid.php(26): view('v_template_admin', [...])
10 SYSTEMPATH\CodeIgniter.php(925): App\Controllers\KasMasjid->index()
11 SYSTEMPATH\CodeIgniter.php(480): CodeIgniter\CodeIgniter->runController(Object(App\Controllers\KasMasjid))
12 SYSTEMPATH\CodeIgniter.php(349): CodeIgniter\CodeIgniter->handleRequest(null, Object(Config\Cache), false)
13 FCPATH\index.php(67): CodeIgniter\CodeIgniter->run()
