CRITICAL - 2023-06-02 15:39:10 --> file_get_contents(https://api.myquran.com/v1/sholat/jadwal/0305/2023/06/02): Failed to open stream: HTTP request failed!
in APPPATH\Controllers\Home.php on line 25.
 1 [internal function]: CodeIgniter\Debug\Exceptions->errorHandler(2, 'file_get_contents(https://api.myquran.com/v1/sholat/jadwal/0305/2023/06/02): Failed to open stream: HTTP request failed!', 'APPPATH\\Controllers\\Home.php', 25)
 2 APPPATH\Controllers\Home.php(25): file_get_contents('https://api.myquran.com/v1/sholat/jadwal/0305/2023/06/02')
 3 SYSTEMPATH\CodeIgniter.php(925): App\Controllers\Home->index()
 4 SYSTEMPATH\CodeIgniter.php(480): CodeIgniter\CodeIgniter->runController(Object(App\Controllers\Home))
 5 SYSTEMPATH\CodeIgniter.php(349): CodeIgniter\CodeIgniter->handleRequest(null, Object(Config\Cache), false)
 6 FCPATH\index.php(67): CodeIgniter\CodeIgniter->run()
CRITICAL - 2023-06-02 15:41:03 --> file_get_contents(https://api.myquran.com/v1/sholat/jadwal/0305/2023/06/02): Failed to open stream: A connection attempt failed because the connected party did not properly respond after a period of time, or established connection failed because connected host has failed to respond
in APPPATH\Controllers\Home.php on line 25.
 1 [internal function]: CodeIgniter\Debug\Exceptions->errorHandler(2, 'file_get_contents(https://api.myquran.com/v1/sholat/jadwal/0305/2023/06/02): Failed to open stream: A connection attempt failed because the connected party did not properly respond after a period of time, or established connection failed because connected host has failed to respond', 'APPPATH\\Controllers\\Home.php', 25)
 2 APPPATH\Controllers\Home.php(25): file_get_contents('https://api.myquran.com/v1/sholat/jadwal/0305/2023/06/02')
 3 SYSTEMPATH\CodeIgniter.php(925): App\Controllers\Home->index()
 4 SYSTEMPATH\CodeIgniter.php(480): CodeIgniter\CodeIgniter->runController(Object(App\Controllers\Home))
 5 SYSTEMPATH\CodeIgniter.php(349): CodeIgniter\CodeIgniter->handleRequest(null, Object(Config\Cache), false)
 6 FCPATH\index.php(67): CodeIgniter\CodeIgniter->run()
CRITICAL - 2023-06-02 20:27:38 --> file_get_contents(): SSL: An existing connection was forcibly closed by the remote host
in APPPATH\Controllers\Home.php on line 25.
 1 [internal function]: CodeIgniter\Debug\Exceptions->errorHandler(2, 'file_get_contents(): SSL: An existing connection was forcibly closed by the remote host', 'APPPATH\\Controllers\\Home.php', 25)
 2 APPPATH\Controllers\Home.php(25): file_get_contents('https://api.myquran.com/v1/sholat/jadwal/0305/2023/06/02')
 3 SYSTEMPATH\CodeIgniter.php(925): App\Controllers\Home->index()
 4 SYSTEMPATH\CodeIgniter.php(480): CodeIgniter\CodeIgniter->runController(Object(App\Controllers\Home))
 5 SYSTEMPATH\CodeIgniter.php(349): CodeIgniter\CodeIgniter->handleRequest(null, Object(Config\Cache), false)
 6 FCPATH\index.php(67): CodeIgniter\CodeIgniter->run()
