CRITICAL - 2023-04-20 00:00:35 --> file_get_contents(): php_network_getaddresses: getaddrinfo for api.myquran.com failed: No such host is known. 
in APPPATH\Controllers\Home.php on line 23.
 1 [internal function]: CodeIgniter\Debug\Exceptions->errorHandler(2, 'file_get_contents(): php_network_getaddresses: getaddrinfo for api.myquran.com failed: No such host is known. ', 'APPPATH\\Controllers\\Home.php', 23)
 2 APPPATH\Controllers\Home.php(23): file_get_contents('https://api.myquran.com/v1/sholat/jadwal/0305/2023/04/20')
 3 SYSTEMPATH\CodeIgniter.php(925): App\Controllers\Home->index()
 4 SYSTEMPATH\CodeIgniter.php(480): CodeIgniter\CodeIgniter->runController(Object(App\Controllers\Home))
 5 SYSTEMPATH\CodeIgniter.php(349): CodeIgniter\CodeIgniter->handleRequest(null, Object(Config\Cache), false)
 6 FCPATH\index.php(67): CodeIgniter\CodeIgniter->run()
CRITICAL - 2023-04-20 17:53:15 --> Undefined variable $agenda
in APPPATH\Views\qurban\v_tahun.php on line 35.
 1 APPPATH\Views\qurban\v_tahun.php(35): CodeIgniter\Debug\Exceptions->errorHandler(2, 'Undefined variable $agenda', 'APPPATH\\Views\\qurban\\v_tahun.php', 35)
 2 SYSTEMPATH\View\View.php(213): include('APPPATH\\Views\\qurban\\v_tahun.php')
 3 SYSTEMPATH\View\View.php(216): CodeIgniter\View\View->CodeIgniter\View\{closure}()
 4 SYSTEMPATH\Common.php(1135): CodeIgniter\View\View->render('qurban/v_tahun', [], true)
 5 APPPATH\Views\v_template_admin.php(289): view('qurban/v_tahun')
 6 SYSTEMPATH\View\View.php(213): include('APPPATH\\Views\\v_template_admin.php')
 7 SYSTEMPATH\View\View.php(216): CodeIgniter\View\View->CodeIgniter\View\{closure}()
 8 SYSTEMPATH\Common.php(1135): CodeIgniter\View\View->render('v_template_admin', [], true)
 9 APPPATH\Controllers\Tahun.php(26): view('v_template_admin', [...])
10 SYSTEMPATH\CodeIgniter.php(925): App\Controllers\Tahun->index()
11 SYSTEMPATH\CodeIgniter.php(480): CodeIgniter\CodeIgniter->runController(Object(App\Controllers\Tahun))
12 SYSTEMPATH\CodeIgniter.php(349): CodeIgniter\CodeIgniter->handleRequest(null, Object(Config\Cache), false)
13 FCPATH\index.php(67): CodeIgniter\CodeIgniter->run()
CRITICAL - 2023-04-20 17:53:29 --> Array to string conversion
in APPPATH\Views\qurban\v_tahun.php on line 40.
 1 APPPATH\Views\qurban\v_tahun.php(40): CodeIgniter\Debug\Exceptions->errorHandler(2, 'Array to string conversion', 'APPPATH\\Views\\qurban\\v_tahun.php', 40)
 2 SYSTEMPATH\View\View.php(213): include('APPPATH\\Views\\qurban\\v_tahun.php')
 3 SYSTEMPATH\View\View.php(216): CodeIgniter\View\View->CodeIgniter\View\{closure}()
 4 SYSTEMPATH\Common.php(1135): CodeIgniter\View\View->render('qurban/v_tahun', [], true)
 5 APPPATH\Views\v_template_admin.php(289): view('qurban/v_tahun')
 6 SYSTEMPATH\View\View.php(213): include('APPPATH\\Views\\v_template_admin.php')
 7 SYSTEMPATH\View\View.php(216): CodeIgniter\View\View->CodeIgniter\View\{closure}()
 8 SYSTEMPATH\Common.php(1135): CodeIgniter\View\View->render('v_template_admin', [], true)
 9 APPPATH\Controllers\Tahun.php(26): view('v_template_admin', [...])
10 SYSTEMPATH\CodeIgniter.php(925): App\Controllers\Tahun->index()
11 SYSTEMPATH\CodeIgniter.php(480): CodeIgniter\CodeIgniter->runController(Object(App\Controllers\Tahun))
12 SYSTEMPATH\CodeIgniter.php(349): CodeIgniter\CodeIgniter->handleRequest(null, Object(Config\Cache), false)
13 FCPATH\index.php(67): CodeIgniter\CodeIgniter->run()
CRITICAL - 2023-04-20 17:54:23 --> Array to string conversion
in APPPATH\Views\qurban\v_tahun.php on line 40.
 1 APPPATH\Views\qurban\v_tahun.php(40): CodeIgniter\Debug\Exceptions->errorHandler(2, 'Array to string conversion', 'APPPATH\\Views\\qurban\\v_tahun.php', 40)
 2 SYSTEMPATH\View\View.php(213): include('APPPATH\\Views\\qurban\\v_tahun.php')
 3 SYSTEMPATH\View\View.php(216): CodeIgniter\View\View->CodeIgniter\View\{closure}()
 4 SYSTEMPATH\Common.php(1135): CodeIgniter\View\View->render('qurban/v_tahun', [], true)
 5 APPPATH\Views\v_template_admin.php(289): view('qurban/v_tahun')
 6 SYSTEMPATH\View\View.php(213): include('APPPATH\\Views\\v_template_admin.php')
 7 SYSTEMPATH\View\View.php(216): CodeIgniter\View\View->CodeIgniter\View\{closure}()
 8 SYSTEMPATH\Common.php(1135): CodeIgniter\View\View->render('v_template_admin', [], true)
 9 APPPATH\Controllers\Tahun.php(26): view('v_template_admin', [...])
10 SYSTEMPATH\CodeIgniter.php(925): App\Controllers\Tahun->index()
11 SYSTEMPATH\CodeIgniter.php(480): CodeIgniter\CodeIgniter->runController(Object(App\Controllers\Tahun))
12 SYSTEMPATH\CodeIgniter.php(349): CodeIgniter\CodeIgniter->handleRequest(null, Object(Config\Cache), false)
13 FCPATH\index.php(67): CodeIgniter\CodeIgniter->run()
CRITICAL - 2023-04-20 17:54:25 --> Array to string conversion
in APPPATH\Views\qurban\v_tahun.php on line 40.
 1 APPPATH\Views\qurban\v_tahun.php(40): CodeIgniter\Debug\Exceptions->errorHandler(2, 'Array to string conversion', 'APPPATH\\Views\\qurban\\v_tahun.php', 40)
 2 SYSTEMPATH\View\View.php(213): include('APPPATH\\Views\\qurban\\v_tahun.php')
 3 SYSTEMPATH\View\View.php(216): CodeIgniter\View\View->CodeIgniter\View\{closure}()
 4 SYSTEMPATH\Common.php(1135): CodeIgniter\View\View->render('qurban/v_tahun', [], true)
 5 APPPATH\Views\v_template_admin.php(289): view('qurban/v_tahun')
 6 SYSTEMPATH\View\View.php(213): include('APPPATH\\Views\\v_template_admin.php')
 7 SYSTEMPATH\View\View.php(216): CodeIgniter\View\View->CodeIgniter\View\{closure}()
 8 SYSTEMPATH\Common.php(1135): CodeIgniter\View\View->render('v_template_admin', [], true)
 9 APPPATH\Controllers\Tahun.php(26): view('v_template_admin', [...])
10 SYSTEMPATH\CodeIgniter.php(925): App\Controllers\Tahun->index()
11 SYSTEMPATH\CodeIgniter.php(480): CodeIgniter\CodeIgniter->runController(Object(App\Controllers\Tahun))
12 SYSTEMPATH\CodeIgniter.php(349): CodeIgniter\CodeIgniter->handleRequest(null, Object(Config\Cache), false)
13 FCPATH\index.php(67): CodeIgniter\CodeIgniter->run()
CRITICAL - 2023-04-20 17:55:07 --> Array to string conversion
in APPPATH\Views\qurban\v_tahun.php on line 39.
 1 APPPATH\Views\qurban\v_tahun.php(39): CodeIgniter\Debug\Exceptions->errorHandler(2, 'Array to string conversion', 'APPPATH\\Views\\qurban\\v_tahun.php', 39)
 2 SYSTEMPATH\View\View.php(213): include('APPPATH\\Views\\qurban\\v_tahun.php')
 3 SYSTEMPATH\View\View.php(216): CodeIgniter\View\View->CodeIgniter\View\{closure}()
 4 SYSTEMPATH\Common.php(1135): CodeIgniter\View\View->render('qurban/v_tahun', [], true)
 5 APPPATH\Views\v_template_admin.php(289): view('qurban/v_tahun')
 6 SYSTEMPATH\View\View.php(213): include('APPPATH\\Views\\v_template_admin.php')
 7 SYSTEMPATH\View\View.php(216): CodeIgniter\View\View->CodeIgniter\View\{closure}()
 8 SYSTEMPATH\Common.php(1135): CodeIgniter\View\View->render('v_template_admin', [], true)
 9 APPPATH\Controllers\Tahun.php(26): view('v_template_admin', [...])
10 SYSTEMPATH\CodeIgniter.php(925): App\Controllers\Tahun->index()
11 SYSTEMPATH\CodeIgniter.php(480): CodeIgniter\CodeIgniter->runController(Object(App\Controllers\Tahun))
12 SYSTEMPATH\CodeIgniter.php(349): CodeIgniter\CodeIgniter->handleRequest(null, Object(Config\Cache), false)
13 FCPATH\index.php(67): CodeIgniter\CodeIgniter->run()
CRITICAL - 2023-04-20 17:55:08 --> Array to string conversion
in APPPATH\Views\qurban\v_tahun.php on line 39.
 1 APPPATH\Views\qurban\v_tahun.php(39): CodeIgniter\Debug\Exceptions->errorHandler(2, 'Array to string conversion', 'APPPATH\\Views\\qurban\\v_tahun.php', 39)
 2 SYSTEMPATH\View\View.php(213): include('APPPATH\\Views\\qurban\\v_tahun.php')
 3 SYSTEMPATH\View\View.php(216): CodeIgniter\View\View->CodeIgniter\View\{closure}()
 4 SYSTEMPATH\Common.php(1135): CodeIgniter\View\View->render('qurban/v_tahun', [], true)
 5 APPPATH\Views\v_template_admin.php(289): view('qurban/v_tahun')
 6 SYSTEMPATH\View\View.php(213): include('APPPATH\\Views\\v_template_admin.php')
 7 SYSTEMPATH\View\View.php(216): CodeIgniter\View\View->CodeIgniter\View\{closure}()
 8 SYSTEMPATH\Common.php(1135): CodeIgniter\View\View->render('v_template_admin', [], true)
 9 APPPATH\Controllers\Tahun.php(26): view('v_template_admin', [...])
10 SYSTEMPATH\CodeIgniter.php(925): App\Controllers\Tahun->index()
11 SYSTEMPATH\CodeIgniter.php(480): CodeIgniter\CodeIgniter->runController(Object(App\Controllers\Tahun))
12 SYSTEMPATH\CodeIgniter.php(349): CodeIgniter\CodeIgniter->handleRequest(null, Object(Config\Cache), false)
13 FCPATH\index.php(67): CodeIgniter\CodeIgniter->run()
CRITICAL - 2023-04-20 17:55:26 --> Array to string conversion
in APPPATH\Views\qurban\v_tahun.php on line 40.
 1 APPPATH\Views\qurban\v_tahun.php(40): CodeIgniter\Debug\Exceptions->errorHandler(2, 'Array to string conversion', 'APPPATH\\Views\\qurban\\v_tahun.php', 40)
 2 SYSTEMPATH\View\View.php(213): include('APPPATH\\Views\\qurban\\v_tahun.php')
 3 SYSTEMPATH\View\View.php(216): CodeIgniter\View\View->CodeIgniter\View\{closure}()
 4 SYSTEMPATH\Common.php(1135): CodeIgniter\View\View->render('qurban/v_tahun', [], true)
 5 APPPATH\Views\v_template_admin.php(289): view('qurban/v_tahun')
 6 SYSTEMPATH\View\View.php(213): include('APPPATH\\Views\\v_template_admin.php')
 7 SYSTEMPATH\View\View.php(216): CodeIgniter\View\View->CodeIgniter\View\{closure}()
 8 SYSTEMPATH\Common.php(1135): CodeIgniter\View\View->render('v_template_admin', [], true)
 9 APPPATH\Controllers\Tahun.php(26): view('v_template_admin', [...])
10 SYSTEMPATH\CodeIgniter.php(925): App\Controllers\Tahun->index()
11 SYSTEMPATH\CodeIgniter.php(480): CodeIgniter\CodeIgniter->runController(Object(App\Controllers\Tahun))
12 SYSTEMPATH\CodeIgniter.php(349): CodeIgniter\CodeIgniter->handleRequest(null, Object(Config\Cache), false)
13 FCPATH\index.php(67): CodeIgniter\CodeIgniter->run()
CRITICAL - 2023-04-20 17:55:28 --> Array to string conversion
in APPPATH\Views\qurban\v_tahun.php on line 40.
 1 APPPATH\Views\qurban\v_tahun.php(40): CodeIgniter\Debug\Exceptions->errorHandler(2, 'Array to string conversion', 'APPPATH\\Views\\qurban\\v_tahun.php', 40)
 2 SYSTEMPATH\View\View.php(213): include('APPPATH\\Views\\qurban\\v_tahun.php')
 3 SYSTEMPATH\View\View.php(216): CodeIgniter\View\View->CodeIgniter\View\{closure}()
 4 SYSTEMPATH\Common.php(1135): CodeIgniter\View\View->render('qurban/v_tahun', [], true)
 5 APPPATH\Views\v_template_admin.php(289): view('qurban/v_tahun')
 6 SYSTEMPATH\View\View.php(213): include('APPPATH\\Views\\v_template_admin.php')
 7 SYSTEMPATH\View\View.php(216): CodeIgniter\View\View->CodeIgniter\View\{closure}()
 8 SYSTEMPATH\Common.php(1135): CodeIgniter\View\View->render('v_template_admin', [], true)
 9 APPPATH\Controllers\Tahun.php(26): view('v_template_admin', [...])
10 SYSTEMPATH\CodeIgniter.php(925): App\Controllers\Tahun->index()
11 SYSTEMPATH\CodeIgniter.php(480): CodeIgniter\CodeIgniter->runController(Object(App\Controllers\Tahun))
12 SYSTEMPATH\CodeIgniter.php(349): CodeIgniter\CodeIgniter->handleRequest(null, Object(Config\Cache), false)
13 FCPATH\index.php(67): CodeIgniter\CodeIgniter->run()
CRITICAL - 2023-04-20 17:55:46 --> Array to string conversion
in APPPATH\Views\qurban\v_tahun.php on line 40.
 1 APPPATH\Views\qurban\v_tahun.php(40): CodeIgniter\Debug\Exceptions->errorHandler(2, 'Array to string conversion', 'APPPATH\\Views\\qurban\\v_tahun.php', 40)
 2 SYSTEMPATH\View\View.php(213): include('APPPATH\\Views\\qurban\\v_tahun.php')
 3 SYSTEMPATH\View\View.php(216): CodeIgniter\View\View->CodeIgniter\View\{closure}()
 4 SYSTEMPATH\Common.php(1135): CodeIgniter\View\View->render('qurban/v_tahun', [], true)
 5 APPPATH\Views\v_template_admin.php(289): view('qurban/v_tahun')
 6 SYSTEMPATH\View\View.php(213): include('APPPATH\\Views\\v_template_admin.php')
 7 SYSTEMPATH\View\View.php(216): CodeIgniter\View\View->CodeIgniter\View\{closure}()
 8 SYSTEMPATH\Common.php(1135): CodeIgniter\View\View->render('v_template_admin', [], true)
 9 APPPATH\Controllers\Tahun.php(26): view('v_template_admin', [...])
10 SYSTEMPATH\CodeIgniter.php(925): App\Controllers\Tahun->index()
11 SYSTEMPATH\CodeIgniter.php(480): CodeIgniter\CodeIgniter->runController(Object(App\Controllers\Tahun))
12 SYSTEMPATH\CodeIgniter.php(349): CodeIgniter\CodeIgniter->handleRequest(null, Object(Config\Cache), false)
13 FCPATH\index.php(67): CodeIgniter\CodeIgniter->run()
CRITICAL - 2023-04-20 17:55:53 --> Undefined array key "id-tahun"
in APPPATH\Views\qurban\v_tahun.php on line 48.
 1 APPPATH\Views\qurban\v_tahun.php(48): CodeIgniter\Debug\Exceptions->errorHandler(2, 'Undefined array key "id-tahun"', 'APPPATH\\Views\\qurban\\v_tahun.php', 48)
 2 SYSTEMPATH\View\View.php(213): include('APPPATH\\Views\\qurban\\v_tahun.php')
 3 SYSTEMPATH\View\View.php(216): CodeIgniter\View\View->CodeIgniter\View\{closure}()
 4 SYSTEMPATH\Common.php(1135): CodeIgniter\View\View->render('qurban/v_tahun', [], true)
 5 APPPATH\Views\v_template_admin.php(289): view('qurban/v_tahun')
 6 SYSTEMPATH\View\View.php(213): include('APPPATH\\Views\\v_template_admin.php')
 7 SYSTEMPATH\View\View.php(216): CodeIgniter\View\View->CodeIgniter\View\{closure}()
 8 SYSTEMPATH\Common.php(1135): CodeIgniter\View\View->render('v_template_admin', [], true)
 9 APPPATH\Controllers\Tahun.php(26): view('v_template_admin', [...])
10 SYSTEMPATH\CodeIgniter.php(925): App\Controllers\Tahun->index()
11 SYSTEMPATH\CodeIgniter.php(480): CodeIgniter\CodeIgniter->runController(Object(App\Controllers\Tahun))
12 SYSTEMPATH\CodeIgniter.php(349): CodeIgniter\CodeIgniter->handleRequest(null, Object(Config\Cache), false)
13 FCPATH\index.php(67): CodeIgniter\CodeIgniter->run()
CRITICAL - 2023-04-20 17:59:36 --> Undefined array key "id-tahun"
in APPPATH\Views\qurban\v_tahun.php on line 48.
 1 APPPATH\Views\qurban\v_tahun.php(48): CodeIgniter\Debug\Exceptions->errorHandler(2, 'Undefined array key "id-tahun"', 'APPPATH\\Views\\qurban\\v_tahun.php', 48)
 2 SYSTEMPATH\View\View.php(213): include('APPPATH\\Views\\qurban\\v_tahun.php')
 3 SYSTEMPATH\View\View.php(216): CodeIgniter\View\View->CodeIgniter\View\{closure}()
 4 SYSTEMPATH\Common.php(1135): CodeIgniter\View\View->render('qurban/v_tahun', [], true)
 5 APPPATH\Views\v_template_admin.php(289): view('qurban/v_tahun')
 6 SYSTEMPATH\View\View.php(213): include('APPPATH\\Views\\v_template_admin.php')
 7 SYSTEMPATH\View\View.php(216): CodeIgniter\View\View->CodeIgniter\View\{closure}()
 8 SYSTEMPATH\Common.php(1135): CodeIgniter\View\View->render('v_template_admin', [], true)
 9 APPPATH\Controllers\Tahun.php(26): view('v_template_admin', [...])
10 SYSTEMPATH\CodeIgniter.php(925): App\Controllers\Tahun->index()
11 SYSTEMPATH\CodeIgniter.php(480): CodeIgniter\CodeIgniter->runController(Object(App\Controllers\Tahun))
12 SYSTEMPATH\CodeIgniter.php(349): CodeIgniter\CodeIgniter->handleRequest(null, Object(Config\Cache), false)
13 FCPATH\index.php(67): CodeIgniter\CodeIgniter->run()
CRITICAL - 2023-04-20 17:59:37 --> Undefined array key "id-tahun"
in APPPATH\Views\qurban\v_tahun.php on line 48.
 1 APPPATH\Views\qurban\v_tahun.php(48): CodeIgniter\Debug\Exceptions->errorHandler(2, 'Undefined array key "id-tahun"', 'APPPATH\\Views\\qurban\\v_tahun.php', 48)
 2 SYSTEMPATH\View\View.php(213): include('APPPATH\\Views\\qurban\\v_tahun.php')
 3 SYSTEMPATH\View\View.php(216): CodeIgniter\View\View->CodeIgniter\View\{closure}()
 4 SYSTEMPATH\Common.php(1135): CodeIgniter\View\View->render('qurban/v_tahun', [], true)
 5 APPPATH\Views\v_template_admin.php(289): view('qurban/v_tahun')
 6 SYSTEMPATH\View\View.php(213): include('APPPATH\\Views\\v_template_admin.php')
 7 SYSTEMPATH\View\View.php(216): CodeIgniter\View\View->CodeIgniter\View\{closure}()
 8 SYSTEMPATH\Common.php(1135): CodeIgniter\View\View->render('v_template_admin', [], true)
 9 APPPATH\Controllers\Tahun.php(26): view('v_template_admin', [...])
10 SYSTEMPATH\CodeIgniter.php(925): App\Controllers\Tahun->index()
11 SYSTEMPATH\CodeIgniter.php(480): CodeIgniter\CodeIgniter->runController(Object(App\Controllers\Tahun))
12 SYSTEMPATH\CodeIgniter.php(349): CodeIgniter\CodeIgniter->handleRequest(null, Object(Config\Cache), false)
13 FCPATH\index.php(67): CodeIgniter\CodeIgniter->run()
CRITICAL - 2023-04-20 17:59:43 --> Undefined array key "id-tahun"
in APPPATH\Views\qurban\v_tahun.php on line 48.
 1 APPPATH\Views\qurban\v_tahun.php(48): CodeIgniter\Debug\Exceptions->errorHandler(2, 'Undefined array key "id-tahun"', 'APPPATH\\Views\\qurban\\v_tahun.php', 48)
 2 SYSTEMPATH\View\View.php(213): include('APPPATH\\Views\\qurban\\v_tahun.php')
 3 SYSTEMPATH\View\View.php(216): CodeIgniter\View\View->CodeIgniter\View\{closure}()
 4 SYSTEMPATH\Common.php(1135): CodeIgniter\View\View->render('qurban/v_tahun', [], true)
 5 APPPATH\Views\v_template_admin.php(289): view('qurban/v_tahun')
 6 SYSTEMPATH\View\View.php(213): include('APPPATH\\Views\\v_template_admin.php')
 7 SYSTEMPATH\View\View.php(216): CodeIgniter\View\View->CodeIgniter\View\{closure}()
 8 SYSTEMPATH\Common.php(1135): CodeIgniter\View\View->render('v_template_admin', [], true)
 9 APPPATH\Controllers\Tahun.php(26): view('v_template_admin', [...])
10 SYSTEMPATH\CodeIgniter.php(925): App\Controllers\Tahun->index()
11 SYSTEMPATH\CodeIgniter.php(480): CodeIgniter\CodeIgniter->runController(Object(App\Controllers\Tahun))
12 SYSTEMPATH\CodeIgniter.php(349): CodeIgniter\CodeIgniter->handleRequest(null, Object(Config\Cache), false)
13 FCPATH\index.php(67): CodeIgniter\CodeIgniter->run()
