CRITICAL - 2023-06-16 16:25:20 --> Undefined variable $kas
in APPPATH\Views\v_data_laporan_agenda.php on line 11.
 1 APPPATH\Views\v_data_laporan_agenda.php(11): CodeIgniter\Debug\Exceptions->errorHandler(2, 'Undefined variable $kas', 'APPPATH\\Views\\v_data_laporan_agenda.php', 11)
 2 SYSTEMPATH\View\View.php(213): include('APPPATH\\Views\\v_data_laporan_agenda.php')
 3 SYSTEMPATH\View\View.php(216): CodeIgniter\View\View->CodeIgniter\View\{closure}()
 4 SYSTEMPATH\Common.php(1135): CodeIgniter\View\View->render('v_data_laporan_agenda', [], true)
 5 APPPATH\Controllers\Agenda.php(87): view('v_data_laporan_agenda', [...])
 6 SYSTEMPATH\CodeIgniter.php(925): App\Controllers\Agenda->ViewLaporan()
 7 SYSTEMPATH\CodeIgniter.php(480): CodeIgniter\CodeIgniter->runController(Object(App\Controllers\Agenda))
 8 SYSTEMPATH\CodeIgniter.php(349): CodeIgniter\CodeIgniter->handleRequest(null, Object(Config\Cache), false)
 9 FCPATH\index.php(67): CodeIgniter\CodeIgniter->run()
CRITICAL - 2023-06-16 16:25:20 --> Undefined variable $kas
in APPPATH\Views\v_data_laporan_agenda.php on line 11.
 1 APPPATH\Views\v_data_laporan_agenda.php(11): CodeIgniter\Debug\Exceptions->errorHandler(2, 'Undefined variable $kas', 'APPPATH\\Views\\v_data_laporan_agenda.php', 11)
 2 SYSTEMPATH\View\View.php(213): include('APPPATH\\Views\\v_data_laporan_agenda.php')
 3 SYSTEMPATH\View\View.php(216): CodeIgniter\View\View->CodeIgniter\View\{closure}()
 4 SYSTEMPATH\Common.php(1135): CodeIgniter\View\View->render('v_data_laporan_agenda', [], true)
 5 APPPATH\Controllers\Agenda.php(87): view('v_data_laporan_agenda', [...])
 6 SYSTEMPATH\CodeIgniter.php(925): App\Controllers\Agenda->ViewLaporan()
 7 SYSTEMPATH\CodeIgniter.php(480): CodeIgniter\CodeIgniter->runController(Object(App\Controllers\Agenda))
 8 SYSTEMPATH\CodeIgniter.php(349): CodeIgniter\CodeIgniter->handleRequest(null, Object(Config\Cache), false)
 9 FCPATH\index.php(67): CodeIgniter\CodeIgniter->run()
CRITICAL - 2023-06-16 16:52:20 --> Invalid file: v_laporan_agenda.php
in SYSTEMPATH\Exceptions\FrameworkException.php on line 33.
 1 SYSTEMPATH\View\View.php(201): CodeIgniter\Exceptions\FrameworkException::forInvalidFile('v_laporan_agenda.php')
 2 SYSTEMPATH\Common.php(1135): CodeIgniter\View\View->render('v_laporan_agenda', [], true)
 3 APPPATH\Views\v_template_admin.php(348): view('v_laporan_agenda')
 4 SYSTEMPATH\View\View.php(213): include('APPPATH\\Views\\v_template_admin.php')
 5 SYSTEMPATH\View\View.php(216): CodeIgniter\View\View->CodeIgniter\View\{closure}()
 6 SYSTEMPATH\Common.php(1135): CodeIgniter\View\View->render('v_template_admin', [], true)
 7 APPPATH\Controllers\Agenda.php(73): view('v_template_admin', [...])
 8 SYSTEMPATH\CodeIgniter.php(925): App\Controllers\Agenda->Laporan()
 9 SYSTEMPATH\CodeIgniter.php(480): CodeIgniter\CodeIgniter->runController(Object(App\Controllers\Agenda))
10 SYSTEMPATH\CodeIgniter.php(349): CodeIgniter\CodeIgniter->handleRequest(null, Object(Config\Cache), false)
11 FCPATH\index.php(67): CodeIgniter\CodeIgniter->run()
CRITICAL - 2023-06-16 16:52:29 --> Invalid file: v_laporan_agenda.php
in SYSTEMPATH\Exceptions\FrameworkException.php on line 33.
 1 SYSTEMPATH\View\View.php(201): CodeIgniter\Exceptions\FrameworkException::forInvalidFile('v_laporan_agenda.php')
 2 SYSTEMPATH\Common.php(1135): CodeIgniter\View\View->render('v_laporan_agenda', [], true)
 3 APPPATH\Views\v_template_admin.php(348): view('v_laporan_agenda')
 4 SYSTEMPATH\View\View.php(213): include('APPPATH\\Views\\v_template_admin.php')
 5 SYSTEMPATH\View\View.php(216): CodeIgniter\View\View->CodeIgniter\View\{closure}()
 6 SYSTEMPATH\Common.php(1135): CodeIgniter\View\View->render('v_template_admin', [], true)
 7 APPPATH\Controllers\Agenda.php(73): view('v_template_admin', [...])
 8 SYSTEMPATH\CodeIgniter.php(925): App\Controllers\Agenda->Laporan()
 9 SYSTEMPATH\CodeIgniter.php(480): CodeIgniter\CodeIgniter->runController(Object(App\Controllers\Agenda))
10 SYSTEMPATH\CodeIgniter.php(349): CodeIgniter\CodeIgniter->handleRequest(null, Object(Config\Cache), false)
11 FCPATH\index.php(67): CodeIgniter\CodeIgniter->run()
CRITICAL - 2023-06-16 16:56:00 --> Invalid file: v_laporan_agenda.php
in SYSTEMPATH\Exceptions\FrameworkException.php on line 33.
 1 SYSTEMPATH\View\View.php(201): CodeIgniter\Exceptions\FrameworkException::forInvalidFile('v_laporan_agenda.php')
 2 SYSTEMPATH\Common.php(1135): CodeIgniter\View\View->render('v_laporan_agenda', [], true)
 3 APPPATH\Views\v_template_admin.php(348): view('v_laporan_agenda')
 4 SYSTEMPATH\View\View.php(213): include('APPPATH\\Views\\v_template_admin.php')
 5 SYSTEMPATH\View\View.php(216): CodeIgniter\View\View->CodeIgniter\View\{closure}()
 6 SYSTEMPATH\Common.php(1135): CodeIgniter\View\View->render('v_template_admin', [], true)
 7 APPPATH\Controllers\Agenda.php(73): view('v_template_admin', [...])
 8 SYSTEMPATH\CodeIgniter.php(925): App\Controllers\Agenda->Laporan()
 9 SYSTEMPATH\CodeIgniter.php(480): CodeIgniter\CodeIgniter->runController(Object(App\Controllers\Agenda))
10 SYSTEMPATH\CodeIgniter.php(349): CodeIgniter\CodeIgniter->handleRequest(null, Object(Config\Cache), false)
11 FCPATH\index.php(67): CodeIgniter\CodeIgniter->run()
CRITICAL - 2023-06-16 16:56:01 --> Invalid file: v_laporan_agenda.php
in SYSTEMPATH\Exceptions\FrameworkException.php on line 33.
 1 SYSTEMPATH\View\View.php(201): CodeIgniter\Exceptions\FrameworkException::forInvalidFile('v_laporan_agenda.php')
 2 SYSTEMPATH\Common.php(1135): CodeIgniter\View\View->render('v_laporan_agenda', [], true)
 3 APPPATH\Views\v_template_admin.php(348): view('v_laporan_agenda')
 4 SYSTEMPATH\View\View.php(213): include('APPPATH\\Views\\v_template_admin.php')
 5 SYSTEMPATH\View\View.php(216): CodeIgniter\View\View->CodeIgniter\View\{closure}()
 6 SYSTEMPATH\Common.php(1135): CodeIgniter\View\View->render('v_template_admin', [], true)
 7 APPPATH\Controllers\Agenda.php(73): view('v_template_admin', [...])
 8 SYSTEMPATH\CodeIgniter.php(925): App\Controllers\Agenda->Laporan()
 9 SYSTEMPATH\CodeIgniter.php(480): CodeIgniter\CodeIgniter->runController(Object(App\Controllers\Agenda))
10 SYSTEMPATH\CodeIgniter.php(349): CodeIgniter\CodeIgniter->handleRequest(null, Object(Config\Cache), false)
11 FCPATH\index.php(67): CodeIgniter\CodeIgniter->run()
CRITICAL - 2023-06-16 16:56:04 --> Invalid file: v_laporan_agenda.php
in SYSTEMPATH\Exceptions\FrameworkException.php on line 33.
 1 SYSTEMPATH\View\View.php(201): CodeIgniter\Exceptions\FrameworkException::forInvalidFile('v_laporan_agenda.php')
 2 SYSTEMPATH\Common.php(1135): CodeIgniter\View\View->render('v_laporan_agenda', [], true)
 3 APPPATH\Views\v_template_admin.php(348): view('v_laporan_agenda')
 4 SYSTEMPATH\View\View.php(213): include('APPPATH\\Views\\v_template_admin.php')
 5 SYSTEMPATH\View\View.php(216): CodeIgniter\View\View->CodeIgniter\View\{closure}()
 6 SYSTEMPATH\Common.php(1135): CodeIgniter\View\View->render('v_template_admin', [], true)
 7 APPPATH\Controllers\Agenda.php(73): view('v_template_admin', [...])
 8 SYSTEMPATH\CodeIgniter.php(925): App\Controllers\Agenda->Laporan()
 9 SYSTEMPATH\CodeIgniter.php(480): CodeIgniter\CodeIgniter->runController(Object(App\Controllers\Agenda))
10 SYSTEMPATH\CodeIgniter.php(349): CodeIgniter\CodeIgniter->handleRequest(null, Object(Config\Cache), false)
11 FCPATH\index.php(67): CodeIgniter\CodeIgniter->run()
CRITICAL - 2023-06-16 16:56:52 --> Invalid file: v_laporan_agenda.php
in SYSTEMPATH\Exceptions\FrameworkException.php on line 33.
 1 SYSTEMPATH\View\View.php(201): CodeIgniter\Exceptions\FrameworkException::forInvalidFile('v_laporan_agenda.php')
 2 SYSTEMPATH\Common.php(1135): CodeIgniter\View\View->render('v_laporan_agenda', [], true)
 3 APPPATH\Views\v_template_admin.php(348): view('v_laporan_agenda')
 4 SYSTEMPATH\View\View.php(213): include('APPPATH\\Views\\v_template_admin.php')
 5 SYSTEMPATH\View\View.php(216): CodeIgniter\View\View->CodeIgniter\View\{closure}()
 6 SYSTEMPATH\Common.php(1135): CodeIgniter\View\View->render('v_template_admin', [], true)
 7 APPPATH\Controllers\Agenda.php(73): view('v_template_admin', [...])
 8 SYSTEMPATH\CodeIgniter.php(925): App\Controllers\Agenda->Laporan()
 9 SYSTEMPATH\CodeIgniter.php(480): CodeIgniter\CodeIgniter->runController(Object(App\Controllers\Agenda))
10 SYSTEMPATH\CodeIgniter.php(349): CodeIgniter\CodeIgniter->handleRequest(null, Object(Config\Cache), false)
11 FCPATH\index.php(67): CodeIgniter\CodeIgniter->run()
CRITICAL - 2023-06-16 16:56:53 --> Invalid file: v_laporan_agenda.php
in SYSTEMPATH\Exceptions\FrameworkException.php on line 33.
 1 SYSTEMPATH\View\View.php(201): CodeIgniter\Exceptions\FrameworkException::forInvalidFile('v_laporan_agenda.php')
 2 SYSTEMPATH\Common.php(1135): CodeIgniter\View\View->render('v_laporan_agenda', [], true)
 3 APPPATH\Views\v_template_admin.php(348): view('v_laporan_agenda')
 4 SYSTEMPATH\View\View.php(213): include('APPPATH\\Views\\v_template_admin.php')
 5 SYSTEMPATH\View\View.php(216): CodeIgniter\View\View->CodeIgniter\View\{closure}()
 6 SYSTEMPATH\Common.php(1135): CodeIgniter\View\View->render('v_template_admin', [], true)
 7 APPPATH\Controllers\Agenda.php(73): view('v_template_admin', [...])
 8 SYSTEMPATH\CodeIgniter.php(925): App\Controllers\Agenda->Laporan()
 9 SYSTEMPATH\CodeIgniter.php(480): CodeIgniter\CodeIgniter->runController(Object(App\Controllers\Agenda))
10 SYSTEMPATH\CodeIgniter.php(349): CodeIgniter\CodeIgniter->handleRequest(null, Object(Config\Cache), false)
11 FCPATH\index.php(67): CodeIgniter\CodeIgniter->run()
CRITICAL - 2023-06-16 16:56:56 --> Invalid file: v_laporan_agenda.php
in SYSTEMPATH\Exceptions\FrameworkException.php on line 33.
 1 SYSTEMPATH\View\View.php(201): CodeIgniter\Exceptions\FrameworkException::forInvalidFile('v_laporan_agenda.php')
 2 SYSTEMPATH\Common.php(1135): CodeIgniter\View\View->render('v_laporan_agenda', [], true)
 3 APPPATH\Views\v_template_admin.php(348): view('v_laporan_agenda')
 4 SYSTEMPATH\View\View.php(213): include('APPPATH\\Views\\v_template_admin.php')
 5 SYSTEMPATH\View\View.php(216): CodeIgniter\View\View->CodeIgniter\View\{closure}()
 6 SYSTEMPATH\Common.php(1135): CodeIgniter\View\View->render('v_template_admin', [], true)
 7 APPPATH\Controllers\Agenda.php(73): view('v_template_admin', [...])
 8 SYSTEMPATH\CodeIgniter.php(925): App\Controllers\Agenda->Laporan()
 9 SYSTEMPATH\CodeIgniter.php(480): CodeIgniter\CodeIgniter->runController(Object(App\Controllers\Agenda))
10 SYSTEMPATH\CodeIgniter.php(349): CodeIgniter\CodeIgniter->handleRequest(null, Object(Config\Cache), false)
11 FCPATH\index.php(67): CodeIgniter\CodeIgniter->run()
CRITICAL - 2023-06-16 16:57:29 --> Invalid file: v_laporan_agenda.php
in SYSTEMPATH\Exceptions\FrameworkException.php on line 33.
 1 SYSTEMPATH\View\View.php(201): CodeIgniter\Exceptions\FrameworkException::forInvalidFile('v_laporan_agenda.php')
 2 SYSTEMPATH\Common.php(1135): CodeIgniter\View\View->render('v_laporan_agenda', [], true)
 3 APPPATH\Views\v_template_admin.php(325): view('v_laporan_agenda')
 4 SYSTEMPATH\View\View.php(213): include('APPPATH\\Views\\v_template_admin.php')
 5 SYSTEMPATH\View\View.php(216): CodeIgniter\View\View->CodeIgniter\View\{closure}()
 6 SYSTEMPATH\Common.php(1135): CodeIgniter\View\View->render('v_template_admin', [], true)
 7 APPPATH\Controllers\Agenda.php(73): view('v_template_admin', [...])
 8 SYSTEMPATH\CodeIgniter.php(925): App\Controllers\Agenda->Laporan()
 9 SYSTEMPATH\CodeIgniter.php(480): CodeIgniter\CodeIgniter->runController(Object(App\Controllers\Agenda))
10 SYSTEMPATH\CodeIgniter.php(349): CodeIgniter\CodeIgniter->handleRequest(null, Object(Config\Cache), false)
11 FCPATH\index.php(67): CodeIgniter\CodeIgniter->run()
CRITICAL - 2023-06-16 16:57:32 --> Invalid file: v_laporan_agenda.php
in SYSTEMPATH\Exceptions\FrameworkException.php on line 33.
 1 SYSTEMPATH\View\View.php(201): CodeIgniter\Exceptions\FrameworkException::forInvalidFile('v_laporan_agenda.php')
 2 SYSTEMPATH\Common.php(1135): CodeIgniter\View\View->render('v_laporan_agenda', [], true)
 3 APPPATH\Views\v_template_admin.php(325): view('v_laporan_agenda')
 4 SYSTEMPATH\View\View.php(213): include('APPPATH\\Views\\v_template_admin.php')
 5 SYSTEMPATH\View\View.php(216): CodeIgniter\View\View->CodeIgniter\View\{closure}()
 6 SYSTEMPATH\Common.php(1135): CodeIgniter\View\View->render('v_template_admin', [], true)
 7 APPPATH\Controllers\Agenda.php(73): view('v_template_admin', [...])
 8 SYSTEMPATH\CodeIgniter.php(925): App\Controllers\Agenda->Laporan()
 9 SYSTEMPATH\CodeIgniter.php(480): CodeIgniter\CodeIgniter->runController(Object(App\Controllers\Agenda))
10 SYSTEMPATH\CodeIgniter.php(349): CodeIgniter\CodeIgniter->handleRequest(null, Object(Config\Cache), false)
11 FCPATH\index.php(67): CodeIgniter\CodeIgniter->run()
CRITICAL - 2023-06-16 16:58:37 --> Invalid file: v_laporan_agenda.php
in SYSTEMPATH\Exceptions\FrameworkException.php on line 33.
 1 SYSTEMPATH\View\View.php(201): CodeIgniter\Exceptions\FrameworkException::forInvalidFile('v_laporan_agenda.php')
 2 SYSTEMPATH\Common.php(1135): CodeIgniter\View\View->render('v_laporan_agenda', [], true)
 3 APPPATH\Views\v_template_admin.php(325): view('v_laporan_agenda')
 4 SYSTEMPATH\View\View.php(213): include('APPPATH\\Views\\v_template_admin.php')
 5 SYSTEMPATH\View\View.php(216): CodeIgniter\View\View->CodeIgniter\View\{closure}()
 6 SYSTEMPATH\Common.php(1135): CodeIgniter\View\View->render('v_template_admin', [], true)
 7 APPPATH\Controllers\Agenda.php(73): view('v_template_admin', [...])
 8 SYSTEMPATH\CodeIgniter.php(925): App\Controllers\Agenda->Laporan()
 9 SYSTEMPATH\CodeIgniter.php(480): CodeIgniter\CodeIgniter->runController(Object(App\Controllers\Agenda))
10 SYSTEMPATH\CodeIgniter.php(349): CodeIgniter\CodeIgniter->handleRequest(null, Object(Config\Cache), false)
11 FCPATH\index.php(67): CodeIgniter\CodeIgniter->run()
CRITICAL - 2023-06-16 16:58:38 --> Invalid file: v_laporan_agenda.php
in SYSTEMPATH\Exceptions\FrameworkException.php on line 33.
 1 SYSTEMPATH\View\View.php(201): CodeIgniter\Exceptions\FrameworkException::forInvalidFile('v_laporan_agenda.php')
 2 SYSTEMPATH\Common.php(1135): CodeIgniter\View\View->render('v_laporan_agenda', [], true)
 3 APPPATH\Views\v_template_admin.php(325): view('v_laporan_agenda')
 4 SYSTEMPATH\View\View.php(213): include('APPPATH\\Views\\v_template_admin.php')
 5 SYSTEMPATH\View\View.php(216): CodeIgniter\View\View->CodeIgniter\View\{closure}()
 6 SYSTEMPATH\Common.php(1135): CodeIgniter\View\View->render('v_template_admin', [], true)
 7 APPPATH\Controllers\Agenda.php(73): view('v_template_admin', [...])
 8 SYSTEMPATH\CodeIgniter.php(925): App\Controllers\Agenda->Laporan()
 9 SYSTEMPATH\CodeIgniter.php(480): CodeIgniter\CodeIgniter->runController(Object(App\Controllers\Agenda))
10 SYSTEMPATH\CodeIgniter.php(349): CodeIgniter\CodeIgniter->handleRequest(null, Object(Config\Cache), false)
11 FCPATH\index.php(67): CodeIgniter\CodeIgniter->run()
CRITICAL - 2023-06-16 16:58:43 --> Invalid file: v_laporan_agenda.php
in SYSTEMPATH\Exceptions\FrameworkException.php on line 33.
 1 SYSTEMPATH\View\View.php(201): CodeIgniter\Exceptions\FrameworkException::forInvalidFile('v_laporan_agenda.php')
 2 SYSTEMPATH\Common.php(1135): CodeIgniter\View\View->render('v_laporan_agenda', [], true)
 3 APPPATH\Views\v_template_admin.php(325): view('v_laporan_agenda')
 4 SYSTEMPATH\View\View.php(213): include('APPPATH\\Views\\v_template_admin.php')
 5 SYSTEMPATH\View\View.php(216): CodeIgniter\View\View->CodeIgniter\View\{closure}()
 6 SYSTEMPATH\Common.php(1135): CodeIgniter\View\View->render('v_template_admin', [], true)
 7 APPPATH\Controllers\Agenda.php(73): view('v_template_admin', [...])
 8 SYSTEMPATH\CodeIgniter.php(925): App\Controllers\Agenda->Laporan()
 9 SYSTEMPATH\CodeIgniter.php(480): CodeIgniter\CodeIgniter->runController(Object(App\Controllers\Agenda))
10 SYSTEMPATH\CodeIgniter.php(349): CodeIgniter\CodeIgniter->handleRequest(null, Object(Config\Cache), false)
11 FCPATH\index.php(67): CodeIgniter\CodeIgniter->run()
CRITICAL - 2023-06-16 17:03:01 --> Invalid file: v_laporan_agenda.php
in SYSTEMPATH\Exceptions\FrameworkException.php on line 33.
 1 SYSTEMPATH\View\View.php(201): CodeIgniter\Exceptions\FrameworkException::forInvalidFile('v_laporan_agenda.php')
 2 SYSTEMPATH\Common.php(1135): CodeIgniter\View\View->render('v_laporan_agenda', [], true)
 3 APPPATH\Views\v_template_admin.php(325): view('v_laporan_agenda')
 4 SYSTEMPATH\View\View.php(213): include('APPPATH\\Views\\v_template_admin.php')
 5 SYSTEMPATH\View\View.php(216): CodeIgniter\View\View->CodeIgniter\View\{closure}()
 6 SYSTEMPATH\Common.php(1135): CodeIgniter\View\View->render('v_template_admin', [], true)
 7 APPPATH\Controllers\Agenda.php(73): view('v_template_admin', [...])
 8 SYSTEMPATH\CodeIgniter.php(925): App\Controllers\Agenda->Laporan()
 9 SYSTEMPATH\CodeIgniter.php(480): CodeIgniter\CodeIgniter->runController(Object(App\Controllers\Agenda))
10 SYSTEMPATH\CodeIgniter.php(349): CodeIgniter\CodeIgniter->handleRequest(null, Object(Config\Cache), false)
11 FCPATH\index.php(67): CodeIgniter\CodeIgniter->run()
CRITICAL - 2023-06-16 17:03:02 --> Invalid file: v_laporan_agenda.php
in SYSTEMPATH\Exceptions\FrameworkException.php on line 33.
 1 SYSTEMPATH\View\View.php(201): CodeIgniter\Exceptions\FrameworkException::forInvalidFile('v_laporan_agenda.php')
 2 SYSTEMPATH\Common.php(1135): CodeIgniter\View\View->render('v_laporan_agenda', [], true)
 3 APPPATH\Views\v_template_admin.php(325): view('v_laporan_agenda')
 4 SYSTEMPATH\View\View.php(213): include('APPPATH\\Views\\v_template_admin.php')
 5 SYSTEMPATH\View\View.php(216): CodeIgniter\View\View->CodeIgniter\View\{closure}()
 6 SYSTEMPATH\Common.php(1135): CodeIgniter\View\View->render('v_template_admin', [], true)
 7 APPPATH\Controllers\Agenda.php(73): view('v_template_admin', [...])
 8 SYSTEMPATH\CodeIgniter.php(925): App\Controllers\Agenda->Laporan()
 9 SYSTEMPATH\CodeIgniter.php(480): CodeIgniter\CodeIgniter->runController(Object(App\Controllers\Agenda))
10 SYSTEMPATH\CodeIgniter.php(349): CodeIgniter\CodeIgniter->handleRequest(null, Object(Config\Cache), false)
11 FCPATH\index.php(67): CodeIgniter\CodeIgniter->run()
CRITICAL - 2023-06-16 17:03:02 --> Invalid file: v_laporan_agenda.php
in SYSTEMPATH\Exceptions\FrameworkException.php on line 33.
 1 SYSTEMPATH\View\View.php(201): CodeIgniter\Exceptions\FrameworkException::forInvalidFile('v_laporan_agenda.php')
 2 SYSTEMPATH\Common.php(1135): CodeIgniter\View\View->render('v_laporan_agenda', [], true)
 3 APPPATH\Views\v_template_admin.php(325): view('v_laporan_agenda')
 4 SYSTEMPATH\View\View.php(213): include('APPPATH\\Views\\v_template_admin.php')
 5 SYSTEMPATH\View\View.php(216): CodeIgniter\View\View->CodeIgniter\View\{closure}()
 6 SYSTEMPATH\Common.php(1135): CodeIgniter\View\View->render('v_template_admin', [], true)
 7 APPPATH\Controllers\Agenda.php(73): view('v_template_admin', [...])
 8 SYSTEMPATH\CodeIgniter.php(925): App\Controllers\Agenda->Laporan()
 9 SYSTEMPATH\CodeIgniter.php(480): CodeIgniter\CodeIgniter->runController(Object(App\Controllers\Agenda))
10 SYSTEMPATH\CodeIgniter.php(349): CodeIgniter\CodeIgniter->handleRequest(null, Object(Config\Cache), false)
11 FCPATH\index.php(67): CodeIgniter\CodeIgniter->run()
CRITICAL - 2023-06-16 17:03:03 --> Invalid file: v_laporan_agenda.php
in SYSTEMPATH\Exceptions\FrameworkException.php on line 33.
 1 SYSTEMPATH\View\View.php(201): CodeIgniter\Exceptions\FrameworkException::forInvalidFile('v_laporan_agenda.php')
 2 SYSTEMPATH\Common.php(1135): CodeIgniter\View\View->render('v_laporan_agenda', [], true)
 3 APPPATH\Views\v_template_admin.php(325): view('v_laporan_agenda')
 4 SYSTEMPATH\View\View.php(213): include('APPPATH\\Views\\v_template_admin.php')
 5 SYSTEMPATH\View\View.php(216): CodeIgniter\View\View->CodeIgniter\View\{closure}()
 6 SYSTEMPATH\Common.php(1135): CodeIgniter\View\View->render('v_template_admin', [], true)
 7 APPPATH\Controllers\Agenda.php(73): view('v_template_admin', [...])
 8 SYSTEMPATH\CodeIgniter.php(925): App\Controllers\Agenda->Laporan()
 9 SYSTEMPATH\CodeIgniter.php(480): CodeIgniter\CodeIgniter->runController(Object(App\Controllers\Agenda))
10 SYSTEMPATH\CodeIgniter.php(349): CodeIgniter\CodeIgniter->handleRequest(null, Object(Config\Cache), false)
11 FCPATH\index.php(67): CodeIgniter\CodeIgniter->run()
CRITICAL - 2023-06-16 17:03:45 --> Invalid file: v_laporan_agenda.php
in SYSTEMPATH\Exceptions\FrameworkException.php on line 33.
 1 SYSTEMPATH\View\View.php(201): CodeIgniter\Exceptions\FrameworkException::forInvalidFile('v_laporan_agenda.php')
 2 SYSTEMPATH\Common.php(1135): CodeIgniter\View\View->render('v_laporan_agenda', [], true)
 3 APPPATH\Views\v_template_admin.php(325): view('v_laporan_agenda')
 4 SYSTEMPATH\View\View.php(213): include('APPPATH\\Views\\v_template_admin.php')
 5 SYSTEMPATH\View\View.php(216): CodeIgniter\View\View->CodeIgniter\View\{closure}()
 6 SYSTEMPATH\Common.php(1135): CodeIgniter\View\View->render('v_template_admin', [], true)
 7 APPPATH\Controllers\Agenda.php(73): view('v_template_admin', [...])
 8 SYSTEMPATH\CodeIgniter.php(925): App\Controllers\Agenda->Laporan()
 9 SYSTEMPATH\CodeIgniter.php(480): CodeIgniter\CodeIgniter->runController(Object(App\Controllers\Agenda))
10 SYSTEMPATH\CodeIgniter.php(349): CodeIgniter\CodeIgniter->handleRequest(null, Object(Config\Cache), false)
11 FCPATH\index.php(67): CodeIgniter\CodeIgniter->run()
CRITICAL - 2023-06-16 17:08:14 --> Invalid file: v_data_laporan.php
in SYSTEMPATH\Exceptions\FrameworkException.php on line 33.
 1 SYSTEMPATH\View\View.php(201): CodeIgniter\Exceptions\FrameworkException::forInvalidFile('v_data_laporan.php')
 2 SYSTEMPATH\Common.php(1135): CodeIgniter\View\View->render('v_data_laporan', [], true)
 3 APPPATH\Controllers\Agenda.php(87): view('v_data_laporan', [...])
 4 SYSTEMPATH\CodeIgniter.php(925): App\Controllers\Agenda->ViewLaporan()
 5 SYSTEMPATH\CodeIgniter.php(480): CodeIgniter\CodeIgniter->runController(Object(App\Controllers\Agenda))
 6 SYSTEMPATH\CodeIgniter.php(349): CodeIgniter\CodeIgniter->handleRequest(null, Object(Config\Cache), false)
 7 FCPATH\index.php(67): CodeIgniter\CodeIgniter->run()
CRITICAL - 2023-06-16 17:08:15 --> Invalid file: v_data_laporan.php
in SYSTEMPATH\Exceptions\FrameworkException.php on line 33.
 1 SYSTEMPATH\View\View.php(201): CodeIgniter\Exceptions\FrameworkException::forInvalidFile('v_data_laporan.php')
 2 SYSTEMPATH\Common.php(1135): CodeIgniter\View\View->render('v_data_laporan', [], true)
 3 APPPATH\Controllers\Agenda.php(87): view('v_data_laporan', [...])
 4 SYSTEMPATH\CodeIgniter.php(925): App\Controllers\Agenda->ViewLaporan()
 5 SYSTEMPATH\CodeIgniter.php(480): CodeIgniter\CodeIgniter->runController(Object(App\Controllers\Agenda))
 6 SYSTEMPATH\CodeIgniter.php(349): CodeIgniter\CodeIgniter->handleRequest(null, Object(Config\Cache), false)
 7 FCPATH\index.php(67): CodeIgniter\CodeIgniter->run()
CRITICAL - 2023-06-16 17:08:15 --> Invalid file: v_data_laporan.php
in SYSTEMPATH\Exceptions\FrameworkException.php on line 33.
 1 SYSTEMPATH\View\View.php(201): CodeIgniter\Exceptions\FrameworkException::forInvalidFile('v_data_laporan.php')
 2 SYSTEMPATH\Common.php(1135): CodeIgniter\View\View->render('v_data_laporan', [], true)
 3 APPPATH\Controllers\Agenda.php(87): view('v_data_laporan', [...])
 4 SYSTEMPATH\CodeIgniter.php(925): App\Controllers\Agenda->ViewLaporan()
 5 SYSTEMPATH\CodeIgniter.php(480): CodeIgniter\CodeIgniter->runController(Object(App\Controllers\Agenda))
 6 SYSTEMPATH\CodeIgniter.php(349): CodeIgniter\CodeIgniter->handleRequest(null, Object(Config\Cache), false)
 7 FCPATH\index.php(67): CodeIgniter\CodeIgniter->run()
CRITICAL - 2023-06-16 17:19:00 --> Invalid file: v_data_laporan.php
in SYSTEMPATH\Exceptions\FrameworkException.php on line 33.
 1 SYSTEMPATH\View\View.php(201): CodeIgniter\Exceptions\FrameworkException::forInvalidFile('v_data_laporan.php')
 2 SYSTEMPATH\Common.php(1135): CodeIgniter\View\View->render('v_data_laporan', [], true)
 3 APPPATH\Controllers\Agenda.php(87): view('v_data_laporan', [...])
 4 SYSTEMPATH\CodeIgniter.php(925): App\Controllers\Agenda->ViewLaporan()
 5 SYSTEMPATH\CodeIgniter.php(480): CodeIgniter\CodeIgniter->runController(Object(App\Controllers\Agenda))
 6 SYSTEMPATH\CodeIgniter.php(349): CodeIgniter\CodeIgniter->handleRequest(null, Object(Config\Cache), false)
 7 FCPATH\index.php(67): CodeIgniter\CodeIgniter->run()
CRITICAL - 2023-06-16 17:19:00 --> Invalid file: v_data_laporan.php
in SYSTEMPATH\Exceptions\FrameworkException.php on line 33.
 1 SYSTEMPATH\View\View.php(201): CodeIgniter\Exceptions\FrameworkException::forInvalidFile('v_data_laporan.php')
 2 SYSTEMPATH\Common.php(1135): CodeIgniter\View\View->render('v_data_laporan', [], true)
 3 APPPATH\Controllers\Agenda.php(87): view('v_data_laporan', [...])
 4 SYSTEMPATH\CodeIgniter.php(925): App\Controllers\Agenda->ViewLaporan()
 5 SYSTEMPATH\CodeIgniter.php(480): CodeIgniter\CodeIgniter->runController(Object(App\Controllers\Agenda))
 6 SYSTEMPATH\CodeIgniter.php(349): CodeIgniter\CodeIgniter->handleRequest(null, Object(Config\Cache), false)
 7 FCPATH\index.php(67): CodeIgniter\CodeIgniter->run()
CRITICAL - 2023-06-16 17:19:00 --> Invalid file: v_data_laporan.php
in SYSTEMPATH\Exceptions\FrameworkException.php on line 33.
 1 SYSTEMPATH\View\View.php(201): CodeIgniter\Exceptions\FrameworkException::forInvalidFile('v_data_laporan.php')
 2 SYSTEMPATH\Common.php(1135): CodeIgniter\View\View->render('v_data_laporan', [], true)
 3 APPPATH\Controllers\Agenda.php(87): view('v_data_laporan', [...])
 4 SYSTEMPATH\CodeIgniter.php(925): App\Controllers\Agenda->ViewLaporan()
 5 SYSTEMPATH\CodeIgniter.php(480): CodeIgniter\CodeIgniter->runController(Object(App\Controllers\Agenda))
 6 SYSTEMPATH\CodeIgniter.php(349): CodeIgniter\CodeIgniter->handleRequest(null, Object(Config\Cache), false)
 7 FCPATH\index.php(67): CodeIgniter\CodeIgniter->run()
CRITICAL - 2023-06-16 17:19:01 --> Invalid file: v_data_laporan.php
in SYSTEMPATH\Exceptions\FrameworkException.php on line 33.
 1 SYSTEMPATH\View\View.php(201): CodeIgniter\Exceptions\FrameworkException::forInvalidFile('v_data_laporan.php')
 2 SYSTEMPATH\Common.php(1135): CodeIgniter\View\View->render('v_data_laporan', [], true)
 3 APPPATH\Controllers\Agenda.php(87): view('v_data_laporan', [...])
 4 SYSTEMPATH\CodeIgniter.php(925): App\Controllers\Agenda->ViewLaporan()
 5 SYSTEMPATH\CodeIgniter.php(480): CodeIgniter\CodeIgniter->runController(Object(App\Controllers\Agenda))
 6 SYSTEMPATH\CodeIgniter.php(349): CodeIgniter\CodeIgniter->handleRequest(null, Object(Config\Cache), false)
 7 FCPATH\index.php(67): CodeIgniter\CodeIgniter->run()
CRITICAL - 2023-06-16 17:19:01 --> Invalid file: v_data_laporan.php
in SYSTEMPATH\Exceptions\FrameworkException.php on line 33.
 1 SYSTEMPATH\View\View.php(201): CodeIgniter\Exceptions\FrameworkException::forInvalidFile('v_data_laporan.php')
 2 SYSTEMPATH\Common.php(1135): CodeIgniter\View\View->render('v_data_laporan', [], true)
 3 APPPATH\Controllers\Agenda.php(87): view('v_data_laporan', [...])
 4 SYSTEMPATH\CodeIgniter.php(925): App\Controllers\Agenda->ViewLaporan()
 5 SYSTEMPATH\CodeIgniter.php(480): CodeIgniter\CodeIgniter->runController(Object(App\Controllers\Agenda))
 6 SYSTEMPATH\CodeIgniter.php(349): CodeIgniter\CodeIgniter->handleRequest(null, Object(Config\Cache), false)
 7 FCPATH\index.php(67): CodeIgniter\CodeIgniter->run()
CRITICAL - 2023-06-16 17:19:01 --> Invalid file: v_data_laporan.php
in SYSTEMPATH\Exceptions\FrameworkException.php on line 33.
 1 SYSTEMPATH\View\View.php(201): CodeIgniter\Exceptions\FrameworkException::forInvalidFile('v_data_laporan.php')
 2 SYSTEMPATH\Common.php(1135): CodeIgniter\View\View->render('v_data_laporan', [], true)
 3 APPPATH\Controllers\Agenda.php(87): view('v_data_laporan', [...])
 4 SYSTEMPATH\CodeIgniter.php(925): App\Controllers\Agenda->ViewLaporan()
 5 SYSTEMPATH\CodeIgniter.php(480): CodeIgniter\CodeIgniter->runController(Object(App\Controllers\Agenda))
 6 SYSTEMPATH\CodeIgniter.php(349): CodeIgniter\CodeIgniter->handleRequest(null, Object(Config\Cache), false)
 7 FCPATH\index.php(67): CodeIgniter\CodeIgniter->run()
CRITICAL - 2023-06-16 17:35:04 --> Invalid file: v_data_laporan.php
in SYSTEMPATH\Exceptions\FrameworkException.php on line 33.
 1 SYSTEMPATH\View\View.php(201): CodeIgniter\Exceptions\FrameworkException::forInvalidFile('v_data_laporan.php')
 2 SYSTEMPATH\Common.php(1135): CodeIgniter\View\View->render('v_data_laporan', [], true)
 3 APPPATH\Controllers\Agenda.php(87): view('v_data_laporan', [...])
 4 SYSTEMPATH\CodeIgniter.php(925): App\Controllers\Agenda->ViewLaporan()
 5 SYSTEMPATH\CodeIgniter.php(480): CodeIgniter\CodeIgniter->runController(Object(App\Controllers\Agenda))
 6 SYSTEMPATH\CodeIgniter.php(349): CodeIgniter\CodeIgniter->handleRequest(null, Object(Config\Cache), false)
 7 FCPATH\index.php(67): CodeIgniter\CodeIgniter->run()
CRITICAL - 2023-06-16 17:35:04 --> Invalid file: v_data_laporan.php
in SYSTEMPATH\Exceptions\FrameworkException.php on line 33.
 1 SYSTEMPATH\View\View.php(201): CodeIgniter\Exceptions\FrameworkException::forInvalidFile('v_data_laporan.php')
 2 SYSTEMPATH\Common.php(1135): CodeIgniter\View\View->render('v_data_laporan', [], true)
 3 APPPATH\Controllers\Agenda.php(87): view('v_data_laporan', [...])
 4 SYSTEMPATH\CodeIgniter.php(925): App\Controllers\Agenda->ViewLaporan()
 5 SYSTEMPATH\CodeIgniter.php(480): CodeIgniter\CodeIgniter->runController(Object(App\Controllers\Agenda))
 6 SYSTEMPATH\CodeIgniter.php(349): CodeIgniter\CodeIgniter->handleRequest(null, Object(Config\Cache), false)
 7 FCPATH\index.php(67): CodeIgniter\CodeIgniter->run()
CRITICAL - 2023-06-16 17:35:05 --> Invalid file: v_data_laporan.php
in SYSTEMPATH\Exceptions\FrameworkException.php on line 33.
 1 SYSTEMPATH\View\View.php(201): CodeIgniter\Exceptions\FrameworkException::forInvalidFile('v_data_laporan.php')
 2 SYSTEMPATH\Common.php(1135): CodeIgniter\View\View->render('v_data_laporan', [], true)
 3 APPPATH\Controllers\Agenda.php(87): view('v_data_laporan', [...])
 4 SYSTEMPATH\CodeIgniter.php(925): App\Controllers\Agenda->ViewLaporan()
 5 SYSTEMPATH\CodeIgniter.php(480): CodeIgniter\CodeIgniter->runController(Object(App\Controllers\Agenda))
 6 SYSTEMPATH\CodeIgniter.php(349): CodeIgniter\CodeIgniter->handleRequest(null, Object(Config\Cache), false)
 7 FCPATH\index.php(67): CodeIgniter\CodeIgniter->run()
CRITICAL - 2023-06-16 17:35:05 --> Invalid file: v_data_laporan.php
in SYSTEMPATH\Exceptions\FrameworkException.php on line 33.
 1 SYSTEMPATH\View\View.php(201): CodeIgniter\Exceptions\FrameworkException::forInvalidFile('v_data_laporan.php')
 2 SYSTEMPATH\Common.php(1135): CodeIgniter\View\View->render('v_data_laporan', [], true)
 3 APPPATH\Controllers\Agenda.php(87): view('v_data_laporan', [...])
 4 SYSTEMPATH\CodeIgniter.php(925): App\Controllers\Agenda->ViewLaporan()
 5 SYSTEMPATH\CodeIgniter.php(480): CodeIgniter\CodeIgniter->runController(Object(App\Controllers\Agenda))
 6 SYSTEMPATH\CodeIgniter.php(349): CodeIgniter\CodeIgniter->handleRequest(null, Object(Config\Cache), false)
 7 FCPATH\index.php(67): CodeIgniter\CodeIgniter->run()
CRITICAL - 2023-06-16 17:35:05 --> Invalid file: v_data_laporan.php
in SYSTEMPATH\Exceptions\FrameworkException.php on line 33.
 1 SYSTEMPATH\View\View.php(201): CodeIgniter\Exceptions\FrameworkException::forInvalidFile('v_data_laporan.php')
 2 SYSTEMPATH\Common.php(1135): CodeIgniter\View\View->render('v_data_laporan', [], true)
 3 APPPATH\Controllers\Agenda.php(87): view('v_data_laporan', [...])
 4 SYSTEMPATH\CodeIgniter.php(925): App\Controllers\Agenda->ViewLaporan()
 5 SYSTEMPATH\CodeIgniter.php(480): CodeIgniter\CodeIgniter->runController(Object(App\Controllers\Agenda))
 6 SYSTEMPATH\CodeIgniter.php(349): CodeIgniter\CodeIgniter->handleRequest(null, Object(Config\Cache), false)
 7 FCPATH\index.php(67): CodeIgniter\CodeIgniter->run()
CRITICAL - 2023-06-16 17:35:05 --> Invalid file: v_data_laporan.php
in SYSTEMPATH\Exceptions\FrameworkException.php on line 33.
 1 SYSTEMPATH\View\View.php(201): CodeIgniter\Exceptions\FrameworkException::forInvalidFile('v_data_laporan.php')
 2 SYSTEMPATH\Common.php(1135): CodeIgniter\View\View->render('v_data_laporan', [], true)
 3 APPPATH\Controllers\Agenda.php(87): view('v_data_laporan', [...])
 4 SYSTEMPATH\CodeIgniter.php(925): App\Controllers\Agenda->ViewLaporan()
 5 SYSTEMPATH\CodeIgniter.php(480): CodeIgniter\CodeIgniter->runController(Object(App\Controllers\Agenda))
 6 SYSTEMPATH\CodeIgniter.php(349): CodeIgniter\CodeIgniter->handleRequest(null, Object(Config\Cache), false)
 7 FCPATH\index.php(67): CodeIgniter\CodeIgniter->run()
CRITICAL - 2023-06-16 17:35:05 --> Invalid file: v_data_laporan.php
in SYSTEMPATH\Exceptions\FrameworkException.php on line 33.
 1 SYSTEMPATH\View\View.php(201): CodeIgniter\Exceptions\FrameworkException::forInvalidFile('v_data_laporan.php')
 2 SYSTEMPATH\Common.php(1135): CodeIgniter\View\View->render('v_data_laporan', [], true)
 3 APPPATH\Controllers\Agenda.php(87): view('v_data_laporan', [...])
 4 SYSTEMPATH\CodeIgniter.php(925): App\Controllers\Agenda->ViewLaporan()
 5 SYSTEMPATH\CodeIgniter.php(480): CodeIgniter\CodeIgniter->runController(Object(App\Controllers\Agenda))
 6 SYSTEMPATH\CodeIgniter.php(349): CodeIgniter\CodeIgniter->handleRequest(null, Object(Config\Cache), false)
 7 FCPATH\index.php(67): CodeIgniter\CodeIgniter->run()
CRITICAL - 2023-06-16 17:35:06 --> Invalid file: v_data_laporan.php
in SYSTEMPATH\Exceptions\FrameworkException.php on line 33.
 1 SYSTEMPATH\View\View.php(201): CodeIgniter\Exceptions\FrameworkException::forInvalidFile('v_data_laporan.php')
 2 SYSTEMPATH\Common.php(1135): CodeIgniter\View\View->render('v_data_laporan', [], true)
 3 APPPATH\Controllers\Agenda.php(87): view('v_data_laporan', [...])
 4 SYSTEMPATH\CodeIgniter.php(925): App\Controllers\Agenda->ViewLaporan()
 5 SYSTEMPATH\CodeIgniter.php(480): CodeIgniter\CodeIgniter->runController(Object(App\Controllers\Agenda))
 6 SYSTEMPATH\CodeIgniter.php(349): CodeIgniter\CodeIgniter->handleRequest(null, Object(Config\Cache), false)
 7 FCPATH\index.php(67): CodeIgniter\CodeIgniter->run()
CRITICAL - 2023-06-16 17:35:06 --> Invalid file: v_data_laporan.php
in SYSTEMPATH\Exceptions\FrameworkException.php on line 33.
 1 SYSTEMPATH\View\View.php(201): CodeIgniter\Exceptions\FrameworkException::forInvalidFile('v_data_laporan.php')
 2 SYSTEMPATH\Common.php(1135): CodeIgniter\View\View->render('v_data_laporan', [], true)
 3 APPPATH\Controllers\Agenda.php(87): view('v_data_laporan', [...])
 4 SYSTEMPATH\CodeIgniter.php(925): App\Controllers\Agenda->ViewLaporan()
 5 SYSTEMPATH\CodeIgniter.php(480): CodeIgniter\CodeIgniter->runController(Object(App\Controllers\Agenda))
 6 SYSTEMPATH\CodeIgniter.php(349): CodeIgniter\CodeIgniter->handleRequest(null, Object(Config\Cache), false)
 7 FCPATH\index.php(67): CodeIgniter\CodeIgniter->run()
CRITICAL - 2023-06-16 17:35:06 --> Invalid file: v_data_laporan.php
in SYSTEMPATH\Exceptions\FrameworkException.php on line 33.
 1 SYSTEMPATH\View\View.php(201): CodeIgniter\Exceptions\FrameworkException::forInvalidFile('v_data_laporan.php')
 2 SYSTEMPATH\Common.php(1135): CodeIgniter\View\View->render('v_data_laporan', [], true)
 3 APPPATH\Controllers\Agenda.php(87): view('v_data_laporan', [...])
 4 SYSTEMPATH\CodeIgniter.php(925): App\Controllers\Agenda->ViewLaporan()
 5 SYSTEMPATH\CodeIgniter.php(480): CodeIgniter\CodeIgniter->runController(Object(App\Controllers\Agenda))
 6 SYSTEMPATH\CodeIgniter.php(349): CodeIgniter\CodeIgniter->handleRequest(null, Object(Config\Cache), false)
 7 FCPATH\index.php(67): CodeIgniter\CodeIgniter->run()
CRITICAL - 2023-06-16 17:57:05 --> Undefined variable $user
in APPPATH\Views\agenda\v_data_laporan.php on line 14.
 1 APPPATH\Views\agenda\v_data_laporan.php(14): CodeIgniter\Debug\Exceptions->errorHandler(2, 'Undefined variable $user', 'APPPATH\\Views\\agenda\\v_data_laporan.php', 14)
 2 SYSTEMPATH\View\View.php(213): include('APPPATH\\Views\\agenda\\v_data_laporan.php')
 3 SYSTEMPATH\View\View.php(216): CodeIgniter\View\View->CodeIgniter\View\{closure}()
 4 SYSTEMPATH\Common.php(1135): CodeIgniter\View\View->render('agenda/v_data_laporan', [], true)
 5 APPPATH\Controllers\Agenda.php(87): view('agenda/v_data_laporan', [...])
 6 SYSTEMPATH\CodeIgniter.php(925): App\Controllers\Agenda->ViewLaporan()
 7 SYSTEMPATH\CodeIgniter.php(480): CodeIgniter\CodeIgniter->runController(Object(App\Controllers\Agenda))
 8 SYSTEMPATH\CodeIgniter.php(349): CodeIgniter\CodeIgniter->handleRequest(null, Object(Config\Cache), false)
 9 FCPATH\index.php(67): CodeIgniter\CodeIgniter->run()
CRITICAL - 2023-06-16 17:57:06 --> Undefined variable $user
in APPPATH\Views\agenda\v_data_laporan.php on line 14.
 1 APPPATH\Views\agenda\v_data_laporan.php(14): CodeIgniter\Debug\Exceptions->errorHandler(2, 'Undefined variable $user', 'APPPATH\\Views\\agenda\\v_data_laporan.php', 14)
 2 SYSTEMPATH\View\View.php(213): include('APPPATH\\Views\\agenda\\v_data_laporan.php')
 3 SYSTEMPATH\View\View.php(216): CodeIgniter\View\View->CodeIgniter\View\{closure}()
 4 SYSTEMPATH\Common.php(1135): CodeIgniter\View\View->render('agenda/v_data_laporan', [], true)
 5 APPPATH\Controllers\Agenda.php(87): view('agenda/v_data_laporan', [...])
 6 SYSTEMPATH\CodeIgniter.php(925): App\Controllers\Agenda->ViewLaporan()
 7 SYSTEMPATH\CodeIgniter.php(480): CodeIgniter\CodeIgniter->runController(Object(App\Controllers\Agenda))
 8 SYSTEMPATH\CodeIgniter.php(349): CodeIgniter\CodeIgniter->handleRequest(null, Object(Config\Cache), false)
 9 FCPATH\index.php(67): CodeIgniter\CodeIgniter->run()
CRITICAL - 2023-06-16 17:57:06 --> Undefined variable $user
in APPPATH\Views\agenda\v_data_laporan.php on line 14.
 1 APPPATH\Views\agenda\v_data_laporan.php(14): CodeIgniter\Debug\Exceptions->errorHandler(2, 'Undefined variable $user', 'APPPATH\\Views\\agenda\\v_data_laporan.php', 14)
 2 SYSTEMPATH\View\View.php(213): include('APPPATH\\Views\\agenda\\v_data_laporan.php')
 3 SYSTEMPATH\View\View.php(216): CodeIgniter\View\View->CodeIgniter\View\{closure}()
 4 SYSTEMPATH\Common.php(1135): CodeIgniter\View\View->render('agenda/v_data_laporan', [], true)
 5 APPPATH\Controllers\Agenda.php(87): view('agenda/v_data_laporan', [...])
 6 SYSTEMPATH\CodeIgniter.php(925): App\Controllers\Agenda->ViewLaporan()
 7 SYSTEMPATH\CodeIgniter.php(480): CodeIgniter\CodeIgniter->runController(Object(App\Controllers\Agenda))
 8 SYSTEMPATH\CodeIgniter.php(349): CodeIgniter\CodeIgniter->handleRequest(null, Object(Config\Cache), false)
 9 FCPATH\index.php(67): CodeIgniter\CodeIgniter->run()
