CRITICAL - 2023-06-08 19:29:09 --> Undefined variable $user
in APPPATH\Views\v_user.php on line 42.
 1 APPPATH\Views\v_user.php(42): CodeIgniter\Debug\Exceptions->errorHandler(2, 'Undefined variable $user', 'APPPATH\\Views\\v_user.php', 42)
 2 SYSTEMPATH\View\View.php(213): include('APPPATH\\Views\\v_user.php')
 3 SYSTEMPATH\View\View.php(216): CodeIgniter\View\View->CodeIgniter\View\{closure}()
 4 SYSTEMPATH\Common.php(1135): CodeIgniter\View\View->render('v_user', [], true)
 5 APPPATH\Views\v_template_admin.php(348): view('v_user')
 6 SYSTEMPATH\View\View.php(213): include('APPPATH\\Views\\v_template_admin.php')
 7 SYSTEMPATH\View\View.php(216): CodeIgniter\View\View->CodeIgniter\View\{closure}()
 8 SYSTEMPATH\Common.php(1135): CodeIgniter\View\View->render('v_template_admin', [], true)
 9 APPPATH\Controllers\User.php(27): view('v_template_admin', [...])
10 SYSTEMPATH\CodeIgniter.php(925): App\Controllers\User->index()
11 SYSTEMPATH\CodeIgniter.php(480): CodeIgniter\CodeIgniter->runController(Object(App\Controllers\User))
12 SYSTEMPATH\CodeIgniter.php(349): CodeIgniter\CodeIgniter->handleRequest(null, Object(Config\Cache), false)
13 FCPATH\index.php(67): CodeIgniter\CodeIgniter->run()
CRITICAL - 2023-06-08 19:29:23 --> Undefined variable $User
in APPPATH\Views\v_user.php on line 41.
 1 APPPATH\Views\v_user.php(41): CodeIgniter\Debug\Exceptions->errorHandler(2, 'Undefined variable $User', 'APPPATH\\Views\\v_user.php', 41)
 2 SYSTEMPATH\View\View.php(213): include('APPPATH\\Views\\v_user.php')
 3 SYSTEMPATH\View\View.php(216): CodeIgniter\View\View->CodeIgniter\View\{closure}()
 4 SYSTEMPATH\Common.php(1135): CodeIgniter\View\View->render('v_user', [], true)
 5 APPPATH\Views\v_template_admin.php(348): view('v_user')
 6 SYSTEMPATH\View\View.php(213): include('APPPATH\\Views\\v_template_admin.php')
 7 SYSTEMPATH\View\View.php(216): CodeIgniter\View\View->CodeIgniter\View\{closure}()
 8 SYSTEMPATH\Common.php(1135): CodeIgniter\View\View->render('v_template_admin', [], true)
 9 APPPATH\Controllers\User.php(27): view('v_template_admin', [...])
10 SYSTEMPATH\CodeIgniter.php(925): App\Controllers\User->index()
11 SYSTEMPATH\CodeIgniter.php(480): CodeIgniter\CodeIgniter->runController(Object(App\Controllers\User))
12 SYSTEMPATH\CodeIgniter.php(349): CodeIgniter\CodeIgniter->handleRequest(null, Object(Config\Cache), false)
13 FCPATH\index.php(67): CodeIgniter\CodeIgniter->run()
CRITICAL - 2023-06-08 19:29:57 --> Undefined variable $User
in APPPATH\Views\v_user.php on line 41.
 1 APPPATH\Views\v_user.php(41): CodeIgniter\Debug\Exceptions->errorHandler(2, 'Undefined variable $User', 'APPPATH\\Views\\v_user.php', 41)
 2 SYSTEMPATH\View\View.php(213): include('APPPATH\\Views\\v_user.php')
 3 SYSTEMPATH\View\View.php(216): CodeIgniter\View\View->CodeIgniter\View\{closure}()
 4 SYSTEMPATH\Common.php(1135): CodeIgniter\View\View->render('v_user', [], true)
 5 APPPATH\Views\v_template_admin.php(348): view('v_user')
 6 SYSTEMPATH\View\View.php(213): include('APPPATH\\Views\\v_template_admin.php')
 7 SYSTEMPATH\View\View.php(216): CodeIgniter\View\View->CodeIgniter\View\{closure}()
 8 SYSTEMPATH\Common.php(1135): CodeIgniter\View\View->render('v_template_admin', [], true)
 9 APPPATH\Controllers\User.php(27): view('v_template_admin', [...])
10 SYSTEMPATH\CodeIgniter.php(925): App\Controllers\User->index()
11 SYSTEMPATH\CodeIgniter.php(480): CodeIgniter\CodeIgniter->runController(Object(App\Controllers\User))
12 SYSTEMPATH\CodeIgniter.php(349): CodeIgniter\CodeIgniter->handleRequest(null, Object(Config\Cache), false)
13 FCPATH\index.php(67): CodeIgniter\CodeIgniter->run()
CRITICAL - 2023-06-08 19:30:00 --> Undefined variable $User
in APPPATH\Views\v_user.php on line 41.
 1 APPPATH\Views\v_user.php(41): CodeIgniter\Debug\Exceptions->errorHandler(2, 'Undefined variable $User', 'APPPATH\\Views\\v_user.php', 41)
 2 SYSTEMPATH\View\View.php(213): include('APPPATH\\Views\\v_user.php')
 3 SYSTEMPATH\View\View.php(216): CodeIgniter\View\View->CodeIgniter\View\{closure}()
 4 SYSTEMPATH\Common.php(1135): CodeIgniter\View\View->render('v_user', [], true)
 5 APPPATH\Views\v_template_admin.php(348): view('v_user')
 6 SYSTEMPATH\View\View.php(213): include('APPPATH\\Views\\v_template_admin.php')
 7 SYSTEMPATH\View\View.php(216): CodeIgniter\View\View->CodeIgniter\View\{closure}()
 8 SYSTEMPATH\Common.php(1135): CodeIgniter\View\View->render('v_template_admin', [], true)
 9 APPPATH\Controllers\User.php(27): view('v_template_admin', [...])
10 SYSTEMPATH\CodeIgniter.php(925): App\Controllers\User->index()
11 SYSTEMPATH\CodeIgniter.php(480): CodeIgniter\CodeIgniter->runController(Object(App\Controllers\User))
12 SYSTEMPATH\CodeIgniter.php(349): CodeIgniter\CodeIgniter->handleRequest(null, Object(Config\Cache), false)
13 FCPATH\index.php(67): CodeIgniter\CodeIgniter->run()
CRITICAL - 2023-06-08 19:30:01 --> Undefined variable $User
in APPPATH\Views\v_user.php on line 41.
 1 APPPATH\Views\v_user.php(41): CodeIgniter\Debug\Exceptions->errorHandler(2, 'Undefined variable $User', 'APPPATH\\Views\\v_user.php', 41)
 2 SYSTEMPATH\View\View.php(213): include('APPPATH\\Views\\v_user.php')
 3 SYSTEMPATH\View\View.php(216): CodeIgniter\View\View->CodeIgniter\View\{closure}()
 4 SYSTEMPATH\Common.php(1135): CodeIgniter\View\View->render('v_user', [], true)
 5 APPPATH\Views\v_template_admin.php(348): view('v_user')
 6 SYSTEMPATH\View\View.php(213): include('APPPATH\\Views\\v_template_admin.php')
 7 SYSTEMPATH\View\View.php(216): CodeIgniter\View\View->CodeIgniter\View\{closure}()
 8 SYSTEMPATH\Common.php(1135): CodeIgniter\View\View->render('v_template_admin', [], true)
 9 APPPATH\Controllers\User.php(27): view('v_template_admin', [...])
10 SYSTEMPATH\CodeIgniter.php(925): App\Controllers\User->index()
11 SYSTEMPATH\CodeIgniter.php(480): CodeIgniter\CodeIgniter->runController(Object(App\Controllers\User))
12 SYSTEMPATH\CodeIgniter.php(349): CodeIgniter\CodeIgniter->handleRequest(null, Object(Config\Cache), false)
13 FCPATH\index.php(67): CodeIgniter\CodeIgniter->run()
CRITICAL - 2023-06-08 19:30:02 --> Undefined variable $User
in APPPATH\Views\v_user.php on line 41.
 1 APPPATH\Views\v_user.php(41): CodeIgniter\Debug\Exceptions->errorHandler(2, 'Undefined variable $User', 'APPPATH\\Views\\v_user.php', 41)
 2 SYSTEMPATH\View\View.php(213): include('APPPATH\\Views\\v_user.php')
 3 SYSTEMPATH\View\View.php(216): CodeIgniter\View\View->CodeIgniter\View\{closure}()
 4 SYSTEMPATH\Common.php(1135): CodeIgniter\View\View->render('v_user', [], true)
 5 APPPATH\Views\v_template_admin.php(348): view('v_user')
 6 SYSTEMPATH\View\View.php(213): include('APPPATH\\Views\\v_template_admin.php')
 7 SYSTEMPATH\View\View.php(216): CodeIgniter\View\View->CodeIgniter\View\{closure}()
 8 SYSTEMPATH\Common.php(1135): CodeIgniter\View\View->render('v_template_admin', [], true)
 9 APPPATH\Controllers\User.php(27): view('v_template_admin', [...])
10 SYSTEMPATH\CodeIgniter.php(925): App\Controllers\User->index()
11 SYSTEMPATH\CodeIgniter.php(480): CodeIgniter\CodeIgniter->runController(Object(App\Controllers\User))
12 SYSTEMPATH\CodeIgniter.php(349): CodeIgniter\CodeIgniter->handleRequest(null, Object(Config\Cache), false)
13 FCPATH\index.php(67): CodeIgniter\CodeIgniter->run()
CRITICAL - 2023-06-08 19:30:02 --> Undefined variable $User
in APPPATH\Views\v_user.php on line 41.
 1 APPPATH\Views\v_user.php(41): CodeIgniter\Debug\Exceptions->errorHandler(2, 'Undefined variable $User', 'APPPATH\\Views\\v_user.php', 41)
 2 SYSTEMPATH\View\View.php(213): include('APPPATH\\Views\\v_user.php')
 3 SYSTEMPATH\View\View.php(216): CodeIgniter\View\View->CodeIgniter\View\{closure}()
 4 SYSTEMPATH\Common.php(1135): CodeIgniter\View\View->render('v_user', [], true)
 5 APPPATH\Views\v_template_admin.php(348): view('v_user')
 6 SYSTEMPATH\View\View.php(213): include('APPPATH\\Views\\v_template_admin.php')
 7 SYSTEMPATH\View\View.php(216): CodeIgniter\View\View->CodeIgniter\View\{closure}()
 8 SYSTEMPATH\Common.php(1135): CodeIgniter\View\View->render('v_template_admin', [], true)
 9 APPPATH\Controllers\User.php(27): view('v_template_admin', [...])
10 SYSTEMPATH\CodeIgniter.php(925): App\Controllers\User->index()
11 SYSTEMPATH\CodeIgniter.php(480): CodeIgniter\CodeIgniter->runController(Object(App\Controllers\User))
12 SYSTEMPATH\CodeIgniter.php(349): CodeIgniter\CodeIgniter->handleRequest(null, Object(Config\Cache), false)
13 FCPATH\index.php(67): CodeIgniter\CodeIgniter->run()
CRITICAL - 2023-06-08 19:30:03 --> Undefined variable $User
in APPPATH\Views\v_user.php on line 41.
 1 APPPATH\Views\v_user.php(41): CodeIgniter\Debug\Exceptions->errorHandler(2, 'Undefined variable $User', 'APPPATH\\Views\\v_user.php', 41)
 2 SYSTEMPATH\View\View.php(213): include('APPPATH\\Views\\v_user.php')
 3 SYSTEMPATH\View\View.php(216): CodeIgniter\View\View->CodeIgniter\View\{closure}()
 4 SYSTEMPATH\Common.php(1135): CodeIgniter\View\View->render('v_user', [], true)
 5 APPPATH\Views\v_template_admin.php(348): view('v_user')
 6 SYSTEMPATH\View\View.php(213): include('APPPATH\\Views\\v_template_admin.php')
 7 SYSTEMPATH\View\View.php(216): CodeIgniter\View\View->CodeIgniter\View\{closure}()
 8 SYSTEMPATH\Common.php(1135): CodeIgniter\View\View->render('v_template_admin', [], true)
 9 APPPATH\Controllers\User.php(27): view('v_template_admin', [...])
10 SYSTEMPATH\CodeIgniter.php(925): App\Controllers\User->index()
11 SYSTEMPATH\CodeIgniter.php(480): CodeIgniter\CodeIgniter->runController(Object(App\Controllers\User))
12 SYSTEMPATH\CodeIgniter.php(349): CodeIgniter\CodeIgniter->handleRequest(null, Object(Config\Cache), false)
13 FCPATH\index.php(67): CodeIgniter\CodeIgniter->run()
CRITICAL - 2023-06-08 19:30:09 --> Undefined variable $User
in APPPATH\Views\v_user.php on line 41.
 1 APPPATH\Views\v_user.php(41): CodeIgniter\Debug\Exceptions->errorHandler(2, 'Undefined variable $User', 'APPPATH\\Views\\v_user.php', 41)
 2 SYSTEMPATH\View\View.php(213): include('APPPATH\\Views\\v_user.php')
 3 SYSTEMPATH\View\View.php(216): CodeIgniter\View\View->CodeIgniter\View\{closure}()
 4 SYSTEMPATH\Common.php(1135): CodeIgniter\View\View->render('v_user', [], true)
 5 APPPATH\Views\v_template_admin.php(348): view('v_user')
 6 SYSTEMPATH\View\View.php(213): include('APPPATH\\Views\\v_template_admin.php')
 7 SYSTEMPATH\View\View.php(216): CodeIgniter\View\View->CodeIgniter\View\{closure}()
 8 SYSTEMPATH\Common.php(1135): CodeIgniter\View\View->render('v_template_admin', [], true)
 9 APPPATH\Controllers\User.php(27): view('v_template_admin', [...])
10 SYSTEMPATH\CodeIgniter.php(925): App\Controllers\User->index()
11 SYSTEMPATH\CodeIgniter.php(480): CodeIgniter\CodeIgniter->runController(Object(App\Controllers\User))
12 SYSTEMPATH\CodeIgniter.php(349): CodeIgniter\CodeIgniter->handleRequest(null, Object(Config\Cache), false)
13 FCPATH\index.php(67): CodeIgniter\CodeIgniter->run()
CRITICAL - 2023-06-08 19:30:25 --> Undefined variable $User
in APPPATH\Views\v_user.php on line 41.
 1 APPPATH\Views\v_user.php(41): CodeIgniter\Debug\Exceptions->errorHandler(2, 'Undefined variable $User', 'APPPATH\\Views\\v_user.php', 41)
 2 SYSTEMPATH\View\View.php(213): include('APPPATH\\Views\\v_user.php')
 3 SYSTEMPATH\View\View.php(216): CodeIgniter\View\View->CodeIgniter\View\{closure}()
 4 SYSTEMPATH\Common.php(1135): CodeIgniter\View\View->render('v_user', [], true)
 5 APPPATH\Views\v_template_admin.php(348): view('v_user')
 6 SYSTEMPATH\View\View.php(213): include('APPPATH\\Views\\v_template_admin.php')
 7 SYSTEMPATH\View\View.php(216): CodeIgniter\View\View->CodeIgniter\View\{closure}()
 8 SYSTEMPATH\Common.php(1135): CodeIgniter\View\View->render('v_template_admin', [], true)
 9 APPPATH\Controllers\User.php(27): view('v_template_admin', [...])
10 SYSTEMPATH\CodeIgniter.php(925): App\Controllers\User->index()
11 SYSTEMPATH\CodeIgniter.php(480): CodeIgniter\CodeIgniter->runController(Object(App\Controllers\User))
12 SYSTEMPATH\CodeIgniter.php(349): CodeIgniter\CodeIgniter->handleRequest(null, Object(Config\Cache), false)
13 FCPATH\index.php(67): CodeIgniter\CodeIgniter->run()
CRITICAL - 2023-06-08 19:31:32 --> Undefined variable $user
in APPPATH\Views\v_user.php on line 42.
 1 APPPATH\Views\v_user.php(42): CodeIgniter\Debug\Exceptions->errorHandler(2, 'Undefined variable $user', 'APPPATH\\Views\\v_user.php', 42)
 2 SYSTEMPATH\View\View.php(213): include('APPPATH\\Views\\v_user.php')
 3 SYSTEMPATH\View\View.php(216): CodeIgniter\View\View->CodeIgniter\View\{closure}()
 4 SYSTEMPATH\Common.php(1135): CodeIgniter\View\View->render('v_user', [], true)
 5 APPPATH\Views\v_template_admin.php(348): view('v_user')
 6 SYSTEMPATH\View\View.php(213): include('APPPATH\\Views\\v_template_admin.php')
 7 SYSTEMPATH\View\View.php(216): CodeIgniter\View\View->CodeIgniter\View\{closure}()
 8 SYSTEMPATH\Common.php(1135): CodeIgniter\View\View->render('v_template_admin', [], true)
 9 APPPATH\Controllers\User.php(27): view('v_template_admin', [...])
10 SYSTEMPATH\CodeIgniter.php(925): App\Controllers\User->index()
11 SYSTEMPATH\CodeIgniter.php(480): CodeIgniter\CodeIgniter->runController(Object(App\Controllers\User))
12 SYSTEMPATH\CodeIgniter.php(349): CodeIgniter\CodeIgniter->handleRequest(null, Object(Config\Cache), false)
13 FCPATH\index.php(67): CodeIgniter\CodeIgniter->run()
CRITICAL - 2023-06-08 19:31:33 --> Undefined variable $user
in APPPATH\Views\v_user.php on line 42.
 1 APPPATH\Views\v_user.php(42): CodeIgniter\Debug\Exceptions->errorHandler(2, 'Undefined variable $user', 'APPPATH\\Views\\v_user.php', 42)
 2 SYSTEMPATH\View\View.php(213): include('APPPATH\\Views\\v_user.php')
 3 SYSTEMPATH\View\View.php(216): CodeIgniter\View\View->CodeIgniter\View\{closure}()
 4 SYSTEMPATH\Common.php(1135): CodeIgniter\View\View->render('v_user', [], true)
 5 APPPATH\Views\v_template_admin.php(348): view('v_user')
 6 SYSTEMPATH\View\View.php(213): include('APPPATH\\Views\\v_template_admin.php')
 7 SYSTEMPATH\View\View.php(216): CodeIgniter\View\View->CodeIgniter\View\{closure}()
 8 SYSTEMPATH\Common.php(1135): CodeIgniter\View\View->render('v_template_admin', [], true)
 9 APPPATH\Controllers\User.php(27): view('v_template_admin', [...])
10 SYSTEMPATH\CodeIgniter.php(925): App\Controllers\User->index()
11 SYSTEMPATH\CodeIgniter.php(480): CodeIgniter\CodeIgniter->runController(Object(App\Controllers\User))
12 SYSTEMPATH\CodeIgniter.php(349): CodeIgniter\CodeIgniter->handleRequest(null, Object(Config\Cache), false)
13 FCPATH\index.php(67): CodeIgniter\CodeIgniter->run()
CRITICAL - 2023-06-08 19:31:53 --> Undefined variable $user
in APPPATH\Views\v_user.php on line 42.
 1 APPPATH\Views\v_user.php(42): CodeIgniter\Debug\Exceptions->errorHandler(2, 'Undefined variable $user', 'APPPATH\\Views\\v_user.php', 42)
 2 SYSTEMPATH\View\View.php(213): include('APPPATH\\Views\\v_user.php')
 3 SYSTEMPATH\View\View.php(216): CodeIgniter\View\View->CodeIgniter\View\{closure}()
 4 SYSTEMPATH\Common.php(1135): CodeIgniter\View\View->render('v_user', [], true)
 5 APPPATH\Views\v_template_admin.php(348): view('v_user')
 6 SYSTEMPATH\View\View.php(213): include('APPPATH\\Views\\v_template_admin.php')
 7 SYSTEMPATH\View\View.php(216): CodeIgniter\View\View->CodeIgniter\View\{closure}()
 8 SYSTEMPATH\Common.php(1135): CodeIgniter\View\View->render('v_template_admin', [], true)
 9 APPPATH\Controllers\User.php(27): view('v_template_admin', [...])
10 SYSTEMPATH\CodeIgniter.php(925): App\Controllers\User->index()
11 SYSTEMPATH\CodeIgniter.php(480): CodeIgniter\CodeIgniter->runController(Object(App\Controllers\User))
12 SYSTEMPATH\CodeIgniter.php(349): CodeIgniter\CodeIgniter->handleRequest(null, Object(Config\Cache), false)
13 FCPATH\index.php(67): CodeIgniter\CodeIgniter->run()
CRITICAL - 2023-06-08 19:33:05 --> Undefined array key "id_agenda"
in APPPATH\Views\v_user.php on line 52.
 1 APPPATH\Views\v_user.php(52): CodeIgniter\Debug\Exceptions->errorHandler(2, 'Undefined array key "id_agenda"', 'APPPATH\\Views\\v_user.php', 52)
 2 SYSTEMPATH\View\View.php(213): include('APPPATH\\Views\\v_user.php')
 3 SYSTEMPATH\View\View.php(216): CodeIgniter\View\View->CodeIgniter\View\{closure}()
 4 SYSTEMPATH\Common.php(1135): CodeIgniter\View\View->render('v_user', [], true)
 5 APPPATH\Views\v_template_admin.php(348): view('v_user')
 6 SYSTEMPATH\View\View.php(213): include('APPPATH\\Views\\v_template_admin.php')
 7 SYSTEMPATH\View\View.php(216): CodeIgniter\View\View->CodeIgniter\View\{closure}()
 8 SYSTEMPATH\Common.php(1135): CodeIgniter\View\View->render('v_template_admin', [], true)
 9 APPPATH\Controllers\User.php(27): view('v_template_admin', [...])
10 SYSTEMPATH\CodeIgniter.php(925): App\Controllers\User->index()
11 SYSTEMPATH\CodeIgniter.php(480): CodeIgniter\CodeIgniter->runController(Object(App\Controllers\User))
12 SYSTEMPATH\CodeIgniter.php(349): CodeIgniter\CodeIgniter->handleRequest(null, Object(Config\Cache), false)
13 FCPATH\index.php(67): CodeIgniter\CodeIgniter->run()
CRITICAL - 2023-06-08 19:33:48 --> Undefined array key "id_agenda"
in APPPATH\Views\v_user.php on line 52.
 1 APPPATH\Views\v_user.php(52): CodeIgniter\Debug\Exceptions->errorHandler(2, 'Undefined array key "id_agenda"', 'APPPATH\\Views\\v_user.php', 52)
 2 SYSTEMPATH\View\View.php(213): include('APPPATH\\Views\\v_user.php')
 3 SYSTEMPATH\View\View.php(216): CodeIgniter\View\View->CodeIgniter\View\{closure}()
 4 SYSTEMPATH\Common.php(1135): CodeIgniter\View\View->render('v_user', [], true)
 5 APPPATH\Views\v_template_admin.php(348): view('v_user')
 6 SYSTEMPATH\View\View.php(213): include('APPPATH\\Views\\v_template_admin.php')
 7 SYSTEMPATH\View\View.php(216): CodeIgniter\View\View->CodeIgniter\View\{closure}()
 8 SYSTEMPATH\Common.php(1135): CodeIgniter\View\View->render('v_template_admin', [], true)
 9 APPPATH\Controllers\User.php(27): view('v_template_admin', [...])
10 SYSTEMPATH\CodeIgniter.php(925): App\Controllers\User->index()
11 SYSTEMPATH\CodeIgniter.php(480): CodeIgniter\CodeIgniter->runController(Object(App\Controllers\User))
12 SYSTEMPATH\CodeIgniter.php(349): CodeIgniter\CodeIgniter->handleRequest(null, Object(Config\Cache), false)
13 FCPATH\index.php(67): CodeIgniter\CodeIgniter->run()
CRITICAL - 2023-06-08 19:33:50 --> Undefined array key "id_agenda"
in APPPATH\Views\v_user.php on line 52.
 1 APPPATH\Views\v_user.php(52): CodeIgniter\Debug\Exceptions->errorHandler(2, 'Undefined array key "id_agenda"', 'APPPATH\\Views\\v_user.php', 52)
 2 SYSTEMPATH\View\View.php(213): include('APPPATH\\Views\\v_user.php')
 3 SYSTEMPATH\View\View.php(216): CodeIgniter\View\View->CodeIgniter\View\{closure}()
 4 SYSTEMPATH\Common.php(1135): CodeIgniter\View\View->render('v_user', [], true)
 5 APPPATH\Views\v_template_admin.php(348): view('v_user')
 6 SYSTEMPATH\View\View.php(213): include('APPPATH\\Views\\v_template_admin.php')
 7 SYSTEMPATH\View\View.php(216): CodeIgniter\View\View->CodeIgniter\View\{closure}()
 8 SYSTEMPATH\Common.php(1135): CodeIgniter\View\View->render('v_template_admin', [], true)
 9 APPPATH\Controllers\User.php(27): view('v_template_admin', [...])
10 SYSTEMPATH\CodeIgniter.php(925): App\Controllers\User->index()
11 SYSTEMPATH\CodeIgniter.php(480): CodeIgniter\CodeIgniter->runController(Object(App\Controllers\User))
12 SYSTEMPATH\CodeIgniter.php(349): CodeIgniter\CodeIgniter->handleRequest(null, Object(Config\Cache), false)
13 FCPATH\index.php(67): CodeIgniter\CodeIgniter->run()
CRITICAL - 2023-06-08 19:33:51 --> Undefined array key "id_agenda"
in APPPATH\Views\v_user.php on line 52.
 1 APPPATH\Views\v_user.php(52): CodeIgniter\Debug\Exceptions->errorHandler(2, 'Undefined array key "id_agenda"', 'APPPATH\\Views\\v_user.php', 52)
 2 SYSTEMPATH\View\View.php(213): include('APPPATH\\Views\\v_user.php')
 3 SYSTEMPATH\View\View.php(216): CodeIgniter\View\View->CodeIgniter\View\{closure}()
 4 SYSTEMPATH\Common.php(1135): CodeIgniter\View\View->render('v_user', [], true)
 5 APPPATH\Views\v_template_admin.php(348): view('v_user')
 6 SYSTEMPATH\View\View.php(213): include('APPPATH\\Views\\v_template_admin.php')
 7 SYSTEMPATH\View\View.php(216): CodeIgniter\View\View->CodeIgniter\View\{closure}()
 8 SYSTEMPATH\Common.php(1135): CodeIgniter\View\View->render('v_template_admin', [], true)
 9 APPPATH\Controllers\User.php(27): view('v_template_admin', [...])
10 SYSTEMPATH\CodeIgniter.php(925): App\Controllers\User->index()
11 SYSTEMPATH\CodeIgniter.php(480): CodeIgniter\CodeIgniter->runController(Object(App\Controllers\User))
12 SYSTEMPATH\CodeIgniter.php(349): CodeIgniter\CodeIgniter->handleRequest(null, Object(Config\Cache), false)
13 FCPATH\index.php(67): CodeIgniter\CodeIgniter->run()
CRITICAL - 2023-06-08 19:33:52 --> Undefined array key "id_agenda"
in APPPATH\Views\v_user.php on line 52.
 1 APPPATH\Views\v_user.php(52): CodeIgniter\Debug\Exceptions->errorHandler(2, 'Undefined array key "id_agenda"', 'APPPATH\\Views\\v_user.php', 52)
 2 SYSTEMPATH\View\View.php(213): include('APPPATH\\Views\\v_user.php')
 3 SYSTEMPATH\View\View.php(216): CodeIgniter\View\View->CodeIgniter\View\{closure}()
 4 SYSTEMPATH\Common.php(1135): CodeIgniter\View\View->render('v_user', [], true)
 5 APPPATH\Views\v_template_admin.php(348): view('v_user')
 6 SYSTEMPATH\View\View.php(213): include('APPPATH\\Views\\v_template_admin.php')
 7 SYSTEMPATH\View\View.php(216): CodeIgniter\View\View->CodeIgniter\View\{closure}()
 8 SYSTEMPATH\Common.php(1135): CodeIgniter\View\View->render('v_template_admin', [], true)
 9 APPPATH\Controllers\User.php(27): view('v_template_admin', [...])
10 SYSTEMPATH\CodeIgniter.php(925): App\Controllers\User->index()
11 SYSTEMPATH\CodeIgniter.php(480): CodeIgniter\CodeIgniter->runController(Object(App\Controllers\User))
12 SYSTEMPATH\CodeIgniter.php(349): CodeIgniter\CodeIgniter->handleRequest(null, Object(Config\Cache), false)
13 FCPATH\index.php(67): CodeIgniter\CodeIgniter->run()
CRITICAL - 2023-06-08 19:33:52 --> Undefined array key "id_agenda"
in APPPATH\Views\v_user.php on line 52.
 1 APPPATH\Views\v_user.php(52): CodeIgniter\Debug\Exceptions->errorHandler(2, 'Undefined array key "id_agenda"', 'APPPATH\\Views\\v_user.php', 52)
 2 SYSTEMPATH\View\View.php(213): include('APPPATH\\Views\\v_user.php')
 3 SYSTEMPATH\View\View.php(216): CodeIgniter\View\View->CodeIgniter\View\{closure}()
 4 SYSTEMPATH\Common.php(1135): CodeIgniter\View\View->render('v_user', [], true)
 5 APPPATH\Views\v_template_admin.php(348): view('v_user')
 6 SYSTEMPATH\View\View.php(213): include('APPPATH\\Views\\v_template_admin.php')
 7 SYSTEMPATH\View\View.php(216): CodeIgniter\View\View->CodeIgniter\View\{closure}()
 8 SYSTEMPATH\Common.php(1135): CodeIgniter\View\View->render('v_template_admin', [], true)
 9 APPPATH\Controllers\User.php(27): view('v_template_admin', [...])
10 SYSTEMPATH\CodeIgniter.php(925): App\Controllers\User->index()
11 SYSTEMPATH\CodeIgniter.php(480): CodeIgniter\CodeIgniter->runController(Object(App\Controllers\User))
12 SYSTEMPATH\CodeIgniter.php(349): CodeIgniter\CodeIgniter->handleRequest(null, Object(Config\Cache), false)
13 FCPATH\index.php(67): CodeIgniter\CodeIgniter->run()
CRITICAL - 2023-06-08 19:33:53 --> Undefined array key "id_agenda"
in APPPATH\Views\v_user.php on line 52.
 1 APPPATH\Views\v_user.php(52): CodeIgniter\Debug\Exceptions->errorHandler(2, 'Undefined array key "id_agenda"', 'APPPATH\\Views\\v_user.php', 52)
 2 SYSTEMPATH\View\View.php(213): include('APPPATH\\Views\\v_user.php')
 3 SYSTEMPATH\View\View.php(216): CodeIgniter\View\View->CodeIgniter\View\{closure}()
 4 SYSTEMPATH\Common.php(1135): CodeIgniter\View\View->render('v_user', [], true)
 5 APPPATH\Views\v_template_admin.php(348): view('v_user')
 6 SYSTEMPATH\View\View.php(213): include('APPPATH\\Views\\v_template_admin.php')
 7 SYSTEMPATH\View\View.php(216): CodeIgniter\View\View->CodeIgniter\View\{closure}()
 8 SYSTEMPATH\Common.php(1135): CodeIgniter\View\View->render('v_template_admin', [], true)
 9 APPPATH\Controllers\User.php(27): view('v_template_admin', [...])
10 SYSTEMPATH\CodeIgniter.php(925): App\Controllers\User->index()
11 SYSTEMPATH\CodeIgniter.php(480): CodeIgniter\CodeIgniter->runController(Object(App\Controllers\User))
12 SYSTEMPATH\CodeIgniter.php(349): CodeIgniter\CodeIgniter->handleRequest(null, Object(Config\Cache), false)
13 FCPATH\index.php(67): CodeIgniter\CodeIgniter->run()
CRITICAL - 2023-06-08 19:33:56 --> Undefined array key "id_agenda"
in APPPATH\Views\v_user.php on line 52.
 1 APPPATH\Views\v_user.php(52): CodeIgniter\Debug\Exceptions->errorHandler(2, 'Undefined array key "id_agenda"', 'APPPATH\\Views\\v_user.php', 52)
 2 SYSTEMPATH\View\View.php(213): include('APPPATH\\Views\\v_user.php')
 3 SYSTEMPATH\View\View.php(216): CodeIgniter\View\View->CodeIgniter\View\{closure}()
 4 SYSTEMPATH\Common.php(1135): CodeIgniter\View\View->render('v_user', [], true)
 5 APPPATH\Views\v_template_admin.php(348): view('v_user')
 6 SYSTEMPATH\View\View.php(213): include('APPPATH\\Views\\v_template_admin.php')
 7 SYSTEMPATH\View\View.php(216): CodeIgniter\View\View->CodeIgniter\View\{closure}()
 8 SYSTEMPATH\Common.php(1135): CodeIgniter\View\View->render('v_template_admin', [], true)
 9 APPPATH\Controllers\User.php(27): view('v_template_admin', [...])
10 SYSTEMPATH\CodeIgniter.php(925): App\Controllers\User->index()
11 SYSTEMPATH\CodeIgniter.php(480): CodeIgniter\CodeIgniter->runController(Object(App\Controllers\User))
12 SYSTEMPATH\CodeIgniter.php(349): CodeIgniter\CodeIgniter->handleRequest(null, Object(Config\Cache), false)
13 FCPATH\index.php(67): CodeIgniter\CodeIgniter->run()
CRITICAL - 2023-06-08 19:34:02 --> Undefined array key "id_agenda"
in APPPATH\Views\v_user.php on line 52.
 1 APPPATH\Views\v_user.php(52): CodeIgniter\Debug\Exceptions->errorHandler(2, 'Undefined array key "id_agenda"', 'APPPATH\\Views\\v_user.php', 52)
 2 SYSTEMPATH\View\View.php(213): include('APPPATH\\Views\\v_user.php')
 3 SYSTEMPATH\View\View.php(216): CodeIgniter\View\View->CodeIgniter\View\{closure}()
 4 SYSTEMPATH\Common.php(1135): CodeIgniter\View\View->render('v_user', [], true)
 5 APPPATH\Views\v_template_admin.php(348): view('v_user')
 6 SYSTEMPATH\View\View.php(213): include('APPPATH\\Views\\v_template_admin.php')
 7 SYSTEMPATH\View\View.php(216): CodeIgniter\View\View->CodeIgniter\View\{closure}()
 8 SYSTEMPATH\Common.php(1135): CodeIgniter\View\View->render('v_template_admin', [], true)
 9 APPPATH\Controllers\User.php(27): view('v_template_admin', [...])
10 SYSTEMPATH\CodeIgniter.php(925): App\Controllers\User->index()
11 SYSTEMPATH\CodeIgniter.php(480): CodeIgniter\CodeIgniter->runController(Object(App\Controllers\User))
12 SYSTEMPATH\CodeIgniter.php(349): CodeIgniter\CodeIgniter->handleRequest(null, Object(Config\Cache), false)
13 FCPATH\index.php(67): CodeIgniter\CodeIgniter->run()
CRITICAL - 2023-06-08 19:52:36 --> Undefined array key "nama_kegiatan"
in APPPATH\Views\v_user.php on line 122.
 1 APPPATH\Views\v_user.php(122): CodeIgniter\Debug\Exceptions->errorHandler(2, 'Undefined array key "nama_kegiatan"', 'APPPATH\\Views\\v_user.php', 122)
 2 SYSTEMPATH\View\View.php(213): include('APPPATH\\Views\\v_user.php')
 3 SYSTEMPATH\View\View.php(216): CodeIgniter\View\View->CodeIgniter\View\{closure}()
 4 SYSTEMPATH\Common.php(1135): CodeIgniter\View\View->render('v_user', [], true)
 5 APPPATH\Views\v_template_admin.php(348): view('v_user')
 6 SYSTEMPATH\View\View.php(213): include('APPPATH\\Views\\v_template_admin.php')
 7 SYSTEMPATH\View\View.php(216): CodeIgniter\View\View->CodeIgniter\View\{closure}()
 8 SYSTEMPATH\Common.php(1135): CodeIgniter\View\View->render('v_template_admin', [], true)
 9 APPPATH\Controllers\User.php(27): view('v_template_admin', [...])
10 SYSTEMPATH\CodeIgniter.php(925): App\Controllers\User->index()
11 SYSTEMPATH\CodeIgniter.php(480): CodeIgniter\CodeIgniter->runController(Object(App\Controllers\User))
12 SYSTEMPATH\CodeIgniter.php(349): CodeIgniter\CodeIgniter->handleRequest(null, Object(Config\Cache), false)
13 FCPATH\index.php(67): CodeIgniter\CodeIgniter->run()
